                                                                              QUERY PLAN                                                                              
----------------------------------------------------------------------------------------------------------------------------------------------------------------------
 Gather Motion 3:1  (slice1; segments: 3)  (cost=3435862.34..3435862.43 rows=6 width=236) (actual time=151650.461..151650.464 rows=4 loops=1)
   Merge Key: l_returnflag, l_linestatus
   ->  Sort  (cost=3435862.34..3435862.35 rows=2 width=236) (actual time=151649.007..151649.039 rows=2 loops=1)
         Sort Key: l_returnflag, l_linestatus
         Sort Method:  quicksort  Memory: 75kB
         Executor Memory: 177kB  Segments: 3  Max: 59kB (segment 0)
         ->  Finalize HashAggregate  (cost=3435862.28..3435862.33 rows=2 width=236) (actual time=151648.910..151648.915 rows=2 loops=1)
               Group Key: l_returnflag, l_linestatus
               Peak Memory Usage: 0 kB
               ->  Redistribute Motion 3:3  (slice2; segments: 3)  (cost=3435861.74..3435862.02 rows=6 width=236) (actual time=149118.711..151648.794 rows=6 loops=1)
                     Hash Key: l_returnflag, l_linestatus
                     ->  Partial HashAggregate  (cost=3435861.74..3435861.90 rows=6 width=236) (actual time=151647.675..151647.693 rows=4 loops=1)
                           Group Key: l_returnflag, l_linestatus
                           Peak Memory Usage: 0 kB
                           ->  Seq Scan on lineitem  (cost=0.00..1036166.40 rows=59992383 width=25) (actual time=0.068..20597.018 rows=60003104 loops=1)
                                 Filter: (l_shipdate <= '1998-11-30 23:58:15'::timestamp without time zone)
                                 Rows Removed by Filter: 206
 Optimizer: Postgres query optimizer
 Planning Time: 2.855 ms
   (slice0)    Executor memory: 107K bytes.
   (slice1)    Executor memory: 61K bytes avg x 3 workers, 61K bytes max (seg0).  Work_mem: 59K bytes max.
   (slice2)    Executor memory: 59K bytes avg x 3 workers, 59K bytes max (seg0).  Work_mem: 24K bytes max.
 Memory used:  128000kB
 Execution Time: 151656.280 ms
(24 rows)

