                                                                                                   QUERY PLAN                                                                                                   
----------------------------------------------------------------------------------------------------------------------------------------------------------------------------------------------------------------
 Gather Motion 3:1  (slice1; segments: 3)  (cost=1075951.34..1075951.41 rows=5 width=52) (actual time=28485.563..28491.540 rows=5418 loops=1)
   Merge Key: supplier.s_name
   ->  Sort  (cost=1075951.34..1075951.35 rows=2 width=52) (actual time=28481.069..28481.303 rows=1817 loops=1)
         Sort Key: supplier.s_name
         Sort Method:  quicksort  Memory: 816kB
         Executor Memory: 698kB  Segments: 3  Max: 234kB (segment 2)
         ->  Hash Join  (cost=1075951.22..1075951.33 rows=2 width=52) (actual time=28459.061..28475.839 rows=1817 loops=1)
               Hash Cond: (supplier.s_nationkey = nation.n_nationkey)
               Extra Text: (seg0)   Hash chain length 1.0 avg, 1 max, using 1 of 65536 buckets.
               ->  HashAggregate  (cost=1075950.08..1075950.16 rows=8 width=56) (actual time=28456.882..28472.109 rows=45018 loops=1)
                     Group Key: (RowIdExpr)
                     Peak Memory Usage: 0 kB
                     ->  Redistribute Motion 3:3  (slice2; segments: 3)  (cost=1074148.93..1075950.06 rows=8 width=56) (actual time=28334.537..28407.260 rows=59559 loops=1)
                           Hash Key: (RowIdExpr)
                           ->  Hash Join  (cost=1074148.93..1075949.90 rows=8 width=56) (actual time=28333.905..28421.675 rows=59189 loops=1)
                                 Hash Cond: (supplier.s_suppkey = lineitem.l_suppkey)
                                 Extra Text: (seg2)   Hash chain length 1.6 avg, 11 max, using 37768 of 131072 buckets.
                                 ->  Seq Scan on supplier  (cost=0.00..1550.00 rows=100000 width=60) (actual time=0.118..42.516 rows=100172 loops=1)
                                 ->  Hash  (cost=1074148.83..1074148.83 rows=8 width=8) (actual time=28332.804..28332.805 rows=59189 loops=1)
                                       Buckets: 131072  Batches: 1  Memory Usage: 3337kB
                                       ->  Redistribute Motion 3:3  (slice3; segments: 3)  (cost=905241.30..1074148.83 rows=8 width=8) (actual time=13064.894..28318.820 rows=59189 loops=1)
                                             Hash Key: lineitem.l_suppkey
                                             ->  Hash Join  (cost=905241.30..1074148.67 rows=8 width=8) (actual time=12787.631..28227.452 rows=59252 loops=1)
                                                   Hash Cond: ((lineitem.l_partkey = partsupp.ps_partkey) AND (lineitem.l_suppkey = partsupp.ps_suppkey))
                                                   Join Filter: ((partsupp.ps_availqty)::numeric > ((0.5 * sum(lineitem.l_quantity))))
                                                   Rows Removed by Join Filter: 106
                                                   Extra Text: (seg1)   Hash chain length 1.8 avg, 9 max, using 48281 of 65536 buckets.
                                                   ->  HashAggregate  (cost=722205.70..806178.55 rows=4853397 width=40) (actual time=9473.104..23257.277 rows=5454993 loops=1)
                                                         Group Key: lineitem.l_partkey, lineitem.l_suppkey
                                                         Planned Partitions: 32
                                                         Peak Memory Usage: 0 kB
                                                         ->  Redistribute Motion 3:3  (slice4; segments: 3)  (cost=2356.75..608877.96 rows=9152020 width=13) (actual time=0.047..5463.236 rows=9107045 loops=1)
                                                               Hash Key: lineitem.l_partkey, lineitem.l_suppkey
                                                               ->  Bitmap Heap Scan on lineitem  (cost=2356.75..425837.56 rows=9152020 width=13) (actual time=15.315..5606.193 rows=9103540 loops=1)
                                                                     Recheck Cond: ((l_shipdate >= '1994-01-01'::date) AND (l_shipdate < '1995-01-01 00:00:00'::timestamp without time zone))
                                                                     Rows Removed by Index Recheck: 13483
                                                                     ->  Bitmap Index Scan on lineitem_l_shipdate_idx  (cost=0.00..68.74 rows=9152521 width=0) (actual time=14.496..14.496 rows=434880 loops=1)
                                                                           Index Cond: ((l_shipdate >= '1994-01-01'::date) AND (l_shipdate < '1995-01-01 00:00:00'::timestamp without time zone))
                                                   ->  Hash  (cost=181823.61..181823.61 rows=80799 width=16) (actual time=3349.619..3349.634 rows=87103 loops=1)
                                                         Buckets: 65536  Batches: 1  Memory Usage: 4595kB
                                                         ->  Hash Join  (cost=36720.61..181823.61 rows=80799 width=16) (actual time=529.804..3310.479 rows=87103 loops=1)
                                                               Hash Cond: (partsupp.ps_partkey = part.p_partkey)
                                                               Extra Text: (seg0)   Hash chain length 1.3 avg, 6 max, using 51274 of 131072 buckets.
                                                               ->  Seq Scan on partsupp  (cost=0.00..123297.29 rows=7999129 width=12) (actual time=0.114..1531.548 rows=8004645 loops=1)
                                                               ->  Hash  (cost=35963.03..35963.03 rows=60606 width=4) (actual time=529.389..529.390 rows=65115 loops=1)
                                                                     Buckets: 131072  Batches: 1  Memory Usage: 3314kB
                                                                     ->  Broadcast Motion 3:3  (slice5; segments: 3)  (cost=0.00..35963.03 rows=60606 width=4) (actual time=7.587..514.511 rows=65115 loops=1)
                                                                           ->  Seq Scan on part  (cost=0.00..35154.95 rows=20202 width=4) (actual time=0.072..518.502 rows=21944 loops=1)
                                                                                 Filter: ((p_name)::text ~~ 'smoke%'::text)
                                                                                 Rows Removed by Filter: 1977490
               ->  Hash  (cost=1.12..1.12 rows=1 width=4) (actual time=1.830..1.831 rows=1 loops=1)
                     Buckets: 65536  Batches: 1  Memory Usage: 513kB
                     ->  Broadcast Motion 3:3  (slice6; segments: 3)  (cost=0.00..1.12 rows=1 width=4) (actual time=0.708..1.822 rows=1 loops=1)
                           ->  Seq Scan on nation  (cost=0.00..1.10 rows=1 width=4) (actual time=0.066..0.068 rows=1 loops=1)
                                 Filter: (n_name = 'MOROCCO'::bpchar)
                                 Rows Removed by Filter: 5
 Optimizer: Postgres query optimizer
 Planning Time: 9.402 ms
   (slice0)    Executor memory: 6327K bytes.
   (slice1)    Executor memory: 7709K bytes avg x 3 workers, 7742K bytes max (seg2).  Work_mem: 9769K bytes max.
   (slice2)    Executor memory: 3391K bytes avg x 3 workers, 3401K bytes max (seg0).  Work_mem: 3337K bytes max.
   (slice3)    Executor memory: 22615K bytes avg x 3 workers, 22626K bytes max (seg1).  Work_mem: 26929K bytes max.
   (slice4)    Executor memory: 698660K bytes avg x 3 workers, 698831K bytes max (seg0).
   (slice5)    Executor memory: 38K bytes avg x 3 workers, 38K bytes max (seg0).
   (slice6)    Executor memory: 38K bytes avg x 3 workers, 38K bytes max (seg0).
 Memory used:  128000kB
 Execution Time: 28512.651 ms
(67 rows)

