CREATE VIEW
                                                                                         QUERY PLAN                                                                                         
--------------------------------------------------------------------------------------------------------------------------------------------------------------------------------------------
 Gather Motion 3:1  (slice1; segments: 3)  (cost=377795.76..377800.08 rows=305 width=104) (actual time=6816.073..6816.078 rows=1 loops=1)
   Merge Key: supplier.s_suppkey
   InitPlan 1 (returns $0)  (slice3)
     ->  Finalize Aggregate  (cost=372241.68..372241.69 rows=1 width=32) (actual time=6756.160..6756.161 rows=1 loops=1)
           ->  Gather Motion 3:1  (slice4; segments: 3)  (cost=372241.62..372241.67 rows=3 width=32) (actual time=6753.177..6756.147 rows=3 loops=1)
                 ->  Partial Aggregate  (cost=372241.62..372241.63 rows=1 width=32) (actual time=6749.300..6749.301 rows=1 loops=1)
                       ->  Finalize HashAggregate  (cost=369703.72..370972.67 rows=101516 width=36) (actual time=6495.668..6741.989 rows=100172 loops=1)
                             Group Key: lineitem_1.l_suppkey
                             Peak Memory Usage: 0 kB
                             ->  Redistribute Motion 3:3  (slice5; segments: 3)  (cost=354748.37..367419.87 rows=304513 width=36) (actual time=3799.417..6105.941 rows=300379 loops=1)
                                   Hash Key: lineitem_1.l_suppkey
                                   ->  Partial HashAggregate  (cost=354748.37..361329.60 rows=304513 width=36) (actual time=3796.270..6242.705 rows=299862 loops=1)
                                         Group Key: lineitem_1.l_suppkey
                                         Peak Memory Usage: 0 kB
                                         ->  Bitmap Heap Scan on lineitem lineitem_1  (cost=612.42..320917.74 rows=2273134 width=16) (actual time=8.246..1188.848 rows=2295994 loops=1)
                                               Recheck Cond: ((l_shipdate >= '1997-05-01'::date) AND (l_shipdate < '1997-08-01 00:00:00'::timestamp without time zone))
                                               Rows Removed by Index Recheck: 18315
                                               ->  Bitmap Index Scan on lineitem_l_shipdate_idx  (cost=0.00..44.14 rows=2274154 width=0) (actual time=5.340..5.340 rows=110400 loops=1)
                                                     Index Cond: ((l_shipdate >= '1997-05-01'::date) AND (l_shipdate < '1997-08-01 00:00:00'::timestamp without time zone))
   ->  Sort  (cost=377795.76..377796.02 rows=102 width=104) (actual time=6814.454..6814.464 rows=1 loops=1)
         Sort Key: supplier.s_suppkey
         Sort Method:  quicksort  Memory: 75kB
         Executor Memory: 177kB  Segments: 3  Max: 59kB (segment 0)
         ->  Hash Join  (cost=375978.86..377792.38 rows=102 width=104) (actual time=6789.246..6814.189 rows=1 loops=1)
               Hash Cond: (supplier.s_suppkey = revenue0.supplier_no)
               Extra Text: (seg0)   Hash chain length 1.0 avg, 1 max, using 1 of 65536 buckets.
               ->  Seq Scan on supplier  (cost=0.00..1550.00 rows=100000 width=72) (actual time=0.054..21.278 rows=99877 loops=1)
               ->  Hash  (cost=375977.59..375977.59 rows=102 width=36) (actual time=6777.115..6777.116 rows=1 loops=1)
                     Buckets: 65536  Batches: 1  Memory Usage: 513kB
                     ->  Subquery Scan on revenue0  (cost=373605.30..375977.59 rows=102 width=36) (actual time=6729.445..6777.110 rows=1 loops=1)
                           ->  Finalize HashAggregate  (cost=373605.30..375976.58 rows=102 width=36) (actual time=6729.443..6777.105 rows=1 loops=1)
                                 Group Key: lineitem.l_suppkey
                                 Filter: (sum((lineitem.l_extendedprice * ('1'::numeric - lineitem.l_discount))) = $0)
                                 Peak Memory Usage: 0 kB
                                 Rows Removed by Filter: 99876
                                 ->  Redistribute Motion 3:3  (slice2; segments: 3)  (cost=354748.37..367419.87 rows=304513 width=36) (actual time=3823.799..6150.692 rows=300379 loops=1)
                                       Hash Key: lineitem.l_suppkey
                                       ->  Partial HashAggregate  (cost=354748.37..361329.60 rows=304513 width=36) (actual time=3833.190..6329.857 rows=299862 loops=1)
                                             Group Key: lineitem.l_suppkey
                                             Peak Memory Usage: 0 kB
                                             ->  Bitmap Heap Scan on lineitem  (cost=612.42..320917.74 rows=2273134 width=16) (actual time=7.544..1189.565 rows=2295994 loops=1)
                                                   Recheck Cond: ((l_shipdate >= '1997-05-01'::date) AND (l_shipdate < '1997-08-01 00:00:00'::timestamp without time zone))
                                                   Rows Removed by Index Recheck: 18315
                                                   ->  Bitmap Index Scan on lineitem_l_shipdate_idx  (cost=0.00..44.14 rows=2274154 width=0) (actual time=4.756..4.756 rows=110400 loops=1)
                                                         Index Cond: ((l_shipdate >= '1997-05-01'::date) AND (l_shipdate < '1997-08-01 00:00:00'::timestamp without time zone))
 Optimizer: Postgres query optimizer
 Planning Time: 13.291 ms
   (slice0)    Executor memory: 18643K bytes.
   (slice1)    Executor memory: 18571K bytes avg x 3 workers, 18606K bytes max (seg2).  Work_mem: 33937K bytes max.
   (slice2)    Executor memory: 196987K bytes avg x 3 workers, 197158K bytes max (seg0).  Work_mem: 26801K bytes max.
   (slice3)    Executor memory: 18599K bytes.
   (slice4)    Executor memory: 17921K bytes avg x 3 workers, 17945K bytes max (seg2).  Work_mem: 33937K bytes max.
   (slice5)    Executor memory: 196987K bytes avg x 3 workers, 197158K bytes max (seg0).  Work_mem: 26801K bytes max.
 Memory used:  128000kB
 Execution Time: 13599.267 ms
(55 rows)

DROP VIEW
