                                                                                                         QUERY PLAN                                                                                                          
-----------------------------------------------------------------------------------------------------------------------------------------------------------------------------------------------------------------------------
 Gather Motion 3:1  (slice1; segments: 3)  (cost=1846396.36..1846399.58 rows=124 width=66) (actual time=90714.559..90714.644 rows=175 loops=1)
   Merge Key: nation.n_name, (date_part('year'::text, (orders.o_orderdate)::timestamp without time zone))
   ->  GroupAggregate  (cost=1846396.36..1846397.92 rows=41 width=66) (actual time=85217.348..90668.534 rows=65 loops=1)
         Group Key: nation.n_name, (date_part('year'::text, (orders.o_orderdate)::timestamp without time zone))
         ->  Sort  (cost=1846396.36..1846396.47 rows=41 width=57) (actual time=85165.393..86372.603 rows=3556531 loops=1)
               Sort Key: nation.n_name, (date_part('year'::text, (orders.o_orderdate)::timestamp without time zone)) DESC
               Sort Method:  external merge  Disk: 724128kB
               Executor Memory: 92855kB  Segments: 3  Max: 31291kB (segment 0)
               ->  Redistribute Motion 3:3  (slice2; segments: 3)  (cost=1573644.84..1846395.25 rows=41 width=57) (actual time=53570.483..81436.537 rows=3556531 loops=1)
                     Hash Key: nation.n_name, (date_part('year'::text, (orders.o_orderdate)::timestamp without time zone))
                     ->  Hash Join  (cost=1573644.84..1846394.42 rows=41 width=57) (actual time=53569.946..75007.918 rows=3284897 loops=1)
                           Hash Cond: (supplier.s_nationkey = nation.n_nationkey)
                           Extra Text: (seg2)   Hash chain length 1.0 avg, 1 max, using 25 of 65536 buckets.
                           ->  Hash Join  (cost=1573643.11..1846391.96 rows=41 width=31) (actual time=53568.329..72377.353 rows=3284897 loops=1)
                                 Hash Cond: (lineitem.l_suppkey = supplier.s_suppkey)
                                 Extra Text: (seg2)   Hash chain length 1.4 avg, 8 max, using 70028 of 131072 buckets.
                                 ->  Redistribute Motion 3:3  (slice3; segments: 3)  (cost=1570843.11..1843591.43 rows=42 width=35) (actual time=53495.838..69466.591 rows=3284897 loops=1)
                                       Hash Key: lineitem.l_suppkey
                                       ->  Hash Join  (cost=1570843.11..1843590.59 rows=42 width=35) (actual time=53555.329..76825.335 rows=3271675 loops=1)
                                             Hash Cond: (orders.o_orderkey = lineitem.l_orderkey)
                                             Extra Text: (seg2)   Initial batch 0:
 (seg2)     Wrote 191715K bytes to inner workfile.
 (seg2)     Wrote 1833080K bytes to outer workfile.
 (seg2)   Overflow batches 1..15:
 (seg2)     Read 281590K bytes from inner workfile: 18773K avg x 15 nonempty batches, 43683K max.
 (seg2)     Wrote 89876K bytes to inner workfile: 12840K avg x 7 overflowing batches, 30891K max.
 (seg2)     Read 1833080K bytes from outer workfile: 122206K avg x 15 nonempty batches, 122522K max.
 (seg2)   Hash chain length 2.1 avg, 14 max, using 1581146 of 2097152 buckets.
                                             ->  Seq Scan on orders  (cost=0.00..216501.13 rows=14998913 width=12) (actual time=0.229..3293.612 rows=15003291 loops=1)
                                             ->  Hash  (cost=1570842.15..1570842.15 rows=77 width=39) (actual time=53554.413..53554.413 rows=3271675 loops=1)
                                                   Buckets: 131072 (originally 65536)  Batches: 16 (originally 1)  Memory Usage: 24417kB
                                                   ->  Redistribute Motion 3:3  (slice4; segments: 3)  (cost=302295.07..1570842.15 rows=77 width=39) (actual time=5022.752..52351.067 rows=3271675 loops=1)
                                                         Hash Key: lineitem.l_orderkey
                                                         ->  Hash Join  (cost=302295.07..1570840.62 rows=77 width=39) (actual time=4967.327..51298.997 rows=3279696 loops=1)
                                                               Hash Cond: ((lineitem.l_suppkey = partsupp.ps_suppkey) AND (lineitem.l_partkey = partsupp.ps_partkey))
                                                               Extra Text: (seg1)   Initial batch 0:
 (seg1)     Wrote 263805K bytes to inner workfile.
 (seg1)     Wrote 180191K bytes to outer workfile.
 (seg1)   Initial batches 1..15:
 (seg1)     Read 263805K bytes from inner workfile: 17587K avg x 15 nonempty batches, 17616K max.
 (seg1)     Read 180191K bytes from outer workfile: 12013K avg x 15 nonempty batches, 12167K max.
 (seg1)   Hash chain length 3.9 avg, 17 max, using 2051131 of 2097152 buckets.
                                                               ->  Redistribute Motion 3:3  (slice5; segments: 3)  (cost=49245.84..1256845.31 rows=5454352 width=37) (actual time=0.031..39786.640 rows=3279696 loops=1)
                                                                     Hash Key: lineitem.l_partkey, lineitem.l_suppkey
                                                                     ->  Hash Join  (cost=49245.84..1147758.27 rows=5454352 width=37) (actual time=920.086..39033.623 rows=3273928 loops=1)
                                                                           Hash Cond: (lineitem.l_partkey = part.p_partkey)
                                                                           Extra Text: (seg0)   Hash chain length 2.7 avg, 12 max, using 120167 of 131072 buckets.
                                                                           ->  Seq Scan on lineitem  (cost=0.00..886171.72 rows=59997872 width=33) (actual time=0.128..12254.026 rows=60003310 loops=1)
                                                                           ->  Hash  (cost=42427.67..42427.67 rows=545454 width=4) (actual time=919.035..919.036 rows=327282 loops=1)
                                                                                 Buckets: 131072  Batches: 1  Memory Usage: 12531kB
                                                                                 ->  Broadcast Motion 3:3  (slice6; segments: 3)  (cost=0.00..42427.67 rows=545454 width=4) (actual time=2.587..831.117 rows=327282 loops=1)
                                                                                       ->  Seq Scan on part  (cost=0.00..35154.95 rows=181818 width=4) (actual time=0.091..819.751 rows=109230 loops=1)
                                                                                             Filter: ((p_name)::text ~~ '%navajo%'::text)
                                                                                             Rows Removed by Filter: 1890204
                                                               ->  Hash  (cost=123297.29..123297.29 rows=7999129 width=14) (actual time=4966.368..4966.369 rows=8004645 loops=1)
                                                                     Buckets: 131072  Batches: 16  Memory Usage: 24503kB
                                                                     ->  Seq Scan on partsupp  (cost=0.00..123297.29 rows=7999129 width=14) (actual time=0.095..2562.371 rows=8004645 loops=1)
                                 ->  Hash  (cost=1550.00..1550.00 rows=100000 width=8) (actual time=72.065..72.066 rows=100172 loops=1)
                                       Buckets: 131072  Batches: 1  Memory Usage: 4937kB
                                       ->  Seq Scan on supplier  (cost=0.00..1550.00 rows=100000 width=8) (actual time=0.478..41.993 rows=100172 loops=1)
                           ->  Hash  (cost=1.42..1.42 rows=25 width=30) (actual time=0.026..0.026 rows=25 loops=1)
                                 Buckets: 65536  Batches: 1  Memory Usage: 514kB
                                 ->  Broadcast Motion 3:3  (slice7; segments: 3)  (cost=0.00..1.42 rows=25 width=30) (actual time=0.006..0.015 rows=25 loops=1)
                                       ->  Seq Scan on nation  (cost=0.00..1.08 rows=8 width=30) (actual time=0.237..0.241 rows=10 loops=1)
 Optimizer: Postgres query optimizer
 Planning Time: 10.793 ms
   (slice0)    Executor memory: 178K bytes.
 * (slice1)    Executor memory: 31003K bytes avg x 3 workers, 31342K bytes max (seg0).  Work_mem: 31291K bytes max, 626228K bytes wanted.
   (slice2)    Executor memory: 5559K bytes avg x 3 workers, 5569K bytes max (seg1).  Work_mem: 4937K bytes max.
 * (slice3)    Executor memory: 27134K bytes avg x 3 workers, 27137K bytes max (seg1).  Work_mem: 24417K bytes max, 243844K bytes wanted.
 * (slice4)    Executor memory: 25585K bytes avg x 3 workers, 25611K bytes max (seg2).  Work_mem: 24503K bytes max, 376242K bytes wanted.
   (slice5)    Executor memory: 13880K bytes avg x 3 workers, 13880K bytes max (seg0).  Work_mem: 12531K bytes max.
   (slice6)    Executor memory: 38K bytes avg x 3 workers, 38K bytes max (seg0).
   (slice7)    Executor memory: 38K bytes avg x 3 workers, 38K bytes max (seg0).
 Memory used:  128000kB
 Memory wanted:  3759262kB
 Execution Time: 90762.948 ms
(77 rows)

