                                                                                         QUERY PLAN                                                                                          
---------------------------------------------------------------------------------------------------------------------------------------------------------------------------------------------
 Gather Motion 3:1  (slice1; segments: 3)  (cost=986897.81..986911.97 rows=1000 width=16) (actual time=28908.708..28908.721 rows=45 loops=1)
   Merge Key: (count(*)), (count(orders.o_orderkey))
   ->  Sort  (cost=986897.81..986898.64 rows=333 width=16) (actual time=28906.623..28906.637 rows=17 loops=1)
         Sort Key: (count(*)) DESC, (count(orders.o_orderkey)) DESC
         Sort Method:  quicksort  Memory: 75kB
         Executor Memory: 177kB  Segments: 3  Max: 59kB (segment 0)
         ->  Finalize HashAggregate  (cost=986880.50..986883.84 rows=333 width=16) (actual time=28906.462..28906.469 rows=17 loops=1)
               Group Key: (count(orders.o_orderkey))
               Peak Memory Usage: 0 kB
               ->  Redistribute Motion 3:3  (slice2; segments: 3)  (cost=986845.50..986875.50 rows=1000 width=16) (actual time=28810.636..28906.387 rows=51 loops=1)
                     Hash Key: (count(orders.o_orderkey))
                     ->  Partial HashAggregate  (cost=986845.50..986855.50 rows=1000 width=16) (actual time=28885.789..28885.806 rows=45 loops=1)
                           Group Key: count(orders.o_orderkey)
                           Peak Memory Usage: 0 kB
                           ->  HashAggregate  (cost=931221.23..964345.50 rows=1500000 width=12) (actual time=22865.526..28520.940 rows=1501094 loops=1)
                                 Group Key: customer.c_custkey
                                 Planned Partitions: 8
                                 Peak Memory Usage: 0 kB
                                 ->  Hash Right Join  (cost=42638.00..784487.06 rows=14847409 width=12) (actual time=769.373..15488.599 rows=15350270 loops=1)
                                       Hash Cond: (orders.o_custkey = customer.c_custkey)
                                       Extra Text: (seg2)   Initial batch 0:
 (seg2)     Wrote 17601K bytes to inner workfile.
 (seg2)     Wrote 231985K bytes to outer workfile.
 (seg2)   Initial batch 1:
 (seg2)     Read 17601K bytes from inner workfile.
 (seg2)     Read 231985K bytes from outer workfile.
 (seg2)   Hash chain length 1.9 avg, 11 max, using 798283 of 1048576 buckets.
                                       ->  Redistribute Motion 3:3  (slice3; segments: 3)  (cost=0.00..550946.60 rows=14847409 width=12) (actual time=0.057..4304.985 rows=14849651 loops=1)
                                             Hash Key: orders.o_custkey
                                             ->  Seq Scan on orders  (cost=0.00..253998.42 rows=14847409 width=12) (actual time=0.065..9023.408 rows=14842004 loops=1)
                                                   Filter: ((o_comment)::text !~~ '%express%accounts%'::text)
                                                   Rows Removed by Filter: 161287
                                       ->  Hash  (cost=23888.00..23888.00 rows=1500000 width=4) (actual time=767.696..767.697 rows=1501094 loops=1)
                                             Buckets: 524288  Batches: 2  Memory Usage: 30496kB
                                             ->  Seq Scan on customer  (cost=0.00..23888.00 rows=1500000 width=4) (actual time=0.053..408.590 rows=1501094 loops=1)
 Optimizer: Postgres query optimizer
 Planning Time: 3.318 ms
   (slice0)    Executor memory: 12438K bytes.
   (slice1)    Executor memory: 61K bytes avg x 3 workers, 61K bytes max (seg0).  Work_mem: 59K bytes max.
 * (slice2)    Executor memory: 55438K bytes avg x 3 workers, 55445K bytes max (seg0).  Work_mem: 33041K bytes max, 56869K bytes wanted.
   (slice3)    Executor memory: 38K bytes avg x 3 workers, 38K bytes max (seg0).
 Memory used:  128000kB
 Memory wanted:  284944kB
 Execution Time: 28970.903 ms
(44 rows)

