                                                                                                       QUERY PLAN                                                                                                        
-------------------------------------------------------------------------------------------------------------------------------------------------------------------------------------------------------------------------
 Gather Motion 3:1  (slice1; segments: 3)  (cost=1717258.64..1790450.12 rows=5166458 width=48) (actual time=58838.080..59093.057 rows=340729 loops=1)
   Merge Key: (sum((lineitem.l_extendedprice * ('1'::numeric - lineitem.l_discount)))), orders.o_orderdate
   ->  Sort  (cost=1717258.64..1721564.02 rows=1722153 width=48) (actual time=58828.728..58849.829 rows=114073 loops=1)
         Sort Key: (sum((lineitem.l_extendedprice * ('1'::numeric - lineitem.l_discount)))) DESC, orders.o_orderdate
         Sort Method:  quicksort  Memory: 38499kB
         Executor Memory: 30523kB  Segments: 3  Max: 10206kB (segment 1)
         ->  HashAggregate  (cost=1501162.41..1525632.45 rows=1722153 width=48) (actual time=58561.442..58766.911 rows=114073 loops=1)
               Group Key: lineitem.l_orderkey, orders.o_orderdate, orders.o_shippriority
               Planned Partitions: 8
               Peak Memory Usage: 0 kB
               ->  Redistribute Motion 3:3  (slice2; segments: 3)  (cost=365505.15..1463557.59 rows=1722153 width=28) (actual time=12387.229..58168.934 rows=301112 loops=1)
                     Hash Key: orders.o_orderdate, lineitem.l_orderkey, orders.o_shippriority
                     ->  Hash Join  (cost=365505.15..1429114.54 rows=1722153 width=28) (actual time=12360.826..58098.984 rows=300335 loops=1)
                           Hash Cond: (lineitem.l_orderkey = orders.o_orderkey)
                           Extra Text: (seg0)   Initial batch 0:
 (seg0)     Wrote 135527K bytes to inner workfile.
 (seg0)     Wrote 1137829K bytes to outer workfile.
 (seg0)   Initial batches 1..7:
 (seg0)     Read 135527K bytes from inner workfile: 19361K avg x 7 nonempty batches, 19443K max.
 (seg0)     Read 1137829K bytes from outer workfile: 162547K avg x 7 nonempty batches, 162713K max.
 (seg0)   Hash chain length 4.3 avg, 17 max, using 1033180 of 1048576 buckets.
                           ->  Bitmap Heap Scan on lineitem  (cost=8220.83..697897.34 rows=32277415 width=20) (actual time=17.622..17068.293 rows=32127438 loops=1)
                                 Recheck Cond: (l_shipdate > '1995-03-24'::date)
                                 Rows Removed by Index Recheck: 33984
                                 ->  Bitmap Index Scan on lineitem_l_shipdate_idx  (cost=0.00..151.48 rows=32278681 width=0) (actual time=15.647..15.647 rows=1534080 loops=1)
                                       Index Cond: (l_shipdate > '1995-03-24'::date)
                           ->  Hash  (cost=297389.36..297389.36 rows=4365277 width=16) (actual time=12342.632..12342.632 rows=4405986 loops=1)
                                 Buckets: 131072  Batches: 8  Memory Usage: 26854kB
                                 ->  Broadcast Motion 3:3  (slice3; segments: 3)  (cost=47786.87..297389.36 rows=4365277 width=16) (actual time=1183.043..11370.143 rows=4405986 loops=1)
                                       ->  Hash Join  (cost=47786.87..239185.67 rows=1455092 width=16) (actual time=1182.893..11648.500 rows=1469972 loops=1)
                                             Hash Cond: (orders.o_custkey = customer.c_custkey)
                                             Extra Text: (seg0)   Initial batch 0:
 (seg0)     Wrote 10548K bytes to inner workfile.
 (seg0)     Wrote 478535K bytes to outer workfile.
 (seg0)   Initial batch 1:
 (seg0)     Read 10548K bytes from inner workfile.
 (seg0)     Read 478535K bytes from outer workfile.
 (seg0)   Hash chain length 2.1 avg, 11 max, using 429696 of 524288 buckets.
                                             ->  Bitmap Heap Scan on orders  (cost=1852.94..159011.44 rows=7251290 width=20) (actual time=4.732..4828.465 rows=7345733 loops=1)
                                                   Recheck Cond: (o_orderdate < '1995-03-24'::date)
                                                   Rows Removed by Index Recheck: 885
                                                   ->  Bitmap Index Scan on orders_o_orderdate_idx  (cost=0.00..40.12 rows=7251720 width=0) (actual time=4.267..4.267 rows=325760 loops=1)
                                                         Index Cond: (o_orderdate < '1995-03-24'::date)
                                             ->  Hash  (cost=34646.43..34646.43 rows=903000 width=4) (actual time=1176.800..1176.801 rows=900602 loops=1)
                                                   Buckets: 262144  Batches: 2  Memory Usage: 17889kB
                                                   ->  Broadcast Motion 3:3  (slice4; segments: 3)  (cost=9955.93..34646.43 rows=903000 width=4) (actual time=214.377..968.409 rows=900602 loops=1)
                                                         ->  Bitmap Heap Scan on customer  (cost=9955.93..22606.43 rows=301000 width=4) (actual time=216.264..1031.418 rows=300807 loops=1)
                                                               Recheck Cond: (c_mktsegment = 'HOUSEHOLD'::bpchar)
                                                               Rows Removed by Index Recheck: 828712
                                                               ->  Bitmap Index Scan on customer_c_mktsegment_c_custkey_idx  (cost=0.00..9880.68 rows=301000 width=0) (actual time=215.109..215.110 rows=300807 loops=1)
                                                                     Index Cond: (c_mktsegment = 'HOUSEHOLD'::bpchar)
 Optimizer: Postgres query optimizer
 Planning Time: 11.959 ms
   (slice0)    Executor memory: 6335K bytes.
   (slice1)    Executor memory: 22061K bytes avg x 3 workers, 22061K bytes max (seg0).  Work_mem: 33041K bytes max.
 * (slice2)    Executor memory: 2485718K bytes avg x 3 workers, 2486647K bytes max (seg1).  Work_mem: 26854K bytes max, 207555K bytes wanted.
 * (slice3)    Executor memory: 543846K bytes avg x 3 workers, 543846K bytes max (seg0).  Work_mem: 17889K bytes max, 33710K bytes wanted.
   (slice4)    Executor memory: 229828K bytes avg x 3 workers, 229828K bytes max (seg2).
 Memory used:  128000kB
 Memory wanted:  1453782kB
 Execution Time: 59122.967 ms
(61 rows)

