                                                                                                                     QUERY PLAN                                                                                                                      
-----------------------------------------------------------------------------------------------------------------------------------------------------------------------------------------------------------------------------------------------------
 Gather Motion 3:1  (slice1; segments: 3)  (cost=835392.27..835392.37 rows=7 width=27) (actual time=13581.180..13581.183 rows=2 loops=1)
   Merge Key: lineitem.l_shipmode
   ->  Sort  (cost=835392.27..835392.28 rows=2 width=27) (actual time=13577.654..13577.663 rows=2 loops=1)
         Sort Key: lineitem.l_shipmode
         Sort Method:  quicksort  Memory: 75kB
         Executor Memory: 177kB  Segments: 3  Max: 59kB (segment 0)
         ->  Finalize HashAggregate  (cost=835392.23..835392.26 rows=2 width=27) (actual time=13577.388..13577.389 rows=2 loops=1)
               Group Key: lineitem.l_shipmode
               Peak Memory Usage: 0 kB
               ->  Redistribute Motion 3:3  (slice2; segments: 3)  (cost=835391.97..835392.18 rows=7 width=27) (actual time=13466.168..13577.345 rows=6 loops=1)
                     Hash Key: lineitem.l_shipmode
                     ->  Partial HashAggregate  (cost=835391.97..835392.04 rows=7 width=27) (actual time=13476.041..13476.043 rows=2 loops=1)
                           Group Key: lineitem.l_shipmode
                           Peak Memory Usage: 0 kB
                           ->  Hash Join  (cost=448307.00..811113.46 rows=1387343 width=27) (actual time=6772.594..13279.605 rows=312743 loops=1)
                                 Hash Cond: (orders.o_orderkey = lineitem.l_orderkey)
                                 Extra Text: (seg0)   Initial batch 0:
 (seg0)     Wrote 10093K bytes to inner workfile.
 (seg0)     Wrote 483445K bytes to outer workfile.
 (seg0)   Initial batches 1..3:
 (seg0)     Read 10093K bytes from inner workfile: 3365K avg x 3 nonempty batches, 3366K max.
 (seg0)     Read 483445K bytes from outer workfile: 161149K avg x 3 nonempty batches, 161223K max.
 (seg0)   Hash chain length 1.2 avg, 8 max, using 255805 of 1048576 buckets.
                                 ->  Seq Scan on orders  (cost=0.00..216501.13 rows=14998913 width=24) (actual time=0.081..4152.933 rows=15003291 loops=1)
                                 ->  Hash  (cost=413078.97..413078.97 rows=2522562 width=19) (actual time=2405.044..2405.045 rows=312743 loops=1)
                                       Buckets: 262144  Batches: 4  Memory Usage: 6307kB
                                       ->  Redistribute Motion 3:3  (slice3; segments: 3)  (cost=53976.61..413078.97 rows=2522562 width=19) (actual time=706.601..2330.256 rows=312743 loops=1)
                                             Hash Key: lineitem.l_orderkey
                                             ->  Bitmap Heap Scan on lineitem  (cost=53976.61..362627.73 rows=2522562 width=19) (actual time=704.915..2222.040 rows=312393 loops=1)
                                                   Recheck Cond: ((l_receiptdate >= '1996-01-01'::date) AND (l_receiptdate < '1997-01-01 00:00:00'::timestamp without time zone) AND (l_commitdate < l_receiptdate) AND (l_shipdate < l_commitdate))
                                                   Rows Removed by Index Recheck: 1342018
                                                   Filter: (l_shipmode = ANY ('{AIR,SHIP}'::bpchar[]))
                                                   Rows Removed by Filter: 780785
                                                   ->  BitmapAnd  (cost=53976.61..53976.61 rows=998139 width=0) (actual time=703.193..703.194 rows=1 loops=1)
                                                         ->  Bitmap Index Scan on lineitem_l_receiptdate_idx  (cost=0.00..68.14 rows=8983249 width=0) (actual time=18.498..18.498 rows=470080 loops=1)
                                                               Index Cond: ((l_receiptdate >= '1996-01-01'::date) AND (l_receiptdate < '1997-01-01 00:00:00'::timestamp without time zone))
                                                         ->  Bitmap Index Scan on lineitem_l_orderkey_idx_part2  (cost=0.00..52646.94 rows=6666430 width=0) (actual time=654.969..654.969 rows=7193649 loops=1)
 Optimizer: Postgres query optimizer
 Planning Time: 16.321 ms
   (slice0)    Executor memory: 130K bytes.
   (slice1)    Executor memory: 59K bytes avg x 3 workers, 59K bytes max (seg0).  Work_mem: 59K bytes max.
 * (slice2)    Executor memory: 6575K bytes avg x 3 workers, 6575K bytes max (seg0).  Work_mem: 6307K bytes max, 19152K bytes wanted.
   (slice3)    Executor memory: 198921K bytes avg x 3 workers, 198921K bytes max (seg0).
 Memory used:  128000kB
 Memory wanted:  115606kB
 Execution Time: 13598.253 ms
(46 rows)

