                                                                          QUERY PLAN                                                                          
--------------------------------------------------------------------------------------------------------------------------------------------------------------
 Finalize Aggregate  (cost=513627.18..513627.19 rows=1 width=32) (actual time=6896.727..6896.728 rows=1 loops=1)
   ->  Gather Motion 3:1  (slice1; segments: 3)  (cost=513627.12..513627.17 rows=3 width=32) (actual time=6839.717..6896.699 rows=3 loops=1)
         ->  Partial Aggregate  (cost=513627.12..513627.13 rows=1 width=32) (actual time=6894.425..6894.426 rows=1 loops=1)
               ->  Bitmap Heap Scan on lineitem  (cost=1015.36..494699.79 rows=3785465 width=12) (actual time=15.099..6337.714 rows=1192679 loops=1)
                     Recheck Cond: ((l_shipdate >= '1995-01-01'::date) AND (l_shipdate < '1996-01-01 00:00:00'::timestamp without time zone))
                     Rows Removed by Index Recheck: 27006
                     Filter: ((l_discount >= 0.03) AND (l_discount <= 0.05) AND (l_quantity < '25'::numeric))
                     Rows Removed by Filter: 7917752
                     ->  Bitmap Index Scan on lineitem_l_shipdate_idx  (cost=0.00..68.99 rows=9221841 width=0) (actual time=8.435..8.436 rows=435840 loops=1)
                           Index Cond: ((l_shipdate >= '1995-01-01'::date) AND (l_shipdate < '1996-01-01 00:00:00'::timestamp without time zone))
 Optimizer: Postgres query optimizer
 Planning Time: 11.432 ms
   (slice0)    Executor memory: 50K bytes.
   (slice1)    Executor memory: 699854K bytes avg x 3 workers, 700366K bytes max (seg0).
 Memory used:  128000kB
 Execution Time: 7074.094 ms
(16 rows)

