                                                                                         QUERY PLAN                                                                                         
--------------------------------------------------------------------------------------------------------------------------------------------------------------------------------------------
 Gather Motion 3:1  (slice1; segments: 3)  (cost=1021239.78..1021977.40 rows=9566 width=92) (actual time=25169.803..25169.810 rows=4 loops=1)
   Merge Key: n1.n_name, n2.n_name, (date_part('year'::text, (lineitem.l_shipdate)::timestamp without time zone))
   ->  GroupAggregate  (cost=1021239.78..1021849.86 rows=3189 width=92) (actual time=25126.008..25168.640 rows=2 loops=1)
         Group Key: n1.n_name, n2.n_name, (date_part('year'::text, (lineitem.l_shipdate)::timestamp without time zone))
         ->  Sort  (cost=1021239.78..1021318.96 rows=31673 width=72) (actual time=25076.617..25085.858 rows=87154 loops=1)
               Sort Key: n1.n_name, n2.n_name, (date_part('year'::text, (lineitem.l_shipdate)::timestamp without time zone))
               Sort Method:  quicksort  Memory: 32199kB
               Executor Memory: 28103kB  Segments: 3  Max: 13973kB (segment 2)
               ->  Redistribute Motion 3:3  (slice2; segments: 3)  (cost=350976.00..1018872.09 rows=31673 width=72) (actual time=10453.200..25030.566 rows=87154 loops=1)
                     Hash Key: n1.n_name, n2.n_name, (date_part('year'::text, (lineitem.l_shipdate)::timestamp without time zone))
                     ->  Hash Join  (cost=350976.00..1018238.63 rows=31673 width=72) (actual time=10375.411..24984.964 rows=58558 loops=1)
                           Hash Cond: (lineitem.l_orderkey = orders.o_orderkey)
                           Join Filter: (((n1.n_name = 'GERMANY'::bpchar) AND (n2.n_name = 'KENYA'::bpchar)) OR ((n1.n_name = 'KENYA'::bpchar) AND (n2.n_name = 'GERMANY'::bpchar)))
                           Rows Removed by Join Filter: 58405
                           Extra Text: (seg0)   Initial batch 0:
 (seg0)     Wrote 47557K bytes to inner workfile.
 (seg0)     Wrote 81429K bytes to outer workfile.
 (seg0)   Initial batches 1..3:
 (seg0)     Read 47557K bytes from inner workfile: 15853K avg x 3 nonempty batches, 15870K max.
 (seg0)     Read 81429K bytes from outer workfile: 27143K avg x 3 nonempty batches, 27209K max.
 (seg0)   Hash chain length 2.5 avg, 12 max, using 471480 of 524288 buckets.
                           ->  Redistribute Motion 3:3  (slice3; segments: 3)  (cost=7172.04..668150.84 rows=1412077 width=50) (actual time=0.027..13217.931 rows=1462410 loops=1)
                                 Hash Key: lineitem.l_orderkey
                                 ->  Hash Join  (cost=7172.04..639909.31 rows=1412077 width=50) (actual time=78.025..12979.077 rows=1462443 loops=1)
                                       Hash Cond: (lineitem.l_suppkey = supplier.s_suppkey)
                                       Extra Text: (seg1)   Hash chain length 1.2 avg, 5 max, using 20105 of 65536 buckets.
                                       ->  Bitmap Heap Scan on lineitem  (cost=4672.47..565139.22 rows=18284231 width=28) (actual time=11.302..9352.363 rows=18233724 loops=1)
                                             Recheck Cond: ((l_shipdate >= '1995-01-01'::date) AND (l_shipdate <= '1996-12-31'::date))
                                             Rows Removed by Index Recheck: 20456
                                             ->  Bitmap Index Scan on lineitem_l_shipdate_idx  (cost=0.00..101.42 rows=18284917 width=0) (actual time=14.570..14.570 rows=871040 loops=1)
                                                   Index Cond: ((l_shipdate >= '1995-01-01'::date) AND (l_shipdate <= '1996-12-31'::date))
                                       ->  Hash  (cost=2205.57..2205.57 rows=23520 width=30) (actual time=58.638..58.638 rows=24059 loops=1)
                                             Buckets: 65536  Batches: 1  Memory Usage: 1969kB
                                             ->  Broadcast Motion 3:3  (slice4; segments: 3)  (cost=1.18..2205.57 rows=23520 width=30) (actual time=0.266..50.795 rows=24059 loops=1)
                                                   ->  Hash Join  (cost=1.18..1891.97 rows=7840 width=30) (actual time=0.666..54.611 rows=8090 loops=1)
                                                         Hash Cond: (supplier.s_nationkey = n1.n_nationkey)
                                                         Extra Text: (seg2)   Hash chain length 1.0 avg, 1 max, using 2 of 65536 buckets.
                                                         ->  Seq Scan on supplier  (cost=0.00..1550.00 rows=100000 width=8) (actual time=0.061..30.899 rows=100172 loops=1)
                                                         ->  Hash  (cost=1.15..1.15 rows=2 width=30) (actual time=0.014..0.014 rows=2 loops=1)
                                                               Buckets: 65536  Batches: 1  Memory Usage: 513kB
                                                               ->  Broadcast Motion 3:3  (slice5; segments: 3)  (cost=0.00..1.15 rows=2 width=30) (actual time=0.004..0.007 rows=2 loops=1)
                                                                     ->  Seq Scan on nation n1  (cost=0.00..1.12 rows=1 width=30) (actual time=0.074..0.078 rows=1 loops=1)
                                                                           Filter: ((n_name = 'GERMANY'::bpchar) OR (n_name = 'KENYA'::bpchar))
                                                                           Rows Removed by Filter: 9
                           ->  Hash  (cost=329105.02..329105.02 rows=1175915 width=34) (actual time=10387.654..10387.660 rows=1201994 loops=1)
                                 Buckets: 131072  Batches: 4  Memory Usage: 20378kB
                                 ->  Hash Join  (cost=38115.06..329105.02 rows=1175915 width=34) (actual time=750.168..9951.403 rows=1201994 loops=1)
                                       Hash Cond: (orders.o_custkey = customer.c_custkey)
                                       Extra Text: (seg0)   Hash chain length 2.9 avg, 12 max, using 122680 of 131072 buckets.
                                       ->  Seq Scan on orders  (cost=0.00..216501.13 rows=14998913 width=12) (actual time=0.159..2716.468 rows=15003291 loops=1)
                                       ->  Hash  (cost=33705.06..33705.06 rows=352800 width=30) (actual time=749.392..749.394 rows=359660 loops=1)
                                             Buckets: 131072  Batches: 1  Memory Usage: 22801kB
                                             ->  Broadcast Motion 3:3  (slice6; segments: 3)  (cost=1.18..33705.06 rows=352800 width=30) (actual time=0.054..649.143 rows=359660 loops=1)
                                                   ->  Hash Join  (cost=1.18..29001.06 rows=117600 width=30) (actual time=0.739..624.154 rows=120067 loops=1)
                                                         Hash Cond: (customer.c_nationkey = n2.n_nationkey)
                                                         Extra Text: (seg2)   Hash chain length 1.0 avg, 1 max, using 2 of 65536 buckets.
                                                         ->  Seq Scan on customer  (cost=0.00..23888.00 rows=1500000 width=8) (actual time=0.059..341.233 rows=1501094 loops=1)
                                                         ->  Hash  (cost=1.15..1.15 rows=2 width=30) (actual time=0.009..0.010 rows=2 loops=1)
                                                               Buckets: 65536  Batches: 1  Memory Usage: 513kB
                                                               ->  Broadcast Motion 3:3  (slice7; segments: 3)  (cost=0.00..1.15 rows=2 width=30) (actual time=0.003..0.005 rows=2 loops=1)
                                                                     ->  Seq Scan on nation n2  (cost=0.00..1.12 rows=1 width=30) (actual time=0.027..0.030 rows=1 loops=1)
                                                                           Filter: ((n_name = 'KENYA'::bpchar) OR (n_name = 'GERMANY'::bpchar))
                                                                           Rows Removed by Filter: 9
 Optimizer: Postgres query optimizer
 Planning Time: 22.619 ms
   (slice0)    Executor memory: 174K bytes.
   (slice1)    Executor memory: 9419K bytes avg x 3 workers, 14024K bytes max (seg2).  Work_mem: 13973K bytes max.
 * (slice2)    Executor memory: 45852K bytes avg x 3 workers, 45852K bytes max (seg0).  Work_mem: 22801K bytes max, 78497K bytes wanted.
   (slice3)    Executor memory: 1398889K bytes avg x 3 workers, 1399402K bytes max (seg0).  Work_mem: 1969K bytes max.
   (slice4)    Executor memory: 574K bytes avg x 3 workers, 574K bytes max (seg0).  Work_mem: 513K bytes max.
   (slice5)    Executor memory: 38K bytes avg x 3 workers, 38K bytes max (seg0).
   (slice6)    Executor memory: 574K bytes avg x 3 workers, 574K bytes max (seg0).  Work_mem: 513K bytes max.
   (slice7)    Executor memory: 38K bytes avg x 3 workers, 38K bytes max (seg0).
 Memory used:  128000kB
 Memory wanted:  551373kB
 Execution Time: 25197.119 ms
(76 rows)

