                                                                                                                         QUERY PLAN                                                                                                                          
-------------------------------------------------------------------------------------------------------------------------------------------------------------------------------------------------------------------------------------------------------------
 Limit  (cost=4250819.82..4250820.14 rows=23 width=34) (actual time=191464.116..191464.195 rows=100 loops=1)
   ->  Gather Motion 3:1  (slice1; segments: 3)  (cost=4250819.82..4250820.14 rows=23 width=34) (actual time=191464.113..191464.186 rows=100 loops=1)
         Merge Key: (count(*)), supplier.s_name
         ->  Limit  (cost=4250819.82..4250819.84 rows=8 width=34) (actual time=191463.313..191463.343 rows=100 loops=1)
               ->  Sort  (cost=4250819.81..4250819.84 rows=9 width=34) (actual time=191463.312..191463.319 rows=100 loops=1)
                     Sort Key: (count(*)) DESC, supplier.s_name
                     Sort Method:  top-N heapsort  Memory: 115kB
                     Executor Memory: 178kB  Segments: 3  Max: 60kB (segment 0)
                     ->  GroupAggregate  (cost=4250819.53..4250819.68 rows=9 width=34) (actual time=191447.592..191461.381 rows=4081 loops=1)
                           Group Key: supplier.s_name
                           ->  Sort  (cost=4250819.53..4250819.55 rows=9 width=26) (actual time=191447.581..191452.012 rows=40599 loops=1)
                                 Sort Key: supplier.s_name
                                 Sort Method:  quicksort  Memory: 14813kB
                                 Executor Memory: 12039kB  Segments: 3  Max: 4077kB (segment 0)
                                 ->  Redistribute Motion 3:3  (slice2; segments: 3)  (cost=3973695.01..4250819.40 rows=9 width=26) (actual time=182746.609..191299.654 rows=40599 loops=1)
                                       Hash Key: supplier.s_name
                                       ->  Hash Join  (cost=3973695.01..4250819.22 rows=9 width=26) (actual time=182670.444..191280.200 rows=39640 loops=1)
                                             Hash Cond: (orders.o_orderkey = l1.l_orderkey)
                                             Extra Text: (seg2)   Hash chain length 1.3 avg, 6 max, using 59923 of 131072 buckets.
                                             ->  Seq Scan on orders  (cost=0.00..249736.00 rows=7303500 width=8) (actual time=0.557..7028.265 rows=7309660 loops=1)
                                                   Filter: (o_orderstatus = 'F'::bpchar)
                                                   Rows Removed by Filter: 7693631
                                             ->  Hash  (cost=3973694.90..3973694.90 rows=9 width=42) (actual time=182667.920..182667.921 rows=80646 loops=1)
                                                   Buckets: 131072  Batches: 1  Memory Usage: 7325kB
                                                   ->  Redistribute Motion 3:3  (slice3; segments: 3)  (cost=3973694.65..3973694.90 rows=9 width=42) (actual time=182585.735..182642.366 rows=80646 loops=1)
                                                         Hash Key: l1.l_orderkey
                                                         ->  HashAggregate  (cost=3973694.65..3973694.73 rows=9 width=42) (actual time=182588.086..182625.638 rows=80620 loops=1)
                                                               Group Key: (RowIdExpr)
                                                               Extra Text: (seg0)   hash table(s): 1; chain length 3.2 avg, 17 max; using 80134 of 131072 buckets; total 14 expansions.
 
                                                               ->  Redistribute Motion 3:3  (slice4; segments: 3)  (cost=2864273.68..3973694.62 rows=9 width=42) (actual time=116322.678..182460.216 rows=152240 loops=1)
                                                                     Hash Key: (RowIdExpr)
                                                                     ->  Hash Join  (cost=2864273.68..3973694.45 rows=9 width=42) (actual time=116253.643..182454.143 rows=152192 loops=1)
                                                                           Hash Cond: (l2.l_orderkey = l1.l_orderkey)
                                                                           Join Filter: (l2.l_suppkey <> l1.l_suppkey)
                                                                           Rows Removed by Join Filter: 134514
                                                                           Extra Text: (seg0)   Hash chain length 3.2 avg, 14 max, using 125047 of 131072 buckets.
                                                                           ->  Seq Scan on lineitem l2  (cost=0.00..884422.56 rows=59999456 width=12) (actual time=0.758..37624.503 rows=60003310 loops=1)
                                                                           ->  Hash  (cost=2864273.36..2864273.36 rows=26 width=38) (actual time=116252.295..116252.295 rows=403859 loops=1)
                                                                                 Buckets: 131072 (originally 65536)  Batches: 1 (originally 1)  Memory Usage: 32576kB
                                                                                 ->  Broadcast Motion 3:3  (slice5; segments: 3)  (cost=1710949.64..2864273.36 rows=26 width=38) (actual time=59174.164..116084.919 rows=403859 loops=1)
                                                                                       ->  Hash Anti Join  (cost=1710949.64..2864273.01 rows=9 width=38) (actual time=56489.969..115927.297 rows=134925 loops=1)
                                                                                             Hash Cond: (l1.l_orderkey = l3.l_orderkey)
                                                                                             Join Filter: (l3.l_suppkey <> l1.l_suppkey)
                                                                                             Rows Removed by Join Filter: 550211
                                                                                             Extra Text: (seg0)   Initial batch 0:
 (seg0)     Wrote 1167375K bytes to inner workfile.
 (seg0)     Wrote 87408K bytes to outer workfile.
 (seg0)   Initial batches 1..31:
 (seg0)     Read 1030922K bytes from inner workfile: 33256K avg x 31 nonempty batches, 33380K max.
 (seg0)     Wrote 456467K bytes to inner workfile: 14725K avg x 31 overflowing batches, 14794K max.
 (seg0)     Read 43037K bytes from outer workfile: 1389K avg x 31 nonempty batches, 1405K max.
 (seg0)   Overflow batches 32..63:
 (seg0)     Read 592920K bytes from inner workfile: 18529K avg x 32 nonempty batches, 18607K max.
 (seg0)     Read 44372K bytes from outer workfile: 1387K avg x 32 nonempty batches, 1403K max.
 (seg0)   Work file set: 63 files (0 compressed), max file size 34177024, min file size 32768, compression buffer size 0 bytes
 (seg0)   Hash chain length 4.0 avg, 37 max, using 9387089 of 16777216 buckets.
                                                                                             ->  Redistribute Motion 3:3  (slice6; segments: 3)  (cost=2120.34..1123981.08 rows=765670 width=38) (actual time=0.038..46249.305 rows=1515214 loops=1)
                                                                                                   Hash Key: l1.l_orderkey
                                                                                                   ->  Hash Join  (cost=2120.34..1108667.67 rows=765670 width=38) (actual time=116.122..46035.578 rows=1513121 loops=1)
                                                                                                         Hash Cond: (l1.l_suppkey = supplier.s_suppkey)
                                                                                                         Extra Text: (seg0)   Hash chain length 1.0 avg, 3 max, using 11452 of 131072 buckets.
                                                                                                         ->  Seq Scan on lineitem l1  (cost=0.00..1034421.20 rows=19999819 width=12) (actual time=0.769..38604.419 rows=37938467 loops=1)
                                                                                                               Filter: (l_receiptdate > l_commitdate)
                                                                                                               Rows Removed by Filter: 22064843
                                                                                                         ->  Hash  (cost=1970.34..1970.34 rows=12000 width=30) (actual time=114.266..114.266 rows=11969 loops=1)
                                                                                                               Buckets: 131072  Batches: 1  Memory Usage: 1773kB
                                                                                                               ->  Broadcast Motion 3:3  (slice7; segments: 3)  (cost=1.14..1970.34 rows=12000 width=30) (actual time=3.404..109.606 rows=11969 loops=1)
                                                                                                                     ->  Hash Join  (cost=1.14..1810.34 rows=4000 width=30) (actual time=1.786..110.800 rows=4080 loops=1)
                                                                                                                           Hash Cond: (supplier.s_nationkey = nation.n_nationkey)
                                                                                                                           Extra Text: (seg0)   Hash chain length 1.0 avg, 1 max, using 1 of 131072 buckets.
                                                                                                                           ->  Seq Scan on supplier  (cost=0.00..1507.00 rows=100000 width=34) (actual time=0.828..85.220 rows=100172 loops=1)
                                                                                                                           ->  Hash  (cost=1.12..1.12 rows=1 width=4) (actual time=0.013..0.013 rows=1 loops=1)
                                                                                                                                 Buckets: 131072  Batches: 1  Memory Usage: 1025kB
                                                                                                                                 ->  Broadcast Motion 3:3  (slice8; segments: 3)  (cost=0.00..1.12 rows=1 width=4) (actual time=0.006..0.006 rows=1 loops=1)
                                                                                                                                       ->  Seq Scan on nation  (cost=0.00..1.10 rows=1 width=4) (actual time=0.606..0.612 rows=1 loops=1)
                                                                                                                                             Filter: (n_name = 'FRANCE'::bpchar)
                                                                                                                                             Rows Removed by Filter: 8
                                                                                             ->  Hash  (cost=1434417.57..1434417.57 rows=19999819 width=12) (actual time=56446.751..56446.751 rows=37946078 loops=1)
                                                                                                   Buckets: 262144 (originally 262144)  Batches: 64 (originally 32)  Memory Usage: 40453kB
                                                                                                   ->  Redistribute Motion 3:3  (slice9; segments: 3)  (cost=0.00..1434417.57 rows=19999819 width=12) (actual time=4.687..48554.053 rows=37946078 loops=1)
                                                                                                         Hash Key: l3.l_orderkey
                                                                                                         ->  Seq Scan on lineitem l3  (cost=0.00..1034421.20 rows=19999819 width=12) (actual time=0.598..42176.955 rows=37938467 loops=1)
                                                                                                               Filter: (l_receiptdate > l_commitdate)
                                                                                                               Rows Removed by Filter: 22064843
 Optimizer: Postgres-based planner
 Planning Time: 18.422 ms
   (slice0)    Executor memory: 185K bytes.
   (slice1)    Executor memory: 4073K bytes avg x 3 workers, 4136K bytes max (seg0).  Work_mem: 4077K bytes max.
   (slice2)    Executor memory: 7548K bytes avg x 3 workers, 7580K bytes max (seg1).  Work_mem: 7325K bytes max.
 * (slice3)    Executor memory: 13156K bytes avg x 3 workers, 13181K bytes max (seg1).  Work_mem: 15401K bytes max, 15401K bytes wanted.
   (slice4)    Executor memory: 32893K bytes avg x 3 workers, 32893K bytes max (seg0).  Work_mem: 32576K bytes max.
 * (slice5)    Executor memory: 47385K bytes avg x 3 workers, 47387K bytes max (seg1).  Work_mem: 40453K bytes max, 1632544K bytes wanted.
   (slice6)    Executor memory: 2015K bytes avg x 3 workers, 2015K bytes max (seg0).  Work_mem: 1773K bytes max.
   (slice7)    Executor memory: 1263K bytes avg x 3 workers, 1263K bytes max (seg0).  Work_mem: 1025K bytes max.
   (slice8)    Executor memory: 185K bytes avg x 3 workers, 185K bytes max (seg0).
   (slice9)    Executor memory: 207K bytes avg x 3 workers, 207K bytes max (seg0).
 Memory used:  128000kB
 Memory wanted:  13062648kB
 Execution Time: 191494.066 ms
(100 rows)

