                                                                                                                   QUERY PLAN                                                                                                                   
------------------------------------------------------------------------------------------------------------------------------------------------------------------------------------------------------------------------------------------------
 Gather Motion 3:1  (slice1; segments: 3)  (cost=993552.51..993566.68 rows=1000 width=16) (actual time=29017.525..29017.539 rows=45 loops=1)
   Merge Key: (count(*)), (count(orders.o_orderkey))
   ->  Sort  (cost=993552.51..993553.35 rows=333 width=16) (actual time=29015.348..29015.360 rows=17 loops=1)
         Sort Key: (count(*)) DESC, (count(orders.o_orderkey)) DESC
         Sort Method:  quicksort  Memory: 75kB
         Executor Memory: 177kB  Segments: 3  Max: 59kB (segment 0)
         ->  Finalize HashAggregate  (cost=993535.21..993538.55 rows=333 width=16) (actual time=29015.182..29015.191 rows=17 loops=1)
               Group Key: (count(orders.o_orderkey))
               Extra Text: (seg0)   hash table(s): 1; chain length 1.0 avg, 1 max; using 17 of 512 buckets; total 0 expansions.
 
               ->  Redistribute Motion 3:3  (slice2; segments: 3)  (cost=993500.21..993530.21 rows=1000 width=16) (actual time=28917.309..29015.132 rows=51 loops=1)
                     Hash Key: (count(orders.o_orderkey))
                     ->  Partial HashAggregate  (cost=993500.21..993510.21 rows=1000 width=16) (actual time=28970.959..28970.976 rows=45 loops=1)
                           Group Key: count(orders.o_orderkey)
                           Extra Text: (seg0)   hash table(s): 1; chain length 1.0 avg, 1 max; using 44 of 2048 buckets; total 0 expansions.
 
                           ->  HashAggregate  (cost=937691.50..971000.21 rows=1500000 width=12) (actual time=23363.116..28604.179 rows=1501094 loops=1)
                                 Group Key: customer.c_custkey
                                 Planned Partitions: 4
                                 Extra Text: (seg0)   hash table(s): 1; 1499205 groups total in 4 batches, 38689504 spill partitions; disk usage: 340512KB; chain length 2.2 avg, 10 max; using 1499205 of 5242880 buckets; total 0 expansions.
 
                                 ->  Hash Right Join  (cost=42638.00..789464.13 rows=14998500 width=12) (actual time=750.219..15903.173 rows=15350270 loops=1)
                                       Hash Cond: (orders.o_custkey = customer.c_custkey)
                                       Extra Text: (seg2)   Initial batch 0:
 (seg2)     Wrote 17601K bytes to inner workfile.
 (seg2)     Wrote 231985K bytes to outer workfile.
 (seg2)   Initial batch 1:
 (seg2)     Read 17601K bytes from inner workfile.
 (seg2)     Read 231985K bytes from outer workfile.
 (seg2)   Work file set: 1 files (0 compressed), max file size 18022400, min file size 32768, compression buffer size 0 bytes
 (seg2)   Hash chain length 1.9 avg, 11 max, using 798283 of 1048576 buckets.
                                       ->  Redistribute Motion 3:3  (slice3; segments: 3)  (cost=0.00..553981.00 rows=14998500 width=12) (actual time=0.068..4633.612 rows=14849651 loops=1)
                                             Hash Key: orders.o_custkey
                                             ->  Seq Scan on orders  (cost=0.00..254011.00 rows=14998500 width=12) (actual time=0.090..9272.056 rows=14842004 loops=1)
                                                   Filter: ((o_comment)::text !~~ '%express%accounts%'::text)
                                                   Rows Removed by Filter: 161287
                                       ->  Hash  (cost=23888.00..23888.00 rows=1500000 width=4) (actual time=748.251..748.252 rows=1501094 loops=1)
                                             Buckets: 524288  Batches: 2  Memory Usage: 30496kB
                                             ->  Seq Scan on customer  (cost=0.00..23888.00 rows=1500000 width=4) (actual time=0.059..394.188 rows=1501094 loops=1)
 Optimizer: Postgres-based planner
 Planning Time: 6.422 ms
   (slice0)    Executor memory: 24727K bytes.
 * (slice1)    Executor memory: 61K bytes avg x 3 workers, 61K bytes max (seg0).  Work_mem: 59K bytes max, 37K bytes wanted.
 * (slice2)    Executor memory: 74762K bytes avg x 3 workers, 74768K bytes max (seg0).  Work_mem: 65681K bytes max, 196625K bytes wanted.
   (slice3)    Executor memory: 38K bytes avg x 3 workers, 38K bytes max (seg0).
 Memory used:  128000kB
 Memory wanted:  983720kB
 Execution Time: 29085.286 ms
(48 rows)

