                                                                                   QUERY PLAN                                                                                   
--------------------------------------------------------------------------------------------------------------------------------------------------------------------------------
 Finalize Aggregate  (cost=1245495.00..1245495.02 rows=1 width=32) (actual time=3539.764..3539.766 rows=1 loops=1)
   ->  Gather Motion 3:1  (slice1; segments: 3)  (cost=1245494.92..1245494.97 rows=3 width=64) (actual time=3521.325..3539.733 rows=3 loops=1)
         ->  Partial Aggregate  (cost=1245494.92..1245494.93 rows=1 width=64) (actual time=3518.726..3518.729 rows=1 loops=1)
               ->  Hash Join  (cost=1185649.55..1232253.00 rows=756681 width=33) (actual time=981.670..2886.708 rows=748754 loops=1)
                     Hash Cond: (part.p_partkey = lineitem.l_partkey)
                     Extra Text: (seg0)   Hash chain length 3.1 avg, 16 max, using 237865 of 262144 buckets.
                     ->  Seq Scan on part  (cost=0.00..30155.00 rows=2000000 width=25) (actual time=0.093..492.487 rows=2001127 loops=1)
                     ->  Hash  (cost=1176191.04..1176191.04 rows=756681 width=16) (actual time=980.400..980.400 rows=748754 loops=1)
                           Buckets: 262144  Batches: 1  Memory Usage: 39347kB
                           ->  Redistribute Motion 3:3  (slice2; segments: 3)  (cost=227.94..1176191.04 rows=756681 width=16) (actual time=15.267..747.429 rows=748754 loops=1)
                                 Hash Key: lineitem.l_partkey
                                 ->  Bitmap Heap Scan on lineitem  (cost=227.94..1161057.43 rows=756681 width=16) (actual time=11.533..577.616 rows=748419 loops=1)
                                       Recheck Cond: ((l_shipdate >= '1996-04-01'::date) AND (l_shipdate < '1996-05-01 00:00:00'::timestamp without time zone))
                                       Rows Removed by Index Recheck: 23069
                                       ->  Bitmap Index Scan on lineitem_l_shipdate_idx  (cost=0.00..38.77 rows=774739 width=0) (actual time=8.811..8.811 rows=36800 loops=1)
                                             Index Cond: ((l_shipdate >= '1996-04-01'::date) AND (l_shipdate < '1996-05-01 00:00:00'::timestamp without time zone))
 Optimizer: Postgres-based planner
 Planning Time: 7.517 ms
   (slice0)    Executor memory: 79K bytes.
   (slice1)    Executor memory: 41639K bytes avg x 3 workers, 41679K bytes max (seg0).  Work_mem: 39347K bytes max.
   (slice2)    Executor memory: 61279K bytes avg x 3 workers, 61279K bytes max (seg0).
 Memory used:  128000kB
 Execution Time: 3552.992 ms
(23 rows)

