                                                                                         QUERY PLAN                                                                                         
--------------------------------------------------------------------------------------------------------------------------------------------------------------------------------------------
 Finalize GroupAggregate  (cost=1629692.85..1631755.38 rows=9639 width=92) (actual time=24873.150..24873.173 rows=4 loops=1)
   Group Key: n1.n_name, n2.n_name, (date_part('year'::text, (lineitem.l_shipdate)::timestamp without time zone))
   ->  Gather Motion 3:1  (slice1; segments: 3)  (cost=1629692.85..1631225.54 rows=28892 width=92) (actual time=24873.127..24873.137 rows=12 loops=1)
         Merge Key: n1.n_name, n2.n_name, (date_part('year'::text, (lineitem.l_shipdate)::timestamp without time zone))
         ->  Partial GroupAggregate  (cost=1629692.85..1630840.31 rows=9631 width=92) (actual time=24828.916..24871.536 rows=4 loops=1)
               Group Key: n1.n_name, n2.n_name, (date_part('year'::text, (lineitem.l_shipdate)::timestamp without time zone))
               ->  Sort  (cost=1629692.85..1629832.70 rows=55938 width=72) (actual time=24797.980..24804.406 rows=58558 loops=1)
                     Sort Key: n1.n_name, n2.n_name, (date_part('year'::text, (lineitem.l_shipdate)::timestamp without time zone))
                     Sort Method:  quicksort  Memory: 30665kB
                     Executor Memory: 26567kB  Segments: 3  Max: 8862kB (segment 2)
                     ->  Hash Join  (cost=350992.43..1625281.69 rows=55938 width=72) (actual time=9853.896..24753.593 rows=58558 loops=1)
                           Hash Cond: (lineitem.l_orderkey = orders.o_orderkey)
                           Join Filter: (((n1.n_name = 'GERMANY'::bpchar) AND (n2.n_name = 'KENYA'::bpchar)) OR ((n1.n_name = 'KENYA'::bpchar) AND (n2.n_name = 'GERMANY'::bpchar)))
                           Rows Removed by Join Filter: 58405
                           Extra Text: (seg0)   Initial batch 0:
 (seg0)     Wrote 47557K bytes to inner workfile.
 (seg0)     Wrote 81429K bytes to outer workfile.
 (seg0)   Initial batches 1..3:
 (seg0)     Read 47557K bytes from inner workfile: 15853K avg x 3 nonempty batches, 15870K max.
 (seg0)     Read 81429K bytes from outer workfile: 27143K avg x 3 nonempty batches, 27209K max.
 (seg0)   Work file set: 3 files (0 compressed), max file size 16220160, min file size 32768, compression buffer size 0 bytes
 (seg0)   Hash chain length 2.5 avg, 12 max, using 471480 of 524288 buckets.
                           ->  Redistribute Motion 3:3  (slice2; segments: 3)  (cost=7172.15..1274818.69 rows=1371586 width=50) (actual time=0.027..13595.687 rows=1462410 loops=1)
                                 Hash Key: lineitem.l_orderkey
                                 ->  Hash Join  (cost=7172.15..1247386.98 rows=1371586 width=50) (actual time=114.583..13329.240 rows=1462443 loops=1)
                                       Hash Cond: (lineitem.l_suppkey = supplier.s_suppkey)
                                       Extra Text: (seg1)   Hash chain length 1.2 avg, 5 max, using 20105 of 65536 buckets.
                                       ->  Bitmap Heap Scan on lineitem  (cost=4672.57..1173168.61 rows=18278944 width=28) (actual time=17.432..9766.132 rows=18233724 loops=1)
                                             Recheck Cond: ((l_shipdate >= '1995-01-01'::date) AND (l_shipdate <= '1996-12-31'::date))
                                             Rows Removed by Index Recheck: 33816
                                             ->  Bitmap Index Scan on lineitem_l_shipdate_idx  (cost=0.00..102.84 rows=18682861 width=0) (actual time=14.463..14.464 rows=871360 loops=1)
                                                   Index Cond: ((l_shipdate >= '1995-01-01'::date) AND (l_shipdate <= '1996-12-31'::date))
                                       ->  Hash  (cost=2205.57..2205.57 rows=23520 width=30) (actual time=84.276..84.277 rows=24059 loops=1)
                                             Buckets: 65536  Batches: 1  Memory Usage: 1969kB
                                             ->  Broadcast Motion 3:3  (slice3; segments: 3)  (cost=1.18..2205.57 rows=23520 width=30) (actual time=0.976..76.517 rows=24059 loops=1)
                                                   ->  Hash Join  (cost=1.18..1891.97 rows=7840 width=30) (actual time=1.059..75.408 rows=8090 loops=1)
                                                         Hash Cond: (supplier.s_nationkey = n1.n_nationkey)
                                                         Extra Text: (seg2)   Hash chain length 1.0 avg, 1 max, using 2 of 65536 buckets.
                                                         ->  Seq Scan on supplier  (cost=0.00..1550.00 rows=100000 width=8) (actual time=0.083..41.863 rows=100172 loops=1)
                                                         ->  Hash  (cost=1.15..1.15 rows=2 width=30) (actual time=0.177..0.178 rows=2 loops=1)
                                                               Buckets: 65536  Batches: 1  Memory Usage: 513kB
                                                               ->  Broadcast Motion 3:3  (slice4; segments: 3)  (cost=0.00..1.15 rows=2 width=30) (actual time=0.006..0.168 rows=2 loops=1)
                                                                     ->  Seq Scan on nation n1  (cost=0.00..1.12 rows=1 width=30) (actual time=0.023..0.027 rows=1 loops=1)
                                                                           Filter: ((n_name = 'GERMANY'::bpchar) OR (n_name = 'KENYA'::bpchar))
                                                                           Rows Removed by Filter: 9
                           ->  Hash  (cost=329120.28..329120.28 rows=1176000 width=34) (actual time=9840.633..9840.635 rows=1201994 loops=1)
                                 Buckets: 131072  Batches: 4  Memory Usage: 20378kB
                                 ->  Hash Join  (cost=38115.06..329120.28 rows=1176000 width=34) (actual time=804.506..9429.562 rows=1201994 loops=1)
                                       Hash Cond: (orders.o_custkey = customer.c_custkey)
                                       Extra Text: (seg0)   Hash chain length 2.9 avg, 12 max, using 122680 of 131072 buckets.
                                       ->  Seq Scan on orders  (cost=0.00..216511.00 rows=15000000 width=12) (actual time=0.235..2588.031 rows=15003291 loops=1)
                                       ->  Hash  (cost=33705.06..33705.06 rows=352800 width=30) (actual time=803.668..803.669 rows=359660 loops=1)
                                             Buckets: 131072  Batches: 1  Memory Usage: 22801kB
                                             ->  Broadcast Motion 3:3  (slice5; segments: 3)  (cost=1.18..33705.06 rows=352800 width=30) (actual time=1.118..696.042 rows=359660 loops=1)
                                                   ->  Hash Join  (cost=1.18..29001.06 rows=117600 width=30) (actual time=0.840..731.178 rows=120067 loops=1)
                                                         Hash Cond: (customer.c_nationkey = n2.n_nationkey)
                                                         Extra Text: (seg2)   Hash chain length 1.0 avg, 1 max, using 2 of 65536 buckets.
                                                         ->  Seq Scan on customer  (cost=0.00..23888.00 rows=1500000 width=8) (actual time=0.081..395.154 rows=1501094 loops=1)
                                                         ->  Hash  (cost=1.15..1.15 rows=2 width=30) (actual time=0.010..0.011 rows=2 loops=1)
                                                               Buckets: 65536  Batches: 1  Memory Usage: 513kB
                                                               ->  Broadcast Motion 3:3  (slice6; segments: 3)  (cost=0.00..1.15 rows=2 width=30) (actual time=0.003..0.005 rows=2 loops=1)
                                                                     ->  Seq Scan on nation n2  (cost=0.00..1.12 rows=1 width=30) (actual time=0.068..0.072 rows=1 loops=1)
                                                                           Filter: ((n_name = 'KENYA'::bpchar) OR (n_name = 'GERMANY'::bpchar))
                                                                           Rows Removed by Filter: 9
 Optimizer: Postgres-based planner
 Planning Time: 10.279 ms
   (slice0)    Executor memory: 179K bytes.
 * (slice1)    Executor memory: 45860K bytes avg x 3 workers, 45860K bytes max (seg0).  Work_mem: 22801K bytes max, 78497K bytes wanted.
   (slice2)    Executor memory: 1399402K bytes avg x 3 workers, 1399914K bytes max (seg1).  Work_mem: 1969K bytes max.
   (slice3)    Executor memory: 574K bytes avg x 3 workers, 574K bytes max (seg0).  Work_mem: 513K bytes max.
   (slice4)    Executor memory: 38K bytes avg x 3 workers, 38K bytes max (seg0).
   (slice5)    Executor memory: 574K bytes avg x 3 workers, 574K bytes max (seg0).  Work_mem: 513K bytes max.
   (slice6)    Executor memory: 38K bytes avg x 3 workers, 38K bytes max (seg0).
 Memory used:  128000kB
 Memory wanted:  551373kB
 Execution Time: 24891.280 ms
(76 rows)

