                                                                                                       QUERY PLAN                                                                                                        
-------------------------------------------------------------------------------------------------------------------------------------------------------------------------------------------------------------------------
 Gather Motion 3:1  (slice1; segments: 3)  (cost=2408370.39..2542091.93 rows=9439167 width=48) (actual time=55096.803..55363.316 rows=340729 loops=1)
   Merge Key: (sum((lineitem.l_extendedprice * ('1'::numeric - lineitem.l_discount)))), orders.o_orderdate
   ->  Sort  (cost=2408370.39..2416236.36 rows=3146389 width=48) (actual time=55090.428..55123.782 rows=114073 loops=1)
         Sort Key: (sum((lineitem.l_extendedprice * ('1'::numeric - lineitem.l_discount)))) DESC, orders.o_orderdate
         Sort Method:  quicksort  Memory: 38499kB
         Executor Memory: 30523kB  Segments: 3  Max: 10206kB (segment 1)
         ->  HashAggregate  (cost=1999886.17..2044593.16 rows=3146389 width=48) (actual time=54922.181..55021.643 rows=114073 loops=1)
               Group Key: lineitem.l_orderkey, orders.o_orderdate, orders.o_shippriority
               Planned Partitions: 8
               Extra Text: (seg0)   hash table(s): 1; chain length 2.1 avg, 5 max; using 113815 of 524288 buckets; total 0 expansions.
 
               ->  Redistribute Motion 3:3  (slice2; segments: 3)  (cost=442760.69..1931181.81 rows=3146389 width=28) (actual time=16467.990..54428.998 rows=301112 loops=1)
                     Hash Key: orders.o_orderdate, lineitem.l_orderkey, orders.o_shippriority
                     ->  Hash Join  (cost=442760.69..1868254.03 rows=3146389 width=28) (actual time=16471.479..54048.462 rows=300335 loops=1)
                           Hash Cond: (lineitem.l_orderkey = orders.o_orderkey)
                           Extra Text: (seg0)   Initial batch 0:
 (seg0)     Wrote 135489K bytes to inner workfile.
 (seg0)     Wrote 1137913K bytes to outer workfile.
 (seg0)   Initial batches 1..7:
 (seg0)     Read 135489K bytes from inner workfile: 19356K avg x 7 nonempty batches, 19406K max.
 (seg0)     Read 1137913K bytes from outer workfile: 162559K avg x 7 nonempty batches, 162797K max.
 (seg0)   Work file set: 7 files (0 compressed), max file size 19857408, min file size 32768, compression buffer size 0 bytes
 (seg0)   Hash chain length 2.4 avg, 13 max, using 1840985 of 2097152 buckets.
                           ->  Seq Scan on lineitem  (cost=0.00..1036185.20 rows=32324342 width=20) (actual time=7190.586..19111.918 rows=32127438 loops=1)
                                 Filter: (l_shipdate > '1995-03-24'::date)
                                 Rows Removed by Filter: 27874522
                           ->  Hash  (cost=382661.02..382661.02 rows=4380213 width=16) (actual time=9163.271..9163.272 rows=4405986 loops=1)
                                 Buckets: 262144  Batches: 8  Memory Usage: 27928kB
                                 ->  Broadcast Motion 3:3  (slice3; segments: 3)  (cost=47488.07..382661.02 rows=4380213 width=16) (actual time=744.704..8171.971 rows=4405986 loops=1)
                                       ->  Hash Join  (cost=47488.07..324258.18 rows=1460071 width=16) (actual time=743.431..8421.195 rows=1469972 loops=1)
                                             Hash Cond: (orders.o_custkey = customer.c_custkey)
                                             Extra Text: (seg0)   Hash chain length 3.6 avg, 15 max, using 253590 of 262144 buckets.
                                             ->  Bitmap Heap Scan on orders  (cost=1875.29..244129.45 rows=7339499 width=20) (actual time=3.582..3612.919 rows=7345733 loops=1)
                                                   Recheck Cond: (o_orderdate < '1995-03-24'::date)
                                                   Rows Removed by Index Recheck: 838
                                                   ->  Bitmap Index Scan on orders_o_orderdate_idx  (cost=0.00..40.42 rows=7341244 width=0) (actual time=3.496..3.496 rows=325760 loops=1)
                                                         Index Cond: (o_orderdate < '1995-03-24'::date)
                                             ->  Hash  (cost=34422.78..34422.78 rows=895200 width=4) (actual time=739.033..739.034 rows=900602 loops=1)
                                                   Buckets: 262144  Batches: 1  Memory Usage: 33710kB
                                                   ->  Broadcast Motion 3:3  (slice4; segments: 3)  (cost=9868.78..34422.78 rows=895200 width=4) (actual time=184.936..541.619 rows=900602 loops=1)
                                                         ->  Bitmap Heap Scan on customer  (cost=9868.78..22486.78 rows=298400 width=4) (actual time=191.067..621.894 rows=300807 loops=1)
                                                               Recheck Cond: (c_mktsegment = 'HOUSEHOLD'::bpchar)
                                                               ->  Bitmap Index Scan on customer_c_mktsegment_c_custkey_idx  (cost=0.00..9794.18 rows=298400 width=0) (actual time=188.550..188.551 rows=300807 loops=1)
                                                                     Index Cond: (c_mktsegment = 'HOUSEHOLD'::bpchar)
 Optimizer: Postgres-based planner
 Planning Time: 14.503 ms
   (slice0)    Executor memory: 12469K bytes.
 * (slice1)    Executor memory: 35395K bytes avg x 3 workers, 35496K bytes max (seg1).  Work_mem: 53265K bytes max, 53265K bytes wanted.
 * (slice2)    Executor memory: 28489K bytes avg x 3 workers, 28489K bytes max (seg0).  Work_mem: 27928K bytes max, 208579K bytes wanted.
   (slice3)    Executor memory: 561366K bytes avg x 3 workers, 561366K bytes max (seg0).  Work_mem: 33710K bytes max.
   (slice4)    Executor memory: 196854K bytes avg x 3 workers, 196854K bytes max (seg0).
 Memory used:  128000kB
 Memory wanted:  1252371kB
 Execution Time: 55418.717 ms
(54 rows)

