CREATE VIEW
                                                                                                                       QUERY PLAN                                                                                                                       
--------------------------------------------------------------------------------------------------------------------------------------------------------------------------------------------------------------------------------------------------------
 Gather Motion 3:1  (slice1; segments: 3)  (cost=1203585.95..1203590.39 rows=313 width=103) (actual time=6873.462..6873.467 rows=1 loops=1)
   Merge Key: supplier.s_suppkey
   InitPlan 1 (returns $0)  (slice3)
     ->  Finalize Aggregate  (cost=1200983.15..1200983.16 rows=1 width=32) (actual time=6915.554..6915.554 rows=1 loops=1)
           ->  Gather Motion 3:1  (slice4; segments: 3)  (cost=1200983.09..1200983.14 rows=3 width=32) (actual time=6904.848..6915.540 rows=3 loops=1)
                 ->  Partial Aggregate  (cost=1200983.09..1200983.10 rows=1 width=32) (actual time=6901.183..6901.184 rows=1 loops=1)
                       ->  Finalize HashAggregate  (cost=1198371.03..1199677.06 rows=104483 width=36) (actual time=6617.871..6900.109 rows=100172 loops=1)
                             Group Key: lineitem_1.l_suppkey
                             Extra Text: (seg0)   hash table(s): 1; 99877 groups total in 4 batches, 629540 spill partitions; disk usage: 14080KB; chain length 2.2 avg, 7 max; using 99877 of 655360 buckets; total 0 expansions.
 
                             ->  Redistribute Motion 3:3  (slice5; segments: 3)  (cost=1185834.39..1196020.41 rows=313416 width=36) (actual time=3743.329..6246.990 rows=300379 loops=1)
                                   Hash Key: lineitem_1.l_suppkey
                                   ->  Partial HashAggregate  (cost=1185834.39..1189752.09 rows=313416 width=36) (actual time=3752.949..6451.033 rows=299862 loops=1)
                                         Group Key: lineitem_1.l_suppkey
                                         Extra Text: (seg0)   hash table(s): 1; 299859 groups total in 20 batches, 7424108 spill partitions; disk usage: 93536KB; chain length 2.1 avg, 5 max; using 299859 of 5505024 buckets; total 0 expansions.
 
                                         ->  Bitmap Heap Scan on lineitem lineitem_1  (cost=636.26..1162170.18 rows=2366421 width=16) (actual time=15.004..1222.622 rows=2295994 loops=1)
                                               Recheck Cond: ((l_shipdate >= '1997-05-01'::date) AND (l_shipdate < '1997-08-01 00:00:00'::timestamp without time zone))
                                               Rows Removed by Index Recheck: 25031
                                               ->  Bitmap Index Scan on lineitem_l_shipdate_idx  (cost=0.00..44.66 rows=2420202 width=0) (actual time=10.907..10.907 rows=110720 loops=1)
                                                     Index Cond: ((l_shipdate >= '1997-05-01'::date) AND (l_shipdate < '1997-08-01 00:00:00'::timestamp without time zone))
   ->  Sort  (cost=1203585.95..1203586.21 rows=104 width=103) (actual time=6872.508..6872.514 rows=1 loops=1)
         Sort Key: supplier.s_suppkey
         Sort Method:  quicksort  Memory: 75kB
         Executor Memory: 177kB  Segments: 3  Max: 59kB (segment 0)
         ->  Hash Join  (cost=1201768.90..1203582.45 rows=104 width=103) (actual time=6842.636..6872.349 rows=1 loops=1)
               Hash Cond: (supplier.s_suppkey = revenue0.supplier_no)
               Extra Text: (seg0)   Hash chain length 1.0 avg, 1 max, using 1 of 65536 buckets.
               ->  Seq Scan on supplier  (cost=0.00..1550.00 rows=100000 width=71) (actual time=0.036..23.207 rows=99877 loops=1)
               ->  Hash  (cost=1201767.60..1201767.60 rows=104 width=36) (actual time=6830.718..6830.719 rows=1 loops=1)
                     Buckets: 65536  Batches: 1  Memory Usage: 513kB
                     ->  Subquery Scan on revenue0  (cost=1199938.10..1201767.60 rows=104 width=36) (actual time=6771.276..6830.713 rows=1 loops=1)
                           ->  Finalize HashAggregate  (cost=1199938.10..1201766.55 rows=104 width=36) (actual time=6771.275..6830.710 rows=1 loops=1)
                                 Group Key: lineitem.l_suppkey
                                 Filter: (sum((lineitem.l_extendedprice * ('1'::numeric - lineitem.l_discount))) = $0)
                                 Rows Removed by Filter: 99876
                                 Extra Text: (seg0)   hash table(s): 1; 99877 groups total in 4 batches, 624524 spill partitions; disk usage: 14048KB; chain length 2.2 avg, 7 max; using 99877 of 655360 buckets; total 0 expansions.
 
                                 ->  Redistribute Motion 3:3  (slice2; segments: 3)  (cost=1185834.39..1196020.41 rows=313416 width=36) (actual time=3682.726..6138.121 rows=300379 loops=1)
                                       Hash Key: lineitem.l_suppkey
                                       ->  Partial HashAggregate  (cost=1185834.39..1189752.09 rows=313416 width=36) (actual time=3711.503..6406.472 rows=299862 loops=1)
                                             Group Key: lineitem.l_suppkey
                                             Extra Text: (seg0)   hash table(s): 1; 299859 groups total in 20 batches, 7424108 spill partitions; disk usage: 93536KB; chain length 2.1 avg, 5 max; using 299859 of 5505024 buckets; total 0 expansions.
 
                                             ->  Bitmap Heap Scan on lineitem  (cost=636.26..1162170.18 rows=2366421 width=16) (actual time=6.545..1176.087 rows=2295994 loops=1)
                                                   Recheck Cond: ((l_shipdate >= '1997-05-01'::date) AND (l_shipdate < '1997-08-01 00:00:00'::timestamp without time zone))
                                                   Rows Removed by Index Recheck: 25031
                                                   ->  Bitmap Index Scan on lineitem_l_shipdate_idx  (cost=0.00..44.66 rows=2420202 width=0) (actual time=4.538..4.539 rows=110720 loops=1)
                                                         Index Cond: ((l_shipdate >= '1997-05-01'::date) AND (l_shipdate < '1997-08-01 00:00:00'::timestamp without time zone))
 Optimizer: Postgres-based planner
 Planning Time: 8.107 ms
   (slice0)    Executor memory: 18643K bytes.
 * (slice1)    Executor memory: 16511K bytes avg x 3 workers, 16526K bytes max (seg2).  Work_mem: 35985K bytes max, 68625K bytes wanted.
 * (slice2)    Executor memory: 196372K bytes avg x 3 workers, 196372K bytes max (seg0).  Work_mem: 30897K bytes max, 137233K bytes wanted.
   (slice3)    Executor memory: 18599K bytes.
 * (slice4)    Executor memory: 15863K bytes avg x 3 workers, 15876K bytes max (seg2).  Work_mem: 35985K bytes max, 68625K bytes wanted.
 * (slice5)    Executor memory: 196372K bytes avg x 3 workers, 196372K bytes max (seg0).  Work_mem: 30897K bytes max, 137233K bytes wanted.
 Memory used:  128000kB
 Memory wanted:  1098956kB
 Execution Time: 13809.803 ms
(60 rows)

DROP VIEW
