                                                                                                             QUERY PLAN                                                                                                             
------------------------------------------------------------------------------------------------------------------------------------------------------------------------------------------------------------------------------------
 Gather Motion 3:1  (slice1; segments: 3)  (cost=443057.71..443058.03 rows=22 width=192) (actual time=12916.968..12930.130 rows=14088 loops=1)
   Merge Key: supplier.s_acctbal, nation.n_name, supplier.s_name, part.p_partkey
   ->  Sort  (cost=443057.71..443057.73 rows=7 width=192) (actual time=12913.735..12915.519 rows=4730 loops=1)
         Sort Key: supplier.s_acctbal DESC, nation.n_name, supplier.s_name, part.p_partkey
         Sort Method:  quicksort  Memory: 4485kB
         Executor Memory: 4179kB  Segments: 3  Max: 1403kB (segment 0)
         ->  Hash Join  (cost=397104.41..443057.61 rows=7 width=192) (actual time=10921.082..12909.305 rows=4730 loops=1)
               Hash Cond: ((partsupp_1.ps_partkey = part.p_partkey) AND ((min(partsupp_1.ps_supplycost)) = partsupp.ps_supplycost))
               Extra Text: (seg0)   Hash chain length 1.2 avg, 4 max, using 5335 of 16384 buckets.
               ->  HashAggregate  (cost=216278.80..234231.93 rows=1600000 width=36) (actual time=6291.313..7914.727 rows=1182996 loops=1)
                     Group Key: partsupp_1.ps_partkey
                     Planned Partitions: 8
                     Extra Text: (seg0)   hash table(s): 1; 1181520 groups total in 40 batches, 11590992 spill partitions; disk usage: 61056KB; chain length 2.3 avg, 9 max; using 1181520 of 10747904 buckets; total 0 expansions.
 
                     ->  Redistribute Motion 3:3  (slice2; segments: 3)  (cost=3634.30..200466.30 rows=1600000 width=10) (actual time=0.080..5536.798 rows=1604737 loops=1)
                           Hash Key: partsupp_1.ps_partkey
                           ->  Hash Join  (cost=3634.30..168466.30 rows=1600000 width=10) (actual time=131.710..5734.000 rows=1605731 loops=1)
                                 Hash Cond: (partsupp_1.ps_suppkey = supplier_1.s_suppkey)
                                 Extra Text: (seg1)   Hash chain length 1.5 avg, 6 max, using 39415 of 65536 buckets.
                                 ->  Seq Scan on partsupp partsupp_1  (cost=0.00..118832.00 rows=8000000 width=14) (actual time=0.498..3336.852 rows=8004645 loops=1)
                                 ->  Hash  (cost=2884.30..2884.30 rows=60000 width=4) (actual time=128.914..128.914 rows=60128 loops=1)
                                       Buckets: 65536  Batches: 1  Memory Usage: 2626kB
                                       ->  Broadcast Motion 3:3  (slice3; segments: 3)  (cost=2.30..2884.30 rows=60000 width=4) (actual time=10.184..111.485 rows=60128 loops=1)
                                             ->  Hash Join  (cost=2.30..2084.30 rows=20000 width=4) (actual time=8.633..117.483 rows=20111 loops=1)
                                                   Hash Cond: (supplier_1.s_nationkey = nation_1.n_nationkey)
                                                   Extra Text: (seg2)   Hash chain length 1.0 avg, 1 max, using 5 of 65536 buckets.
                                                   ->  Seq Scan on supplier supplier_1  (cost=0.00..1507.00 rows=100000 width=8) (actual time=2.339..82.682 rows=100172 loops=1)
                                                   ->  Hash  (cost=2.24..2.24 rows=5 width=4) (actual time=4.331..4.332 rows=5 loops=1)
                                                         Buckets: 65536  Batches: 1  Memory Usage: 513kB
                                                         ->  Broadcast Motion 3:3  (slice4; segments: 3)  (cost=1.05..2.24 rows=5 width=4) (actual time=3.272..4.298 rows=5 loops=1)
                                                               ->  Hash Join  (cost=1.05..2.18 rows=2 width=4) (actual time=4.556..5.351 rows=3 loops=1)
                                                                     Hash Cond: (nation_1.n_regionkey = region_1.r_regionkey)
                                                                     Extra Text: (seg0)   Hash chain length 1.0 avg, 1 max, using 1 of 65536 buckets.
                                                                     ->  Seq Scan on nation nation_1  (cost=0.00..1.08 rows=8 width=8) (actual time=3.343..3.352 rows=10 loops=1)
                                                                     ->  Hash  (cost=1.04..1.04 rows=1 width=4) (actual time=0.159..0.160 rows=1 loops=1)
                                                                           Buckets: 65536  Batches: 1  Memory Usage: 513kB
                                                                           ->  Broadcast Motion 3:3  (slice5; segments: 3)  (cost=0.00..1.04 rows=1 width=4) (actual time=0.013..0.147 rows=1 loops=1)
                                                                                 ->  Seq Scan on region region_1  (cost=0.00..1.02 rows=1 width=4) (actual time=0.756..0.761 rows=1 loops=1)
                                                                                       Filter: (r_name = 'EUROPE'::bpchar)
                                                                                       Rows Removed by Filter: 2
               ->  Hash  (cost=180620.78..180620.78 rows=13655 width=202) (actual time=4627.037..4627.037 rows=6419 loops=1)
                     Buckets: 16384  Batches: 1  Memory Usage: 1630kB
                     ->  Redistribute Motion 3:3  (slice6; segments: 3)  (cost=38074.79..180620.78 rows=13655 width=202) (actual time=195.363..4621.231 rows=6419 loops=1)
                           Hash Key: part.p_partkey
                           ->  Hash Join  (cost=38074.79..180347.67 rows=13655 width=202) (actual time=140.491..4621.650 rows=6449 loops=1)
                                 Hash Cond: (partsupp.ps_suppkey = supplier.s_suppkey)
                                 Extra Text: (seg2)   Hash chain length 1.7 avg, 8 max, using 11580 of 16384 buckets.
                                 ->  Redistribute Motion 3:3  (slice7; segments: 3)  (cost=35740.49..177620.78 rows=68276 width=44) (actual time=2.760..4461.462 rows=32130 loops=1)
                                       Hash Key: partsupp.ps_suppkey
                                       ->  Hash Join  (cost=35740.49..176255.25 rows=68276 width=44) (actual time=80.020..4605.962 rows=31974 loops=1)
                                             Hash Cond: (partsupp.ps_partkey = part.p_partkey)
                                             Extra Text: (seg0)   Hash chain length 1.2 avg, 5 max, using 20104 of 65536 buckets.
                                             ->  Seq Scan on partsupp  (cost=0.00..118832.00 rows=8000000 width=14) (actual time=1.636..3260.550 rows=8004645 loops=1)
                                             ->  Hash  (cost=35100.40..35100.40 rows=51207 width=30) (actual time=76.287..76.288 rows=23957 loops=1)
                                                   Buckets: 65536  Batches: 1  Memory Usage: 1963kB
                                                   ->  Broadcast Motion 3:3  (slice8; segments: 3)  (cost=1153.94..35100.40 rows=51207 width=30) (actual time=18.884..68.641 rows=23957 loops=1)
                                                         ->  Bitmap Heap Scan on part  (cost=1153.94..34417.64 rows=17069 width=30) (actual time=16.280..62.745 rows=8102 loops=1)
                                                               Recheck Cond: (p_size = 1)
                                                               Filter: ((p_type)::text ~~ '%NICKEL'::text)
                                                               Rows Removed by Filter: 31674
                                                               ->  Bitmap Index Scan on part_p_size_idx  (cost=0.00..1149.68 rows=38467 width=0) (actual time=10.018..10.018 rows=40056 loops=1)
                                                                     Index Cond: (p_size = 1)
                                 ->  Hash  (cost=2084.30..2084.30 rows=20000 width=166) (actual time=113.643..113.645 rows=20111 loops=1)
                                       Buckets: 16384  Batches: 1  Memory Usage: 4094kB
                                       ->  Hash Join  (cost=2.30..2084.30 rows=20000 width=166) (actual time=7.182..99.493 rows=20111 loops=1)
                                             Hash Cond: (supplier.s_nationkey = nation.n_nationkey)
                                             Extra Text: (seg2)   Hash chain length 1.0 avg, 1 max, using 5 of 65536 buckets.
                                             ->  Seq Scan on supplier  (cost=0.00..1507.00 rows=100000 width=144) (actual time=2.304..69.939 rows=100172 loops=1)
                                             ->  Hash  (cost=2.24..2.24 rows=5 width=30) (actual time=5.142..5.142 rows=5 loops=1)
                                                   Buckets: 65536  Batches: 1  Memory Usage: 513kB
                                                   ->  Broadcast Motion 3:3  (slice9; segments: 3)  (cost=1.05..2.24 rows=5 width=30) (actual time=4.251..5.121 rows=5 loops=1)
                                                         ->  Hash Join  (cost=1.05..2.18 rows=2 width=30) (actual time=4.549..5.330 rows=3 loops=1)
                                                               Hash Cond: (nation.n_regionkey = region.r_regionkey)
                                                               Extra Text: (seg0)   Hash chain length 1.0 avg, 1 max, using 1 of 65536 buckets.
                                                               ->  Seq Scan on nation  (cost=0.00..1.08 rows=8 width=34) (actual time=2.790..2.798 rows=10 loops=1)
                                                               ->  Hash  (cost=1.04..1.04 rows=1 width=4) (actual time=0.780..0.780 rows=1 loops=1)
                                                                     Buckets: 65536  Batches: 1  Memory Usage: 513kB
                                                                     ->  Broadcast Motion 3:3  (slice10; segments: 3)  (cost=0.00..1.04 rows=1 width=4) (actual time=0.022..0.753 rows=1 loops=1)
                                                                           ->  Seq Scan on region  (cost=0.00..1.02 rows=1 width=4) (actual time=1.878..1.882 rows=1 loops=1)
                                                                                 Filter: (r_name = 'EUROPE'::bpchar)
                                                                                 Rows Removed by Filter: 2
 Optimizer: Postgres-based planner
 Planning Time: 26.120 ms
   (slice0)    Executor memory: 6420K bytes.
 * (slice1)    Executor memory: 14584K bytes avg x 3 workers, 14595K bytes max (seg1).  Work_mem: 22801K bytes max, 190481K bytes wanted.
   (slice2)    Executor memory: 3098K bytes avg x 3 workers, 3098K bytes max (seg0).  Work_mem: 2626K bytes max.
   (slice3)    Executor memory: 751K bytes avg x 3 workers, 751K bytes max (seg0).  Work_mem: 513K bytes max.
   (slice4)    Executor memory: 739K bytes avg x 3 workers, 739K bytes max (seg0).  Work_mem: 513K bytes max.
   (slice5)    Executor memory: 183K bytes avg x 3 workers, 185K bytes max (seg0).
   (slice6)    Executor memory: 4917K bytes avg x 3 workers, 4928K bytes max (seg0).  Work_mem: 4094K bytes max.
   (slice7)    Executor memory: 2232K bytes avg x 3 workers, 2232K bytes max (seg0).  Work_mem: 1963K bytes max.
   (slice8)    Executor memory: 2449K bytes avg x 3 workers, 2449K bytes max (seg0).
   (slice9)    Executor memory: 740K bytes avg x 3 workers, 740K bytes max (seg0).  Work_mem: 513K bytes max.
   (slice10)   Executor memory: 183K bytes avg x 3 workers, 185K bytes max (seg0).
 Memory used:  128000kB
 Memory wanted:  2097980kB
 Execution Time: 12965.485 ms
(97 rows)

