                                                                                                                 QUERY PLAN                                                                                                                 
--------------------------------------------------------------------------------------------------------------------------------------------------------------------------------------------------------------------------------------------
 Gather Motion 3:1  (slice1; segments: 3)  (cost=1472444.28..1472444.35 rows=5 width=24) (actual time=74869.628..74869.638 rows=5 loops=1)
   Merge Key: orders.o_orderpriority
   ->  Sort  (cost=1472444.28..1472444.28 rows=2 width=24) (actual time=74860.277..74860.297 rows=2 loops=1)
         Sort Key: orders.o_orderpriority
         Sort Method:  quicksort  Memory: 75kB
         Executor Memory: 177kB  Segments: 3  Max: 59kB (segment 0)
         ->  Finalize HashAggregate  (cost=1472444.25..1472444.27 rows=2 width=24) (actual time=74860.083..74860.088 rows=2 loops=1)
               Group Key: orders.o_orderpriority
               Extra Text: (seg0)   hash table(s): 1; chain length 1.0 avg, 1 max; using 2 of 4 buckets; total 1 expansions.
 
               ->  Redistribute Motion 3:3  (slice2; segments: 3)  (cost=1472444.08..1472444.23 rows=5 width=24) (actual time=74854.022..74860.055 rows=6 loops=1)
                     Hash Key: orders.o_orderpriority
                     ->  Partial HashAggregate  (cost=1472444.08..1472444.13 rows=5 width=24) (actual time=74852.795..74852.798 rows=5 loops=1)
                           Group Key: orders.o_orderpriority
                           Extra Text: (seg0)   hash table(s): 1; chain length 1.0 avg, 1 max; using 5 of 8 buckets; total 0 expansions.
 
                           ->  HashAggregate  (cost=1468189.53..1471025.90 rows=283636 width=16) (actual time=74087.155..74683.838 rows=520892 loops=1)
                                 Group Key: (RowIdExpr)
                                 Extra Text: (seg0)   hash table(s): 1; 519250 groups total in 4 batches, 3221964 spill partitions; disk usage: 44704KB; chain length 2.6 avg, 14 max; using 519250 of 2621440 buckets; total 1 expansions.
 
                                 ->  Redistribute Motion 3:3  (slice3; segments: 3)  (cost=330118.63..1467480.44 rows=283636 width=16) (actual time=45663.001..73171.925 rows=1434923 loops=1)
                                       Hash Key: (RowIdExpr)
                                       ->  Hash Join  (cost=330118.63..1461807.72 rows=283636 width=16) (actual time=45252.676..73402.058 rows=1434573 loops=1)
                                             Hash Cond: (lineitem.l_orderkey = orders.o_orderkey)
                                             Extra Text: (seg0)   Initial batch 0:
 (seg0)     Wrote 43143K bytes to inner workfile.
 (seg0)     Wrote 518481K bytes to outer workfile.
 (seg0)   Initial batch 1:
 (seg0)     Read 43143K bytes from inner workfile.
 (seg0)     Read 518481K bytes from outer workfile.
 (seg0)   Work file set: 1 files (0 compressed), max file size 44171264, min file size 32768, compression buffer size 0 bytes
 (seg0)   Hash chain length 3.4 avg, 14 max, using 503718 of 524288 buckets.
                                             ->  Seq Scan on lineitem  (cost=0.00..1034421.20 rows=19999819 width=8) (actual time=1.651..40091.880 rows=37938467 loops=1)
                                                   Filter: (l_commitdate < l_receiptdate)
                                                   Rows Removed by Filter: 22064843
                                             ->  Hash  (cost=309368.97..309368.97 rows=1659973 width=24) (actual time=7035.609..7035.609 rows=1701175 loops=1)
                                                   Buckets: 262144  Batches: 2  Memory Usage: 55273kB
                                                   ->  Broadcast Motion 3:3  (slice4; segments: 3)  (cost=0.00..309368.97 rows=1659973 width=24) (actual time=4388.263..6640.131 rows=1701175 loops=1)
                                                         ->  Seq Scan on orders  (cost=0.00..287236.00 rows=553324 width=24) (actual time=4401.376..6489.409 rows=567512 loops=1)
                                                               Filter: ((o_orderdate >= '1996-09-01'::date) AND (o_orderdate < '1996-12-01 00:00:00'::timestamp without time zone))
                                                               Rows Removed by Filter: 14435779
 Optimizer: Postgres-based planner
 Planning Time: 11.973 ms
   (slice0)    Executor memory: 6239K bytes.
 * (slice1)    Executor memory: 59K bytes avg x 3 workers, 59K bytes max (seg0).  Work_mem: 59K bytes max, 24K bytes wanted.
 * (slice2)    Executor memory: 29895K bytes avg x 3 workers, 29987K bytes max (seg1).  Work_mem: 32913K bytes max, 65553K bytes wanted.
 * (slice3)    Executor memory: 55634K bytes avg x 3 workers, 55634K bytes max (seg0).  Work_mem: 55273K bytes max, 108372K bytes wanted.
   (slice4)    Executor memory: 199K bytes avg x 3 workers, 199K bytes max (seg0).
 Memory used:  128000kB
 Memory wanted:  542557kB
 Execution Time: 74929.561 ms
(51 rows)

