                                                                                                  QUERY PLAN                                                                                                   
---------------------------------------------------------------------------------------------------------------------------------------------------------------------------------------------------------------
 Gather Motion 3:1  (slice1; segments: 3)  (cost=199577.38..199577.69 rows=22 width=44) (actual time=24139.020..24166.205 rows=27840 loops=1)
   Merge Key: (count(DISTINCT partsupp.ps_suppkey)), part.p_brand, part.p_type, part.p_size
   ->  Sort  (cost=199577.38..199577.40 rows=7 width=44) (actual time=24137.932..24140.254 rows=9382 loops=1)
         Sort Key: (count(DISTINCT partsupp.ps_suppkey)) DESC, part.p_brand, part.p_type, part.p_size
         Sort Method:  quicksort  Memory: 3570kB
         Executor Memory: 2935kB  Segments: 3  Max: 985kB (segment 0)
         ->  GroupAggregate  (cost=199577.11..199577.27 rows=7 width=44) (actual time=22748.372..24115.026 rows=9382 loops=1)
               Group Key: part.p_brand, part.p_type, part.p_size
               ->  Sort  (cost=199577.11..199577.13 rows=7 width=40) (actual time=22748.252..23438.358 rows=1199737 loops=1)
                     Sort Key: part.p_brand, part.p_type, part.p_size
                     Sort Method:  external merge  Disk: 181344kB
                     Executor Memory: 127643kB  Segments: 3  Max: 42548kB (segment 0)
                     ->  Redistribute Motion 3:3  (slice2; segments: 3)  (cost=138844.07..199577.00 rows=7 width=40) (actual time=10230.342..19542.593 rows=1199737 loops=1)
                           Hash Key: part.p_brand, part.p_type, part.p_size
                           ->  Hash Join  (cost=138844.07..199576.86 rows=7 width=40) (actual time=10228.089..14433.704 rows=1187209 loops=1)
                                 Hash Cond: (part.p_partkey = partsupp.ps_partkey)
                                 Extra Text: (seg2)   Initial batch 0:
 (seg2)     Wrote 191357K bytes to inner workfile.
 (seg2)     Wrote 15724K bytes to outer workfile.
 (seg2)   Overflow batches 1..7:
 (seg2)     Read 264372K bytes from inner workfile: 37768K avg x 7 nonempty batches, 69029K max.
 (seg2)     Wrote 73016K bytes to inner workfile: 24339K avg x 3 overflowing batches, 41722K max.
 (seg2)     Read 15724K bytes from outer workfile: 2247K avg x 7 nonempty batches, 2267K max.
 (seg2)   Work file set: 7 files (0 compressed), max file size 70680576, min file size 32768, compression buffer size 0 bytes
 (seg2)   Hash chain length 5.0 avg, 28 max, using 1592080 of 4194304 buckets.
                                 ->  Seq Scan on part  (cost=0.00..59553.00 rows=314591 width=40) (actual time=44.798..1177.829 rows=296961 loops=1)
                                       Filter: ((p_brand <> 'Brand#55'::bpchar) AND ((p_type)::text !~~ 'LARGE ANODIZED%'::text) AND (p_size = ANY ('{3,45,14,32,41,8,21,15}'::integer[])))
                                       Rows Removed by Filter: 1702478
                                 ->  Hash  (cost=138843.97..138843.97 rows=8 width=8) (actual time=10182.435..10182.436 rows=8000358 loops=1)
                                       Buckets: 524288 (originally 262144)  Batches: 8 (originally 1)  Memory Usage: 59755kB
                                       ->  Redistribute Motion 3:3  (slice3; segments: 3)  (cost=9.57..138843.97 rows=8 width=8) (actual time=5.412..8121.270 rows=8000358 loops=1)
                                             Hash Key: partsupp.ps_partkey
                                             ->  Hash Left Anti Semi (Not-In) Join  (cost=9.57..138843.80 rows=8 width=8) (actual time=5.387..6451.132 rows=8000604 loops=1)
                                                   Hash Cond: (partsupp.ps_suppkey = supplier.s_suppkey)
                                                   Extra Text: (seg1)   Hash chain length 1.0 avg, 1 max, using 155 of 262144 buckets.
                                                   ->  Seq Scan on partsupp  (cost=0.00..118832.00 rows=8000000 width=8) (actual time=0.487..3692.134 rows=8004645 loops=1)
                                                   ->  Hash  (cost=9.20..9.20 rows=30 width=4) (actual time=3.869..3.870 rows=155 loops=1)
                                                         Buckets: 262144  Batches: 1  Memory Usage: 2054kB
                                                         ->  Broadcast Motion 3:3  (slice4; segments: 3)  (cost=0.14..9.20 rows=30 width=4) (actual time=3.046..3.820 rows=155 loops=1)
                                                               ->  Index Only Scan using supplier_s_suppkey_idx_like on supplier  (cost=0.14..8.80 rows=10 width=4) (actual time=4.766..4.827 rows=60 loops=1)
                                                                     Heap Fetches: 0
 Optimizer: Postgres-based planner
 Planning Time: 5.700 ms
   (slice0)    Executor memory: 112K bytes.
 * (slice1)    Executor memory: 43526K bytes avg x 3 workers, 43532K bytes max (seg0).  Work_mem: 42548K bytes max, 152255K bytes wanted.
 * (slice2)    Executor memory: 64129K bytes avg x 3 workers, 64134K bytes max (seg1).  Work_mem: 59755K bytes max, 316610K bytes wanted.
   (slice3)    Executor memory: 2288K bytes avg x 3 workers, 2288K bytes max (seg0).  Work_mem: 2054K bytes max.
   (slice4)    Executor memory: 170K bytes avg x 3 workers, 170K bytes max (seg0).
 Memory used:  128000kB
 Memory wanted:  1583949kB
 Execution Time: 24187.151 ms
(51 rows)

