                                                                                                          QUERY PLAN                                                                                                          
------------------------------------------------------------------------------------------------------------------------------------------------------------------------------------------------------------------------------
 Gather Motion 3:1  (slice1; segments: 3)  (cost=1861606.94..1861613.24 rows=244 width=66) (actual time=119110.782..119110.855 rows=175 loops=1)
   Merge Key: nation.n_name, (date_part('year'::text, (orders.o_orderdate)::timestamp without time zone))
   ->  GroupAggregate  (cost=1861606.94..1861609.99 rows=81 width=66) (actual time=113180.654..119109.566 rows=65 loops=1)
         Group Key: nation.n_name, (date_part('year'::text, (orders.o_orderdate)::timestamp without time zone))
         ->  Sort  (cost=1861606.94..1861607.14 rows=81 width=57) (actual time=113121.543..114431.454 rows=3556531 loops=1)
               Sort Key: nation.n_name, (date_part('year'::text, (orders.o_orderdate)::timestamp without time zone)) DESC
               Sort Method:  external merge  Disk: 724128kB
               Executor Memory: 92855kB  Segments: 3  Max: 31291kB (segment 0)
               ->  Redistribute Motion 3:3  (slice2; segments: 3)  (cost=1593111.83..1861604.36 rows=81 width=57) (actual time=81876.352..109030.476 rows=3556531 loops=1)
                     Hash Key: nation.n_name, (date_part('year'::text, (orders.o_orderdate)::timestamp without time zone))
                     ->  Hash Join  (cost=1593111.83..1861602.73 rows=81 width=57) (actual time=81875.155..101965.000 rows=3284897 loops=1)
                           Hash Cond: (supplier.s_nationkey = nation.n_nationkey)
                           Extra Text: (seg2)   Hash chain length 1.0 avg, 1 max, using 25 of 65536 buckets.
                           ->  Hash Join  (cost=1593110.10..1861599.57 rows=81 width=31) (actual time=81872.980..99377.627 rows=3284897 loops=1)
                                 Hash Cond: (lineitem.l_suppkey = supplier.s_suppkey)
                                 Extra Text: (seg2)   Hash chain length 1.4 avg, 8 max, using 70028 of 131072 buckets.
                                 ->  Redistribute Motion 3:3  (slice3; segments: 3)  (cost=1590353.10..1858841.54 rows=81 width=35) (actual time=81758.484..96371.294 rows=3284897 loops=1)
                                       Hash Key: lineitem.l_suppkey
                                       ->  Hash Join  (cost=1590353.10..1858839.92 rows=81 width=35) (actual time=81852.329..102692.114 rows=3271675 loops=1)
                                             Hash Cond: (orders.o_orderkey = lineitem.l_orderkey)
                                             Extra Text: (seg2)   Initial batch 0:
 (seg2)     Wrote 191715K bytes to inner workfile.
 (seg2)     Wrote 494325K bytes to outer workfile.
 (seg2)   Overflow batches 1..15:
 (seg2)     Read 281579K bytes from inner workfile: 18772K avg x 15 nonempty batches, 43674K max.
 (seg2)     Wrote 89865K bytes to inner workfile: 12838K avg x 7 overflowing batches, 30883K max.
 (seg2)     Read 494325K bytes from outer workfile: 32955K avg x 15 nonempty batches, 33032K max.
 (seg2)   Work file set: 15 files (0 compressed), max file size 44695552, min file size 32768, compression buffer size 0 bytes
 (seg2)   Hash chain length 2.1 avg, 14 max, using 1581146 of 2097152 buckets.
                                             ->  Seq Scan on orders  (cost=0.00..212236.00 rows=15000000 width=12) (actual time=0.602..7139.000 rows=15003291 loops=1)
                                             ->  Hash  (cost=1590352.09..1590352.09 rows=81 width=39) (actual time=81850.875..81850.876 rows=3271675 loops=1)
                                                   Buckets: 131072 (originally 65536)  Batches: 16 (originally 1)  Memory Usage: 24417kB
                                                   ->  Redistribute Motion 3:3  (slice4; segments: 3)  (cost=298807.57..1590352.09 rows=81 width=39) (actual time=5705.576..80651.256 rows=3271675 loops=1)
                                                         Hash Key: lineitem.l_orderkey
                                                         ->  Hash Join  (cost=298807.57..1590350.46 rows=81 width=39) (actual time=5636.640..79572.980 rows=3279696 loops=1)
                                                               Hash Cond: ((lineitem.l_suppkey = partsupp.ps_suppkey) AND (lineitem.l_partkey = partsupp.ps_partkey))
                                                               Extra Text: (seg1)   Initial batch 0:
 (seg1)     Wrote 263805K bytes to inner workfile.
 (seg1)     Wrote 180191K bytes to outer workfile.
 (seg1)   Initial batches 1..15:
 (seg1)     Read 263805K bytes from inner workfile: 17587K avg x 15 nonempty batches, 17616K max.
 (seg1)     Read 180191K bytes from outer workfile: 12013K avg x 15 nonempty batches, 12167K max.
 (seg1)   Work file set: 15 files (0 compressed), max file size 18022400, min file size 32768, compression buffer size 0 bytes
 (seg1)   Hash chain length 3.9 avg, 17 max, using 2051131 of 2097152 buckets.
                                                               ->  Redistribute Motion 3:3  (slice5; segments: 3)  (cost=50209.57..1275117.00 rows=6060551 width=37) (actual time=0.039..67260.639 rows=3279696 loops=1)
                                                                     Hash Key: lineitem.l_partkey, lineitem.l_suppkey
                                                                     ->  Hash Join  (cost=50209.57..1153905.98 rows=6060551 width=37) (actual time=1321.736..68010.081 rows=3273928 loops=1)
                                                                           Hash Cond: (lineitem.l_partkey = part.p_partkey)
                                                                           Extra Text: (seg0)   Hash chain length 2.7 avg, 12 max, using 120167 of 131072 buckets.
                                                                           ->  Seq Scan on lineitem  (cost=0.00..884422.56 rows=59999456 width=33) (actual time=0.511..40472.751 rows=60003310 loops=1)
                                                                           ->  Hash  (cost=42633.81..42633.81 rows=606061 width=4) (actual time=1320.221..1320.222 rows=327282 loops=1)
                                                                                 Buckets: 131072  Batches: 1  Memory Usage: 12531kB
                                                                                 ->  Broadcast Motion 3:3  (slice6; segments: 3)  (cost=0.00..42633.81 rows=606061 width=4) (actual time=5.071..1216.259 rows=327282 loops=1)
                                                                                       ->  Seq Scan on part  (cost=0.00..34553.00 rows=202020 width=4) (actual time=0.688..1256.010 rows=109230 loops=1)
                                                                                             Filter: ((p_name)::text ~~ '%navajo%'::text)
                                                                                             Rows Removed by Filter: 1890204
                                                               ->  Hash  (cost=118832.00..118832.00 rows=8000000 width=14) (actual time=5635.561..5635.563 rows=8004645 loops=1)
                                                                     Buckets: 131072  Batches: 16  Memory Usage: 24503kB
                                                                     ->  Seq Scan on partsupp  (cost=0.00..118832.00 rows=8000000 width=14) (actual time=0.501..3201.440 rows=8004645 loops=1)
                                 ->  Hash  (cost=1507.00..1507.00 rows=100000 width=8) (actual time=114.128..114.129 rows=100172 loops=1)
                                       Buckets: 131072  Batches: 1  Memory Usage: 4937kB
                                       ->  Seq Scan on supplier  (cost=0.00..1507.00 rows=100000 width=8) (actual time=0.683..71.717 rows=100172 loops=1)
                           ->  Hash  (cost=1.42..1.42 rows=25 width=30) (actual time=0.196..0.197 rows=25 loops=1)
                                 Buckets: 65536  Batches: 1  Memory Usage: 514kB
                                 ->  Broadcast Motion 3:3  (slice7; segments: 3)  (cost=0.00..1.42 rows=25 width=30) (actual time=0.008..0.178 rows=25 loops=1)
                                       ->  Seq Scan on nation  (cost=0.00..1.08 rows=8 width=30) (actual time=0.591..0.599 rows=10 loops=1)
 Optimizer: Postgres-based planner
 Planning Time: 13.882 ms
   (slice0)    Executor memory: 174K bytes.
 * (slice1)    Executor memory: 31003K bytes avg x 3 workers, 31342K bytes max (seg0).  Work_mem: 31291K bytes max, 626228K bytes wanted.
   (slice2)    Executor memory: 5702K bytes avg x 3 workers, 5713K bytes max (seg2).  Work_mem: 4937K bytes max.
 * (slice3)    Executor memory: 27130K bytes avg x 3 workers, 27133K bytes max (seg1).  Work_mem: 24417K bytes max, 243844K bytes wanted.
 * (slice4)    Executor memory: 25728K bytes avg x 3 workers, 25754K bytes max (seg2).  Work_mem: 24503K bytes max, 376242K bytes wanted.
   (slice5)    Executor memory: 14065K bytes avg x 3 workers, 14065K bytes max (seg0).  Work_mem: 12531K bytes max.
   (slice6)    Executor memory: 198K bytes avg x 3 workers, 198K bytes max (seg0).
   (slice7)    Executor memory: 184K bytes avg x 3 workers, 184K bytes max (seg0).
 Memory used:  128000kB
 Memory wanted:  3759262kB
 Execution Time: 119166.598 ms
(79 rows)

