                                                                                    QUERY PLAN                                                                                     
-----------------------------------------------------------------------------------------------------------------------------------------------------------------------------------
 Finalize Aggregate  (cost=1268255.41..1268255.43 rows=1 width=32) (actual time=38380.540..38380.542 rows=1 loops=1)
   ->  Gather Motion 3:1  (slice1; segments: 3)  (cost=1268255.33..1268255.38 rows=3 width=64) (actual time=38342.713..38380.506 rows=3 loops=1)
         ->  Partial Aggregate  (cost=1268255.33..1268255.34 rows=1 width=64) (actual time=38339.062..38339.065 rows=1 loops=1)
               ->  Hash Join  (cost=1209011.96..1255013.41 rows=756681 width=33) (actual time=35647.934..37702.523 rows=748754 loops=1)
                     Hash Cond: (part.p_partkey = lineitem.l_partkey)
                     Extra Text: (seg0)   Hash chain length 2.1 avg, 12 max, using 364720 of 524288 buckets.
                     ->  Seq Scan on part  (cost=0.00..29553.00 rows=2000000 width=25) (actual time=1.011..1056.263 rows=2001127 loops=1)
                     ->  Hash  (cost=1199553.45..1199553.45 rows=756681 width=16) (actual time=35645.651..35645.651 rows=748754 loops=1)
                           Buckets: 524288  Batches: 1  Memory Usage: 41395kB
                           ->  Redistribute Motion 3:3  (slice2; segments: 3)  (cost=0.00..1199553.45 rows=756681 width=16) (actual time=21401.846..35454.666 rows=748754 loops=1)
                                 Hash Key: lineitem.l_partkey
                                 ->  Seq Scan on lineitem  (cost=0.00..1184419.84 rows=756681 width=16) (actual time=19757.066..35122.988 rows=748419 loops=1)
                                       Filter: ((l_shipdate >= '1996-04-01'::date) AND (l_shipdate < '1996-05-01 00:00:00'::timestamp without time zone))
                                       Rows Removed by Filter: 59254891
 Optimizer: Postgres-based planner
 Planning Time: 5.187 ms
   (slice0)    Executor memory: 60K bytes.
   (slice1)    Executor memory: 43859K bytes avg x 3 workers, 43901K bytes max (seg0).  Work_mem: 41395K bytes max.
   (slice2)    Executor memory: 207K bytes avg x 3 workers, 207K bytes max (seg0).
 Memory used:  128000kB
 Execution Time: 38386.608 ms
(21 rows)

