                                                                                                                                                                                                                                                                                                                                                                           QUERY PLAN                                                                                                                                                                                                                                                                                                                                                                           
----------------------------------------------------------------------------------------------------------------------------------------------------------------------------------------------------------------------------------------------------------------------------------------------------------------------------------------------------------------------------------------------------------------------------------------------------------------------------------------------------------------------------------------------------------------------------------------------------------------------------------------------------------------------------------------------------------------------------------------------------------------
 Finalize Aggregate  (cost=2148417.93..2148417.94 rows=1 width=32) (actual time=42408.460..42408.464 rows=1 loops=1)
   ->  Gather Motion 3:1  (slice1; segments: 3)  (cost=2148417.87..2148417.92 rows=3 width=32) (actual time=42131.063..42408.426 rows=3 loops=1)
         ->  Partial Aggregate  (cost=2148417.87..2148417.88 rows=1 width=32) (actual time=42129.041..42129.042 rows=1 loops=1)
               ->  Hash Join  (cost=54980.00..2148391.80 rows=3475 width=12) (actual time=278.513..42124.761 rows=1190 loops=1)
                     Hash Cond: (lineitem.l_partkey = part.p_partkey)
                     Join Filter: (((part.p_brand = 'Brand#15'::bpchar) AND (part.p_container = ANY ('{"SM CASE","SM BOX","SM PACK","SM PKG"}'::bpchar[])) AND (lineitem.l_quantity >= '4'::numeric) AND (lineitem.l_quantity <= '14'::numeric) AND (part.p_size <= 5)) OR ((part.p_brand = 'Brand#24'::bpchar) AND (part.p_container = ANY ('{"MED BAG","MED BOX","MED PKG","MED PACK"}'::bpchar[])) AND (lineitem.l_quantity >= '11'::numeric) AND (lineitem.l_quantity <= '21'::numeric) AND (part.p_size <= 10)) OR ((part.p_brand = 'Brand#51'::bpchar) AND (part.p_container = ANY ('{"LG CASE","LG BOX","LG PACK","LG PKG"}'::bpchar[])) AND (lineitem.l_quantity >= '22'::numeric) AND (lineitem.l_quantity <= '32'::numeric) AND (part.p_size <= 15)))
                     Rows Removed by Join Filter: 1879
                     Extra Text: (seg0)   Hash chain length 1.2 avg, 6 max, using 11840 of 32768 buckets.
                     ->  Seq Scan on lineitem  (cost=0.00..2084411.68 rows=3415383 width=21) (actual time=0.856..41505.924 rows=1243519 loops=1)
                           Filter: ((l_shipmode = ANY ('{AIR,"AIR REG"}'::bpchar[])) AND (l_shipinstruct = 'DELIVER IN PERSON'::bpchar) AND (((l_quantity >= '4'::numeric) AND (l_quantity <= '14'::numeric)) OR ((l_quantity >= '11'::numeric) AND (l_quantity <= '21'::numeric)) OR ((l_quantity >= '22'::numeric) AND (l_quantity <= '32'::numeric))))
                           Rows Removed by Filter: 58759791
                     ->  Hash  (cost=54797.15..54797.15 rows=14628 width=30) (actual time=234.266..234.266 rows=14602 loops=1)
                           Buckets: 32768  Batches: 1  Memory Usage: 1169kB
                           ->  Broadcast Motion 3:3  (slice2; segments: 3)  (cost=46285.03..54797.15 rows=14628 width=30) (actual time=174.404..228.600 rows=14602 loops=1)
                                 ->  Bitmap Heap Scan on part  (cost=46285.03..54602.11 rows=4876 width=30) (actual time=172.018..227.310 rows=4917 loops=1)
                                       Recheck Cond: (((p_container = ANY ('{"SM CASE","SM BOX","SM PACK","SM PKG"}'::bpchar[])) AND (p_brand = 'Brand#15'::bpchar) AND (p_size <= 5) AND (p_size >= 1)) OR ((p_container = ANY ('{"MED BAG","MED BOX","MED PKG","MED PACK"}'::bpchar[])) AND (p_brand = 'Brand#24'::bpchar) AND (p_size <= 10) AND (p_size >= 1)) OR ((p_container = ANY ('{"LG CASE","LG BOX","LG PACK","LG PKG"}'::bpchar[])) AND (p_brand = 'Brand#51'::bpchar) AND (p_size <= 15) AND (p_size >= 1)))
                                       ->  BitmapOr  (cost=46285.03..46285.03 rows=4880 width=0) (actual time=169.579..169.582 rows=1 loops=1)
                                             ->  BitmapAnd  (cost=8004.18..8004.18 rows=792 width=0) (actual time=36.075..36.076 rows=1 loops=1)
                                                   ->  Bitmap Index Scan on part_p_container_p_brand_p_partkey_idx  (cost=0.00..361.31 rows=7754 width=0) (actual time=5.784..5.784 rows=8071 loops=1)
                                                         Index Cond: ((p_container = ANY ('{"SM CASE","SM BOX","SM PACK","SM PKG"}'::bpchar[])) AND (p_brand = 'Brand#15'::bpchar))
                                                   ->  Bitmap Index Scan on part_p_size_idx  (cost=0.00..7640.18 rows=204400 width=0) (actual time=29.240..29.241 rows=200180 loops=1)
                                                         Index Cond: ((p_size <= 5) AND (p_size >= 1))
                                             ->  BitmapAnd  (cost=15369.22..15369.22 rows=1601 width=0) (actual time=55.699..55.700 rows=1 loops=1)
                                                   ->  Bitmap Index Scan on part_p_container_p_brand_p_partkey_idx  (cost=0.00..384.35 rows=7987 width=0) (actual time=6.319..6.319 rows=8048 loops=1)
                                                         Index Cond: ((p_container = ANY ('{"MED BAG","MED BOX","MED PKG","MED PACK"}'::bpchar[])) AND (p_brand = 'Brand#24'::bpchar))
                                                   ->  Bitmap Index Scan on part_p_size_idx  (cost=0.00..14982.18 rows=400867 width=0) (actual time=50.099..50.099 rows=400403 loops=1)
                                                         Index Cond: ((p_size <= 10) AND (p_size >= 1))
                                             ->  BitmapAnd  (cost=22911.14..22911.14 rows=2486 width=0) (actual time=76.782..76.783 rows=1 loops=1)
                                                   ->  Bitmap Index Scan on part_p_container_p_brand_p_partkey_idx  (cost=0.00..392.27 rows=8252 width=0) (actual time=5.076..5.076 rows=8197 loops=1)
                                                         Index Cond: ((p_container = ANY ('{"LG CASE","LG BOX","LG PACK","LG PKG"}'::bpchar[])) AND (p_brand = 'Brand#51'::bpchar))
                                                   ->  Bitmap Index Scan on part_p_size_idx  (cost=0.00..22516.18 rows=602533 width=0) (actual time=74.754..74.754 rows=601016 loops=1)
                                                         Index Cond: ((p_size <= 15) AND (p_size >= 1))
 Optimizer: Postgres-based planner
 Planning Time: 13.400 ms
   (slice0)    Executor memory: 317K bytes.
   (slice1)    Executor memory: 1413K bytes avg x 3 workers, 1413K bytes max (seg0).  Work_mem: 1169K bytes max.
   (slice2)    Executor memory: 6407K bytes avg x 3 workers, 6407K bytes max (seg0).
 Memory used:  128000kB
 Execution Time: 42416.679 ms
(39 rows)

