                                                                                                        QUERY PLAN                                                                                                        
--------------------------------------------------------------------------------------------------------------------------------------------------------------------------------------------------------------------------
 Gather Motion 3:1  (slice1; segments: 3)  (cost=2416816.16..2550537.70 rows=9439167 width=48) (actual time=83473.552..83716.848 rows=340729 loops=1)
   Merge Key: (sum((lineitem.l_extendedprice * ('1'::numeric - lineitem.l_discount)))), orders.o_orderdate
   ->  Sort  (cost=2416816.16..2424682.13 rows=3146389 width=48) (actual time=83468.459..83491.328 rows=114073 loops=1)
         Sort Key: (sum((lineitem.l_extendedprice * ('1'::numeric - lineitem.l_discount)))) DESC, orders.o_orderdate
         Sort Method:  quicksort  Memory: 38499kB
         Executor Memory: 30523kB  Segments: 3  Max: 10206kB (segment 1)
         ->  HashAggregate  (cost=2008331.93..2053038.93 rows=3146389 width=48) (actual time=83165.294..83402.892 rows=114073 loops=1)
               Group Key: lineitem.l_orderkey, orders.o_orderdate, orders.o_shippriority
               Planned Partitions: 16
               Extra Text: (seg0)   hash table(s): 1; 113815 groups total in 16 batches, 1489232 spill partitions; disk usage: 11808KB; chain length 2.2 avg, 6 max; using 113815 of 4456448 buckets; total 0 expansions.
 
               ->  Redistribute Motion 3:3  (slice2; segments: 3)  (cost=452970.46..1939627.58 rows=3146389 width=28) (actual time=30366.275..82742.232 rows=301112 loops=1)
                     Hash Key: orders.o_orderdate, lineitem.l_orderkey, orders.o_shippriority
                     ->  Hash Join  (cost=452970.46..1876699.79 rows=3146389 width=28) (actual time=30356.307..82723.954 rows=300335 loops=1)
                           Hash Cond: (lineitem.l_orderkey = orders.o_orderkey)
                           Extra Text: (seg0)   Initial batch 0:
 (seg0)     Wrote 116084K bytes to inner workfile.
 (seg0)     Wrote 975116K bytes to outer workfile.
 (seg0)   Initial batches 1..3:
 (seg0)     Read 116084K bytes from inner workfile: 38695K avg x 3 nonempty batches, 38709K max.
 (seg0)     Read 975116K bytes from outer workfile: 325039K avg x 3 nonempty batches, 325251K max.
 (seg0)   Work file set: 3 files (0 compressed), max file size 39616512, min file size 32768, compression buffer size 0 bytes
 (seg0)   Hash chain length 4.3 avg, 17 max, using 1033180 of 1048576 buckets.
                           ->  Seq Scan on lineitem  (cost=0.00..1034421.20 rows=32324342 width=20) (actual time=15489.520..37493.431 rows=32127438 loops=1)
                                 Filter: (l_shipdate > '1995-03-24'::date)
                                 Rows Removed by Filter: 27874522
                           ->  Hash  (cost=392870.79..392870.79 rows=4380213 width=16) (actual time=14614.965..14614.966 rows=4405986 loops=1)
                                 Buckets: 262144  Batches: 4  Memory Usage: 53801kB
                                 ->  Broadcast Motion 3:3  (slice3; segments: 3)  (cost=50216.00..392870.79 rows=4380213 width=16) (actual time=1010.432..13306.664 rows=4405986 loops=1)
                                       ->  Hash Join  (cost=50216.00..334467.95 rows=1460071 width=16) (actual time=1009.898..13644.793 rows=1469972 loops=1)
                                             Hash Cond: (orders.o_custkey = customer.c_custkey)
                                             Extra Text: (seg0)   Hash chain length 3.6 avg, 15 max, using 253590 of 262144 buckets.
                                             ->  Seq Scan on orders  (cost=0.00..249736.00 rows=7339499 width=20) (actual time=0.581..7667.956 rows=7345733 loops=1)
                                                   Filter: (o_orderdate < '1995-03-24'::date)
                                                   Rows Removed by Filter: 7657558
                                             ->  Hash  (cost=39026.00..39026.00 rows=895200 width=4) (actual time=1007.571..1007.572 rows=900602 loops=1)
                                                   Buckets: 262144  Batches: 1  Memory Usage: 33710kB
                                                   ->  Broadcast Motion 3:3  (slice4; segments: 3)  (cost=0.00..39026.00 rows=895200 width=4) (actual time=0.159..783.022 rows=900602 loops=1)
                                                         ->  Seq Scan on customer  (cost=0.00..27090.00 rows=298400 width=4) (actual time=0.651..848.577 rows=300807 loops=1)
                                                               Filter: (c_mktsegment = 'HOUSEHOLD'::bpchar)
                                                               Rows Removed by Filter: 1198894
 Optimizer: Postgres-based planner
 Planning Time: 12.928 ms
   (slice0)    Executor memory: 6276K bytes.
 * (slice1)    Executor memory: 22319K bytes avg x 3 workers, 22319K bytes max (seg0).  Work_mem: 33297K bytes max, 49169K bytes wanted.
 * (slice2)    Executor memory: 54329K bytes avg x 3 workers, 54329K bytes max (seg0).  Work_mem: 53801K bytes max, 208579K bytes wanted.
   (slice3)    Executor memory: 37499K bytes avg x 3 workers, 37499K bytes max (seg0).  Work_mem: 33710K bytes max.
   (slice4)    Executor memory: 197K bytes avg x 3 workers, 197K bytes max (seg0).
 Memory used:  128000kB
 Memory wanted:  835214kB
 Execution Time: 83749.595 ms
(51 rows)

