                                                                                                                 QUERY PLAN                                                                                                                 
--------------------------------------------------------------------------------------------------------------------------------------------------------------------------------------------------------------------------------------------
 Finalize GroupAggregate  (cost=1417631.62..1418440.81 rows=2405 width=40) (actual time=59533.936..59533.952 rows=2 loops=1)
   Group Key: (date_part('year'::text, (orders.o_orderdate)::timestamp without time zone))
   ->  Gather Motion 3:1  (slice1; segments: 3)  (cost=1417631.62..1418296.51 rows=7215 width=72) (actual time=59533.910..59533.920 rows=6 loops=1)
         Merge Key: (date_part('year'::text, (orders.o_orderdate)::timestamp without time zone))
         ->  Partial GroupAggregate  (cost=1417631.62..1418200.32 rows=2405 width=72) (actual time=59513.056..59531.354 rows=2 loops=1)
               Group Key: (date_part('year'::text, (orders.o_orderdate)::timestamp without time zone))
               ->  Sort  (cost=1417631.62..1417689.47 rows=23137 width=46) (actual time=59496.347..59500.145 rows=24170 loops=1)
                     Sort Key: (date_part('year'::text, (orders.o_orderdate)::timestamp without time zone))
                     Sort Method:  quicksort  Memory: 8489kB
                     Executor Memory: 6805kB  Segments: 3  Max: 2280kB (segment 1)
                     ->  Hash Join  (cost=1103201.12..1415954.40 rows=23137 width=46) (actual time=53284.087..59486.781 rows=24170 loops=1)
                           Hash Cond: (supplier.s_nationkey = n2.n_nationkey)
                           Extra Text: (seg1)   Hash chain length 1.0 avg, 1 max, using 25 of 65536 buckets.
                           ->  Hash Join  (cost=1103199.39..1415543.83 rows=23137 width=20) (actual time=53282.353..59469.056 rows=24170 loops=1)
                                 Hash Cond: (lineitem.l_suppkey = supplier.s_suppkey)
                                 Extra Text: (seg1)   Hash chain length 1.9 avg, 9 max, using 51312 of 65536 buckets.
                                 ->  Redistribute Motion 3:3  (slice2; segments: 3)  (cost=1100442.39..1412492.00 rows=24175 width=20) (actual time=53203.265..59366.971 rows=24170 loops=1)
                                       Hash Key: lineitem.l_suppkey
                                       ->  Hash Join  (cost=1100442.39..1412008.51 rows=24175 width=20) (actual time=53092.020..59473.737 rows=24081 loops=1)
                                             Hash Cond: (orders.o_custkey = customer.c_custkey)
                                             Extra Text: (seg0)   Hash chain length 2.5 avg, 12 max, using 117665 of 131072 buckets.
                                             ->  Redistribute Motion 3:3  (slice3; segments: 3)  (cost=1064725.09..1375596.19 rows=120873 width=24) (actual time=51957.840..58249.479 rows=120045 loops=1)
                                                   Hash Key: orders.o_custkey
                                                   ->  Hash Join  (cost=1064725.09..1373178.73 rows=120873 width=24) (actual time=53077.069..59408.010 rows=120669 loops=1)
                                                         Hash Cond: (orders.o_orderkey = lineitem.l_orderkey)
                                                         Extra Text: (seg0)   Initial batch 0:
 (seg0)     Wrote 9673K bytes to inner workfile.
 (seg0)     Wrote 89060K bytes to outer workfile.
 (seg0)   Initial batch 1:
 (seg0)     Read 9673K bytes from inner workfile.
 (seg0)     Read 89060K bytes from outer workfile.
 (seg0)   Work file set: 1 files (0 compressed), max file size 9895936, min file size 32768, compression buffer size 0 bytes
 (seg0)   Hash chain length 1.9 avg, 10 max, using 203098 of 262144 buckets.
                                                         ->  Seq Scan on orders  (cost=0.00..287236.00 rows=4545366 width=16) (actual time=2819.181..6746.034 rows=4558976 loops=1)
                                                               Filter: ((o_orderdate >= '1995-01-01'::date) AND (o_orderdate <= '1996-12-31'::date))
                                                               Rows Removed by Filter: 10438712
                                                         ->  Hash  (cost=1059738.98..1059738.98 rows=398888 width=24) (actual time=50255.325..50255.326 rows=395348 loops=1)
                                                               Buckets: 131072  Batches: 2  Memory Usage: 12974kB
                                                               ->  Redistribute Motion 3:3  (slice4; segments: 3)  (cost=5851.20..1059738.98 rows=398888 width=24) (actual time=277.690..50137.704 rows=395348 loops=1)
                                                                     Hash Key: lineitem.l_orderkey
                                                                     ->  Hash Join  (cost=5851.20..1051761.22 rows=398888 width=24) (actual time=213.650..49993.961 rows=395144 loops=1)
                                                                           Hash Cond: (lineitem.l_partkey = part.p_partkey)
                                                                           Extra Text: (seg0)   Hash chain length 1.3 avg, 6 max, using 29680 of 65536 buckets.
                                                                           ->  Seq Scan on lineitem  (cost=0.00..884422.56 rows=59999456 width=28) (actual time=0.780..38337.876 rows=60003310 loops=1)
                                                                           ->  Hash  (cost=5352.59..5352.59 rows=39889 width=4) (actual time=212.093..212.094 rows=39493 loops=1)
                                                                                 Buckets: 65536  Batches: 1  Memory Usage: 1901kB
                                                                                 ->  Broadcast Motion 3:3  (slice5; segments: 3)  (cost=0.18..5352.59 rows=39889 width=4) (actual time=10.477..200.199 rows=39493 loops=1)
                                                                                       ->  Index Only Scan using part_p_type_p_partkey_idx on part  (cost=0.18..4820.73 rows=13296 width=4) (actual time=5.167..152.009 rows=13286 loops=1)
                                                                                             Index Cond: (p_type = 'LARGE PLATED COPPER'::text)
                                                                                             Heap Fetches: 0
                                             ->  Hash  (cost=31967.30..31967.30 rows=300000 width=4) (actual time=1133.526..1133.531 rows=300010 loops=1)
                                                   Buckets: 131072  Batches: 1  Memory Usage: 11572kB
                                                   ->  Hash Join  (cost=2.30..31967.30 rows=300000 width=4) (actual time=1.515..1021.671 rows=300010 loops=1)
                                                         Hash Cond: (customer.c_nationkey = n1.n_nationkey)
                                                         Extra Text: (seg0)   Hash chain length 1.0 avg, 1 max, using 5 of 65536 buckets.
                                                         ->  Seq Scan on customer  (cost=0.00..23340.00 rows=1500000 width=8) (actual time=0.540..774.227 rows=1501094 loops=1)
                                                         ->  Hash  (cost=2.24..2.24 rows=5 width=4) (actual time=0.843..0.845 rows=5 loops=1)
                                                               Buckets: 65536  Batches: 1  Memory Usage: 513kB
                                                               ->  Broadcast Motion 3:3  (slice6; segments: 3)  (cost=1.05..2.24 rows=5 width=4) (actual time=0.004..0.835 rows=5 loops=1)
                                                                     ->  Hash Join  (cost=1.05..2.18 rows=2 width=4) (actual time=1.627..1.797 rows=2 loops=1)
                                                                           Hash Cond: (n1.n_regionkey = region.r_regionkey)
                                                                           Extra Text: (seg1)   Hash chain length 1.0 avg, 1 max, using 1 of 65536 buckets.
                                                                           ->  Seq Scan on nation n1  (cost=0.00..1.08 rows=8 width=8) (actual time=0.440..0.445 rows=10 loops=1)
                                                                           ->  Hash  (cost=1.04..1.04 rows=1 width=4) (actual time=0.009..0.009 rows=1 loops=1)
                                                                                 Buckets: 65536  Batches: 1  Memory Usage: 513kB
                                                                                 ->  Broadcast Motion 3:3  (slice7; segments: 3)  (cost=0.00..1.04 rows=1 width=4) (actual time=0.004..0.004 rows=1 loops=1)
                                                                                       ->  Seq Scan on region  (cost=0.00..1.02 rows=1 width=4) (actual time=0.604..0.609 rows=1 loops=1)
                                                                                             Filter: (r_name = 'AFRICA'::bpchar)
                                                                                             Rows Removed by Filter: 1
                                 ->  Hash  (cost=1507.00..1507.00 rows=100000 width=8) (actual time=120.878..120.879 rows=100172 loops=1)
                                       Buckets: 65536  Batches: 1  Memory Usage: 4425kB
                                       ->  Seq Scan on supplier  (cost=0.00..1507.00 rows=100000 width=8) (actual time=0.746..76.095 rows=100172 loops=1)
                           ->  Hash  (cost=1.42..1.42 rows=25 width=30) (actual time=0.982..0.982 rows=25 loops=1)
                                 Buckets: 65536  Batches: 1  Memory Usage: 514kB
                                 ->  Broadcast Motion 3:3  (slice8; segments: 3)  (cost=0.00..1.42 rows=25 width=30) (actual time=0.011..0.964 rows=25 loops=1)
                                       ->  Seq Scan on nation n2  (cost=0.00..1.08 rows=8 width=30) (actual time=0.604..0.612 rows=10 loops=1)
 Optimizer: Postgres-based planner
 Planning Time: 25.414 ms
   (slice0)    Executor memory: 193K bytes.
   (slice1)    Executor memory: 5197K bytes avg x 3 workers, 5207K bytes max (seg1).  Work_mem: 4425K bytes max.
   (slice2)    Executor memory: 13493K bytes avg x 3 workers, 13504K bytes max (seg0).  Work_mem: 11572K bytes max.
 * (slice3)    Executor memory: 13296K bytes avg x 3 workers, 13317K bytes max (seg0).  Work_mem: 12974K bytes max, 24967K bytes wanted.
   (slice4)    Executor memory: 2307K bytes avg x 3 workers, 2307K bytes max (seg0).  Work_mem: 1901K bytes max.
   (slice5)    Executor memory: 174K bytes avg x 3 workers, 174K bytes max (seg0).
   (slice6)    Executor memory: 739K bytes avg x 3 workers, 739K bytes max (seg0).  Work_mem: 513K bytes max.
   (slice7)    Executor memory: 182K bytes avg x 3 workers, 185K bytes max (seg0).
   (slice8)    Executor memory: 184K bytes avg x 3 workers, 184K bytes max (seg0).
 Memory used:  128000kB
 Memory wanted:  202234kB
 Execution Time: 59558.817 ms
(90 rows)

