                                                                                                              QUERY PLAN                                                                                                              
--------------------------------------------------------------------------------------------------------------------------------------------------------------------------------------------------------------------------------------
 Limit  (cost=1280780.88..1280781.16 rows=20 width=201) (actual time=39105.726..39105.752 rows=20 loops=1)
   ->  Gather Motion 3:1  (slice1; segments: 3)  (cost=1280780.88..1280781.73 rows=60 width=201) (actual time=39105.724..39105.746 rows=20 loops=1)
         Merge Key: (sum((lineitem.l_extendedprice * ('1'::numeric - lineitem.l_discount))))
         ->  Limit  (cost=1280780.88..1280780.93 rows=20 width=201) (actual time=38978.225..39000.930 rows=20 loops=1)
               ->  Sort  (cost=1280648.39..1281973.29 rows=529962 width=201) (actual time=38978.224..38978.229 rows=20 loops=1)
                     Sort Key: (sum((lineitem.l_extendedprice * ('1'::numeric - lineitem.l_discount)))) DESC
                     Sort Method:  top-N heapsort  Memory: 101kB
                     Executor Memory: 177kB  Segments: 3  Max: 59kB (segment 0)
                     ->  HashAggregate  (cost=1259921.76..1266546.29 rows=529962 width=201) (actual time=37040.350..38887.273 rows=383465 loops=1)
                           Group Key: customer.c_custkey, customer.c_name, customer.c_acctbal, customer.c_phone, nation.n_name, customer.c_address, customer.c_comment
                           Planned Partitions: 8
                           Extra Text: (seg0)   hash table(s): 1; 382397 groups total in 8 batches, 7703896 spill partitions; disk usage: 194208KB; chain length 2.2 avg, 9 max; using 382397 of 1179648 buckets; total 0 expansions.
 
                           ->  Hash Join  (cost=1203082.60..1246672.71 rows=529962 width=181) (actual time=32351.268..35109.859 rows=1146024 loops=1)
                                 Hash Cond: (customer.c_nationkey = nation.n_nationkey)
                                 Extra Text: (seg2)   Hash chain length 1.0 avg, 1 max, using 25 of 65536 buckets.
                                 ->  Hash Join  (cost=1203080.87..1239956.36 rows=529962 width=159) (actual time=32351.091..34695.169 rows=1146024 loops=1)
                                       Hash Cond: (customer.c_custkey = orders.o_custkey)
                                       Extra Text: (seg2)   Initial batch 0:
 (seg2)     Wrote 20929K bytes to inner workfile.
 (seg2)     Wrote 133257K bytes to outer workfile.
 (seg2)   Overflow batch 1:
 (seg2)     Read 20929K bytes from inner workfile.
 (seg2)     Read 133257K bytes from outer workfile.
 (seg2)   Work file set: 1 files (0 compressed), max file size 21430272, min file size 32768, compression buffer size 0 bytes
 (seg2)   Hash chain length 5.7 avg, 41 max, using 201552 of 262144 buckets.
                                       ->  Seq Scan on customer  (cost=0.00..23888.00 rows=1500000 width=147) (actual time=0.148..328.570 rows=1501094 loops=1)
                                       ->  Hash  (cost=1196456.34..1196456.34 rows=529962 width=16) (actual time=32350.699..32350.700 rows=1146024 loops=1)
                                             Buckets: 131072 (originally 131072)  Batches: 2 (originally 1)  Memory Usage: 30852kB
                                             ->  Redistribute Motion 3:3  (slice2; segments: 3)  (cost=230409.23..1196456.34 rows=529962 width=16) (actual time=12804.996..32057.023 rows=1146024 loops=1)
                                                   Hash Key: orders.o_custkey
                                                   ->  Hash Join  (cost=230409.23..1185857.10 rows=529962 width=16) (actual time=12359.334..31589.599 rows=1145273 loops=1)
                                                         Hash Cond: (lineitem.l_orderkey = orders.o_orderkey)
                                                         Extra Text: (seg0)   Initial batch 0:
 (seg0)     Wrote 45317K bytes to inner workfile.
 (seg0)     Wrote 1565760K bytes to outer workfile.
 (seg0)   Initial batches 1..3:
 (seg0)     Read 45317K bytes from inner workfile: 15106K avg x 3 nonempty batches, 15139K max.
 (seg0)     Read 1565760K bytes from outer workfile: 521920K avg x 3 nonempty batches, 522027K max.
 (seg0)   Work file set: 3 files (0 compressed), max file size 15499264, min file size 32768, compression buffer size 0 bytes
 (seg0)   Hash chain length 3.4 avg, 14 max, using 504462 of 524288 buckets.
                                                         ->  Bitmap Heap Scan on lineitem  (cost=114032.17..1021364.88 rows=14851866 width=20) (actual time=4561.855..15271.430 rows=14812123 loops=1)
                                                               Recheck Cond: (l_returnflag = 'R'::bpchar)
                                                               Rows Removed by Index Recheck: 6906205
                                                               ->  Bitmap Index Scan on lineitem_l_orderkey_idx_l_returnflag  (cost=0.00..110319.21 rows=14851866 width=0) (actual time=4531.817..4531.817 rows=14812123 loops=1)
                                                         ->  Hash  (cost=96305.26..96305.26 rows=1605744 width=12) (actual time=868.077..868.078 rows=1718066 loops=1)
                                                               Buckets: 131072  Batches: 4  Memory Usage: 21137kB
                                                               ->  Broadcast Motion 3:3  (slice3; segments: 3)  (cost=355.59..96305.26 rows=1605744 width=12) (actual time=49.653..514.444 rows=1718066 loops=1)
                                                                     ->  Bitmap Heap Scan on orders  (cost=355.59..74895.34 rows=535248 width=12) (actual time=50.570..419.872 rows=572976 loops=1)
                                                                           Recheck Cond: ((o_orderdate >= '1993-10-01'::date) AND (o_orderdate < '1994-01-01 00:00:00'::timestamp without time zone))
                                                                           Rows Removed by Index Recheck: 432
                                                                           ->  Bitmap Index Scan on orders_o_orderdate_idx  (cost=0.00..221.78 rows=535250 width=0) (actual time=50.402..50.403 rows=25430 loops=1)
                                                                                 Index Cond: ((o_orderdate >= '1993-10-01'::date) AND (o_orderdate < '1994-01-01 00:00:00'::timestamp without time zone))
                                 ->  Hash  (cost=1.42..1.42 rows=25 width=30) (actual time=0.019..0.020 rows=25 loops=1)
                                       Buckets: 65536  Batches: 1  Memory Usage: 514kB
                                       ->  Broadcast Motion 3:3  (slice4; segments: 3)  (cost=0.00..1.42 rows=25 width=30) (actual time=0.006..0.012 rows=25 loops=1)
                                             ->  Seq Scan on nation  (cost=0.00..1.08 rows=8 width=30) (actual time=0.021..0.025 rows=10 loops=1)
 Optimizer: Postgres-based planner
 Planning Time: 8.539 ms
   (slice0)    Executor memory: 3255K bytes.
 * (slice1)    Executor memory: 61019K bytes avg x 3 workers, 61051K bytes max (seg2).  Work_mem: 44305K bytes max, 240657K bytes wanted.
 * (slice2)    Executor memory: 3170533K bytes avg x 3 workers, 3170629K bytes max (seg0).  Work_mem: 21137K bytes max, 81559K bytes wanted.
   (slice3)    Executor memory: 43035K bytes avg x 3 workers, 43067K bytes max (seg2).
   (slice4)    Executor memory: 38K bytes avg x 3 workers, 38K bytes max (seg0).
 Memory used:  128000kB
 Memory wanted:  1685892kB
 Execution Time: 39117.936 ms
(67 rows)

