                                                                                                   QUERY PLAN                                                                                                   
----------------------------------------------------------------------------------------------------------------------------------------------------------------------------------------------------------------
 Gather Motion 3:1  (slice1; segments: 3)  (cost=162948.32..162948.63 rows=22 width=44) (actual time=17927.060..17949.452 rows=27840 loops=1)
   Merge Key: (count(DISTINCT partsupp.ps_suppkey)), part.p_brand, part.p_type, part.p_size
   ->  Sort  (cost=162948.32..162948.33 rows=7 width=44) (actual time=17909.796..17911.080 rows=9382 loops=1)
         Sort Key: (count(DISTINCT partsupp.ps_suppkey)) DESC, part.p_brand, part.p_type, part.p_size
         Sort Method:  quicksort  Memory: 3570kB
         Executor Memory: 2935kB  Segments: 3  Max: 985kB (segment 0)
         ->  GroupAggregate  (cost=162948.05..162948.21 rows=7 width=44) (actual time=16852.754..17891.452 rows=9382 loops=1)
               Group Key: part.p_brand, part.p_type, part.p_size
               ->  Sort  (cost=162948.05..162948.07 rows=7 width=40) (actual time=16852.640..17371.686 rows=1199737 loops=1)
                     Sort Key: part.p_brand, part.p_type, part.p_size
                     Sort Method:  external merge  Disk: 181408kB
                     Executor Memory: 127259kB  Segments: 3  Max: 42420kB (segment 0)
                     ->  Redistribute Motion 3:3  (slice2; segments: 3)  (cost=143475.27..162947.94 rows=7 width=40) (actual time=6905.200..14373.682 rows=1199737 loops=1)
                           Hash Key: part.p_brand, part.p_type, part.p_size
                           ->  Hash Join  (cost=143475.27..162947.80 rows=7 width=40) (actual time=6903.199..9484.369 rows=1187209 loops=1)
                                 Hash Cond: (part.p_partkey = partsupp.ps_partkey)
                                 Extra Text: (seg2)   Initial batch 0:
 (seg2)     Wrote 191332K bytes to inner workfile.
 (seg2)     Wrote 39036K bytes to outer workfile.
 (seg2)   Overflow batches 1..7:
 (seg2)     Read 240851K bytes from inner workfile: 34408K avg x 7 nonempty batches, 55653K max.
 (seg2)     Wrote 49520K bytes to inner workfile: 16507K avg x 3 overflowing batches, 28243K max.
 (seg2)     Read 39036K bytes from outer workfile: 5577K avg x 7 nonempty batches, 5619K max.
 (seg2)   Work file set: 7 files (0 compressed), max file size 56983552, min file size 32768, compression buffer size 0 bytes
 (seg2)   Hash chain length 6.2 avg, 36 max, using 1290228 of 2097152 buckets.
                                 ->  Bitmap Heap Scan on part  (cost=119.89..18412.63 rows=314591 width=40) (actual time=27.866..236.768 rows=296961 loops=1)
                                       Recheck Cond: (p_size = ANY ('{3,45,14,32,41,8,21,15}'::integer[]))
                                       Rows Removed by Index Recheck: 1117
                                       Filter: ((p_brand <> 'Brand#55'::bpchar) AND ((p_type)::text !~~ 'LARGE ANODIZED%'::text))
                                       Rows Removed by Filter: 22986
                                       ->  Bitmap Index Scan on part_p_size_idx  (cost=0.00..41.24 rows=325510 width=0) (actual time=27.750..27.751 rows=16320 loops=1)
                                             Index Cond: (p_size = ANY ('{3,45,14,32,41,8,21,15}'::integer[]))
                                 ->  Hash  (cost=143355.28..143355.28 rows=8 width=8) (actual time=6875.863..6875.864 rows=8000358 loops=1)
                                       Buckets: 262144 (originally 131072)  Batches: 8 (originally 1)  Memory Usage: 41232kB
                                       ->  Redistribute Motion 3:3  (slice3; segments: 3)  (cost=13.88..143355.28 rows=8 width=8) (actual time=3.104..5283.333 rows=8000358 loops=1)
                                             Hash Key: partsupp.ps_partkey
                                             ->  Hash Left Anti Semi (Not-In) Join  (cost=13.88..143355.11 rows=8 width=8) (actual time=2.382..3909.687 rows=8000604 loops=1)
                                                   Hash Cond: (partsupp.ps_suppkey = supplier.s_suppkey)
                                                   Extra Text: (seg1)   Hash chain length 1.0 avg, 1 max, using 155 of 131072 buckets.
                                                   ->  Seq Scan on partsupp  (cost=0.00..123339.00 rows=8000000 width=8) (actual time=0.069..1759.432 rows=8004645 loops=1)
                                                   ->  Hash  (cost=13.51..13.51 rows=30 width=4) (actual time=1.624..1.624 rows=155 loops=1)
                                                         Buckets: 131072  Batches: 1  Memory Usage: 1030kB
                                                         ->  Broadcast Motion 3:3  (slice4; segments: 3)  (cost=0.14..13.51 rows=30 width=4) (actual time=1.227..1.584 rows=155 loops=1)
                                                               ->  Index Only Scan using supplier_s_suppkey_idx_like on supplier  (cost=0.14..13.11 rows=10 width=4) (actual time=0.436..1.995 rows=60 loops=1)
                                                                     Heap Fetches: 60
 Optimizer: Postgres-based planner
 Planning Time: 3.702 ms
   (slice0)    Executor memory: 126K bytes.
 * (slice1)    Executor memory: 43398K bytes avg x 3 workers, 43404K bytes max (seg0).  Work_mem: 42420K bytes max, 152255K bytes wanted.
 * (slice2)    Executor memory: 70152K bytes avg x 3 workers, 70227K bytes max (seg2).  Work_mem: 41232K bytes max, 314562K bytes wanted.
   (slice3)    Executor memory: 1088K bytes avg x 3 workers, 1088K bytes max (seg0).  Work_mem: 1030K bytes max.
   (slice4)    Executor memory: 113K bytes avg x 3 workers, 113K bytes max (seg0).
 Memory used:  128000kB
 Memory wanted:  1888271kB
 Execution Time: 17967.467 ms
(55 rows)

