CREATE VIEW
                                                                                                                       QUERY PLAN                                                                                                                       
--------------------------------------------------------------------------------------------------------------------------------------------------------------------------------------------------------------------------------------------------------
 Gather Motion 3:1  (slice1; segments: 3)  (cost=1031910.54..1031914.98 rows=313 width=103) (actual time=7030.322..7030.327 rows=1 loops=1)
   Merge Key: supplier.s_suppkey
   InitPlan 1 (returns $0)  (slice3)
     ->  Finalize Aggregate  (cost=1029307.74..1029307.75 rows=1 width=32) (actual time=6990.378..6990.379 rows=1 loops=1)
           ->  Gather Motion 3:1  (slice4; segments: 3)  (cost=1029307.68..1029307.73 rows=3 width=32) (actual time=6964.891..6990.365 rows=3 loops=1)
                 ->  Partial Aggregate  (cost=1029307.68..1029307.69 rows=1 width=32) (actual time=6987.333..6987.334 rows=1 loops=1)
                       ->  Finalize HashAggregate  (cost=1026695.61..1028001.64 rows=104483 width=36) (actual time=6685.179..6952.012 rows=100172 loops=1)
                             Group Key: lineitem_1.l_suppkey
                             Extra Text: (seg0)   hash table(s): 1; 99877 groups total in 4 batches, 632328 spill partitions; disk usage: 14080KB; chain length 2.2 avg, 7 max; using 99877 of 655360 buckets; total 0 expansions.
 
                             ->  Redistribute Motion 3:3  (slice5; segments: 3)  (cost=1014158.98..1024344.99 rows=313416 width=36) (actual time=3792.326..6292.458 rows=300379 loops=1)
                                   Hash Key: lineitem_1.l_suppkey
                                   ->  Partial HashAggregate  (cost=1014158.98..1018076.68 rows=313416 width=36) (actual time=3850.651..6547.377 rows=299862 loops=1)
                                         Group Key: lineitem_1.l_suppkey
                                         Extra Text: (seg0)   hash table(s): 1; 299859 groups total in 20 batches, 7424108 spill partitions; disk usage: 93536KB; chain length 2.1 avg, 5 max; using 299859 of 5505024 buckets; total 0 expansions.
 
                                         ->  Bitmap Heap Scan on lineitem lineitem_1  (cost=1516.26..990494.77 rows=2366421 width=16) (actual time=133.485..1289.220 rows=2295994 loops=1)
                                               Recheck Cond: ((l_shipdate >= '1997-05-01'::date) AND (l_shipdate < '1997-08-01 00:00:00'::timestamp without time zone))
                                               Rows Removed by Index Recheck: 1554
                                               ->  Bitmap Index Scan on lineitem_l_shipdate_idx  (cost=0.00..924.65 rows=2418461 width=0) (actual time=133.345..133.345 rows=109600 loops=1)
                                                     Index Cond: ((l_shipdate >= '1997-05-01'::date) AND (l_shipdate < '1997-08-01 00:00:00'::timestamp without time zone))
   ->  Sort  (cost=1031910.54..1031910.80 rows=104 width=103) (actual time=7029.441..7029.447 rows=1 loops=1)
         Sort Key: supplier.s_suppkey
         Sort Method:  quicksort  Memory: 75kB
         Executor Memory: 177kB  Segments: 3  Max: 59kB (segment 0)
         ->  Hash Join  (cost=1030093.49..1031907.03 rows=104 width=103) (actual time=7002.811..7029.284 rows=1 loops=1)
               Hash Cond: (supplier.s_suppkey = revenue0.supplier_no)
               Extra Text: (seg0)   Hash chain length 1.0 avg, 1 max, using 1 of 65536 buckets.
               ->  Seq Scan on supplier  (cost=0.00..1550.00 rows=100000 width=71) (actual time=0.036..22.087 rows=99877 loops=1)
               ->  Hash  (cost=1030092.18..1030092.18 rows=104 width=36) (actual time=6990.392..6990.393 rows=1 loops=1)
                     Buckets: 65536  Batches: 1  Memory Usage: 513kB
                     ->  Subquery Scan on revenue0  (cost=1028262.69..1030092.18 rows=104 width=36) (actual time=6929.112..6990.381 rows=1 loops=1)
                           ->  Finalize HashAggregate  (cost=1028262.69..1030091.14 rows=104 width=36) (actual time=6929.110..6990.376 rows=1 loops=1)
                                 Group Key: lineitem.l_suppkey
                                 Filter: (sum((lineitem.l_extendedprice * ('1'::numeric - lineitem.l_discount))) = $0)
                                 Rows Removed by Filter: 99876
                                 Extra Text: (seg0)   hash table(s): 1; 99877 groups total in 4 batches, 631608 spill partitions; disk usage: 14080KB; chain length 2.2 avg, 7 max; using 99877 of 655360 buckets; total 0 expansions.
 
                                 ->  Redistribute Motion 3:3  (slice2; segments: 3)  (cost=1014158.98..1024344.99 rows=313416 width=36) (actual time=3813.942..6317.824 rows=300379 loops=1)
                                       Hash Key: lineitem.l_suppkey
                                       ->  Partial HashAggregate  (cost=1014158.98..1018076.68 rows=313416 width=36) (actual time=3896.157..6592.036 rows=299862 loops=1)
                                             Group Key: lineitem.l_suppkey
                                             Extra Text: (seg0)   hash table(s): 1; 299859 groups total in 20 batches, 7424108 spill partitions; disk usage: 93536KB; chain length 2.1 avg, 5 max; using 299859 of 5505024 buckets; total 0 expansions.
 
                                             ->  Bitmap Heap Scan on lineitem  (cost=1516.26..990494.77 rows=2366421 width=16) (actual time=131.710..1272.996 rows=2295994 loops=1)
                                                   Recheck Cond: ((l_shipdate >= '1997-05-01'::date) AND (l_shipdate < '1997-08-01 00:00:00'::timestamp without time zone))
                                                   Rows Removed by Index Recheck: 1554
                                                   ->  Bitmap Index Scan on lineitem_l_shipdate_idx  (cost=0.00..924.65 rows=2418461 width=0) (actual time=131.593..131.593 rows=109600 loops=1)
                                                         Index Cond: ((l_shipdate >= '1997-05-01'::date) AND (l_shipdate < '1997-08-01 00:00:00'::timestamp without time zone))
 Optimizer: Postgres-based planner
 Planning Time: 4.143 ms
   (slice0)    Executor memory: 18643K bytes.
 * (slice1)    Executor memory: 16355K bytes avg x 3 workers, 16364K bytes max (seg2).  Work_mem: 35985K bytes max, 68625K bytes wanted.
 * (slice2)    Executor memory: 194504K bytes avg x 3 workers, 194578K bytes max (seg2).  Work_mem: 30897K bytes max, 137233K bytes wanted.
   (slice3)    Executor memory: 18599K bytes.
 * (slice4)    Executor memory: 15798K bytes avg x 3 workers, 15805K bytes max (seg2).  Work_mem: 35985K bytes max, 68625K bytes wanted.
 * (slice5)    Executor memory: 194504K bytes avg x 3 workers, 194579K bytes max (seg2).  Work_mem: 30897K bytes max, 137233K bytes wanted.
 Memory used:  128000kB
 Memory wanted:  1098956kB
 Execution Time: 14035.608 ms
(60 rows)

DROP VIEW
