                                                                                                        QUERY PLAN                                                                                                        
--------------------------------------------------------------------------------------------------------------------------------------------------------------------------------------------------------------------------
 Gather Motion 3:1  (slice1; segments: 3)  (cost=2229847.94..2363569.48 rows=9439167 width=48) (actual time=55727.186..55971.198 rows=340729 loops=1)
   Merge Key: (sum((lineitem.l_extendedprice * ('1'::numeric - lineitem.l_discount)))), orders.o_orderdate
   ->  Sort  (cost=2229847.94..2237713.92 rows=3146389 width=48) (actual time=55721.080..55741.344 rows=114073 loops=1)
         Sort Key: (sum((lineitem.l_extendedprice * ('1'::numeric - lineitem.l_discount)))) DESC, orders.o_orderdate
         Sort Method:  quicksort  Memory: 38499kB
         Executor Memory: 30523kB  Segments: 3  Max: 10206kB (segment 1)
         ->  HashAggregate  (cost=1826740.85..1866070.72 rows=3146389 width=48) (actual time=55353.894..55643.174 rows=114073 loops=1)
               Group Key: lineitem.l_orderkey, orders.o_orderdate, orders.o_shippriority
               Planned Partitions: 16
               Extra Text: (seg0)   hash table(s): 1; 113815 groups total in 16 batches, 1525936 spill partitions; disk usage: 11808KB; chain length 2.1 avg, 5 max; using 113815 of 8912896 buckets; total 0 expansions.
 
               ->  Redistribute Motion 3:3  (slice2; segments: 3)  (cost=368081.01..1779545.01 rows=3146389 width=28) (actual time=10728.209..54855.024 rows=301112 loops=1)
                     Hash Key: orders.o_orderdate, lineitem.l_orderkey, orders.o_shippriority
                     ->  Hash Join  (cost=368081.01..1716617.23 rows=3146389 width=28) (actual time=10710.763..54907.496 rows=300335 loops=1)
                           Hash Cond: (lineitem.l_orderkey = orders.o_orderkey)
                           Extra Text: (seg0)   Initial batch 0:
 (seg0)     Wrote 135527K bytes to inner workfile.
 (seg0)     Wrote 1137829K bytes to outer workfile.
 (seg0)   Initial batches 1..7:
 (seg0)     Read 135527K bytes from inner workfile: 19361K avg x 7 nonempty batches, 19443K max.
 (seg0)     Read 1137829K bytes from outer workfile: 162547K avg x 7 nonempty batches, 162713K max.
 (seg0)   Work file set: 7 files (0 compressed), max file size 19890176, min file size 32768, compression buffer size 0 bytes
 (seg0)   Hash chain length 4.3 avg, 17 max, using 1033180 of 1048576 buckets.
                           ->  Bitmap Heap Scan on lineitem  (cost=9115.27..968343.35 rows=32324342 width=20) (actual time=182.204..16884.324 rows=32127438 loops=1)
                                 Recheck Cond: (l_shipdate > '1995-03-24'::date)
                                 Rows Removed by Index Recheck: 2856
                                 ->  Bitmap Index Scan on lineitem_l_shipdate_idx  (cost=0.00..1034.18 rows=33035071 width=0) (actual time=182.064..182.064 rows=1532590 loops=1)
                                       Index Cond: (l_shipdate > '1995-03-24'::date)
                           ->  Hash  (cost=298866.07..298866.07 rows=4380213 width=16) (actual time=10521.253..10521.254 rows=4405986 loops=1)
                                 Buckets: 131072  Batches: 8  Memory Usage: 26854kB
                                 ->  Broadcast Motion 3:3  (slice3; segments: 3)  (cost=47692.06..298866.07 rows=4380213 width=16) (actual time=754.095..9568.355 rows=4405986 loops=1)
                                       ->  Hash Join  (cost=47692.06..240463.23 rows=1460071 width=16) (actual time=778.148..9643.865 rows=1469972 loops=1)
                                             Hash Cond: (orders.o_custkey = customer.c_custkey)
                                             Extra Text: (seg0)   Initial batch 0:
 (seg0)     Wrote 10548K bytes to inner workfile.
 (seg0)     Wrote 478535K bytes to outer workfile.
 (seg0)   Initial batch 1:
 (seg0)     Read 10548K bytes from inner workfile.
 (seg0)     Read 478535K bytes from outer workfile.
 (seg0)   Work file set: 1 files (0 compressed), max file size 10780672, min file size 32768, compression buffer size 0 bytes
 (seg0)   Hash chain length 2.1 avg, 11 max, using 429696 of 524288 buckets.
                                             ->  Bitmap Heap Scan on orders  (cost=2079.28..160334.51 rows=7339499 width=20) (actual time=44.318..3366.377 rows=7345733 loops=1)
                                                   Recheck Cond: (o_orderdate < '1995-03-24'::date)
                                                   Rows Removed by Index Recheck: 168
                                                   ->  Bitmap Index Scan on orders_o_orderdate_idx  (cost=0.00..244.41 rows=7339538 width=0) (actual time=44.137..44.137 rows=325730 loops=1)
                                                         Index Cond: (o_orderdate < '1995-03-24'::date)
                                             ->  Hash  (cost=34422.78..34422.78 rows=895200 width=4) (actual time=732.660..732.661 rows=900602 loops=1)
                                                   Buckets: 262144  Batches: 2  Memory Usage: 17889kB
                                                   ->  Broadcast Motion 3:3  (slice4; segments: 3)  (cost=9868.78..34422.78 rows=895200 width=4) (actual time=203.525..543.984 rows=900602 loops=1)
                                                         ->  Bitmap Heap Scan on customer  (cost=9868.78..22486.78 rows=298400 width=4) (actual time=205.598..621.390 rows=300807 loops=1)
                                                               Recheck Cond: (c_mktsegment = 'HOUSEHOLD'::bpchar)
                                                               ->  Bitmap Index Scan on customer_c_mktsegment_c_custkey_idx  (cost=0.00..9794.18 rows=298400 width=0) (actual time=203.176..203.177 rows=300807 loops=1)
                                                                     Index Cond: (c_mktsegment = 'HOUSEHOLD'::bpchar)
 Optimizer: Postgres-based planner
 Planning Time: 15.609 ms
   (slice0)    Executor memory: 12479K bytes.
 * (slice1)    Executor memory: 28464K bytes avg x 3 workers, 28464K bytes max (seg0).  Work_mem: 45585K bytes max, 61457K bytes wanted.
 * (slice2)    Executor memory: 2483812K bytes avg x 3 workers, 2484261K bytes max (seg1).  Work_mem: 26854K bytes max, 207555K bytes wanted.
 * (slice3)    Executor memory: 543680K bytes avg x 3 workers, 543798K bytes max (seg0).  Work_mem: 17889K bytes max, 33710K bytes wanted.
   (slice4)    Executor memory: 196854K bytes avg x 3 workers, 196854K bytes max (seg0).
 Memory used:  128000kB
 Memory wanted:  1453782kB
 Execution Time: 56009.102 ms
(63 rows)

