                                                                                                                QUERY PLAN                                                                                                                
------------------------------------------------------------------------------------------------------------------------------------------------------------------------------------------------------------------------------------------
 Finalize GroupAggregate  (cost=1275368.68..1276177.87 rows=2405 width=40) (actual time=26481.978..26481.994 rows=2 loops=1)
   Group Key: (date_part('year'::text, (orders.o_orderdate)::timestamp without time zone))
   ->  Gather Motion 3:1  (slice1; segments: 3)  (cost=1275368.68..1276033.57 rows=7215 width=72) (actual time=26481.951..26481.959 rows=6 loops=1)
         Merge Key: (date_part('year'::text, (orders.o_orderdate)::timestamp without time zone))
         ->  Partial GroupAggregate  (cost=1275368.68..1275937.37 rows=2405 width=72) (actual time=26467.276..26478.612 rows=2 loops=1)
               Group Key: (date_part('year'::text, (orders.o_orderdate)::timestamp without time zone))
               ->  Sort  (cost=1275368.68..1275426.52 rows=23137 width=46) (actual time=26456.684..26459.415 rows=24170 loops=1)
                     Sort Key: (date_part('year'::text, (orders.o_orderdate)::timestamp without time zone))
                     Sort Method:  quicksort  Memory: 8489kB
                     Executor Memory: 6805kB  Segments: 3  Max: 2280kB (segment 1)
                     ->  Hash Join  (cost=1113481.97..1273691.46 rows=23137 width=46) (actual time=21279.210..26448.333 rows=24170 loops=1)
                           Hash Cond: (supplier.s_nationkey = n2.n_nationkey)
                           Extra Text: (seg1)   Hash chain length 1.0 avg, 1 max, using 25 of 32768 buckets.
                           ->  Hash Join  (cost=1113480.24..1273280.89 rows=23137 width=20) (actual time=21278.874..26433.859 rows=24170 loops=1)
                                 Hash Cond: (lineitem.l_suppkey = supplier.s_suppkey)
                                 Extra Text: (seg1)   Hash chain length 1.9 avg, 9 max, using 51312 of 65536 buckets.
                                 ->  Redistribute Motion 3:3  (slice2; segments: 3)  (cost=1110680.24..1270186.06 rows=24175 width=20) (actual time=21211.581..26345.765 rows=24170 loops=1)
                                       Hash Key: lineitem.l_suppkey
                                       ->  Hash Join  (cost=1110680.24..1269702.57 rows=24175 width=20) (actual time=21094.406..26437.450 rows=24081 loops=1)
                                             Hash Cond: (orders.o_custkey = customer.c_custkey)
                                             Extra Text: (seg0)   Hash chain length 2.5 avg, 12 max, using 117665 of 131072 buckets.
                                             ->  Redistribute Motion 3:3  (slice3; segments: 3)  (cost=1074414.94..1232742.24 rows=120873 width=24) (actual time=20329.018..25582.679 rows=120045 loops=1)
                                                   Hash Key: orders.o_custkey
                                                   ->  Hash Join  (cost=1074414.94..1230324.79 rows=120873 width=24) (actual time=21057.600..26327.240 rows=120669 loops=1)
                                                         Hash Cond: (orders.o_orderkey = lineitem.l_orderkey)
                                                         Extra Text: (seg0)   Initial batch 0:
 (seg0)     Wrote 9637K bytes to inner workfile.
 (seg0)     Wrote 297020K bytes to outer workfile.
 (seg0)   Initial batch 1:
 (seg0)     Read 9637K bytes from inner workfile.
 (seg0)     Read 297020K bytes from outer workfile.
 (seg0)   Work file set: 1 files (0 compressed), max file size 9863168, min file size 32768, compression buffer size 0 bytes
 (seg0)   Hash chain length 3.2 avg, 14 max, using 124350 of 131072 buckets.
                                                         ->  Bitmap Heap Scan on orders  (cost=1371.46..136063.66 rows=4545366 width=16) (actual time=25.677..2065.927 rows=4558976 loops=1)
                                                               Recheck Cond: ((o_orderdate >= '1995-01-01'::date) AND (o_orderdate <= '1996-12-31'::date))
                                                               Rows Removed by Index Recheck: 229
                                                               ->  Bitmap Index Scan on orders_o_orderdate_idx  (cost=0.00..235.12 rows=4545414 width=0) (actual time=25.572..25.572 rows=202150 loops=1)
                                                                     Index Cond: ((o_orderdate >= '1995-01-01'::date) AND (o_orderdate <= '1996-12-31'::date))
                                                         ->  Hash  (cost=1068057.38..1068057.38 rows=398888 width=24) (actual time=21031.886..21031.902 rows=395348 loops=1)
                                                               Buckets: 65536  Batches: 2  Memory Usage: 12507kB
                                                               ->  Redistribute Motion 3:3  (slice4; segments: 3)  (cost=12405.60..1068057.38 rows=398888 width=24) (actual time=439.247..20896.164 rows=395348 loops=1)
                                                                     Hash Key: lineitem.l_orderkey
                                                                     ->  Hash Join  (cost=12405.60..1060079.61 rows=398888 width=24) (actual time=413.909..20792.151 rows=395144 loops=1)
                                                                           Hash Cond: (lineitem.l_partkey = part.p_partkey)
                                                                           Extra Text: (seg0)   Hash chain length 1.3 avg, 6 max, using 29680 of 65536 buckets.
                                                                           ->  Seq Scan on lineitem  (cost=0.00..886186.56 rows=59999456 width=28) (actual time=0.159..10811.786 rows=60003310 loops=1)
                                                                           ->  Hash  (cost=11906.98..11906.98 rows=39889 width=4) (actual time=413.057..413.057 rows=39493 loops=1)
                                                                                 Buckets: 65536  Batches: 1  Memory Usage: 1901kB
                                                                                 ->  Broadcast Motion 3:3  (slice5; segments: 3)  (cost=510.67..11906.98 rows=39889 width=4) (actual time=169.509..403.519 rows=39493 loops=1)
                                                                                       ->  Bitmap Heap Scan on part  (cost=510.67..11375.13 rows=13296 width=4) (actual time=159.040..391.504 rows=13286 loops=1)
                                                                                             Recheck Cond: ((p_type)::text = 'LARGE PLATED COPPER'::text)
                                                                                             ->  Bitmap Index Scan on part_p_type_p_partkey_idx  (cost=0.00..507.34 rows=13296 width=0) (actual time=156.284..156.284 rows=13286 loops=1)
                                                                                                   Index Cond: ((p_type)::text = 'LARGE PLATED COPPER'::text)
                                             ->  Hash  (cost=32515.30..32515.30 rows=300000 width=4) (actual time=764.203..764.208 rows=300010 loops=1)
                                                   Buckets: 131072  Batches: 1  Memory Usage: 11572kB
                                                   ->  Hash Join  (cost=2.30..32515.30 rows=300000 width=4) (actual time=0.679..664.168 rows=300010 loops=1)
                                                         Hash Cond: (customer.c_nationkey = n1.n_nationkey)
                                                         Extra Text: (seg0)   Hash chain length 1.0 avg, 1 max, using 5 of 65536 buckets.
                                                         ->  Seq Scan on customer  (cost=0.00..23888.00 rows=1500000 width=8) (actual time=0.076..365.975 rows=1501094 loops=1)
                                                         ->  Hash  (cost=2.24..2.24 rows=5 width=4) (actual time=0.422..0.424 rows=5 loops=1)
                                                               Buckets: 65536  Batches: 1  Memory Usage: 513kB
                                                               ->  Broadcast Motion 3:3  (slice6; segments: 3)  (cost=1.05..2.24 rows=5 width=4) (actual time=0.132..0.411 rows=5 loops=1)
                                                                     ->  Hash Join  (cost=1.05..2.18 rows=2 width=4) (actual time=1.100..1.338 rows=2 loops=1)
                                                                           Hash Cond: (n1.n_regionkey = region.r_regionkey)
                                                                           Extra Text: (seg1)   Hash chain length 1.0 avg, 1 max, using 1 of 65536 buckets.
                                                                           ->  Seq Scan on nation n1  (cost=0.00..1.08 rows=8 width=8) (actual time=0.021..0.023 rows=10 loops=1)
                                                                           ->  Hash  (cost=1.04..1.04 rows=1 width=4) (actual time=0.013..0.013 rows=1 loops=1)
                                                                                 Buckets: 65536  Batches: 1  Memory Usage: 513kB
                                                                                 ->  Broadcast Motion 3:3  (slice7; segments: 3)  (cost=0.00..1.04 rows=1 width=4) (actual time=0.005..0.006 rows=1 loops=1)
                                                                                       ->  Seq Scan on region  (cost=0.00..1.02 rows=1 width=4) (actual time=0.075..0.077 rows=1 loops=1)
                                                                                             Filter: (r_name = 'AFRICA'::bpchar)
                                                                                             Rows Removed by Filter: 1
                                 ->  Hash  (cost=1550.00..1550.00 rows=100000 width=8) (actual time=67.437..67.438 rows=100172 loops=1)
                                       Buckets: 65536  Batches: 1  Memory Usage: 4425kB
                                       ->  Seq Scan on supplier  (cost=0.00..1550.00 rows=100000 width=8) (actual time=0.073..36.152 rows=100172 loops=1)
                           ->  Hash  (cost=1.42..1.42 rows=25 width=30) (actual time=0.030..0.031 rows=25 loops=1)
                                 Buckets: 32768  Batches: 1  Memory Usage: 258kB
                                 ->  Broadcast Motion 3:3  (slice8; segments: 3)  (cost=0.00..1.42 rows=25 width=30) (actual time=0.008..0.018 rows=25 loops=1)
                                       ->  Seq Scan on nation n2  (cost=0.00..1.08 rows=8 width=30) (actual time=0.060..0.064 rows=10 loops=1)
 Optimizer: Postgres-based planner
 Planning Time: 21.818 ms
   (slice0)    Executor memory: 246K bytes.
   (slice1)    Executor memory: 4797K bytes avg x 3 workers, 4808K bytes max (seg1).  Work_mem: 4425K bytes max.
   (slice2)    Executor memory: 13350K bytes avg x 3 workers, 13360K bytes max (seg0).  Work_mem: 11572K bytes max.
 * (slice3)    Executor memory: 338640K bytes avg x 3 workers, 338672K bytes max (seg2).  Work_mem: 12507K bytes max, 24455K bytes wanted.
   (slice4)    Executor memory: 2122K bytes avg x 3 workers, 2122K bytes max (seg0).  Work_mem: 1901K bytes max.
   (slice5)    Executor memory: 196855K bytes avg x 3 workers, 196855K bytes max (seg0).
   (slice6)    Executor memory: 574K bytes avg x 3 workers, 574K bytes max (seg0).  Work_mem: 513K bytes max.
   (slice7)    Executor memory: 38K bytes avg x 3 workers, 38K bytes max (seg0).
   (slice8)    Executor memory: 38K bytes avg x 3 workers, 38K bytes max (seg0).
 Memory used:  128000kB
 Memory wanted:  247047kB
 Execution Time: 26522.797 ms
(93 rows)

