                                                                                    QUERY PLAN                                                                                     
-----------------------------------------------------------------------------------------------------------------------------------------------------------------------------------
 Finalize Aggregate  (cost=1068889.70..1068889.71 rows=1 width=32) (actual time=3175.429..3175.431 rows=1 loops=1)
   ->  Gather Motion 3:1  (slice1; segments: 3)  (cost=1068889.61..1068889.66 rows=3 width=64) (actual time=3163.671..3175.397 rows=3 loops=1)
         ->  Partial Aggregate  (cost=1068889.61..1068889.62 rows=1 width=64) (actual time=3161.080..3161.083 rows=1 loops=1)
               ->  Hash Join  (cost=1009044.25..1055647.70 rows=756681 width=33) (actual time=975.826..2573.948 rows=748754 loops=1)
                     Hash Cond: (part.p_partkey = lineitem.l_partkey)
                     Extra Text: (seg0)   Hash chain length 3.1 avg, 16 max, using 237865 of 262144 buckets.
                     ->  Seq Scan on part  (cost=0.00..30155.00 rows=2000000 width=25) (actual time=0.073..436.293 rows=2001127 loops=1)
                     ->  Hash  (cost=999585.74..999585.74 rows=756681 width=16) (actual time=974.522..974.523 rows=748754 loops=1)
                           Buckets: 262144  Batches: 1  Memory Usage: 39347kB
                           ->  Redistribute Motion 3:3  (slice2; segments: 3)  (cost=1107.94..999585.74 rows=756681 width=16) (actual time=157.725..792.421 rows=748754 loops=1)
                                 Hash Key: lineitem.l_partkey
                                 ->  Bitmap Heap Scan on lineitem  (cost=1107.94..984452.13 rows=756681 width=16) (actual time=157.941..658.036 rows=748419 loops=1)
                                       Recheck Cond: ((l_shipdate >= '1996-04-01'::date) AND (l_shipdate < '1996-05-01 00:00:00'::timestamp without time zone))
                                       Rows Removed by Index Recheck: 1275
                                       ->  Bitmap Index Scan on lineitem_l_shipdate_idx  (cost=0.00..918.77 rows=773325 width=0) (actual time=157.797..157.797 rows=35760 loops=1)
                                             Index Cond: ((l_shipdate >= '1996-04-01'::date) AND (l_shipdate < '1996-05-01 00:00:00'::timestamp without time zone))
 Optimizer: Postgres-based planner
 Planning Time: 16.431 ms
   (slice0)    Executor memory: 79K bytes.
   (slice1)    Executor memory: 41649K bytes avg x 3 workers, 41682K bytes max (seg0).  Work_mem: 39347K bytes max.
   (slice2)    Executor memory: 59592K bytes avg x 3 workers, 59613K bytes max (seg0).
 Memory used:  128000kB
 Execution Time: 3186.218 ms
(23 rows)

