                                                                                 QUERY PLAN                                                                                  
-----------------------------------------------------------------------------------------------------------------------------------------------------------------------------
 Gather Motion 3:1  (slice1; segments: 3)  (cost=12568940.92..12568945.49 rows=177 width=66)
   Merge Key: nation.n_name, (date_part('year'::text, (orders.o_orderdate)::timestamp without time zone))
   ->  GroupAggregate  (cost=12568940.92..12568943.13 rows=59 width=66)
         Group Key: nation.n_name, (date_part('year'::text, (orders.o_orderdate)::timestamp without time zone))
         ->  Sort  (cost=12568940.92..12568941.06 rows=59 width=57)
               Sort Key: nation.n_name, (date_part('year'::text, (orders.o_orderdate)::timestamp without time zone)) DESC
               ->  Redistribute Motion 3:3  (slice2; segments: 3)  (cost=10542299.14..12568939.18 rows=59 width=57)
                     Hash Key: nation.n_name, (date_part('year'::text, (orders.o_orderdate)::timestamp without time zone))
                     ->  Hash Join  (cost=10542299.14..12568938.00 rows=59 width=57)
                           Hash Cond: (supplier.s_nationkey = nation.n_nationkey)
                           ->  Hash Join  (cost=10542296.42..12568934.24 rows=59 width=31)
                                 Hash Cond: (orders.o_orderkey = lineitem.l_orderkey)
                                 ->  Seq Scan on orders  (cost=0.00..1970387.23 rows=15000000 width=12)
                                 ->  Hash  (cost=10542295.69..10542295.69 rows=59 width=35)
                                       ->  Redistribute Motion 3:3  (slice3; segments: 3)  (cost=1750576.76..10542295.69 rows=59 width=35)
                                             Hash Key: lineitem.l_orderkey
                                             ->  Hash Join  (cost=1750576.76..10542294.51 rows=59 width=35)
                                                   Hash Cond: (lineitem.l_suppkey = supplier.s_suppkey)
                                                   ->  Redistribute Motion 3:3  (slice4; segments: 3)  (cost=1733063.11..10524780.11 rows=59 width=39)
                                                         Hash Key: lineitem.l_suppkey
                                                         ->  Hash Join  (cost=1733063.11..10524778.93 rows=59 width=39)
                                                               Hash Cond: ((lineitem.l_suppkey = partsupp.ps_suppkey) AND (lineitem.l_partkey = partsupp.ps_partkey))
                                                               ->  Redistribute Motion 3:3  (slice5; segments: 3)  (cost=315484.46..9053968.46 rows=4632092 width=37)
                                                                     Hash Key: lineitem.l_partkey, lineitem.l_suppkey
                                                                     ->  Hash Join  (cost=315484.46..8961326.62 rows=4632092 width=37)
                                                                           Hash Cond: (lineitem.l_partkey = part.p_partkey)
                                                                           ->  Seq Scan on lineitem  (cost=0.00..8442022.66 rows=59999456 width=33)
                                                                           ->  Hash  (cost=309423.85..309423.85 rows=484848 width=4)
                                                                                 ->  Broadcast Motion 3:3  (slice6; segments: 3)  (cost=0.00..309423.85 rows=484848 width=4)
                                                                                       ->  Seq Scan on part  (cost=0.00..302959.20 rows=161616 width=4)
                                                                                             Filter: ((p_name)::text ~~ '%navajo%'::text)
                                                               ->  Hash  (cost=1287812.66..1287812.66 rows=8000000 width=14)
                                                                     ->  Seq Scan on partsupp  (cost=0.00..1287812.66 rows=8000000 width=14)
                                                   ->  Hash  (cost=16263.65..16263.65 rows=100000 width=8)
                                                         ->  Seq Scan on supplier  (cost=0.00..16263.65 rows=100000 width=8)
                           ->  Hash  (cost=2.40..2.40 rows=25 width=30)
                                 ->  Broadcast Motion 3:3  (slice7; segments: 3)  (cost=0.00..2.40 rows=25 width=30)
                                       ->  Seq Scan on nation  (cost=0.00..2.07 rows=8 width=30)
 Optimizer: Postgres-based planner
(39 rows)

