                                                                              QUERY PLAN                                                                               
-----------------------------------------------------------------------------------------------------------------------------------------------------------------------
 Gather Motion 3:1  (slice1; segments: 3)  (cost=8035161.32..8172685.77 rows=9707608 width=48)
   Merge Key: (sum((lineitem.l_extendedprice * ('1'::numeric - lineitem.l_discount)))), orders.o_orderdate
   ->  Sort  (cost=8035161.32..8043251.00 rows=3235869 width=48)
         Sort Key: (sum((lineitem.l_extendedprice * ('1'::numeric - lineitem.l_discount)))) DESC, orders.o_orderdate
         ->  HashAggregate  (cost=7614404.34..7660382.76 rows=3235869 width=48)
               Group Key: lineitem.l_orderkey, orders.o_orderdate, orders.o_shippriority
               Planned Partitions: 16
               ->  Redistribute Motion 3:3  (slice2; segments: 3)  (cost=6244943.24..7543746.10 rows=3235869 width=28)
                     Hash Key: orders.o_orderdate, lineitem.l_orderkey, orders.o_shippriority
                     ->  Hash Join  (cost=6244943.24..7479028.71 rows=3235869 width=28)
                           Hash Cond: (lineitem.l_orderkey = orders.o_orderkey)
                           ->  Bitmap Heap Scan on lineitem  (cost=4761269.98..5600662.93 rows=32192068 width=20)
                                 Recheck Cond: (l_shipdate > '1995-03-24'::date)
                                 ->  Bitmap Index Scan on lineitem_l_shipdate_idx  (cost=0.00..4753221.96 rows=32192068 width=0)
                                       Index Cond: (l_shipdate > '1995-03-24'::date)
                           ->  Hash  (cost=1421610.11..1421610.11 rows=4523292 width=16)
                                 ->  Broadcast Motion 3:3  (slice3; segments: 3)  (cost=1126438.86..1421610.11 rows=4523292 width=16)
                                       ->  Hash Join  (cost=1126438.86..1361299.55 rows=1507764 width=16)
                                             Hash Cond: (orders.o_custkey = customer.c_custkey)
                                             ->  Bitmap Heap Scan on orders  (cost=1034340.06..1234097.13 rows=7363328 width=20)
                                                   Recheck Cond: (o_orderdate < '1995-03-24'::date)
                                                   ->  Bitmap Index Scan on orders_o_orderdate_idx  (cost=0.00..1032499.22 rows=7363328 width=0)
                                                         Index Cond: (o_orderdate < '1995-03-24'::date)
                                             ->  Hash  (cost=80580.68..80580.68 rows=921450 width=4)
                                                   ->  Broadcast Motion 3:3  (slice4; segments: 3)  (cost=60522.30..80580.68 rows=921450 width=4)
                                                         ->  Bitmap Heap Scan on customer  (cost=60522.30..68294.68 rows=307150 width=4)
                                                               Recheck Cond: (c_mktsegment = 'HOUSEHOLD'::bpchar)
                                                               ->  Bitmap Index Scan on customer_c_mktsegment_c_custkey_idx  (cost=0.00..60445.51 rows=307150 width=0)
                                                                     Index Cond: (c_mktsegment = 'HOUSEHOLD'::bpchar)
 Optimizer: Postgres-based planner
(30 rows)

