                                                                       QUERY PLAN                                                                       
--------------------------------------------------------------------------------------------------------------------------------------------------------
 Gather Motion 3:1  (slice1; segments: 3)  (cost=2524430.58..2524431.14 rows=25 width=72)
   Merge Key: ("substring"((customer.c_phone)::text, 1, 2))
   InitPlan 1 (returns $0)  (slice4)
     ->  Finalize Aggregate  (cost=91102.05..91102.06 rows=1 width=32)
           ->  Gather Motion 3:1  (slice5; segments: 3)  (cost=91101.98..91102.03 rows=3 width=32)
                 ->  Partial Aggregate  (cost=91101.98..91101.99 rows=1 width=32)
                       ->  Bitmap Heap Scan on customer customer_1  (cost=76256.77..90111.95 rows=396014 width=6)
                             Recheck Cond: (("substring"((c_phone)::text, 1, 2) = ANY ('{25,30,13,20,17,19,32}'::text[])) AND (c_acctbal > 0.00))
                             ->  Bitmap Index Scan on customer_ios_test1  (cost=0.00..76157.77 rows=377988 width=0)
                                   Index Cond: (("substring"((c_phone)::text, 1, 2) = ANY ('{25,30,13,20,17,19,32}'::text[])) AND (c_acctbal > 0.00))
   ->  GroupAggregate  (cost=2524430.58..2524430.81 rows=8 width=72)
         Group Key: ("substring"((customer.c_phone)::text, 1, 2))
         ->  Sort  (cost=2524430.58..2524430.60 rows=8 width=38)
               Sort Key: ("substring"((customer.c_phone)::text, 1, 2))
               ->  Redistribute Motion 3:3  (slice2; segments: 3)  (cost=2500705.20..2524430.45 rows=8 width=38)
                     Hash Key: ("substring"((customer.c_phone)::text, 1, 2))
                     ->  Hash Anti Join  (cost=2500705.20..2524430.28 rows=8 width=38)
                           Hash Cond: (customer.c_custkey = orders.o_custkey)
                           ->  Bitmap Heap Scan on customer  (cost=28168.97..35732.35 rows=239543 width=26)
                                 Recheck Cond: (("substring"((c_phone)::text, 1, 2) = ANY ('{25,30,13,20,17,19,32}'::text[])) AND (c_acctbal > $0))
                                 ->  Bitmap Index Scan on customer_ios_test1  (cost=0.00..28109.09 rows=138300 width=0)
                                       Index Cond: (("substring"((c_phone)::text, 1, 2) = ANY ('{25,30,13,20,17,19,32}'::text[])) AND (c_acctbal > $0))
                           ->  Hash  (cost=2270387.23..2270387.23 rows=15000000 width=4)
                                 ->  Redistribute Motion 3:3  (slice3; segments: 3)  (cost=0.00..2270387.23 rows=15000000 width=4)
                                       Hash Key: orders.o_custkey
                                       ->  Seq Scan on orders  (cost=0.00..1970387.23 rows=15000000 width=4)
 Optimizer: Postgres-based planner
(27 rows)

