                                                                                        QUERY PLAN                                                                                         
-------------------------------------------------------------------------------------------------------------------------------------------------------------------------------------------
 Gather Motion 3:1  (slice1; segments: 3)  (cost=2802675.24..2802675.55 rows=22 width=192)
   Merge Key: supplier.s_acctbal, nation.n_name, supplier.s_name, part.p_partkey
   ->  Sort  (cost=2802675.24..2802675.26 rows=7 width=192)
         Sort Key: supplier.s_acctbal DESC, nation.n_name, supplier.s_name, part.p_partkey
         ->  Hash Join  (cost=1467061.68..2802675.13 rows=7 width=192)
               Hash Cond: (partsupp.ps_suppkey = supplier.s_suppkey)
               ->  Redistribute Motion 3:3  (slice2; segments: 3)  (cost=1449969.56..2785582.91 rows=7 width=34)
                     Hash Key: partsupp.ps_suppkey
                     ->  Hash Join  (cost=1449969.56..2785582.77 rows=7 width=34)
                           Hash Cond: ((partsupp.ps_partkey = part.p_partkey) AND (partsupp.ps_supplycost = (min(partsupp_1.ps_supplycost))))
                           ->  Seq Scan on partsupp  (cost=0.00..1287812.66 rows=8000000 width=14)
                           ->  Hash  (cost=1449363.95..1449363.95 rows=40374 width=66)
                                 ->  Broadcast Motion 3:3  (slice3; segments: 3)  (cost=1410537.93..1449363.95 rows=40374 width=66)
                                       ->  Hash Join  (cost=1410537.93..1448825.63 rows=13458 width=66)
                                             Hash Cond: (partsupp_1.ps_partkey = part.p_partkey)
                                             ->  HashAggregate  (cost=1400017.27..1417970.40 rows=1600000 width=36)
                                                   Group Key: partsupp_1.ps_partkey
                                                   Planned Partitions: 8
                                                   ->  Redistribute Motion 3:3  (slice4; segments: 3)  (cost=18392.12..1384204.77 rows=1600000 width=10)
                                                         Hash Key: partsupp_1.ps_partkey
                                                         ->  Hash Join  (cost=18392.12..1352204.77 rows=1600000 width=10)
                                                               Hash Cond: (partsupp_1.ps_suppkey = supplier_1.s_suppkey)
                                                               ->  Seq Scan on partsupp partsupp_1  (cost=0.00..1287812.66 rows=8000000 width=14)
                                                               ->  Hash  (cost=17642.12..17642.12 rows=60000 width=4)
                                                                     ->  Broadcast Motion 3:3  (slice5; segments: 3)  (cost=3.47..17642.12 rows=60000 width=4)
                                                                           ->  Hash Join  (cost=3.47..16842.12 rows=20000 width=4)
                                                                                 Hash Cond: (supplier_1.s_nationkey = nation_1.n_nationkey)
                                                                                 ->  Seq Scan on supplier supplier_1  (cost=0.00..16263.65 rows=100000 width=8)
                                                                                 ->  Hash  (cost=3.40..3.40 rows=5 width=4)
                                                                                       ->  Broadcast Motion 3:3  (slice6; segments: 3)  (cost=1.23..3.40 rows=5 width=4)
                                                                                             ->  Hash Join  (cost=1.23..3.34 rows=2 width=4)
                                                                                                   Hash Cond: (nation_1.n_regionkey = region_1.r_regionkey)
                                                                                                   ->  Seq Scan on nation nation_1  (cost=0.00..2.07 rows=8 width=8)
                                                                                                   ->  Hash  (cost=1.22..1.22 rows=1 width=4)
                                                                                                         ->  Broadcast Motion 3:3  (slice7; segments: 3)  (cost=0.00..1.22 rows=1 width=4)
                                                                                                               ->  Seq Scan on region region_1  (cost=0.00..1.20 rows=1 width=4)
                                                                                                                     Filter: (r_name = 'EUROPE'::bpchar)
                                             ->  Hash  (cost=10310.38..10310.38 rows=16822 width=30)
                                                   ->  Bitmap Heap Scan on part  (cost=6433.38..10310.38 rows=16822 width=30)
                                                         Recheck Cond: (p_size = 1)
                                                         Filter: ((p_type)::text ~~ '%NICKEL'::text)
                                                         ->  Bitmap Index Scan on part_p_size_idx  (cost=0.00..6429.17 rows=38400 width=0)
                                                               Index Cond: (p_size = 1)
               ->  Hash  (cost=16842.12..16842.12 rows=20000 width=166)
                     ->  Hash Join  (cost=3.47..16842.12 rows=20000 width=166)
                           Hash Cond: (supplier.s_nationkey = nation.n_nationkey)
                           ->  Seq Scan on supplier  (cost=0.00..16263.65 rows=100000 width=144)
                           ->  Hash  (cost=3.40..3.40 rows=5 width=30)
                                 ->  Broadcast Motion 3:3  (slice8; segments: 3)  (cost=1.23..3.40 rows=5 width=30)
                                       ->  Hash Join  (cost=1.23..3.34 rows=2 width=30)
                                             Hash Cond: (nation.n_regionkey = region.r_regionkey)
                                             ->  Seq Scan on nation  (cost=0.00..2.07 rows=8 width=34)
                                             ->  Hash  (cost=1.22..1.22 rows=1 width=4)
                                                   ->  Broadcast Motion 3:3  (slice9; segments: 3)  (cost=0.00..1.22 rows=1 width=4)
                                                         ->  Seq Scan on region  (cost=0.00..1.20 rows=1 width=4)
                                                               Filter: (r_name = 'EUROPE'::bpchar)
 Optimizer: Postgres-based planner
(57 rows)

