                                                                                                         QUERY PLAN                                                                                                         
----------------------------------------------------------------------------------------------------------------------------------------------------------------------------------------------------------------------------
 Gather Motion 3:1  (slice1; segments: 3)  (cost=4595380.98..4595381.08 rows=7 width=27)
   Merge Key: lineitem.l_shipmode
   ->  Sort  (cost=4595380.98..4595380.99 rows=2 width=27)
         Sort Key: lineitem.l_shipmode
         ->  Finalize HashAggregate  (cost=4595380.95..4595380.97 rows=2 width=27)
               Group Key: lineitem.l_shipmode
               ->  Redistribute Motion 3:3  (slice2; segments: 3)  (cost=4595380.68..4595380.89 rows=7 width=27)
                     Hash Key: lineitem.l_shipmode
                     ->  Partial HashAggregate  (cost=4595380.68..4595380.75 rows=7 width=27)
                           Group Key: lineitem.l_shipmode
                           ->  Hash Join  (cost=2422217.70..4551541.85 rows=2505076 width=27)
                                 Hash Cond: (orders.o_orderkey = lineitem.l_orderkey)
                                 ->  Seq Scan on orders  (cost=0.00..1970387.23 rows=15000000 width=24)
                                 ->  Hash  (cost=2387234.25..2387234.25 rows=2505076 width=19)
                                       ->  Redistribute Motion 3:3  (slice3; segments: 3)  (cost=915738.28..2387234.25 rows=2505076 width=19)
                                             Hash Key: lineitem.l_orderkey
                                             ->  Bitmap Heap Scan on lineitem  (cost=915738.28..2337132.73 rows=2505076 width=19)
                                                   Recheck Cond: ((l_commitdate < l_receiptdate) AND (l_shipdate < l_commitdate))
                                                   Filter: ((l_shipmode = ANY ('{AIR,SHIP}'::bpchar[])) AND (l_receiptdate >= '1996-01-01'::date) AND (l_receiptdate < '1997-01-01 00:00:00'::timestamp without time zone))
                                                   ->  Bitmap Index Scan on lineitem_l_orderkey_idx_part2  (cost=0.00..915112.01 rows=6666606 width=0)
 Optimizer: Postgres-based planner
(21 rows)

