CREATE VIEW
                                                                                   QUERY PLAN                                                                                   
--------------------------------------------------------------------------------------------------------------------------------------------------------------------------------
 Gather Motion 3:1  (slice1; segments: 3)  (cost=1435040.98..1435045.19 rows=297 width=103)
   Merge Key: supplier.s_suppkey
   InitPlan 1 (returns $0)  (slice3)
     ->  Finalize Aggregate  (cost=1414866.46..1414866.47 rows=1 width=32)
           ->  Gather Motion 3:1  (slice4; segments: 3)  (cost=1414866.40..1414866.45 rows=3 width=32)
                 ->  Partial Aggregate  (cost=1414866.40..1414866.41 rows=1 width=32)
                       ->  Finalize HashAggregate  (cost=1412391.82..1413629.11 rows=98983 width=36)
                             Group Key: lineitem_1.l_suppkey
                             ->  Redistribute Motion 3:3  (slice5; segments: 3)  (cost=1397696.85..1410164.87 rows=296927 width=36)
                                   Hash Key: lineitem_1.l_suppkey
                                   ->  Partial HashAggregate  (cost=1397696.85..1404226.33 rows=296927 width=36)
                                         Group Key: lineitem_1.l_suppkey
                                         ->  Bitmap Heap Scan on lineitem lineitem_1  (cost=384878.98..1363341.01 rows=2308424 width=16)
                                               Recheck Cond: ((l_shipdate >= '1997-05-01'::date) AND (l_shipdate < '1997-08-01 00:00:00'::timestamp without time zone))
                                               ->  Bitmap Index Scan on lineitem_l_shipdate_idx  (cost=0.00..384301.87 rows=2308424 width=0)
                                                     Index Cond: ((l_shipdate >= '1997-05-01'::date) AND (l_shipdate < '1997-08-01 00:00:00'::timestamp without time zone))
   ->  Sort  (cost=1435040.98..1435041.23 rows=99 width=103)
         Sort Key: supplier.s_suppkey
         ->  Hash Join  (cost=1418510.56..1435037.70 rows=99 width=103)
               Hash Cond: (supplier.s_suppkey = revenue0.supplier_no)
               ->  Seq Scan on supplier  (cost=0.00..16263.65 rows=100000 width=71)
               ->  Hash  (cost=1418509.33..1418509.33 rows=99 width=36)
                     ->  Subquery Scan on revenue0  (cost=1416196.19..1418509.33 rows=99 width=36)
                           ->  Finalize HashAggregate  (cost=1416196.19..1418508.34 rows=99 width=36)
                                 Group Key: lineitem.l_suppkey
                                 Filter: (sum((lineitem.l_extendedprice * ('1'::numeric - lineitem.l_discount))) = $0)
                                 ->  Redistribute Motion 3:3  (slice2; segments: 3)  (cost=1397696.85..1410164.87 rows=296927 width=36)
                                       Hash Key: lineitem.l_suppkey
                                       ->  Partial HashAggregate  (cost=1397696.85..1404226.33 rows=296927 width=36)
                                             Group Key: lineitem.l_suppkey
                                             ->  Bitmap Heap Scan on lineitem  (cost=384878.98..1363341.01 rows=2308424 width=16)
                                                   Recheck Cond: ((l_shipdate >= '1997-05-01'::date) AND (l_shipdate < '1997-08-01 00:00:00'::timestamp without time zone))
                                                   ->  Bitmap Index Scan on lineitem_l_shipdate_idx  (cost=0.00..384301.87 rows=2308424 width=0)
                                                         Index Cond: ((l_shipdate >= '1997-05-01'::date) AND (l_shipdate < '1997-08-01 00:00:00'::timestamp without time zone))
 Optimizer: Postgres-based planner
(35 rows)

DROP VIEW
