                                                                                     QUERY PLAN                                                                                      
-------------------------------------------------------------------------------------------------------------------------------------------------------------------------------------
 Finalize GroupAggregate  (cost=9914264.84..9915069.67 rows=2406 width=40)
   Group Key: (date_part('year'::text, (orders.o_orderdate)::timestamp without time zone))
   ->  Gather Motion 3:1  (slice1; segments: 3)  (cost=9914264.84..9914925.31 rows=7218 width=72)
         Merge Key: (date_part('year'::text, (orders.o_orderdate)::timestamp without time zone))
         ->  Partial GroupAggregate  (cost=9914264.84..9914829.07 rows=2406 width=72)
               Group Key: (date_part('year'::text, (orders.o_orderdate)::timestamp without time zone))
               ->  Sort  (cost=9914264.84..9914322.19 rows=22938 width=46)
                     Sort Key: (date_part('year'::text, (orders.o_orderdate)::timestamp without time zone))
                     ->  Hash Join  (cost=1298801.74..9912603.50 rows=22938 width=46)
                           Hash Cond: (supplier.s_nationkey = n2.n_nationkey)
                           ->  Hash Join  (cost=1298799.02..9912195.47 rows=22938 width=20)
                                 Hash Cond: (lineitem.l_suppkey = supplier.s_suppkey)
                                 ->  Redistribute Motion 3:3  (slice2; segments: 3)  (cost=1281285.37..9894392.23 rows=22938 width=20)
                                       Hash Key: lineitem.l_suppkey
                                       ->  Hash Join  (cost=1281285.37..9893933.47 rows=22938 width=20)
                                             Hash Cond: (lineitem.l_orderkey = orders.o_orderkey)
                                             ->  Redistribute Motion 3:3  (slice3; segments: 3)  (cost=6898.14..8617883.80 rows=382148 width=24)
                                                   Hash Key: lineitem.l_orderkey
                                                   ->  Hash Join  (cost=6898.14..8610240.85 rows=382148 width=24)
                                                         Hash Cond: (lineitem.l_partkey = part.p_partkey)
                                                         ->  Seq Scan on lineitem  (cost=0.00..8442022.66 rows=59999456 width=28)
                                                         ->  Hash  (cost=6398.14..6398.14 rows=40000 width=4)
                                                               ->  Broadcast Motion 3:3  (slice4; segments: 3)  (cost=2397.14..6398.14 rows=40000 width=4)
                                                                     ->  Bitmap Heap Scan on part  (cost=2397.14..5864.81 rows=13333 width=4)
                                                                           Recheck Cond: ((p_type)::text = 'LARGE PLATED COPPER'::text)
                                                                           ->  Bitmap Index Scan on part_p_type_p_partkey_idx  (cost=0.00..2393.81 rows=13333 width=0)
                                                                                 Index Cond: ((p_type)::text = 'LARGE PLATED COPPER'::text)
                                             ->  Hash  (cost=1263132.72..1263132.72 rows=900361 width=12)
                                                   ->  Hash Join  (cost=1005914.38..1263132.72 rows=900361 width=12)
                                                         Hash Cond: (orders.o_custkey = customer.c_custkey)
                                                         ->  Bitmap Heap Scan on orders  (cost=709283.82..940616.79 rows=4501804 width=16)
                                                               Recheck Cond: ((o_orderdate >= '1995-01-01'::date) AND (o_orderdate <= '1996-12-31'::date))
                                                               ->  Bitmap Index Scan on orders_o_orderdate_idx  (cost=0.00..708158.37 rows=4501804 width=0)
                                                                     Index Cond: ((o_orderdate >= '1995-01-01'::date) AND (o_orderdate <= '1996-12-31'::date))
                                                         ->  Hash  (cost=285380.56..285380.56 rows=900000 width=4)
                                                               ->  Broadcast Motion 3:3  (slice5; segments: 3)  (cost=3.47..285380.56 rows=900000 width=4)
                                                                     ->  Hash Join  (cost=3.47..273380.56 rows=300000 width=4)
                                                                           Hash Cond: (customer.c_nationkey = n1.n_nationkey)
                                                                           ->  Seq Scan on customer  (cost=0.00..264752.09 rows=1500000 width=8)
                                                                           ->  Hash  (cost=3.40..3.40 rows=5 width=4)
                                                                                 ->  Broadcast Motion 3:3  (slice6; segments: 3)  (cost=1.23..3.40 rows=5 width=4)
                                                                                       ->  Hash Join  (cost=1.23..3.34 rows=2 width=4)
                                                                                             Hash Cond: (n1.n_regionkey = region.r_regionkey)
                                                                                             ->  Seq Scan on nation n1  (cost=0.00..2.07 rows=8 width=8)
                                                                                             ->  Hash  (cost=1.22..1.22 rows=1 width=4)
                                                                                                   ->  Broadcast Motion 3:3  (slice7; segments: 3)  (cost=0.00..1.22 rows=1 width=4)
                                                                                                         ->  Seq Scan on region  (cost=0.00..1.20 rows=1 width=4)
                                                                                                               Filter: (r_name = 'AFRICA'::bpchar)
                                 ->  Hash  (cost=16263.65..16263.65 rows=100000 width=8)
                                       ->  Seq Scan on supplier  (cost=0.00..16263.65 rows=100000 width=8)
                           ->  Hash  (cost=2.40..2.40 rows=25 width=30)
                                 ->  Broadcast Motion 3:3  (slice8; segments: 3)  (cost=0.00..2.40 rows=25 width=30)
                                       ->  Seq Scan on nation n2  (cost=0.00..2.07 rows=8 width=30)
 Optimizer: Postgres-based planner
(54 rows)

