                                                                        QUERY PLAN                                                                        
----------------------------------------------------------------------------------------------------------------------------------------------------------
 Gather Motion 3:1  (slice1; segments: 3)  (cost=1375713.92..1375714.23 rows=22 width=44)
   Merge Key: (count(DISTINCT partsupp.ps_suppkey)), part.p_brand, part.p_type, part.p_size
   ->  Sort  (cost=1375713.92..1375713.94 rows=7 width=44)
         Sort Key: (count(DISTINCT partsupp.ps_suppkey)) DESC, part.p_brand, part.p_type, part.p_size
         ->  GroupAggregate  (cost=1375713.65..1375713.81 rows=7 width=44)
               Group Key: part.p_brand, part.p_type, part.p_size
               ->  Sort  (cost=1375713.65..1375713.67 rows=7 width=40)
                     Sort Key: part.p_brand, part.p_type, part.p_size
                     ->  Redistribute Motion 3:3  (slice2; segments: 3)  (cost=67898.26..1375713.55 rows=7 width=40)
                           Hash Key: part.p_brand, part.p_type, part.p_size
                           ->  Hash Join  (cost=67898.26..1375713.40 rows=7 width=40)
                                 Hash Cond: (partsupp.ps_partkey = part.p_partkey)
                                 ->  Redistribute Motion 3:3  (slice3; segments: 3)  (cost=49.62..1307864.67 rows=8 width=8)
                                       Hash Key: partsupp.ps_partkey
                                       ->  Hash Left Anti Semi (Not-In) Join  (cost=49.62..1307864.51 rows=8 width=8)
                                             Hash Cond: (partsupp.ps_suppkey = supplier.s_suppkey)
                                             ->  Seq Scan on partsupp  (cost=0.00..1287812.66 rows=8000000 width=8)
                                             ->  Hash  (cost=49.25..49.25 rows=30 width=4)
                                                   ->  Broadcast Motion 3:3  (slice4; segments: 3)  (cost=0.14..49.25 rows=30 width=4)
                                                         ->  Index Scan using supplier_s_suppkey_idx_like on supplier  (cost=0.14..48.85 rows=10 width=4)
                                 ->  Hash  (cost=63998.75..63998.75 rows=307991 width=40)
                                       ->  Bitmap Heap Scan on part  (cost=52759.42..63998.75 rows=307991 width=40)
                                             Recheck Cond: (p_size = ANY ('{3,45,14,32,41,8,21,15}'::integer[]))
                                             Filter: ((p_brand <> 'Brand#55'::bpchar) AND ((p_type)::text !~~ 'LARGE ANODIZED%'::text))
                                             ->  Bitmap Index Scan on part_p_size_idx  (cost=0.00..52682.42 rows=317533 width=0)
                                                   Index Cond: (p_size = ANY ('{3,45,14,32,41,8,21,15}'::integer[]))
 Optimizer: Postgres-based planner
(27 rows)

