                                                                                                              QUERY PLAN                                                                                                              
--------------------------------------------------------------------------------------------------------------------------------------------------------------------------------------------------------------------------------------
 Limit  (cost=1514105.55..1514105.84 rows=20 width=201) (actual time=54743.804..54743.822 rows=20 loops=1)
   ->  Gather Motion 3:1  (slice1; segments: 3)  (cost=1514105.55..1514106.40 rows=60 width=201) (actual time=54743.802..54743.817 rows=20 loops=1)
         Merge Key: (sum((lineitem.l_extendedprice * ('1'::numeric - lineitem.l_discount))))
         ->  Limit  (cost=1514105.55..1514105.60 rows=20 width=201) (actual time=54662.819..54684.123 rows=20 loops=1)
               ->  Sort  (cost=1513973.06..1515297.97 rows=529962 width=201) (actual time=54662.818..54662.823 rows=20 loops=1)
                     Sort Key: (sum((lineitem.l_extendedprice * ('1'::numeric - lineitem.l_discount)))) DESC
                     Sort Method:  top-N heapsort  Memory: 100kB
                     Executor Memory: 177kB  Segments: 3  Max: 59kB (segment 0)
                     ->  HashAggregate  (cost=1489882.42..1499870.96 rows=529962 width=201) (actual time=52696.612..54528.728 rows=383465 loops=1)
                           Group Key: customer.c_custkey, customer.c_name, customer.c_acctbal, customer.c_phone, nation.n_name, customer.c_address, customer.c_comment
                           Planned Partitions: 8
                           Extra Text: (seg0)   hash table(s): 1; 382397 groups total in 8 batches, 7698464 spill partitions; disk usage: 194176KB; chain length 2.2 avg, 9 max; using 382397 of 1179648 buckets; total 0 expansions.
 
                           ->  Hash Join  (cost=1420135.19..1463177.30 rows=529962 width=181) (actual time=47900.077..50783.890 rows=1146024 loops=1)
                                 Hash Cond: (customer.c_nationkey = nation.n_nationkey)
                                 Extra Text: (seg2)   Hash chain length 1.0 avg, 1 max, using 25 of 131072 buckets.
                                 ->  Hash Join  (cost=1420133.46..1456460.95 rows=529962 width=159) (actual time=47899.766..50363.860 rows=1146024 loops=1)
                                       Hash Cond: (customer.c_custkey = orders.o_custkey)
                                       Extra Text: (seg2)   Initial batch 0:
 (seg2)     Wrote 20956K bytes to inner workfile.
 (seg2)     Wrote 125291K bytes to outer workfile.
 (seg2)   Overflow batch 1:
 (seg2)     Read 20956K bytes from inner workfile.
 (seg2)     Read 125291K bytes from outer workfile.
 (seg2)   Work file set: 1 files (0 compressed), max file size 21430272, min file size 32768, compression buffer size 0 bytes
 (seg2)   Hash chain length 4.2 avg, 41 max, using 272306 of 524288 buckets.
                                       ->  Seq Scan on customer  (cost=0.00..23340.00 rows=1500000 width=147) (actual time=0.428..743.129 rows=1501094 loops=1)
                                       ->  Hash  (cost=1413508.94..1413508.94 rows=529962 width=16) (actual time=47898.807..47898.807 rows=1146024 loops=1)
                                             Buckets: 262144 (originally 262144)  Batches: 2 (originally 1)  Memory Usage: 40453kB
                                             ->  Redistribute Motion 3:3  (slice2; segments: 3)  (cost=320373.33..1413508.94 rows=529962 width=16) (actual time=12656.435..47585.968 rows=1146024 loops=1)
                                                   Hash Key: orders.o_custkey
                                                   ->  Hash Join  (cost=320373.33..1402909.69 rows=529962 width=16) (actual time=11980.480..47208.547 rows=1145273 loops=1)
                                                         Hash Cond: (lineitem.l_orderkey = orders.o_orderkey)
                                                         Extra Text: (seg0)   Initial batch 0:
 (seg0)     Wrote 30237K bytes to inner workfile.
 (seg0)     Wrote 318182K bytes to outer workfile.
 (seg0)   Initial batch 1:
 (seg0)     Read 30237K bytes from inner workfile.
 (seg0)     Read 318182K bytes from outer workfile.
 (seg0)   Work file set: 1 files (0 compressed), max file size 30932992, min file size 32768, compression buffer size 0 bytes
 (seg0)   Hash chain length 3.4 avg, 14 max, using 504462 of 524288 buckets.
                                                         ->  Seq Scan on lineitem  (cost=0.00..1034421.20 rows=14851866 width=20) (actual time=0.534..35827.695 rows=14812123 loops=1)
                                                               Filter: (l_returnflag = 'R'::bpchar)
                                                               Rows Removed by Filter: 45191187
                                                         ->  Hash  (cost=300301.53..300301.53 rows=1605744 width=12) (actual time=925.550..925.550 rows=1718066 loops=1)
                                                               Buckets: 262144  Batches: 2  Memory Usage: 42267kB
                                                               ->  Broadcast Motion 3:3  (slice3; segments: 3)  (cost=20131.44..300301.53 rows=1605744 width=12) (actual time=95.148..563.810 rows=1718066 loops=1)
                                                                     ->  Bitmap Heap Scan on orders  (cost=20131.44..278891.61 rows=535248 width=12) (actual time=97.601..425.039 rows=572976 loops=1)
                                                                           Recheck Cond: ((o_orderdate >= '1993-10-01'::date) AND (o_orderdate < '1994-01-01 00:00:00'::timestamp without time zone))
                                                                           ->  Bitmap Index Scan on orders_o_orderdate_idx  (cost=0.00..19997.63 rows=535248 width=0) (actual time=94.688..94.688 rows=572976 loops=1)
                                                                                 Index Cond: ((o_orderdate >= '1993-10-01'::date) AND (o_orderdate < '1994-01-01 00:00:00'::timestamp without time zone))
                                 ->  Hash  (cost=1.42..1.42 rows=25 width=30) (actual time=0.026..0.026 rows=25 loops=1)
                                       Buckets: 131072  Batches: 1  Memory Usage: 1026kB
                                       ->  Broadcast Motion 3:3  (slice4; segments: 3)  (cost=0.00..1.42 rows=25 width=30) (actual time=0.007..0.015 rows=25 loops=1)
                                             ->  Seq Scan on nation  (cost=0.00..1.08 rows=8 width=30) (actual time=0.564..0.570 rows=10 loops=1)
 Optimizer: Postgres-based planner
 Planning Time: 7.324 ms
   (slice0)    Executor memory: 3242K bytes.
 * (slice1)    Executor memory: 62743K bytes avg x 3 workers, 62797K bytes max (seg1).  Work_mem: 44305K bytes max, 240657K bytes wanted.
 * (slice2)    Executor memory: 42726K bytes avg x 3 workers, 42726K bytes max (seg0).  Work_mem: 42267K bytes max, 82583K bytes wanted.
   (slice3)    Executor memory: 2447K bytes avg x 3 workers, 2447K bytes max (seg0).
   (slice4)    Executor memory: 183K bytes avg x 3 workers, 183K bytes max (seg0).
 Memory used:  128000kB
 Memory wanted:  1445236kB
 Execution Time: 54756.261 ms
(65 rows)

