                                                                                                                                QUERY PLAN                                                                                                                                 
---------------------------------------------------------------------------------------------------------------------------------------------------------------------------------------------------------------------------------------------------------------------------
 Gather Motion 3:1  (slice1; segments: 3)  (cost=1820112.77..1820112.83 rows=5 width=51) (actual time=56033.905..56039.010 rows=5418 loops=1)
   Merge Key: supplier.s_name
   ->  Sort  (cost=1820112.77..1820112.77 rows=2 width=51) (actual time=56032.809..56032.982 rows=1854 loops=1)
         Sort Key: supplier.s_name
         Sort Method:  quicksort  Memory: 817kB
         Executor Memory: 698kB  Segments: 3  Max: 239kB (segment 2)
         ->  Hash Join  (cost=1820112.64..1820112.76 rows=2 width=51) (actual time=56009.767..56027.295 rows=1854 loops=1)
               Hash Cond: (supplier.s_nationkey = nation.n_nationkey)
               Extra Text: (seg2)   Hash chain length 1.0 avg, 1 max, using 1 of 131072 buckets.
               ->  HashAggregate  (cost=1820111.51..1820111.58 rows=8 width=55) (actual time=56006.805..56019.130 rows=45026 loops=1)
                     Group Key: (RowIdExpr)
                     Extra Text: (seg0)   hash table(s): 1; chain length 3.4 avg, 15 max; using 44550 of 65536 buckets; total 13 expansions.
 
                     ->  Redistribute Motion 3:3  (slice2; segments: 3)  (cost=1818353.36..1820111.49 rows=8 width=55) (actual time=55836.115..55953.436 rows=59277 loops=1)
                           Hash Key: (RowIdExpr)
                           ->  Hash Join  (cost=1818353.36..1820111.33 rows=8 width=55) (actual time=55837.295..55953.585 rows=59189 loops=1)
                                 Hash Cond: (supplier.s_suppkey = lineitem.l_suppkey)
                                 Extra Text: (seg2)   Hash chain length 1.6 avg, 11 max, using 37768 of 131072 buckets.
                                 ->  Seq Scan on supplier  (cost=0.00..1507.00 rows=100000 width=59) (actual time=0.530..65.179 rows=100172 loops=1)
                                 ->  Hash  (cost=1818353.26..1818353.26 rows=8 width=8) (actual time=55835.884..55835.884 rows=59189 loops=1)
                                       Buckets: 131072  Batches: 1  Memory Usage: 3337kB
                                       ->  Redistribute Motion 3:3  (slice3; segments: 3)  (cost=1651415.59..1818353.26 rows=8 width=8) (actual time=40628.038..55822.083 rows=59189 loops=1)
                                             Hash Key: lineitem.l_suppkey
                                             ->  Hash Join  (cost=1651415.59..1818353.10 rows=8 width=8) (actual time=40262.937..55803.921 rows=59252 loops=1)
                                                   Hash Cond: ((lineitem.l_partkey = partsupp.ps_partkey) AND (lineitem.l_suppkey = partsupp.ps_suppkey))
                                                   Join Filter: ((partsupp.ps_availqty)::numeric > ((0.5 * sum(lineitem.l_quantity))))
                                                   Rows Removed by Join Filter: 106
                                                   Extra Text: (seg1)   Hash chain length 1.4 avg, 6 max, using 63513 of 131072 buckets.
                                                   ->  HashAggregate  (cost=1473444.73..1556359.36 rows=4801303 width=40) (actual time=34703.698..48846.676 rows=5454993 loops=1)
                                                         Group Key: lineitem.l_partkey, lineitem.l_suppkey
                                                         Planned Partitions: 16
                                                         Extra Text: (seg0)   hash table(s): 1; 5450732 groups total in 184 batches, 142809432 spill partitions; disk usage: 321312KB; chain length 2.1 avg, 7 max; using 5450732 of 48496640 buckets; total 0 expansions.
 
                                                         ->  Redistribute Motion 3:3  (slice4; segments: 3)  (cost=0.00..1362924.96 rows=8925256 width=13) (actual time=4092.252..30781.500 rows=9107045 loops=1)
                                                               Hash Key: lineitem.l_partkey, lineitem.l_suppkey
                                                               ->  Seq Scan on lineitem  (cost=0.00..1184419.84 rows=8925256 width=13) (actual time=8035.959..36451.606 rows=9103540 loops=1)
                                                                     Filter: ((l_shipdate >= '1994-01-01'::date) AND (l_shipdate < '1995-01-01 00:00:00'::timestamp without time zone))
                                                                     Rows Removed by Filter: 50899770
                                                   ->  Hash  (cost=176758.74..176758.74 rows=80808 width=16) (actual time=5490.853..5490.855 rows=87103 loops=1)
                                                         Buckets: 131072  Batches: 1  Memory Usage: 5107kB
                                                         ->  Hash Join  (cost=36118.66..176758.74 rows=80808 width=16) (actual time=1019.872..5450.659 rows=87103 loops=1)
                                                               Hash Cond: (partsupp.ps_partkey = part.p_partkey)
                                                               Extra Text: (seg0)   Hash chain length 1.3 avg, 6 max, using 51274 of 131072 buckets.
                                                               ->  Seq Scan on partsupp  (cost=0.00..118832.00 rows=8000000 width=12) (actual time=0.620..3228.355 rows=8004645 loops=1)
                                                               ->  Hash  (cost=35361.08..35361.08 rows=60606 width=4) (actual time=1018.862..1018.862 rows=65115 loops=1)
                                                                     Buckets: 131072  Batches: 1  Memory Usage: 3314kB
                                                                     ->  Broadcast Motion 3:3  (slice5; segments: 3)  (cost=0.00..35361.08 rows=60606 width=4) (actual time=16.645..1004.665 rows=65115 loops=1)
                                                                           ->  Seq Scan on part  (cost=0.00..34553.00 rows=20202 width=4) (actual time=0.707..1011.171 rows=21944 loops=1)
                                                                                 Filter: ((p_name)::text ~~ 'smoke%'::text)
                                                                                 Rows Removed by Filter: 1977490
               ->  Hash  (cost=1.12..1.12 rows=1 width=4) (actual time=2.252..2.252 rows=1 loops=1)
                     Buckets: 131072  Batches: 1  Memory Usage: 1025kB
                     ->  Broadcast Motion 3:3  (slice6; segments: 3)  (cost=0.00..1.12 rows=1 width=4) (actual time=0.983..2.245 rows=1 loops=1)
                           ->  Seq Scan on nation  (cost=0.00..1.10 rows=1 width=4) (actual time=0.593..0.597 rows=1 loops=1)
                                 Filter: (n_name = 'MOROCCO'::bpchar)
                                 Rows Removed by Filter: 5
 Optimizer: Postgres-based planner
 Planning Time: 20.268 ms
   (slice0)    Executor memory: 6317K bytes.
 * (slice1)    Executor memory: 8220K bytes avg x 3 workers, 8255K bytes max (seg2).  Work_mem: 9769K bytes max, 9769K bytes wanted.
   (slice2)    Executor memory: 3567K bytes avg x 3 workers, 3578K bytes max (seg0).  Work_mem: 3337K bytes max.
 * (slice3)    Executor memory: 27162K bytes avg x 3 workers, 27172K bytes max (seg0).  Work_mem: 39441K bytes max, 2529297K bytes wanted.
   (slice4)    Executor memory: 209K bytes avg x 3 workers, 209K bytes max (seg0).
   (slice5)    Executor memory: 198K bytes avg x 3 workers, 198K bytes max (seg0).
   (slice6)    Executor memory: 185K bytes avg x 3 workers, 185K bytes max (seg0).
 Memory used:  128000kB
 Memory wanted:  17706572kB
 Execution Time: 56061.897 ms
(68 rows)

