                                                                                                  QUERY PLAN                                                                                                   
---------------------------------------------------------------------------------------------------------------------------------------------------------------------------------------------------------------
 Gather Motion 3:1  (slice1; segments: 3)  (cost=167049.11..167049.42 rows=22 width=44) (actual time=19982.676..20010.010 rows=27840 loops=1)
   Merge Key: (count(DISTINCT partsupp.ps_suppkey)), part.p_brand, part.p_type, part.p_size
   ->  Sort  (cost=167049.11..167049.13 rows=7 width=44) (actual time=19981.379..19982.364 rows=9382 loops=1)
         Sort Key: (count(DISTINCT partsupp.ps_suppkey)) DESC, part.p_brand, part.p_type, part.p_size
         Sort Method:  quicksort  Memory: 3570kB
         Executor Memory: 2935kB  Segments: 3  Max: 985kB (segment 0)
         ->  GroupAggregate  (cost=167048.84..167049.01 rows=7 width=44) (actual time=18918.424..19963.491 rows=9382 loops=1)
               Group Key: part.p_brand, part.p_type, part.p_size
               ->  Sort  (cost=167048.84..167048.86 rows=7 width=40) (actual time=18918.310..19442.664 rows=1199737 loops=1)
                     Sort Key: part.p_brand, part.p_type, part.p_size
                     Sort Method:  external merge  Disk: 181408kB
                     Executor Memory: 127259kB  Segments: 3  Max: 42420kB (segment 0)
                     ->  Redistribute Motion 3:3  (slice2; segments: 3)  (cost=148179.14..167048.74 rows=7 width=40) (actual time=9073.004..16432.948 rows=1199737 loops=1)
                           Hash Key: part.p_brand, part.p_type, part.p_size
                           ->  Hash Join  (cost=148179.14..167048.59 rows=7 width=40) (actual time=9070.312..11628.910 rows=1187209 loops=1)
                                 Hash Cond: (part.p_partkey = partsupp.ps_partkey)
                                 Extra Text: (seg2)   Initial batch 0:
 (seg2)     Wrote 191332K bytes to inner workfile.
 (seg2)     Wrote 15712K bytes to outer workfile.
 (seg2)   Overflow batches 1..7:
 (seg2)     Read 240867K bytes from inner workfile: 34410K avg x 7 nonempty batches, 55659K max.
 (seg2)     Wrote 49535K bytes to inner workfile: 16512K avg x 3 overflowing batches, 28249K max.
 (seg2)     Read 15712K bytes from outer workfile: 2245K avg x 7 nonempty batches, 2263K max.
 (seg2)   Work file set: 7 files (0 compressed), max file size 56983552, min file size 32768, compression buffer size 0 bytes
 (seg2)   Hash chain length 6.2 avg, 36 max, using 1290228 of 2097152 buckets.
                                 ->  Bitmap Heap Scan on part  (cost=9335.07..27024.73 rows=314591 width=40) (actual time=36.237..283.893 rows=296961 loops=1)
                                       Recheck Cond: (p_size = ANY ('{3,45,14,32,41,8,21,15}'::integer[]))
                                       Filter: ((p_brand <> 'Brand#55'::bpchar) AND ((p_type)::text !~~ 'LARGE ANODIZED%'::text))
                                       Rows Removed by Filter: 22986
                                       ->  Bitmap Index Scan on part_p_size_idx  (cost=0.00..9256.42 rows=325467 width=0) (actual time=34.226..34.227 rows=319947 loops=1)
                                             Index Cond: (p_size = ANY ('{3,45,14,32,41,8,21,15}'::integer[]))
                                 ->  Hash  (cost=138843.97..138843.97 rows=8 width=8) (actual time=9034.465..9034.466 rows=8000358 loops=1)
                                       Buckets: 262144 (originally 131072)  Batches: 8 (originally 1)  Memory Usage: 41232kB
                                       ->  Redistribute Motion 3:3  (slice3; segments: 3)  (cost=9.57..138843.97 rows=8 width=8) (actual time=4.548..7274.128 rows=8000358 loops=1)
                                             Hash Key: partsupp.ps_partkey
                                             ->  Hash Left Anti Semi (Not-In) Join  (cost=9.57..138843.80 rows=8 width=8) (actual time=4.523..5712.340 rows=8000604 loops=1)
                                                   Hash Cond: (partsupp.ps_suppkey = supplier.s_suppkey)
                                                   Extra Text: (seg1)   Hash chain length 1.0 avg, 1 max, using 155 of 131072 buckets.
                                                   ->  Seq Scan on partsupp  (cost=0.00..118832.00 rows=8000000 width=8) (actual time=0.429..3506.054 rows=8004645 loops=1)
                                                   ->  Hash  (cost=9.20..9.20 rows=30 width=4) (actual time=4.061..4.062 rows=155 loops=1)
                                                         Buckets: 131072  Batches: 1  Memory Usage: 1030kB
                                                         ->  Broadcast Motion 3:3  (slice4; segments: 3)  (cost=0.14..9.20 rows=30 width=4) (actual time=3.323..4.013 rows=155 loops=1)
                                                               ->  Index Only Scan using supplier_s_suppkey_idx_like on supplier  (cost=0.14..8.80 rows=10 width=4) (actual time=3.448..3.495 rows=60 loops=1)
                                                                     Heap Fetches: 0
 Optimizer: Postgres-based planner
 Planning Time: 4.828 ms
   (slice0)    Executor memory: 151K bytes.
 * (slice1)    Executor memory: 43398K bytes avg x 3 workers, 43404K bytes max (seg0).  Work_mem: 42420K bytes max, 152255K bytes wanted.
 * (slice2)    Executor memory: 44133K bytes avg x 3 workers, 44197K bytes max (seg0).  Work_mem: 41232K bytes max, 314562K bytes wanted.
   (slice3)    Executor memory: 1264K bytes avg x 3 workers, 1264K bytes max (seg0).  Work_mem: 1030K bytes max.
   (slice4)    Executor memory: 170K bytes avg x 3 workers, 170K bytes max (seg0).
 Memory used:  128000kB
 Memory wanted:  1888271kB
 Execution Time: 20027.361 ms
(54 rows)

