CREATE VIEW
                                                                                                                       QUERY PLAN                                                                                                                       
--------------------------------------------------------------------------------------------------------------------------------------------------------------------------------------------------------------------------------------------------------
 Gather Motion 3:1  (slice1; segments: 3)  (cost=1225792.61..1225797.05 rows=313 width=103) (actual time=38692.344..38692.349 rows=1 loops=1)
   Merge Key: supplier.s_suppkey
   InitPlan 1 (returns $0)  (slice3)
     ->  Finalize Aggregate  (cost=1223232.81..1223232.82 rows=1 width=32) (actual time=38891.807..38891.807 rows=1 loops=1)
           ->  Gather Motion 3:1  (slice4; segments: 3)  (cost=1223232.75..1223232.80 rows=3 width=32) (actual time=38891.588..38891.796 rows=3 loops=1)
                 ->  Partial Aggregate  (cost=1223232.75..1223232.76 rows=1 width=32) (actual time=38888.699..38888.700 rows=1 loops=1)
                       ->  Finalize HashAggregate  (cost=1220620.68..1221926.72 rows=104483 width=36) (actual time=38620.906..38879.109 rows=100172 loops=1)
                             Group Key: lineitem_1.l_suppkey
                             Extra Text: (seg0)   hash table(s): 1; 99877 groups total in 4 batches, 620408 spill partitions; disk usage: 14048KB; chain length 2.2 avg, 7 max; using 99877 of 655360 buckets; total 0 expansions.
 
                             ->  Redistribute Motion 3:3  (slice5; segments: 3)  (cost=1208084.05..1218270.06 rows=313416 width=36) (actual time=35786.123..38240.895 rows=300379 loops=1)
                                   Hash Key: lineitem_1.l_suppkey
                                   ->  Partial HashAggregate  (cost=1208084.05..1212001.75 rows=313416 width=36) (actual time=35921.102..38492.675 rows=299862 loops=1)
                                         Group Key: lineitem_1.l_suppkey
                                         Extra Text: (seg0)   hash table(s): 1; 299859 groups total in 20 batches, 7424108 spill partitions; disk usage: 77632KB; chain length 2.1 avg, 5 max; using 299859 of 5505024 buckets; total 0 expansions.
 
                                         ->  Seq Scan on lineitem lineitem_1  (cost=0.00..1184419.84 rows=2366421 width=16) (actual time=24445.290..33572.199 rows=2295994 loops=1)
                                               Filter: ((l_shipdate >= '1997-05-01'::date) AND (l_shipdate < '1997-08-01 00:00:00'::timestamp without time zone))
                                               Rows Removed by Filter: 57697108
   ->  Sort  (cost=1225792.61..1225792.87 rows=104 width=103) (actual time=38691.592..38691.597 rows=1 loops=1)
         Sort Key: supplier.s_suppkey
         Sort Method:  quicksort  Memory: 75kB
         Executor Memory: 177kB  Segments: 3  Max: 59kB (segment 0)
         ->  Hash Join  (cost=1224018.56..1225789.10 rows=104 width=103) (actual time=38654.014..38691.490 rows=1 loops=1)
               Hash Cond: (supplier.s_suppkey = revenue0.supplier_no)
               Extra Text: (seg0)   Hash chain length 1.0 avg, 1 max, using 1 of 65536 buckets.
               ->  Seq Scan on supplier  (cost=0.00..1507.00 rows=100000 width=71) (actual time=0.357..40.039 rows=99877 loops=1)
               ->  Hash  (cost=1224017.25..1224017.25 rows=104 width=36) (actual time=38636.532..38636.533 rows=1 loops=1)
                     Buckets: 65536  Batches: 1  Memory Usage: 513kB
                     ->  Subquery Scan on revenue0  (cost=1222187.76..1224017.25 rows=104 width=36) (actual time=38578.461..38636.526 rows=1 loops=1)
                           ->  Finalize HashAggregate  (cost=1222187.76..1224016.21 rows=104 width=36) (actual time=38578.459..38636.521 rows=1 loops=1)
                                 Group Key: lineitem.l_suppkey
                                 Filter: (sum((lineitem.l_extendedprice * ('1'::numeric - lineitem.l_discount))) = $0)
                                 Rows Removed by Filter: 99876
                                 Extra Text: (seg0)   hash table(s): 1; 99877 groups total in 4 batches, 630224 spill partitions; disk usage: 14080KB; chain length 2.2 avg, 7 max; using 99877 of 655360 buckets; total 0 expansions.
 
                                 ->  Redistribute Motion 3:3  (slice2; segments: 3)  (cost=1208084.05..1218270.06 rows=313416 width=36) (actual time=35640.860..38001.995 rows=300379 loops=1)
                                       Hash Key: lineitem.l_suppkey
                                       ->  Partial HashAggregate  (cost=1208084.05..1212001.75 rows=313416 width=36) (actual time=35691.688..38245.840 rows=299862 loops=1)
                                             Group Key: lineitem.l_suppkey
                                             Extra Text: (seg0)   hash table(s): 1; 299859 groups total in 20 batches, 7424108 spill partitions; disk usage: 77632KB; chain length 2.1 avg, 5 max; using 299859 of 5505024 buckets; total 0 expansions.
 
                                             ->  Seq Scan on lineitem  (cost=0.00..1184419.84 rows=2366421 width=16) (actual time=24356.226..33430.642 rows=2295994 loops=1)
                                                   Filter: ((l_shipdate >= '1997-05-01'::date) AND (l_shipdate < '1997-08-01 00:00:00'::timestamp without time zone))
                                                   Rows Removed by Filter: 57697108
 Optimizer: Postgres-based planner
 Planning Time: 8.169 ms
   (slice0)    Executor memory: 18598K bytes.
 * (slice1)    Executor memory: 16522K bytes avg x 3 workers, 16529K bytes max (seg2).  Work_mem: 35985K bytes max, 68625K bytes wanted.
 * (slice2)    Executor memory: 16949K bytes avg x 3 workers, 16949K bytes max (seg0).  Work_mem: 30897K bytes max, 137233K bytes wanted.
   (slice3)    Executor memory: 18565K bytes.
 * (slice4)    Executor memory: 16057K bytes avg x 3 workers, 16062K bytes max (seg0).  Work_mem: 35985K bytes max, 68625K bytes wanted.
 * (slice5)    Executor memory: 16949K bytes avg x 3 workers, 16949K bytes max (seg0).  Work_mem: 30897K bytes max, 137233K bytes wanted.
 Memory used:  128000kB
 Memory wanted:  824492kB
 Execution Time: 77603.753 ms
(56 rows)

DROP VIEW
