                                                                                         QUERY PLAN                                                                                         
--------------------------------------------------------------------------------------------------------------------------------------------------------------------------------------------
 Finalize GroupAggregate  (cost=1636036.63..1638099.15 rows=9639 width=92) (actual time=42462.367..42462.406 rows=4 loops=1)
   Group Key: n1.n_name, n2.n_name, (date_part('year'::text, (lineitem.l_shipdate)::timestamp without time zone))
   ->  Gather Motion 3:1  (slice1; segments: 3)  (cost=1636036.63..1637569.32 rows=28892 width=92) (actual time=42462.319..42462.366 rows=12 loops=1)
         Merge Key: n1.n_name, n2.n_name, (date_part('year'::text, (lineitem.l_shipdate)::timestamp without time zone))
         ->  Partial GroupAggregate  (cost=1636036.63..1637184.09 rows=9631 width=92) (actual time=42411.135..42454.011 rows=4 loops=1)
               Group Key: n1.n_name, n2.n_name, (date_part('year'::text, (lineitem.l_shipdate)::timestamp without time zone))
               ->  Sort  (cost=1636036.63..1636176.48 rows=55938 width=72) (actual time=42402.353..42408.733 rows=58558 loops=1)
                     Sort Key: n1.n_name, n2.n_name, (date_part('year'::text, (lineitem.l_shipdate)::timestamp without time zone))
                     Sort Method:  quicksort  Memory: 30665kB
                     Executor Memory: 26567kB  Segments: 3  Max: 8862kB (segment 2)
                     ->  Hash Join  (cost=341412.39..1631625.46 rows=55938 width=72) (actual time=15444.204..42357.343 rows=58558 loops=1)
                           Hash Cond: (lineitem.l_orderkey = orders.o_orderkey)
                           Join Filter: (((n1.n_name = 'GERMANY'::bpchar) AND (n2.n_name = 'KENYA'::bpchar)) OR ((n1.n_name = 'KENYA'::bpchar) AND (n2.n_name = 'GERMANY'::bpchar)))
                           Rows Removed by Join Filter: 58405
                           Extra Text: (seg0)   Initial batch 0:
 (seg0)     Wrote 47557K bytes to inner workfile.
 (seg0)     Wrote 81429K bytes to outer workfile.
 (seg0)   Initial batches 1..3:
 (seg0)     Read 47557K bytes from inner workfile: 15853K avg x 3 nonempty batches, 15870K max.
 (seg0)     Read 81429K bytes from outer workfile: 27143K avg x 3 nonempty batches, 27209K max.
 (seg0)   Work file set: 3 files (0 compressed), max file size 16220160, min file size 32768, compression buffer size 0 bytes
 (seg0)   Hash chain length 2.5 avg, 12 max, using 471480 of 524288 buckets.
                           ->  Redistribute Motion 3:3  (slice2; segments: 3)  (cost=2453.98..1286024.34 rows=1371586 width=50) (actual time=520.827..26249.886 rows=1462410 loops=1)
                                 Hash Key: lineitem.l_orderkey
                                 ->  Hash Join  (cost=2453.98..1258592.62 rows=1371586 width=50) (actual time=15457.356..40828.289 rows=1462443 loops=1)
                                       Hash Cond: (lineitem.l_suppkey = supplier.s_suppkey)
                                       Extra Text: (seg1)   Hash chain length 1.2 avg, 5 max, using 20105 of 65536 buckets.
                                       ->  Seq Scan on lineitem  (cost=0.00..1184419.84 rows=18278944 width=28) (actual time=14312.833..37491.063 rows=18233724 loops=1)
                                             Filter: ((l_shipdate >= '1995-01-01'::date) AND (l_shipdate <= '1996-12-31'::date))
                                             Rows Removed by Filter: 41768236
                                       ->  Hash  (cost=2159.98..2159.98 rows=23520 width=30) (actual time=98.442..98.442 rows=24059 loops=1)
                                             Buckets: 65536  Batches: 1  Memory Usage: 1969kB
                                             ->  Broadcast Motion 3:3  (slice3; segments: 3)  (cost=1.18..2159.98 rows=23520 width=30) (actual time=1.898..90.799 rows=24059 loops=1)
                                                   ->  Hash Join  (cost=1.18..1846.38 rows=7840 width=30) (actual time=1.446..92.903 rows=8090 loops=1)
                                                         Hash Cond: (supplier.s_nationkey = n1.n_nationkey)
                                                         Extra Text: (seg2)   Hash chain length 1.0 avg, 1 max, using 2 of 65536 buckets.
                                                         ->  Seq Scan on supplier  (cost=0.00..1507.00 rows=100000 width=8) (actual time=0.671..69.657 rows=100172 loops=1)
                                                         ->  Hash  (cost=1.15..1.15 rows=2 width=30) (actual time=0.018..0.018 rows=2 loops=1)
                                                               Buckets: 65536  Batches: 1  Memory Usage: 513kB
                                                               ->  Broadcast Motion 3:3  (slice4; segments: 3)  (cost=0.00..1.15 rows=2 width=30) (actual time=0.006..0.009 rows=2 loops=1)
                                                                     ->  Seq Scan on nation n1  (cost=0.00..1.12 rows=1 width=30) (actual time=0.634..0.641 rows=1 loops=1)
                                                                           Filter: ((n_name = 'GERMANY'::bpchar) OR (n_name = 'KENYA'::bpchar))
                                                                           Rows Removed by Filter: 9
                           ->  Hash  (cost=324258.41..324258.41 rows=1176000 width=34) (actual time=14913.177..14913.179 rows=1201994 loops=1)
                                 Buckets: 131072  Batches: 4  Memory Usage: 20378kB
                                 ->  Hash Join  (cost=37528.19..324258.41 rows=1176000 width=34) (actual time=1135.633..14453.065 rows=1201994 loops=1)
                                       Hash Cond: (orders.o_custkey = customer.c_custkey)
                                       Extra Text: (seg0)   Hash chain length 2.9 avg, 12 max, using 122680 of 131072 buckets.
                                       ->  Seq Scan on orders  (cost=0.00..212236.00 rows=15000000 width=12) (actual time=0.697..7045.067 rows=15003291 loops=1)
                                       ->  Hash  (cost=33118.19..33118.19 rows=352800 width=30) (actual time=1134.351..1134.352 rows=359660 loops=1)
                                             Buckets: 131072  Batches: 1  Memory Usage: 22801kB
                                             ->  Broadcast Motion 3:3  (slice5; segments: 3)  (cost=1.18..33118.19 rows=352800 width=30) (actual time=1.770..1018.151 rows=359660 loops=1)
                                                   ->  Hash Join  (cost=1.18..28414.19 rows=117600 width=30) (actual time=1.398..1018.298 rows=120067 loops=1)
                                                         Hash Cond: (customer.c_nationkey = n2.n_nationkey)
                                                         Extra Text: (seg2)   Hash chain length 1.0 avg, 1 max, using 2 of 65536 buckets.
                                                         ->  Seq Scan on customer  (cost=0.00..23340.00 rows=1500000 width=8) (actual time=0.571..782.762 rows=1501094 loops=1)
                                                         ->  Hash  (cost=1.15..1.15 rows=2 width=30) (actual time=0.008..0.008 rows=2 loops=1)
                                                               Buckets: 65536  Batches: 1  Memory Usage: 513kB
                                                               ->  Broadcast Motion 3:3  (slice6; segments: 3)  (cost=0.00..1.15 rows=2 width=30) (actual time=0.003..0.004 rows=2 loops=1)
                                                                     ->  Seq Scan on nation n2  (cost=0.00..1.12 rows=1 width=30) (actual time=0.627..0.634 rows=1 loops=1)
                                                                           Filter: ((n_name = 'KENYA'::bpchar) OR (n_name = 'GERMANY'::bpchar))
                                                                           Rows Removed by Filter: 9
 Optimizer: Postgres-based planner
 Planning Time: 4.974 ms
   (slice0)    Executor memory: 162K bytes.
 * (slice1)    Executor memory: 46005K bytes avg x 3 workers, 46005K bytes max (seg0).  Work_mem: 22801K bytes max, 78497K bytes wanted.
   (slice2)    Executor memory: 2242K bytes avg x 3 workers, 2242K bytes max (seg0).  Work_mem: 1969K bytes max.
   (slice3)    Executor memory: 751K bytes avg x 3 workers, 751K bytes max (seg0).  Work_mem: 513K bytes max.
   (slice4)    Executor memory: 185K bytes avg x 3 workers, 185K bytes max (seg0).
   (slice5)    Executor memory: 751K bytes avg x 3 workers, 751K bytes max (seg0).  Work_mem: 513K bytes max.
   (slice6)    Executor memory: 185K bytes avg x 3 workers, 185K bytes max (seg0).
 Memory used:  128000kB
 Memory wanted:  472877kB
 Execution Time: 42479.261 ms
(74 rows)

