                                                                                                                                 QUERY PLAN                                                                                                                                  
-----------------------------------------------------------------------------------------------------------------------------------------------------------------------------------------------------------------------------------------------------------------------------
 Finalize Aggregate  (cost=2963932.02..2963932.03 rows=1 width=32) (actual time=178901.030..178901.032 rows=1 loops=1)
   ->  Gather Motion 3:1  (slice1; segments: 3)  (cost=2963931.95..2963932.00 rows=3 width=32) (actual time=178852.009..178900.972 rows=3 loops=1)
         ->  Partial Aggregate  (cost=2963931.95..2963931.96 rows=1 width=32) (actual time=178887.473..178887.474 rows=1 loops=1)
               ->  Hash Join  (cost=1918050.43..2963687.93 rows=97610 width=8) (actual time=136309.287..178884.642 rows=5350 loops=1)
                     Hash Cond: (lineitem.l_partkey = part.p_partkey)
                     Join Filter: (lineitem.l_quantity < ((0.2 * avg(lineitem_1.l_quantity))))
                     Rows Removed by Join Filter: 54109
                     Extra Text: (seg0)   Hash chain length 1.0 avg, 3 max, using 5644 of 65536 buckets.
                     ->  Seq Scan on lineitem  (cost=0.00..884422.56 rows=59999456 width=17) (actual time=0.474..35498.732 rows=60003310 loops=1)
                     ->  Hash  (cost=1917684.39..1917684.39 rows=29283 width=40) (actual time=136299.481..136299.481 rows=5910 loops=1)
                           Buckets: 65536  Batches: 1  Memory Usage: 826kB
                           ->  Broadcast Motion 3:3  (slice2; segments: 3)  (cost=1853655.60..1917684.39 rows=29283 width=40) (actual time=126171.306..136298.021 rows=5910 loops=1)
                                 ->  Hash Join  (cost=1853655.60..1917293.94 rows=9761 width=40) (actual time=125385.212..136294.459 rows=2006 loops=1)
                                       Hash Cond: (lineitem_1.l_partkey = part.p_partkey)
                                       Extra Text: (seg1)   Hash chain length 1.0 avg, 2 max, using 1990 of 131072 buckets.
                                       ->  Finalize HashAggregate  (cost=1813969.69..1852266.23 rows=1835940 width=36) (actual time=124399.894..134743.989 rows=2001127 loops=1)
                                             Group Key: lineitem_1.l_partkey
                                             Planned Partitions: 8
                                             Extra Text: (seg1)   hash table(s): 1; 1999434 groups total in 76 batches, 46057492 spill partitions; disk usage: 372928KB; chain length 2.1 avg, 7 max; using 1999434 of 20185088 buckets; total 0 expansions.
 
                                             ->  Redistribute Motion 3:3  (slice3; segments: 3)  (cost=1477385.93..1729631.32 rows=5507811 width=36) (actual time=59575.720..117731.932 rows=6003137 loops=1)
                                                   Hash Key: lineitem_1.l_partkey
                                                   ->  Partial HashAggregate  (cost=1477385.93..1619475.10 rows=5507811 width=36) (actual time=60710.712..122393.773 rows=5999772 loops=1)
                                                         Group Key: lineitem_1.l_partkey
                                                         Planned Partitions: 32
                                                         Extra Text: (seg0)   hash table(s): 1; 5999772 groups total in 172 batches, 1898917484 spill partitions; disk usage: 1695008KB; chain length 2.0 avg, 5 max; using 5999772 of 90701824 buckets; total 0 expansions.
 
                                                         ->  Seq Scan on lineitem lineitem_1  (cost=0.00..884422.56 rows=59999456 width=9) (actual time=0.432..36113.955 rows=60003310 loops=1)
                                       ->  Hash  (cost=39553.00..39553.00 rows=10633 width=4) (actual time=973.675..973.675 rows=2006 loops=1)
                                             Buckets: 131072  Batches: 1  Memory Usage: 1095kB
                                             ->  Seq Scan on part  (cost=0.00..39553.00 rows=10633 width=4) (actual time=1.396..972.710 rows=2006 loops=1)
                                                   Filter: ((p_brand = 'Brand#53'::bpchar) AND (p_container = 'SM BOX'::bpchar))
                                                   Rows Removed by Filter: 1997428
 Optimizer: Postgres-based planner
 Planning Time: 3.451 ms
   (slice0)    Executor memory: 18533K bytes.
   (slice1)    Executor memory: 1053K bytes avg x 3 workers, 1053K bytes max (seg0).  Work_mem: 826K bytes max.
 * (slice2)    Executor memory: 26577K bytes avg x 3 workers, 26584K bytes max (seg0).  Work_mem: 43281K bytes max, 958481K bytes wanted.
 * (slice3)    Executor memory: 24936K bytes avg x 3 workers, 24936K bytes max (seg0).  Work_mem: 33809K bytes max, 2023441K bytes wanted.
 Memory used:  128000kB
 Memory wanted:  8094760kB
 Execution Time: 178915.508 ms
(42 rows)

