                                                                                                             QUERY PLAN                                                                                                             
------------------------------------------------------------------------------------------------------------------------------------------------------------------------------------------------------------------------------------
 Gather Motion 3:1  (slice1; segments: 3)  (cost=2038560.94..2038567.24 rows=244 width=66) (actual time=109316.863..109316.933 rows=175 loops=1)
   Merge Key: nation.n_name, (date_part('year'::text, (orders.o_orderdate)::timestamp without time zone))
   ->  GroupAggregate  (cost=2038560.94..2038563.99 rows=81 width=66) (actual time=103639.366..109314.955 rows=65 loops=1)
         Group Key: nation.n_name, (date_part('year'::text, (orders.o_orderdate)::timestamp without time zone))
         ->  Sort  (cost=2038560.94..2038561.14 rows=81 width=57) (actual time=103583.236..104795.536 rows=3556531 loops=1)
               Sort Key: nation.n_name, (date_part('year'::text, (orders.o_orderdate)::timestamp without time zone)) DESC
               Sort Method:  external merge  Disk: 724128kB
               Executor Memory: 92855kB  Segments: 3  Max: 31291kB (segment 0)
               ->  Redistribute Motion 3:3  (slice2; segments: 3)  (cost=1770065.65..2038558.36 rows=81 width=57) (actual time=73558.239..100161.404 rows=3556531 loops=1)
                     Hash Key: nation.n_name, (date_part('year'::text, (orders.o_orderdate)::timestamp without time zone))
                     ->  Hash Join  (cost=1770065.65..2038556.73 rows=81 width=57) (actual time=73554.246..94019.075 rows=3284897 loops=1)
                           Hash Cond: (supplier.s_nationkey = nation.n_nationkey)
                           Extra Text: (seg2)   Hash chain length 1.0 avg, 1 max, using 25 of 65536 buckets.
                           ->  Hash Join  (cost=1770063.92..2038553.48 rows=81 width=31) (actual time=73551.501..91494.378 rows=3284897 loops=1)
                                 Hash Cond: (lineitem.l_suppkey = supplier.s_suppkey)
                                 Extra Text: (seg2)   Hash chain length 1.4 avg, 8 max, using 70028 of 131072 buckets.
                                 ->  Redistribute Motion 3:3  (slice3; segments: 3)  (cost=1767306.92..2035795.36 rows=81 width=35) (actual time=73471.980..88510.990 rows=3284897 loops=1)
                                       Hash Key: lineitem.l_suppkey
                                       ->  Hash Join  (cost=1767306.92..2035793.73 rows=81 width=35) (actual time=73543.503..95557.929 rows=3271675 loops=1)
                                             Hash Cond: (orders.o_orderkey = lineitem.l_orderkey)
                                             Extra Text: (seg2)   Initial batch 0:
 (seg2)     Wrote 178920K bytes to inner workfile.
 (seg2)     Wrote 461293K bytes to outer workfile.
 (seg2)   Overflow batches 1..7:
 (seg2)     Read 224314K bytes from inner workfile: 32045K avg x 7 nonempty batches, 51548K max.
 (seg2)     Wrote 45394K bytes to inner workfile: 15132K avg x 3 overflowing batches, 25921K max.
 (seg2)     Read 461293K bytes from outer workfile: 65899K avg x 7 nonempty batches, 65954K max.
 (seg2)   Work file set: 7 files (0 compressed), max file size 52756480, min file size 32768, compression buffer size 0 bytes
 (seg2)   Hash chain length 3.3 avg, 17 max, using 985305 of 1048576 buckets.
                                             ->  Seq Scan on orders  (cost=0.00..212236.00 rows=15000000 width=12) (actual time=0.517..7096.643 rows=15003291 loops=1)
                                             ->  Hash  (cost=1767305.91..1767305.91 rows=81 width=39) (actual time=73541.501..73541.502 rows=3271675 loops=1)
                                                   Buckets: 131072 (originally 65536)  Batches: 8 (originally 1)  Memory Usage: 31417kB
                                                   ->  Redistribute Motion 3:3  (slice4; segments: 3)  (cost=1455890.44..1767305.91 rows=81 width=39) (actual time=60560.644..72547.637 rows=3271675 loops=1)
                                                         Hash Key: lineitem.l_orderkey
                                                         ->  Hash Join  (cost=1455890.44..1767304.28 rows=81 width=39) (actual time=60551.014..71668.457 rows=3279696 loops=1)
                                                               Hash Cond: ((partsupp.ps_suppkey = lineitem.l_suppkey) AND (partsupp.ps_partkey = lineitem.l_partkey))
                                                               Extra Text: (seg1)   Initial batch 0:
 (seg1)     Wrote 180191K bytes to inner workfile.
 (seg1)     Wrote 263805K bytes to outer workfile.
 (seg1)   Initial batches 1..15:
 (seg1)     Read 180191K bytes from inner workfile: 12013K avg x 15 nonempty batches, 12167K max.
 (seg1)     Read 263805K bytes from outer workfile: 17587K avg x 15 nonempty batches, 17616K max.
 (seg1)   Work file set: 15 files (0 compressed), max file size 12451840, min file size 32768, compression buffer size 0 bytes
 (seg1)   Hash chain length 8.3 avg, 42 max, using 394749 of 2097152 buckets.
                                                               ->  Seq Scan on partsupp  (cost=0.00..118832.00 rows=8000000 width=14) (actual time=0.542..3089.210 rows=8004645 loops=1)
                                                               ->  Hash  (cost=1353144.18..1353144.18 rows=6060551 width=37) (actual time=60548.679..60548.679 rows=3279696 loops=1)
                                                                     Buckets: 131072  Batches: 16  Memory Usage: 15400kB
                                                                     ->  Redistribute Motion 3:3  (slice5; segments: 3)  (cost=50209.57..1353144.18 rows=6060551 width=37) (actual time=1287.797..59563.483 rows=3279696 loops=1)
                                                                           Hash Key: lineitem.l_partkey, lineitem.l_suppkey
                                                                           ->  Hash Join  (cost=50209.57..1231933.16 rows=6060551 width=37) (actual time=1281.996..57877.750 rows=3273928 loops=1)
                                                                                 Hash Cond: (lineitem.l_partkey = part.p_partkey)
                                                                                 Extra Text: (seg0)   Hash chain length 1.8 avg, 8 max, using 186790 of 262144 buckets.
                                                                                 ->  Seq Scan on lineitem  (cost=0.00..884422.56 rows=59999456 width=33) (actual time=0.493..39057.260 rows=60003310 loops=1)
                                                                                 ->  Hash  (cost=42633.81..42633.81 rows=606061 width=4) (actual time=1279.194..1279.195 rows=327282 loops=1)
                                                                                       Buckets: 262144  Batches: 1  Memory Usage: 13555kB
                                                                                       ->  Broadcast Motion 3:3  (slice6; segments: 3)  (cost=0.00..42633.81 rows=606061 width=4) (actual time=8.177..1181.441 rows=327282 loops=1)
                                                                                             ->  Seq Scan on part  (cost=0.00..34553.00 rows=202020 width=4) (actual time=1.182..1236.859 rows=109230 loops=1)
                                                                                                   Filter: ((p_name)::text ~~ '%navajo%'::text)
                                                                                                   Rows Removed by Filter: 1890204
                                 ->  Hash  (cost=1507.00..1507.00 rows=100000 width=8) (actual time=79.068..79.069 rows=100172 loops=1)
                                       Buckets: 131072  Batches: 1  Memory Usage: 4937kB
                                       ->  Seq Scan on supplier  (cost=0.00..1507.00 rows=100000 width=8) (actual time=0.773..51.142 rows=100172 loops=1)
                           ->  Hash  (cost=1.42..1.42 rows=25 width=30) (actual time=2.386..2.387 rows=25 loops=1)
                                 Buckets: 65536  Batches: 1  Memory Usage: 514kB
                                 ->  Broadcast Motion 3:3  (slice7; segments: 3)  (cost=0.00..1.42 rows=25 width=30) (actual time=0.010..2.365 rows=25 loops=1)
                                       ->  Seq Scan on nation  (cost=0.00..1.08 rows=8 width=30) (actual time=1.082..1.097 rows=10 loops=1)
 Optimizer: Postgres-based planner
 Planning Time: 12.452 ms
   (slice0)    Executor memory: 176K bytes.
 * (slice1)    Executor memory: 31003K bytes avg x 3 workers, 31342K bytes max (seg0).  Work_mem: 31291K bytes max, 626228K bytes wanted.
   (slice2)    Executor memory: 5702K bytes avg x 3 workers, 5713K bytes max (seg1).  Work_mem: 4937K bytes max.
 * (slice3)    Executor memory: 33780K bytes avg x 3 workers, 33789K bytes max (seg1).  Work_mem: 31417K bytes max, 243844K bytes wanted.
 * (slice4)    Executor memory: 16625K bytes avg x 3 workers, 16657K bytes max (seg1).  Work_mem: 15400K bytes max, 231628K bytes wanted.
   (slice5)    Executor memory: 15089K bytes avg x 3 workers, 15089K bytes max (seg0).  Work_mem: 13555K bytes max.
   (slice6)    Executor memory: 198K bytes avg x 3 workers, 198K bytes max (seg0).
   (slice7)    Executor memory: 184K bytes avg x 3 workers, 184K bytes max (seg0).
 Memory used:  128000kB
 Memory wanted:  3759262kB
 Execution Time: 109378.656 ms
(79 rows)

