                                                                                   QUERY PLAN                                                                                    
---------------------------------------------------------------------------------------------------------------------------------------------------------------------------------
 Finalize Aggregate  (cost=1065379.64..1065379.66 rows=1 width=32) (actual time=5172.508..5172.511 rows=1 loops=1)
   ->  Gather Motion 3:1  (slice1; segments: 3)  (cost=1065379.56..1065379.61 rows=3 width=64) (actual time=5138.460..5172.479 rows=3 loops=1)
         ->  Partial Aggregate  (cost=1065379.56..1065379.57 rows=1 width=64) (actual time=5157.060..5157.062 rows=1 loops=1)
               ->  Hash Join  (cost=1006136.19..1052137.64 rows=756681 width=33) (actual time=2471.292..4549.860 rows=748754 loops=1)
                     Hash Cond: (part.p_partkey = lineitem.l_partkey)
                     Extra Text: (seg0)   Hash chain length 3.1 avg, 16 max, using 237865 of 262144 buckets.
                     ->  Seq Scan on part  (cost=0.00..29553.00 rows=2000000 width=25) (actual time=0.503..976.597 rows=2001127 loops=1)
                     ->  Hash  (cost=996677.68..996677.68 rows=756681 width=16) (actual time=2469.647..2469.648 rows=748754 loops=1)
                           Buckets: 262144  Batches: 1  Memory Usage: 39347kB
                           ->  Redistribute Motion 3:3  (slice2; segments: 3)  (cost=201.19..996677.68 rows=756681 width=16) (actual time=745.345..2288.373 rows=748754 loops=1)
                                 Hash Key: lineitem.l_partkey
                                 ->  Bitmap Heap Scan on lineitem  (cost=201.19..981544.07 rows=756681 width=16) (actual time=311.543..1555.392 rows=748419 loops=1)
                                       Recheck Cond: ((l_shipdate >= '1996-04-01'::date) AND (l_shipdate < '1996-05-01 00:00:00'::timestamp without time zone))
                                       Rows Removed by Index Recheck: 1583212
                                       ->  Bitmap Index Scan on lineitem_l_shipdate_idx  (cost=0.00..12.02 rows=1069511 width=0) (actual time=1.000..1.000 rows=1030 loops=1)
                                             Index Cond: ((l_shipdate >= '1996-04-01'::date) AND (l_shipdate < '1996-05-01 00:00:00'::timestamp without time zone))
 Optimizer: Postgres-based planner
 Planning Time: 5.033 ms
   (slice0)    Executor memory: 75K bytes.
   (slice1)    Executor memory: 41811K bytes avg x 3 workers, 41853K bytes max (seg0).  Work_mem: 39347K bytes max.
   (slice2)    Executor memory: 3073K bytes avg x 3 workers, 3239K bytes max (seg2).
 Memory used:  128000kB
 Execution Time: 5178.542 ms
(23 rows)

