                                                                                          QUERY PLAN                                                                                           
-----------------------------------------------------------------------------------------------------------------------------------------------------------------------------------------------
 Gather Motion 3:1  (slice1; segments: 3)  (cost=1878635.94..1878636.04 rows=7 width=27) (actual time=20989.341..20989.344 rows=2 loops=1)
   Merge Key: lineitem.l_shipmode
   ->  Sort  (cost=1878635.94..1878635.95 rows=2 width=27) (actual time=20987.946..20987.957 rows=2 loops=1)
         Sort Key: lineitem.l_shipmode
         Sort Method:  quicksort  Memory: 75kB
         Executor Memory: 177kB  Segments: 3  Max: 59kB (segment 0)
         ->  Finalize HashAggregate  (cost=1878635.90..1878635.93 rows=2 width=27) (actual time=20987.773..20987.792 rows=2 loops=1)
               Group Key: lineitem.l_shipmode
               Extra Text: (seg2)   hash table(s): 1; chain length 1.0 avg, 1 max; using 2 of 4 buckets; total 1 expansions.
 
               ->  Redistribute Motion 3:3  (slice2; segments: 3)  (cost=1878635.64..1878635.85 rows=7 width=27) (actual time=20907.838..20987.731 rows=6 loops=1)
                     Hash Key: lineitem.l_shipmode
                     ->  Partial HashAggregate  (cost=1878635.64..1878635.71 rows=7 width=27) (actual time=20947.168..20947.178 rows=2 loops=1)
                           Group Key: lineitem.l_shipmode
                           Extra Text: (seg0)   hash table(s): 1; chain length 1.0 avg, 1 max; using 2 of 8 buckets; total 0 expansions.
 
                           ->  Hash Join  (cost=1461849.88..1833725.17 rows=2566313 width=27) (actual time=13230.815..20756.266 rows=312743 loops=1)
                                 Hash Cond: (orders.o_orderkey = lineitem.l_orderkey)
                                 Extra Text: (seg0)   Initial batch 0:
 (seg0)     Wrote 10093K bytes to inner workfile.
 (seg0)     Wrote 483445K bytes to outer workfile.
 (seg0)   Initial batches 1..3:
 (seg0)     Read 10093K bytes from inner workfile: 3365K avg x 3 nonempty batches, 3366K max.
 (seg0)     Read 483445K bytes from outer workfile: 161149K avg x 3 nonempty batches, 161223K max.
 (seg0)   Work file set: 3 files (0 compressed), max file size 3440640, min file size 32768, compression buffer size 0 bytes
 (seg0)   Hash chain length 1.2 avg, 8 max, using 255805 of 1048576 buckets.
                                 ->  Seq Scan on orders  (cost=0.00..212236.00 rows=15000000 width=24) (actual time=0.686..6608.678 rows=15003291 loops=1)
                                 ->  Hash  (cost=1426010.97..1426010.97 rows=2566313 width=19) (actual time=7406.273..7406.273 rows=312743 loops=1)
                                       Buckets: 262144  Batches: 4  Memory Usage: 6307kB
                                       ->  Redistribute Motion 3:3  (slice3; segments: 3)  (cost=653.80..1426010.97 rows=2566313 width=19) (actual time=294.386..7340.925 rows=312743 loops=1)
                                             Hash Key: lineitem.l_orderkey
                                             ->  Bitmap Heap Scan on lineitem  (cost=653.80..1374684.72 rows=2566313 width=19) (actual time=249.307..7285.672 rows=312393 loops=1)
                                                   Recheck Cond: ((l_receiptdate >= '1996-01-01'::date) AND (l_receiptdate < '1997-01-01 00:00:00'::timestamp without time zone))
                                                   Rows Removed by Index Recheck: 1601635
                                                   Filter: ((l_shipmode = ANY ('{AIR,SHIP}'::bpchar[])) AND (l_commitdate < l_receiptdate) AND (l_shipdate < l_commitdate))
                                                   Rows Removed by Filter: 8806211
                                                   ->  Bitmap Index Scan on lineitem_l_receiptdate_idx  (cost=0.00..12.22 rows=9626225 width=0) (actual time=1.599..1.599 rows=3280 loops=1)
                                                         Index Cond: ((l_receiptdate >= '1996-01-01'::date) AND (l_receiptdate < '1997-01-01 00:00:00'::timestamp without time zone))
 Optimizer: Postgres-based planner
 Planning Time: 4.529 ms
   (slice0)    Executor memory: 94K bytes.
 * (slice1)    Executor memory: 59K bytes avg x 3 workers, 59K bytes max (seg0).  Work_mem: 59K bytes max, 24K bytes wanted.
 * (slice2)    Executor memory: 6732K bytes avg x 3 workers, 6753K bytes max (seg0).  Work_mem: 6307K bytes max, 19152K bytes wanted.
   (slice3)    Executor memory: 5039K bytes avg x 3 workers, 5042K bytes max (seg0).
 Memory used:  128000kB
 Memory wanted:  96355kB
 Execution Time: 20998.822 ms
(47 rows)

