                                                                         QUERY PLAN                                                                         
------------------------------------------------------------------------------------------------------------------------------------------------------------
 Finalize Aggregate  (cost=1393601.36..1393601.37 rows=1 width=32) (actual time=10114.843..10114.844 rows=1 loops=1)
   ->  Gather Motion 3:1  (slice1; segments: 3)  (cost=1393601.29..1393601.34 rows=3 width=32) (actual time=10095.308..10114.825 rows=3 loops=1)
         ->  Partial Aggregate  (cost=1393601.29..1393601.30 rows=1 width=32) (actual time=10111.981..10111.982 rows=1 loops=1)
               ->  Bitmap Heap Scan on lineitem  (cost=943.71..1374971.40 rows=3725977 width=12) (actual time=838.776..9552.498 rows=1192679 loops=1)
                     Recheck Cond: ((l_shipdate >= '1995-01-01'::date) AND (l_shipdate < '1996-01-01 00:00:00'::timestamp without time zone))
                     Rows Removed by Index Recheck: 2658384
                     Filter: ((l_discount >= 0.03) AND (l_discount <= 0.05) AND (l_quantity < '25'::numeric))
                     Rows Removed by Filter: 7917752
                     ->  Bitmap Index Scan on lineitem_l_shipdate_idx  (cost=0.00..12.22 rows=9625600 width=0) (actual time=0.888..0.889 rows=3600 loops=1)
                           Index Cond: ((l_shipdate >= '1995-01-01'::date) AND (l_shipdate < '1996-01-01 00:00:00'::timestamp without time zone))
 Optimizer: Postgres-based planner
 Planning Time: 2.967 ms
   (slice0)    Executor memory: 47K bytes.
   (slice1)    Executor memory: 5293K bytes avg x 3 workers, 5296K bytes max (seg0).
 Memory used:  128000kB
 Execution Time: 10118.266 ms
(16 rows)

