                                                                                                        QUERY PLAN                                                                                                        
--------------------------------------------------------------------------------------------------------------------------------------------------------------------------------------------------------------------------
 Gather Motion 3:1  (slice1; segments: 3)  (cost=2226059.98..2359781.51 rows=9439167 width=48) (actual time=61578.941..61822.968 rows=340729 loops=1)
   Merge Key: (sum((lineitem.l_extendedprice * ('1'::numeric - lineitem.l_discount)))), orders.o_orderdate
   ->  Sort  (cost=2226059.98..2233925.95 rows=3146389 width=48) (actual time=61569.252..61589.308 rows=114073 loops=1)
         Sort Key: (sum((lineitem.l_extendedprice * ('1'::numeric - lineitem.l_discount)))) DESC, orders.o_orderdate
         Sort Method:  quicksort  Memory: 38499kB
         Executor Memory: 30523kB  Segments: 3  Max: 10206kB (segment 1)
         ->  HashAggregate  (cost=1822952.88..1862282.75 rows=3146389 width=48) (actual time=61268.780..61507.967 rows=114073 loops=1)
               Group Key: lineitem.l_orderkey, orders.o_orderdate, orders.o_shippriority
               Planned Partitions: 16
               Extra Text: (seg0)   hash table(s): 1; 113815 groups total in 16 batches, 1528080 spill partitions; disk usage: 11808KB; chain length 2.1 avg, 5 max; using 113815 of 8912896 buckets; total 0 expansions.
 
               ->  Redistribute Motion 3:3  (slice2; segments: 3)  (cost=366190.36..1775757.05 rows=3146389 width=28) (actual time=10892.432..60813.165 rows=301112 loops=1)
                     Hash Key: orders.o_orderdate, lineitem.l_orderkey, orders.o_shippriority
                     ->  Hash Join  (cost=366190.36..1712829.26 rows=3146389 width=28) (actual time=11439.029..61067.049 rows=300335 loops=1)
                           Hash Cond: (lineitem.l_orderkey = orders.o_orderkey)
                           Extra Text: (seg0)   Initial batch 0:
 (seg0)     Wrote 135527K bytes to inner workfile.
 (seg0)     Wrote 1137829K bytes to outer workfile.
 (seg0)   Initial batches 1..7:
 (seg0)     Read 135527K bytes from inner workfile: 19361K avg x 7 nonempty batches, 19443K max.
 (seg0)     Read 1137829K bytes from outer workfile: 162547K avg x 7 nonempty batches, 162713K max.
 (seg0)   Work file set: 7 files (0 compressed), max file size 19890176, min file size 32768, compression buffer size 0 bytes
 (seg0)   Hash chain length 4.3 avg, 17 max, using 1033180 of 1048576 buckets.
                           ->  Bitmap Heap Scan on lineitem  (cost=8093.85..965424.61 rows=32324342 width=20) (actual time=577.677..22596.117 rows=32127438 loops=1)
                                 Recheck Cond: (l_shipdate > '1995-03-24'::date)
                                 Rows Removed by Index Recheck: 1660123
                                 ->  Bitmap Index Scan on lineitem_l_shipdate_idx  (cost=0.00..12.76 rows=33154844 width=0) (actual time=2.158..2.158 rows=10320 loops=1)
                                       Index Cond: (l_shipdate > '1995-03-24'::date)
                           ->  Hash  (cost=297996.85..297996.85 rows=4380213 width=16) (actual time=10612.010..10612.011 rows=4405986 loops=1)
                                 Buckets: 131072  Batches: 8  Memory Usage: 26854kB
                                 ->  Broadcast Motion 3:3  (slice3; segments: 3)  (cost=46911.83..297996.85 rows=4380213 width=16) (actual time=503.188..9523.016 rows=4405986 loops=1)
                                       ->  Hash Join  (cost=46911.83..239594.01 rows=1460071 width=16) (actual time=503.030..9646.735 rows=1469972 loops=1)
                                             Hash Cond: (orders.o_custkey = customer.c_custkey)
                                             Extra Text: (seg0)   Initial batch 0:
 (seg0)     Wrote 10548K bytes to inner workfile.
 (seg0)     Wrote 157719K bytes to outer workfile.
 (seg0)   Initial batch 1:
 (seg0)     Read 10548K bytes from inner workfile.
 (seg0)     Read 157719K bytes from outer workfile.
 (seg0)   Work file set: 1 files (0 compressed), max file size 10780672, min file size 32768, compression buffer size 0 bytes
 (seg0)   Hash chain length 2.1 avg, 11 max, using 429696 of 524288 buckets.
                                             ->  Bitmap Heap Scan on orders  (cost=1847.05..160013.28 rows=7339499 width=20) (actual time=3.162..4660.684 rows=7345733 loops=1)
                                                   Recheck Cond: (o_orderdate < '1995-03-24'::date)
                                                   Rows Removed by Index Recheck: 1042874
                                                   ->  Bitmap Index Scan on orders_o_orderdate_idx  (cost=0.00..12.18 rows=7674419 width=0) (actual time=0.918..0.919 rows=2560 loops=1)
                                                         Index Cond: (o_orderdate < '1995-03-24'::date)
                                             ->  Hash  (cost=33874.78..33874.78 rows=895200 width=4) (actual time=498.386..498.387 rows=900602 loops=1)
                                                   Buckets: 262144  Batches: 2  Memory Usage: 17889kB
                                                   ->  Broadcast Motion 3:3  (slice4; segments: 3)  (cost=9868.78..33874.78 rows=895200 width=4) (actual time=70.863..321.101 rows=900602 loops=1)
                                                         ->  Bitmap Heap Scan on customer  (cost=9868.78..21938.78 rows=298400 width=4) (actual time=74.862..357.160 rows=300807 loops=1)
                                                               Recheck Cond: (c_mktsegment = 'HOUSEHOLD'::bpchar)
                                                               ->  Bitmap Index Scan on customer_c_mktsegment_c_custkey_idx  (cost=0.00..9794.18 rows=298400 width=0) (actual time=71.806..71.806 rows=300807 loops=1)
                                                                     Index Cond: (c_mktsegment = 'HOUSEHOLD'::bpchar)
 Optimizer: Postgres-based planner
 Planning Time: 18.334 ms
   (slice0)    Executor memory: 12472K bytes.
 * (slice1)    Executor memory: 28464K bytes avg x 3 workers, 28464K bytes max (seg0).  Work_mem: 45585K bytes max, 61457K bytes wanted.
 * (slice2)    Executor memory: 37969K bytes avg x 3 workers, 38057K bytes max (seg0).  Work_mem: 26854K bytes max, 207555K bytes wanted.
 * (slice3)    Executor memory: 24236K bytes avg x 3 workers, 24236K bytes max (seg0).  Work_mem: 17889K bytes max, 33710K bytes wanted.
   (slice4)    Executor memory: 2446K bytes avg x 3 workers, 2446K bytes max (seg0).
 Memory used:  128000kB
 Memory wanted:  1453782kB
 Execution Time: 61854.922 ms
(63 rows)

