                                                                                                                                QUERY PLAN                                                                                                                                 
---------------------------------------------------------------------------------------------------------------------------------------------------------------------------------------------------------------------------------------------------------------------------
 Gather Motion 3:1  (slice1; segments: 3)  (cost=1647535.71..1647535.77 rows=5 width=51) (actual time=32273.222..32279.328 rows=5418 loops=1)
   Merge Key: supplier.s_name
   ->  Sort  (cost=1647535.71..1647535.71 rows=2 width=51) (actual time=32271.755..32271.937 rows=1854 loops=1)
         Sort Key: supplier.s_name
         Sort Method:  quicksort  Memory: 817kB
         Executor Memory: 698kB  Segments: 3  Max: 239kB (segment 2)
         ->  Hash Join  (cost=1647535.58..1647535.70 rows=2 width=51) (actual time=32249.517..32266.211 rows=1854 loops=1)
               Hash Cond: (supplier.s_nationkey = nation.n_nationkey)
               Extra Text: (seg2)   Hash chain length 1.0 avg, 1 max, using 1 of 65536 buckets.
               ->  HashAggregate  (cost=1647534.45..1647534.53 rows=8 width=55) (actual time=32247.574..32259.188 rows=45026 loops=1)
                     Group Key: (RowIdExpr)
                     Extra Text: (seg0)   hash table(s): 1; chain length 3.4 avg, 15 max; using 44550 of 65536 buckets; total 13 expansions.
 
                     ->  Redistribute Motion 3:3  (slice2; segments: 3)  (cost=1645776.30..1647534.43 rows=8 width=55) (actual time=32083.732..32203.011 rows=59277 loops=1)
                           Hash Key: (RowIdExpr)
                           ->  Hash Join  (cost=1645776.30..1647534.27 rows=8 width=55) (actual time=32084.380..32190.542 rows=59189 loops=1)
                                 Hash Cond: (supplier.s_suppkey = lineitem.l_suppkey)
                                 Extra Text: (seg2)   Hash chain length 1.6 avg, 11 max, using 37768 of 131072 buckets.
                                 ->  Seq Scan on supplier  (cost=0.00..1507.00 rows=100000 width=59) (actual time=0.666..59.099 rows=100172 loops=1)
                                 ->  Hash  (cost=1645776.20..1645776.20 rows=8 width=8) (actual time=32082.890..32082.891 rows=59189 loops=1)
                                       Buckets: 131072  Batches: 1  Memory Usage: 3337kB
                                       ->  Redistribute Motion 3:3  (slice3; segments: 3)  (cost=1478838.53..1645776.20 rows=8 width=8) (actual time=16620.273..32069.201 rows=59189 loops=1)
                                             Hash Key: lineitem.l_suppkey
                                             ->  Hash Join  (cost=1478838.53..1645776.04 rows=8 width=8) (actual time=16366.991..31812.435 rows=59252 loops=1)
                                                   Hash Cond: ((lineitem.l_partkey = partsupp.ps_partkey) AND (lineitem.l_suppkey = partsupp.ps_suppkey))
                                                   Join Filter: ((partsupp.ps_availqty)::numeric > ((0.5 * sum(lineitem.l_quantity))))
                                                   Rows Removed by Join Filter: 106
                                                   Extra Text: (seg1)   Hash chain length 1.8 avg, 9 max, using 48281 of 65536 buckets.
                                                   ->  HashAggregate  (cost=1300867.67..1383782.30 rows=4801303 width=40) (actual time=11384.992..25243.111 rows=5454993 loops=1)
                                                         Group Key: lineitem.l_partkey, lineitem.l_suppkey
                                                         Planned Partitions: 32
                                                         Extra Text: (seg0)   hash table(s): 1; 5450732 groups total in 280 batches, 287435000 spill partitions; disk usage: 381984KB; chain length 2.1 avg, 6 max; using 5450732 of 73662464 buckets; total 0 expansions.
 
                                                         ->  Redistribute Motion 3:3  (slice4; segments: 3)  (cost=2243.53..1190347.90 rows=8925256 width=13) (actual time=0.045..7633.117 rows=9107045 loops=1)
                                                               Hash Key: lineitem.l_partkey, lineitem.l_suppkey
                                                               ->  Bitmap Heap Scan on lineitem  (cost=2243.53..1011842.78 rows=8925256 width=13) (actual time=585.052..8612.950 rows=9103540 loops=1)
                                                                     Recheck Cond: ((l_shipdate >= '1994-01-01'::date) AND (l_shipdate < '1995-01-01 00:00:00'::timestamp without time zone))
                                                                     Rows Removed by Index Recheck: 2665275
                                                                     ->  Bitmap Index Scan on lineitem_l_shipdate_idx  (cost=0.00..12.21 rows=9269096 width=0) (actual time=1.097..1.097 rows=3600 loops=1)
                                                                           Index Cond: ((l_shipdate >= '1994-01-01'::date) AND (l_shipdate < '1995-01-01 00:00:00'::timestamp without time zone))
                                                   ->  Hash  (cost=176758.74..176758.74 rows=80808 width=16) (actual time=4960.672..4960.673 rows=87103 loops=1)
                                                         Buckets: 65536  Batches: 1  Memory Usage: 4595kB
                                                         ->  Hash Join  (cost=36118.66..176758.74 rows=80808 width=16) (actual time=973.233..4924.366 rows=87103 loops=1)
                                                               Hash Cond: (partsupp.ps_partkey = part.p_partkey)
                                                               Extra Text: (seg0)   Hash chain length 1.3 avg, 6 max, using 51274 of 131072 buckets.
                                                               ->  Seq Scan on partsupp  (cost=0.00..118832.00 rows=8000000 width=12) (actual time=0.572..2860.215 rows=8004645 loops=1)
                                                               ->  Hash  (cost=35361.08..35361.08 rows=60606 width=4) (actual time=972.012..972.013 rows=65115 loops=1)
                                                                     Buckets: 131072  Batches: 1  Memory Usage: 3314kB
                                                                     ->  Broadcast Motion 3:3  (slice5; segments: 3)  (cost=0.00..35361.08 rows=60606 width=4) (actual time=16.798..952.764 rows=65115 loops=1)
                                                                           ->  Seq Scan on part  (cost=0.00..34553.00 rows=20202 width=4) (actual time=0.709..965.452 rows=21944 loops=1)
                                                                                 Filter: ((p_name)::text ~~ 'smoke%'::text)
                                                                                 Rows Removed by Filter: 1977490
               ->  Hash  (cost=1.12..1.12 rows=1 width=4) (actual time=1.595..1.596 rows=1 loops=1)
                     Buckets: 65536  Batches: 1  Memory Usage: 513kB
                     ->  Broadcast Motion 3:3  (slice6; segments: 3)  (cost=0.00..1.12 rows=1 width=4) (actual time=1.111..1.588 rows=1 loops=1)
                           ->  Seq Scan on nation  (cost=0.00..1.10 rows=1 width=4) (actual time=0.417..0.420 rows=1 loops=1)
                                 Filter: (n_name = 'MOROCCO'::bpchar)
                                 Rows Removed by Filter: 5
 Optimizer: Postgres-based planner
 Planning Time: 9.341 ms
   (slice0)    Executor memory: 6325K bytes.
 * (slice1)    Executor memory: 7708K bytes avg x 3 workers, 7742K bytes max (seg2).  Work_mem: 9769K bytes max, 9769K bytes wanted.
   (slice2)    Executor memory: 3567K bytes avg x 3 workers, 3578K bytes max (seg0).  Work_mem: 3337K bytes max.
 * (slice3)    Executor memory: 22141K bytes avg x 3 workers, 22152K bytes max (seg0).  Work_mem: 31761K bytes max, 2652177K bytes wanted.
   (slice4)    Executor memory: 5296K bytes avg x 3 workers, 5299K bytes max (seg0).
   (slice5)    Executor memory: 198K bytes avg x 3 workers, 198K bytes max (seg0).
   (slice6)    Executor memory: 185K bytes avg x 3 workers, 185K bytes max (seg0).
 Memory used:  128000kB
 Memory wanted:  21218908kB
 Execution Time: 32297.279 ms
(70 rows)

