CREATE VIEW
                                                                                                                       QUERY PLAN                                                                                                                       
--------------------------------------------------------------------------------------------------------------------------------------------------------------------------------------------------------------------------------------------------------
 Gather Motion 3:1  (slice1; segments: 3)  (cost=1028233.46..1028237.90 rows=313 width=103) (actual time=8254.125..8254.129 rows=1 loops=1)
   Merge Key: supplier.s_suppkey
   InitPlan 1 (returns $0)  (slice3)
     ->  Finalize Aggregate  (cost=1025673.66..1025673.67 rows=1 width=32) (actual time=8199.427..8199.428 rows=1 loops=1)
           ->  Gather Motion 3:1  (slice4; segments: 3)  (cost=1025673.60..1025673.65 rows=3 width=32) (actual time=8192.941..8199.400 rows=3 loops=1)
                 ->  Partial Aggregate  (cost=1025673.60..1025673.61 rows=1 width=32) (actual time=8189.834..8189.834 rows=1 loops=1)
                       ->  Finalize HashAggregate  (cost=1023061.53..1024367.57 rows=104483 width=36) (actual time=7919.731..8185.512 rows=100172 loops=1)
                             Group Key: lineitem_1.l_suppkey
                             Extra Text: (seg0)   hash table(s): 1; 99877 groups total in 4 batches, 625236 spill partitions; disk usage: 14048KB; chain length 2.2 avg, 7 max; using 99877 of 655360 buckets; total 0 expansions.
 
                             ->  Redistribute Motion 3:3  (slice5; segments: 3)  (cost=1010524.90..1020710.92 rows=313416 width=36) (actual time=5116.942..7545.808 rows=300379 loops=1)
                                   Hash Key: lineitem_1.l_suppkey
                                   ->  Partial HashAggregate  (cost=1010524.90..1014442.60 rows=313416 width=36) (actual time=5138.717..7708.343 rows=299862 loops=1)
                                         Group Key: lineitem_1.l_suppkey
                                         Extra Text: (seg0)   hash table(s): 1; 299859 groups total in 20 batches, 7424108 spill partitions; disk usage: 77632KB; chain length 2.1 avg, 5 max; using 299859 of 5505024 buckets; total 0 expansions.
 
                                         ->  Bitmap Heap Scan on lineitem lineitem_1  (cost=603.66..986860.69 rows=2366421 width=16) (actual time=227.591..2897.649 rows=2295994 loops=1)
                                               Recheck Cond: ((l_shipdate >= '1997-05-01'::date) AND (l_shipdate < '1997-08-01 00:00:00'::timestamp without time zone))
                                               Rows Removed by Index Recheck: 2122581
                                               ->  Bitmap Index Scan on lineitem_l_shipdate_idx  (cost=0.00..12.06 rows=2495526 width=0) (actual time=0.958..0.958 rows=1360 loops=1)
                                                     Index Cond: ((l_shipdate >= '1997-05-01'::date) AND (l_shipdate < '1997-08-01 00:00:00'::timestamp without time zone))
   ->  Sort  (cost=1028233.46..1028233.72 rows=104 width=103) (actual time=8253.381..8253.385 rows=1 loops=1)
         Sort Key: supplier.s_suppkey
         Sort Method:  quicksort  Memory: 75kB
         Executor Memory: 177kB  Segments: 3  Max: 59kB (segment 0)
         ->  Hash Join  (cost=1026459.41..1028229.96 rows=104 width=103) (actual time=8215.970..8253.287 rows=1 loops=1)
               Hash Cond: (supplier.s_suppkey = revenue0.supplier_no)
               Extra Text: (seg0)   Hash chain length 1.0 avg, 1 max, using 1 of 65536 buckets.
               ->  Seq Scan on supplier  (cost=0.00..1507.00 rows=100000 width=71) (actual time=0.369..39.913 rows=99877 loops=1)
               ->  Hash  (cost=1026458.10..1026458.10 rows=104 width=36) (actual time=8198.888..8198.889 rows=1 loops=1)
                     Buckets: 65536  Batches: 1  Memory Usage: 513kB
                     ->  Subquery Scan on revenue0  (cost=1024628.61..1026458.10 rows=104 width=36) (actual time=8139.706..8198.868 rows=1 loops=1)
                           ->  Finalize HashAggregate  (cost=1024628.61..1026457.06 rows=104 width=36) (actual time=8139.705..8198.864 rows=1 loops=1)
                                 Group Key: lineitem.l_suppkey
                                 Filter: (sum((lineitem.l_extendedprice * ('1'::numeric - lineitem.l_discount))) = $0)
                                 Rows Removed by Filter: 99876
                                 Extra Text: (seg0)   hash table(s): 1; 99877 groups total in 4 batches, 630532 spill partitions; disk usage: 14080KB; chain length 2.2 avg, 7 max; using 99877 of 655360 buckets; total 0 expansions.
 
                                 ->  Redistribute Motion 3:3  (slice2; segments: 3)  (cost=1010524.90..1020710.92 rows=313416 width=36) (actual time=5155.374..7552.691 rows=300379 loops=1)
                                       Hash Key: lineitem.l_suppkey
                                       ->  Partial HashAggregate  (cost=1010524.90..1014442.60 rows=313416 width=36) (actual time=5161.651..7711.997 rows=299862 loops=1)
                                             Group Key: lineitem.l_suppkey
                                             Extra Text: (seg0)   hash table(s): 1; 299859 groups total in 20 batches, 7424108 spill partitions; disk usage: 77632KB; chain length 2.1 avg, 5 max; using 299859 of 5505024 buckets; total 0 expansions.
 
                                             ->  Bitmap Heap Scan on lineitem  (cost=603.66..986860.69 rows=2366421 width=16) (actual time=226.179..2917.097 rows=2295994 loops=1)
                                                   Recheck Cond: ((l_shipdate >= '1997-05-01'::date) AND (l_shipdate < '1997-08-01 00:00:00'::timestamp without time zone))
                                                   Rows Removed by Index Recheck: 2122581
                                                   ->  Bitmap Index Scan on lineitem_l_shipdate_idx  (cost=0.00..12.06 rows=2495526 width=0) (actual time=0.282..0.283 rows=1360 loops=1)
                                                         Index Cond: ((l_shipdate >= '1997-05-01'::date) AND (l_shipdate < '1997-08-01 00:00:00'::timestamp without time zone))
 Optimizer: Postgres-based planner
 Planning Time: 10.986 ms
   (slice0)    Executor memory: 18627K bytes.
 * (slice1)    Executor memory: 16515K bytes avg x 3 workers, 16522K bytes max (seg0).  Work_mem: 35985K bytes max, 68625K bytes wanted.
 * (slice2)    Executor memory: 20206K bytes avg x 3 workers, 20209K bytes max (seg0).  Work_mem: 30897K bytes max, 137233K bytes wanted.
   (slice3)    Executor memory: 18589K bytes.
 * (slice4)    Executor memory: 15951K bytes avg x 3 workers, 15959K bytes max (seg2).  Work_mem: 35985K bytes max, 68625K bytes wanted.
 * (slice5)    Executor memory: 20206K bytes avg x 3 workers, 20209K bytes max (seg0).  Work_mem: 30897K bytes max, 137233K bytes wanted.
 Memory used:  128000kB
 Memory wanted:  1098956kB
 Execution Time: 16476.041 ms
(60 rows)

DROP VIEW
