                                                                    QUERY PLAN                                                                    
--------------------------------------------------------------------------------------------------------------------------------------------------
 Finalize Aggregate  (cost=2999587.77..2999587.78 rows=1 width=32)
   ->  Gather Motion 3:1  (slice1; segments: 3)  (cost=2999587.70..2999587.75 rows=3 width=32)
         ->  Partial Aggregate  (cost=2999587.70..2999587.71 rows=1 width=32)
               ->  Bitmap Heap Scan on lineitem  (cost=1550652.53..2980519.49 rows=3813641 width=12)
                     Recheck Cond: ((l_shipdate >= '1995-01-01'::date) AND (l_shipdate < '1996-01-01 00:00:00'::timestamp without time zone))
                     Filter: ((l_discount >= 0.03) AND (l_discount <= 0.05) AND (l_quantity < '25'::numeric))
                     ->  Bitmap Index Scan on lineitem_l_shipdate_idx  (cost=0.00..1549699.11 rows=9305180 width=0)
                           Index Cond: ((l_shipdate >= '1995-01-01'::date) AND (l_shipdate < '1996-01-01 00:00:00'::timestamp without time zone))
 Optimizer: Postgres-based planner
(9 rows)

