                                                                              QUERY PLAN                                                                               
-----------------------------------------------------------------------------------------------------------------------------------------------------------------------
 Gather Motion 3:1  (slice1; segments: 3)  (cost=7682609.58..7743766.17 rows=4316935 width=48)
   Merge Key: (sum((lineitem.l_extendedprice * ('1'::numeric - lineitem.l_discount)))), orders.o_orderdate
   ->  Sort  (cost=7682609.58..7686207.03 rows=1438978 width=48)
         Sort Key: (sum((lineitem.l_extendedprice * ('1'::numeric - lineitem.l_discount)))) DESC, orders.o_orderdate
         ->  HashAggregate  (cost=7503913.03..7524359.46 rows=1438978 width=48)
               Group Key: lineitem.l_orderkey, orders.o_orderdate, orders.o_shippriority
               Planned Partitions: 8
               ->  Redistribute Motion 3:3  (slice2; segments: 3)  (cost=6221797.74..7472491.59 rows=1438978 width=28)
                     Hash Key: orders.o_orderdate, lineitem.l_orderkey, orders.o_shippriority
                     ->  Hash Join  (cost=6221797.74..7443712.02 rows=1438978 width=28)
                           Hash Cond: (lineitem.l_orderkey = orders.o_orderkey)
                           ->  Bitmap Heap Scan on lineitem  (cost=4802596.74..5648333.59 rows=32508365 width=20)
                                 Recheck Cond: (l_shipdate > '1995-03-24'::date)
                                 ->  Bitmap Index Scan on lineitem_l_shipdate_idx  (cost=0.00..4794469.65 rows=32508365 width=0)
                                       Index Cond: (l_shipdate > '1995-03-24'::date)
                           ->  Hash  (cost=1358465.79..1358465.79 rows=4426497 width=16)
                                 ->  Broadcast Motion 3:3  (slice3; segments: 3)  (cost=1064979.69..1358465.79 rows=4426497 width=16)
                                       ->  Hash Join  (cost=1064979.69..1299445.83 rows=1475499 width=16)
                                             Hash Cond: (orders.o_custkey = customer.c_custkey)
                                             ->  Bitmap Heap Scan on orders  (cost=1023570.23..1223515.23 rows=7273245 width=20)
                                                   Recheck Cond: (o_orderdate < '1995-03-24'::date)
                                                   ->  Bitmap Index Scan on orders_o_orderdate_idx  (cost=0.00..1021751.91 rows=7273245 width=0)
                                                         Index Cond: (o_orderdate < '1995-03-24'::date)
                                             ->  Hash  (cost=29998.21..29998.21 rows=912900 width=4)
                                                   ->  Broadcast Motion 3:3  (slice4; segments: 3)  (cost=10089.46..29998.21 rows=912900 width=4)
                                                         ->  Bitmap Heap Scan on customer  (cost=10089.46..17826.21 rows=304300 width=4)
                                                               Recheck Cond: (c_mktsegment = 'HOUSEHOLD'::bpchar)
                                                               ->  Bitmap Index Scan on customer_c_mktsegment_c_custkey_idx  (cost=0.00..10013.39 rows=304300 width=0)
                                                                     Index Cond: (c_mktsegment = 'HOUSEHOLD'::bpchar)
 Optimizer: Postgres-based planner
(30 rows)

