                                                                             QUERY PLAN                                                                             
--------------------------------------------------------------------------------------------------------------------------------------------------------------------
 Finalize Aggregate  (cost=1221638.30..1221638.31 rows=1 width=32)
   ->  Gather Motion 3:1  (slice1; segments: 3)  (cost=1221638.21..1221638.26 rows=3 width=64)
         ->  Partial Aggregate  (cost=1221638.21..1221638.22 rows=1 width=64)
               ->  Hash Join  (cost=1167045.40..1207544.93 rows=805330 width=33)
                     Hash Cond: (part.p_partkey = lineitem.l_partkey)
                     ->  Bitmap Heap Scan on part  (cost=20785.81..44105.81 rows=2000000 width=25)
                           ->  Bitmap Index Scan on part_p_type_p_partkey_idx  (cost=0.00..20285.81 rows=2000000 width=0)
                     ->  Hash  (cost=1136192.96..1136192.96 rows=805330 width=16)
                           ->  Redistribute Motion 3:3  (slice2; segments: 3)  (cost=135184.97..1136192.96 rows=805330 width=16)
                                 Hash Key: lineitem.l_partkey
                                 ->  Bitmap Heap Scan on lineitem  (cost=135184.97..1120086.35 rows=805330 width=16)
                                       Recheck Cond: ((l_shipdate >= '1996-04-01'::date) AND (l_shipdate < '1996-05-01 00:00:00'::timestamp without time zone))
                                       ->  Bitmap Index Scan on lineitem_l_shipdate_idx  (cost=0.00..134983.63 rows=805330 width=0)
                                             Index Cond: ((l_shipdate >= '1996-04-01'::date) AND (l_shipdate < '1996-05-01 00:00:00'::timestamp without time zone))
 Optimizer: Postgres-based planner
(15 rows)

