                                                                                          QUERY PLAN                                                                                          
----------------------------------------------------------------------------------------------------------------------------------------------------------------------------------------------
 Gather Motion 3:1  (slice1; segments: 3)  (cost=1670687.87..1670687.94 rows=5 width=24)
   Merge Key: orders.o_orderpriority
   ->  Sort  (cost=1670687.87..1670687.87 rows=2 width=24)
         Sort Key: orders.o_orderpriority
         ->  Finalize HashAggregate  (cost=1670687.84..1670687.86 rows=2 width=24)
               Group Key: orders.o_orderpriority
               ->  Redistribute Motion 3:3  (slice2; segments: 3)  (cost=1670687.66..1670687.81 rows=5 width=24)
                     Hash Key: orders.o_orderpriority
                     ->  Partial HashAggregate  (cost=1670687.66..1670687.71 rows=5 width=24)
                           Group Key: orders.o_orderpriority
                           ->  HashAggregate  (cost=1665423.20..1668932.84 rows=350965 width=16)
                                 Group Key: (RowIdExpr)
                                 ->  Redistribute Motion 3:3  (slice3; segments: 3)  (cost=691762.17..1664545.78 rows=350965 width=16)
                                       Hash Key: (RowIdExpr)
                                       ->  Hash Join  (cost=691762.17..1657526.49 rows=350965 width=16)
                                             Hash Cond: (lineitem.l_orderkey = orders.o_orderkey)
                                             ->  Bitmap Heap Scan on lineitem  (cost=325397.60..1168022.07 rows=19999819 width=8)
                                                   Recheck Cond: (l_commitdate < l_receiptdate)
                                                   ->  Bitmap Index Scan on lineitem_l_orderkey_idx_part1  (cost=0.00..320397.65 rows=19999819 width=0)
                                             ->  Hash  (cost=341858.03..341858.03 rows=1754843 width=24)
                                                   ->  Broadcast Motion 3:3  (slice4; segments: 3)  (cost=92334.57..341858.03 rows=1754843 width=24)
                                                         ->  Bitmap Heap Scan on orders  (cost=92334.57..318460.13 rows=584948 width=24)
                                                               Recheck Cond: ((o_orderdate >= '1996-09-01'::date) AND (o_orderdate < '1996-12-01 00:00:00'::timestamp without time zone))
                                                               ->  Bitmap Index Scan on orders_o_orderdate_idx  (cost=0.00..92188.34 rows=584948 width=0)
                                                                     Index Cond: ((o_orderdate >= '1996-09-01'::date) AND (o_orderdate < '1996-12-01 00:00:00'::timestamp without time zone))
 Optimizer: Postgres-based planner
(26 rows)

