                                                                                                  QUERY PLAN                                                                                                  
--------------------------------------------------------------------------------------------------------------------------------------------------------------------------------------------------------------
 Gather Motion 3:1  (slice1; segments: 3)  (cost=3954208.76..3954208.82 rows=5 width=52)
   Merge Key: supplier.s_name
   ->  Sort  (cost=3954208.76..3954208.76 rows=2 width=52)
         Sort Key: supplier.s_name
         ->  Hash Join  (cost=3954208.63..3954208.75 rows=2 width=52)
               Hash Cond: (supplier.s_nationkey = nation.n_nationkey)
               ->  HashAggregate  (cost=3954206.51..3954206.59 rows=8 width=56)
                     Group Key: (RowIdExpr)
                     ->  Redistribute Motion 3:3  (slice2; segments: 3)  (cost=3937600.16..3954206.49 rows=8 width=56)
                           Hash Key: (RowIdExpr)
                           ->  Hash Join  (cost=3937600.16..3954206.33 rows=8 width=56)
                                 Hash Cond: (supplier.s_suppkey = lineitem.l_suppkey)
                                 ->  Seq Scan on supplier  (cost=0.00..16355.20 rows=100000 width=60)
                                 ->  Hash  (cost=3937600.06..3937600.06 rows=8 width=8)
                                       ->  Redistribute Motion 3:3  (slice3; segments: 3)  (cost=2600293.65..3937600.06 rows=8 width=8)
                                             Hash Key: lineitem.l_suppkey
                                             ->  Hash Join  (cost=2600293.65..3937599.90 rows=8 width=8)
                                                   Hash Cond: ((partsupp.ps_partkey = part.p_partkey) AND (partsupp.ps_suppkey = lineitem.l_suppkey))
                                                   Join Filter: ((partsupp.ps_availqty)::numeric > ((0.5 * sum(lineitem.l_quantity))))
                                                   ->  Seq Scan on partsupp  (cost=0.00..1287812.66 rows=8000000 width=12)
                                                   ->  Hash  (cost=2598832.09..2598832.09 rows=97438 width=44)
                                                         ->  Hash Join  (cost=2453607.85..2598832.09 rows=97438 width=44)
                                                               Hash Cond: (lineitem.l_partkey = part.p_partkey)
                                                               ->  HashAggregate  (cost=2147498.34..2230855.67 rows=4823170 width=40)
                                                                     Group Key: lineitem.l_partkey, lineitem.l_suppkey
                                                                     Planned Partitions: 16
                                                                     ->  Redistribute Motion 3:3  (slice4; segments: 3)  (cost=868077.09..2035815.17 rows=9019208 width=13)
                                                                           Hash Key: lineitem.l_partkey, lineitem.l_suppkey
                                                                           ->  Bitmap Heap Scan on lineitem  (cost=868077.09..1855431.01 rows=9019208 width=13)
                                                                                 Recheck Cond: ((l_shipdate >= '1994-01-01'::date) AND (l_shipdate < '1995-01-01 00:00:00'::timestamp without time zone))
                                                                                 ->  Bitmap Index Scan on lineitem_l_partkey_l_suppkey_l_shipdate_l_quantity_idx  (cost=0.00..865822.29 rows=9019208 width=0)
                                                                                       Index Cond: ((l_shipdate >= '1994-01-01'::date) AND (l_shipdate < '1995-01-01 00:00:00'::timestamp without time zone))
                                                               ->  Hash  (cost=304594.36..304594.36 rows=121212 width=4)
                                                                     ->  Broadcast Motion 3:3  (slice5; segments: 3)  (cost=0.00..304594.36 rows=121212 width=4)
                                                                           ->  Seq Scan on part  (cost=0.00..302978.20 rows=40404 width=4)
                                                                                 Filter: ((p_name)::text ~~ 'smoke%'::text)
               ->  Hash  (cost=2.11..2.11 rows=1 width=4)
                     ->  Broadcast Motion 3:3  (slice6; segments: 3)  (cost=0.00..2.11 rows=1 width=4)
                           ->  Seq Scan on nation  (cost=0.00..2.09 rows=1 width=4)
                                 Filter: (n_name = 'MOROCCO'::bpchar)
 Optimizer: Postgres-based planner
(41 rows)

