                                                     QUERY PLAN                                                     
--------------------------------------------------------------------------------------------------------------------
 Gather Motion 3:1  (slice1; segments: 3)  (cost=10997610.29..10997610.37 rows=6 width=236)
   Merge Key: l_returnflag, l_linestatus
   ->  Sort  (cost=10997610.29..10997610.29 rows=2 width=236)
         Sort Key: l_returnflag, l_linestatus
         ->  Finalize HashAggregate  (cost=10997610.22..10997610.28 rows=2 width=236)
               Group Key: l_returnflag, l_linestatus
               ->  Redistribute Motion 3:3  (slice2; segments: 3)  (cost=10997609.68..10997609.97 rows=6 width=236)
                     Hash Key: l_returnflag, l_linestatus
                     ->  Partial HashAggregate  (cost=10997609.68..10997609.85 rows=6 width=236)
                           Group Key: l_returnflag, l_linestatus
                           ->  Seq Scan on lineitem  (cost=0.00..8597868.30 rows=59993534 width=25)
                                 Filter: (l_shipdate <= '1998-11-30 23:58:15'::timestamp without time zone)
 Optimizer: Postgres-based planner
(13 rows)

