                                                              QUERY PLAN                                                               
---------------------------------------------------------------------------------------------------------------------------------------
 Gather Motion 3:1  (slice1; segments: 3)  (cost=1366208.53..1370709.03 rows=317682 width=36)
   Merge Key: (sum((partsupp.ps_supplycost * (partsupp.ps_availqty)::numeric)))
   InitPlan 1 (returns $0)  (slice5)
     ->  Finalize Aggregate  (cost=1340341.68..1340341.70 rows=1 width=32)
           ->  Gather Motion 3:1  (slice6; segments: 3)  (cost=1340341.62..1340341.67 rows=3 width=32)
                 ->  Partial Aggregate  (cost=1340341.62..1340341.63 rows=1 width=32)
                       ->  Hash Join  (cost=16969.52..1337959.00 rows=317682 width=10)
                             Hash Cond: (partsupp_1.ps_suppkey = supplier_1.s_suppkey)
                             ->  Seq Scan on partsupp partsupp_1  (cost=0.00..1287812.66 rows=8000000 width=14)
                             ->  Hash  (cost=16819.52..16819.52 rows=12000 width=4)
                                   ->  Broadcast Motion 3:3  (slice7; segments: 3)  (cost=2.12..16819.52 rows=12000 width=4)
                                         ->  Hash Join  (cost=2.12..16659.52 rows=4000 width=4)
                                               Hash Cond: (supplier_1.s_nationkey = nation_1.n_nationkey)
                                               ->  Seq Scan on supplier supplier_1  (cost=0.00..16355.20 rows=100000 width=8)
                                               ->  Hash  (cost=2.11..2.11 rows=1 width=4)
                                                     ->  Broadcast Motion 3:3  (slice8; segments: 3)  (cost=0.00..2.11 rows=1 width=4)
                                                           ->  Seq Scan on nation nation_1  (cost=0.00..2.09 rows=1 width=4)
                                                                 Filter: (n_name = 'JORDAN'::bpchar)
   ->  Sort  (cost=1366208.53..1366473.27 rows=105894 width=36)
         Sort Key: (sum((partsupp.ps_supplycost * (partsupp.ps_availqty)::numeric))) DESC
         ->  HashAggregate  (cost=1351423.25..1357370.48 rows=105894 width=36)
               Group Key: partsupp.ps_partkey
               Filter: (sum((partsupp.ps_supplycost * (partsupp.ps_availqty)::numeric)) > $0)
               ->  Redistribute Motion 3:3  (slice2; segments: 3)  (cost=16969.52..1344312.64 rows=317682 width=14)
                     Hash Key: partsupp.ps_partkey
                     ->  Hash Join  (cost=16969.52..1337959.00 rows=317682 width=14)
                           Hash Cond: (partsupp.ps_suppkey = supplier.s_suppkey)
                           ->  Seq Scan on partsupp  (cost=0.00..1287812.66 rows=8000000 width=18)
                           ->  Hash  (cost=16819.52..16819.52 rows=12000 width=4)
                                 ->  Broadcast Motion 3:3  (slice3; segments: 3)  (cost=2.12..16819.52 rows=12000 width=4)
                                       ->  Hash Join  (cost=2.12..16659.52 rows=4000 width=4)
                                             Hash Cond: (supplier.s_nationkey = nation.n_nationkey)
                                             ->  Seq Scan on supplier  (cost=0.00..16355.20 rows=100000 width=8)
                                             ->  Hash  (cost=2.11..2.11 rows=1 width=4)
                                                   ->  Broadcast Motion 3:3  (slice4; segments: 3)  (cost=0.00..2.11 rows=1 width=4)
                                                         ->  Seq Scan on nation  (cost=0.00..2.09 rows=1 width=4)
                                                               Filter: (n_name = 'JORDAN'::bpchar)
 Optimizer: Postgres-based planner
(38 rows)

