                                                                                     QUERY PLAN                                                                                     
------------------------------------------------------------------------------------------------------------------------------------------------------------------------------------
 Finalize Aggregate  (cost=1092558.19..1092558.21 rows=1 width=32) (actual time=3733.126..3733.128 rows=1 loops=1)
   ->  Gather Motion 3:1  (slice1; segments: 3)  (cost=1092558.11..1092558.16 rows=3 width=64) (actual time=3717.673..3733.097 rows=3 loops=1)
         ->  Partial Aggregate  (cost=1092558.11..1092558.12 rows=1 width=64) (actual time=3716.028..3716.031 rows=1 loops=1)
               ->  Hash Join  (cost=1033314.74..1079316.19 rows=756681 width=33) (actual time=1032.908..3109.031 rows=748754 loops=1)
                     Hash Cond: (part.p_partkey = lineitem.l_partkey)
                     Extra Text: (seg0)   Hash chain length 3.1 avg, 16 max, using 237865 of 262144 buckets.
                     ->  Seq Scan on part  (cost=0.00..29553.00 rows=2000000 width=25) (actual time=0.548..983.471 rows=2001127 loops=1)
                     ->  Hash  (cost=1023856.23..1023856.23 rows=756681 width=16) (actual time=1031.583..1031.584 rows=748754 loops=1)
                           Buckets: 262144  Batches: 1  Memory Usage: 39347kB
                           ->  Redistribute Motion 3:3  (slice2; segments: 3)  (cost=28457.78..1023856.23 rows=756681 width=16) (actual time=92.306..857.126 rows=748754 loops=1)
                                 Hash Key: lineitem.l_partkey
                                 ->  Bitmap Heap Scan on lineitem  (cost=28457.78..1008722.62 rows=756681 width=16) (actual time=91.942..691.256 rows=748419 loops=1)
                                       Recheck Cond: ((l_shipdate >= '1996-04-01'::date) AND (l_shipdate < '1996-05-01 00:00:00'::timestamp without time zone))
                                       ->  Bitmap Index Scan on lineitem_l_shipdate_idx  (cost=0.00..28268.61 rows=756681 width=0) (actual time=88.917..88.917 rows=748419 loops=1)
                                             Index Cond: ((l_shipdate >= '1996-04-01'::date) AND (l_shipdate < '1996-05-01 00:00:00'::timestamp without time zone))
 Optimizer: Postgres-based planner
 Planning Time: 5.261 ms
   (slice0)    Executor memory: 105K bytes.
   (slice1)    Executor memory: 41811K bytes avg x 3 workers, 41853K bytes max (seg0).  Work_mem: 39347K bytes max.
   (slice2)    Executor memory: 2456K bytes avg x 3 workers, 2456K bytes max (seg0).
 Memory used:  128000kB
 Execution Time: 3738.971 ms
(22 rows)

