                                                                                                                 QUERY PLAN                                                                                                                 
--------------------------------------------------------------------------------------------------------------------------------------------------------------------------------------------------------------------------------------------
 Gather Motion 3:1  (slice1; segments: 3)  (cost=1276554.39..1276554.46 rows=5 width=24) (actual time=62553.255..62553.262 rows=5 loops=1)
   Merge Key: orders.o_orderpriority
   ->  Sort  (cost=1276554.39..1276554.39 rows=2 width=24) (actual time=62546.365..62546.383 rows=2 loops=1)
         Sort Key: orders.o_orderpriority
         Sort Method:  quicksort  Memory: 75kB
         Executor Memory: 177kB  Segments: 3  Max: 59kB (segment 0)
         ->  Finalize HashAggregate  (cost=1276554.36..1276554.38 rows=2 width=24) (actual time=62546.217..62546.225 rows=2 loops=1)
               Group Key: orders.o_orderpriority
               Extra Text: (seg0)   hash table(s): 1; chain length 1.0 avg, 1 max; using 2 of 4 buckets; total 1 expansions.
 
               ->  Redistribute Motion 3:3  (slice2; segments: 3)  (cost=1276554.19..1276554.34 rows=5 width=24) (actual time=62543.189..62546.174 rows=6 loops=1)
                     Hash Key: orders.o_orderpriority
                     ->  Partial HashAggregate  (cost=1276554.19..1276554.24 rows=5 width=24) (actual time=62541.274..62541.277 rows=5 loops=1)
                           Group Key: orders.o_orderpriority
                           Extra Text: (seg0)   hash table(s): 1; chain length 1.0 avg, 1 max; using 5 of 8 buckets; total 0 expansions.
 
                           ->  HashAggregate  (cost=1272299.64..1275136.01 rows=283636 width=16) (actual time=62070.889..62379.380 rows=520892 loops=1)
                                 Group Key: (RowIdExpr)
                                 Extra Text: (seg0)   hash table(s): 1; 519250 groups total in 4 batches, 1344940 spill partitions; disk usage: 15136KB; chain length 2.9 avg, 18 max; using 519250 of 5242880 buckets; total 1 expansions.
 
                                 ->  Redistribute Motion 3:3  (slice3; segments: 3)  (cost=134228.74..1271590.55 rows=283636 width=16) (actual time=35723.212..61090.683 rows=1434923 loops=1)
                                       Hash Key: (RowIdExpr)
                                       ->  Hash Join  (cost=134228.74..1265917.83 rows=283636 width=16) (actual time=35364.842..61417.469 rows=1434573 loops=1)
                                             Hash Cond: (lineitem.l_orderkey = orders.o_orderkey)
                                             Extra Text: (seg0)   Initial batch 0:
 (seg0)     Wrote 43143K bytes to inner workfile.
 (seg0)     Wrote 518481K bytes to outer workfile.
 (seg0)   Initial batch 1:
 (seg0)     Read 43143K bytes from inner workfile.
 (seg0)     Read 518481K bytes from outer workfile.
 (seg0)   Work file set: 1 files (0 compressed), max file size 44171264, min file size 32768, compression buffer size 0 bytes
 (seg0)   Hash chain length 3.4 avg, 14 max, using 503718 of 524288 buckets.
                                             ->  Seq Scan on lineitem  (cost=0.00..1034421.20 rows=19999819 width=8) (actual time=1.530..37271.974 rows=37938467 loops=1)
                                                   Filter: (l_commitdate < l_receiptdate)
                                                   Rows Removed by Filter: 22064843
                                             ->  Hash  (cost=113479.08..113479.08 rows=1659973 width=24) (actual time=922.108..922.109 rows=1701175 loops=1)
                                                   Buckets: 262144  Batches: 2  Memory Usage: 55273kB
                                                   ->  Broadcast Motion 3:3  (slice4; segments: 3)  (cost=20810.25..113479.08 rows=1659973 width=24) (actual time=70.481..533.788 rows=1701175 loops=1)
                                                         ->  Bitmap Heap Scan on orders  (cost=20810.25..91346.11 rows=553324 width=24) (actual time=70.104..425.751 rows=567512 loops=1)
                                                               Recheck Cond: ((o_orderdate >= '1996-09-01'::date) AND (o_orderdate < '1996-12-01 00:00:00'::timestamp without time zone))
                                                               ->  Bitmap Index Scan on orders_o_orderdate_idx  (cost=0.00..20671.92 rows=553324 width=0) (actual time=65.048..65.048 rows=567512 loops=1)
                                                                     Index Cond: ((o_orderdate >= '1996-09-01'::date) AND (o_orderdate < '1996-12-01 00:00:00'::timestamp without time zone))
 Optimizer: Postgres-based planner
 Planning Time: 13.938 ms
   (slice0)    Executor memory: 12419K bytes.
 * (slice1)    Executor memory: 59K bytes avg x 3 workers, 59K bytes max (seg0).  Work_mem: 59K bytes max, 24K bytes wanted.
 * (slice2)    Executor memory: 57376K bytes avg x 3 workers, 57948K bytes max (seg1).  Work_mem: 65681K bytes max, 81937K bytes wanted.
 * (slice3)    Executor memory: 55634K bytes avg x 3 workers, 55634K bytes max (seg0).  Work_mem: 55273K bytes max, 108372K bytes wanted.
   (slice4)    Executor memory: 2448K bytes avg x 3 workers, 2448K bytes max (seg0).
 Memory used:  128000kB
 Memory wanted:  650928kB
 Execution Time: 62592.107 ms
(52 rows)

