                                                                                      QUERY PLAN                                                                                      
--------------------------------------------------------------------------------------------------------------------------------------------------------------------------------------
 Gather Motion 3:1  (slice1; segments: 3)  (cost=748289.69..748290.25 rows=25 width=72) (actual time=15416.593..15416.599 rows=7 loops=1)
   Merge Key: ("substring"((customer.c_phone)::text, 1, 2))
   InitPlan 1 (returns $0)  (slice4)
     ->  Finalize Aggregate  (cost=34189.61..34189.62 rows=1 width=32) (actual time=470.305..470.305 rows=1 loops=1)
           ->  Gather Motion 3:1  (slice5; segments: 3)  (cost=34189.55..34189.60 rows=3 width=32) (actual time=459.726..470.284 rows=3 loops=1)
                 ->  Partial Aggregate  (cost=34189.55..34189.56 rows=1 width=32) (actual time=466.907..466.908 rows=1 loops=1)
                       ->  Bitmap Heap Scan on customer customer_1  (cost=14645.29..33172.33 rows=406883 width=6) (actual time=114.831..388.474 rows=382728 loops=1)
                             Recheck Cond: (("substring"((c_phone)::text, 1, 2) = ANY ('{25,30,13,20,17,19,32}'::text[])) AND (c_acctbal > 0.00))
                             ->  Bitmap Index Scan on customer_ios_test1  (cost=0.00..14543.57 rows=388078 width=0) (actual time=112.466..112.467 rows=382728 loops=1)
                                   Index Cond: (("substring"((c_phone)::text, 1, 2) = ANY ('{25,30,13,20,17,19,32}'::text[])) AND (c_acctbal > 0.00))
   ->  GroupAggregate  (cost=748289.69..748289.92 rows=8 width=72) (actual time=15395.558..15416.138 rows=3 loops=1)
         Group Key: ("substring"((customer.c_phone)::text, 1, 2))
         ->  Sort  (cost=748289.69..748289.71 rows=8 width=38) (actual time=15385.619..15390.950 rows=82147 loops=1)
               Sort Key: ("substring"((customer.c_phone)::text, 1, 2))
               Sort Method:  quicksort  Memory: 16625kB
               Executor Memory: 12143kB  Segments: 3  Max: 5643kB (segment 1)
               ->  Redistribute Motion 3:3  (slice2; segments: 3)  (cost=720013.83..748289.56 rows=8 width=38) (actual time=11995.775..15367.064 rows=82147 loops=1)
                     Hash Key: ("substring"((customer.c_phone)::text, 1, 2))
                     ->  Hash Anti Join  (cost=720013.83..748289.39 rows=8 width=38) (actual time=11935.678..15312.143 rows=63889 loops=1)
                           Hash Cond: (customer.c_custkey = orders.o_custkey)
                           Extra Text: (seg2)   Initial batch 0:
 (seg2)     Wrote 340870K bytes to inner workfile.
 (seg2)     Wrote 8684K bytes to outer workfile.
 (seg2)   Initial batches 1..31:
 (seg2)     Read 340870K bytes from inner workfile: 10996K avg x 31 nonempty batches, 11114K max.
 (seg2)     Read 8684K bytes from outer workfile: 281K avg x 31 nonempty batches, 288K max.
 (seg2)   Work file set: 31 files (0 compressed), max file size 11370496, min file size 32768, compression buffer size 0 bytes
 (seg2)   Hash chain length 15.9 avg, 122 max, using 943175 of 8388608 buckets.
                           ->  Bitmap Heap Scan on customer  (cost=5628.83..17701.58 rows=246298 width=26) (actual time=70.436..274.528 rows=191505 loops=1)
                                 Recheck Cond: (("substring"((c_phone)::text, 1, 2) = ANY ('{25,30,13,20,17,19,32}'::text[])) AND (c_acctbal > $0))
                                 ->  Bitmap Index Scan on customer_ios_test1  (cost=0.00..5567.25 rows=142200 width=0) (actual time=68.405..68.413 rows=191505 loops=1)
                                       Index Cond: (("substring"((c_phone)::text, 1, 2) = ANY ('{25,30,13,20,17,19,32}'::text[])) AND (c_acctbal > $0))
                           ->  Hash  (cost=512236.00..512236.00 rows=15000000 width=4) (actual time=11833.654..11833.655 rows=15011435 loops=1)
                                 Buckets: 262144  Batches: 32  Memory Usage: 18549kB
                                 ->  Redistribute Motion 3:3  (slice3; segments: 3)  (cost=0.00..512236.00 rows=15000000 width=4) (actual time=0.128..9173.364 rows=15011435 loops=1)
                                       Hash Key: orders.o_custkey
                                       ->  Seq Scan on orders  (cost=0.00..212236.00 rows=15000000 width=4) (actual time=0.600..7089.400 rows=15003291 loops=1)
 Optimizer: Postgres-based planner
 Planning Time: 10.307 ms
   (slice0)    Executor memory: 198K bytes.
   (slice1)    Executor memory: 4106K bytes avg x 3 workers, 5701K bytes max (seg1).  Work_mem: 5643K bytes max.
 * (slice2)    Executor memory: 24853K bytes avg x 3 workers, 24895K bytes max (seg0).  Work_mem: 18549K bytes max, 529794K bytes wanted.
   (slice3)    Executor memory: 198K bytes avg x 3 workers, 198K bytes max (seg0).
   (slice4)    Executor memory: 168K bytes.
   (slice5)    Executor memory: 2454K bytes avg x 3 workers, 2454K bytes max (seg0).
 Memory used:  128000kB
 Memory wanted:  2120275kB
 Execution Time: 15900.977 ms
(48 rows)

