CREATE VIEW
                                                                                                                       QUERY PLAN                                                                                                                       
--------------------------------------------------------------------------------------------------------------------------------------------------------------------------------------------------------------------------------------------------------
 Gather Motion 3:1  (slice1; segments: 3)  (cost=1116173.32..1116177.76 rows=313 width=103) (actual time=6986.058..6986.063 rows=1 loops=1)
   Merge Key: supplier.s_suppkey
   InitPlan 1 (returns $0)  (slice3)
     ->  Finalize Aggregate  (cost=1113613.52..1113613.53 rows=1 width=32) (actual time=7053.813..7053.813 rows=1 loops=1)
           ->  Gather Motion 3:1  (slice4; segments: 3)  (cost=1113613.46..1113613.51 rows=3 width=32) (actual time=7050.257..7053.798 rows=3 loops=1)
                 ->  Partial Aggregate  (cost=1113613.46..1113613.47 rows=1 width=32) (actual time=7051.016..7051.017 rows=1 loops=1)
                       ->  Finalize HashAggregate  (cost=1111001.39..1112307.43 rows=104483 width=36) (actual time=6772.636..7037.298 rows=100172 loops=1)
                             Group Key: lineitem_1.l_suppkey
                             Extra Text: (seg0)   hash table(s): 1; 99877 groups total in 4 batches, 638060 spill partitions; disk usage: 14112KB; chain length 2.2 avg, 7 max; using 99877 of 655360 buckets; total 0 expansions.
 
                             ->  Redistribute Motion 3:3  (slice5; segments: 3)  (cost=1098464.76..1108650.77 rows=313416 width=36) (actual time=4028.705..6394.042 rows=300379 loops=1)
                                   Hash Key: lineitem_1.l_suppkey
                                   ->  Partial HashAggregate  (cost=1098464.76..1102382.46 rows=313416 width=36) (actual time=4024.987..6612.626 rows=299862 loops=1)
                                         Group Key: lineitem_1.l_suppkey
                                         Extra Text: (seg0)   hash table(s): 1; 299859 groups total in 20 batches, 7424108 spill partitions; disk usage: 77632KB; chain length 2.1 avg, 5 max; using 299859 of 5505024 buckets; total 0 expansions.
 
                                         ->  Bitmap Heap Scan on lineitem lineitem_1  (cost=88988.43..1074800.55 rows=2366421 width=16) (actual time=265.607..1805.281 rows=2295994 loops=1)
                                               Recheck Cond: ((l_shipdate >= '1997-05-01'::date) AND (l_shipdate < '1997-08-01 00:00:00'::timestamp without time zone))
                                               ->  Bitmap Index Scan on lineitem_l_shipdate_idx  (cost=0.00..88396.82 rows=2366421 width=0) (actual time=263.172..263.172 rows=2295994 loops=1)
                                                     Index Cond: ((l_shipdate >= '1997-05-01'::date) AND (l_shipdate < '1997-08-01 00:00:00'::timestamp without time zone))
   ->  Sort  (cost=1116173.32..1116173.58 rows=104 width=103) (actual time=6985.356..6985.360 rows=1 loops=1)
         Sort Key: supplier.s_suppkey
         Sort Method:  quicksort  Memory: 75kB
         Executor Memory: 177kB  Segments: 3  Max: 59kB (segment 0)
         ->  Hash Join  (cost=1114399.27..1116169.81 rows=104 width=103) (actual time=6947.840..6985.277 rows=1 loops=1)
               Hash Cond: (supplier.s_suppkey = revenue0.supplier_no)
               Extra Text: (seg0)   Hash chain length 1.0 avg, 1 max, using 1 of 65536 buckets.
               ->  Seq Scan on supplier  (cost=0.00..1507.00 rows=100000 width=71) (actual time=0.324..40.046 rows=99877 loops=1)
               ->  Hash  (cost=1114397.96..1114397.96 rows=104 width=36) (actual time=6930.679..6930.679 rows=1 loops=1)
                     Buckets: 65536  Batches: 1  Memory Usage: 513kB
                     ->  Subquery Scan on revenue0  (cost=1112568.47..1114397.96 rows=104 width=36) (actual time=6870.587..6930.673 rows=1 loops=1)
                           ->  Finalize HashAggregate  (cost=1112568.47..1114396.92 rows=104 width=36) (actual time=6870.585..6930.670 rows=1 loops=1)
                                 Group Key: lineitem.l_suppkey
                                 Filter: (sum((lineitem.l_extendedprice * ('1'::numeric - lineitem.l_discount))) = $0)
                                 Rows Removed by Filter: 99876
                                 Extra Text: (seg0)   hash table(s): 1; 99877 groups total in 4 batches, 638872 spill partitions; disk usage: 14112KB; chain length 2.2 avg, 7 max; using 99877 of 655360 buckets; total 0 expansions.
 
                                 ->  Redistribute Motion 3:3  (slice2; segments: 3)  (cost=1098464.76..1108650.77 rows=313416 width=36) (actual time=3989.736..6297.233 rows=300379 loops=1)
                                       Hash Key: lineitem.l_suppkey
                                       ->  Partial HashAggregate  (cost=1098464.76..1102382.46 rows=313416 width=36) (actual time=3988.218..6520.220 rows=299862 loops=1)
                                             Group Key: lineitem.l_suppkey
                                             Extra Text: (seg0)   hash table(s): 1; 299859 groups total in 20 batches, 7424108 spill partitions; disk usage: 77632KB; chain length 2.1 avg, 5 max; using 299859 of 5505024 buckets; total 0 expansions.
 
                                             ->  Bitmap Heap Scan on lineitem  (cost=88988.43..1074800.55 rows=2366421 width=16) (actual time=220.019..1768.853 rows=2295994 loops=1)
                                                   Recheck Cond: ((l_shipdate >= '1997-05-01'::date) AND (l_shipdate < '1997-08-01 00:00:00'::timestamp without time zone))
                                                   ->  Bitmap Index Scan on lineitem_l_shipdate_idx  (cost=0.00..88396.82 rows=2366421 width=0) (actual time=219.660..219.661 rows=2295994 loops=1)
                                                         Index Cond: ((l_shipdate >= '1997-05-01'::date) AND (l_shipdate < '1997-08-01 00:00:00'::timestamp without time zone))
 Optimizer: Postgres-based planner
 Planning Time: 10.256 ms
   (slice0)    Executor memory: 18687K bytes.
 * (slice1)    Executor memory: 16333K bytes avg x 3 workers, 16344K bytes max (seg2).  Work_mem: 35985K bytes max, 68625K bytes wanted.
 * (slice2)    Executor memory: 19150K bytes avg x 3 workers, 19150K bytes max (seg0).  Work_mem: 30897K bytes max, 137233K bytes wanted.
   (slice3)    Executor memory: 18649K bytes.
 * (slice4)    Executor memory: 15677K bytes avg x 3 workers, 15699K bytes max (seg2).  Work_mem: 35985K bytes max, 68625K bytes wanted.
 * (slice5)    Executor memory: 19150K bytes avg x 3 workers, 19150K bytes max (seg0).  Work_mem: 30897K bytes max, 137233K bytes wanted.
 Memory used:  128000kB
 Memory wanted:  1098956kB
 Execution Time: 14061.043 ms
(58 rows)

DROP VIEW
