                                                                                                              QUERY PLAN                                                                                                              
--------------------------------------------------------------------------------------------------------------------------------------------------------------------------------------------------------------------------------------
 Limit  (cost=1293398.87..1293399.16 rows=20 width=201) (actual time=33123.415..33123.434 rows=20 loops=1)
   ->  Gather Motion 3:1  (slice1; segments: 3)  (cost=1293398.87..1293399.72 rows=60 width=201) (actual time=33123.412..33123.428 rows=20 loops=1)
         Merge Key: (sum((lineitem.l_extendedprice * ('1'::numeric - lineitem.l_discount))))
         ->  Limit  (cost=1293398.87..1293398.92 rows=20 width=201) (actual time=32986.362..33008.068 rows=20 loops=1)
               ->  Sort  (cost=1293266.38..1294591.29 rows=529962 width=201) (actual time=32986.361..32986.366 rows=20 loops=1)
                     Sort Key: (sum((lineitem.l_extendedprice * ('1'::numeric - lineitem.l_discount)))) DESC
                     Sort Method:  top-N heapsort  Memory: 101kB
                     Executor Memory: 177kB  Segments: 3  Max: 59kB (segment 0)
                     ->  HashAggregate  (cost=1272539.76..1279164.28 rows=529962 width=201) (actual time=31038.982..32907.563 rows=383465 loops=1)
                           Group Key: customer.c_custkey, customer.c_name, customer.c_acctbal, customer.c_phone, nation.n_name, customer.c_address, customer.c_comment
                           Planned Partitions: 8
                           Extra Text: (seg0)   hash table(s): 1; 382397 groups total in 8 batches, 7703896 spill partitions; disk usage: 194208KB; chain length 2.2 avg, 9 max; using 382397 of 1179648 buckets; total 0 expansions.
 
                           ->  Hash Join  (cost=1216248.60..1259290.71 rows=529962 width=181) (actual time=25953.271..29110.932 rows=1146024 loops=1)
                                 Hash Cond: (customer.c_nationkey = nation.n_nationkey)
                                 Extra Text: (seg2)   Hash chain length 1.0 avg, 1 max, using 25 of 65536 buckets.
                                 ->  Hash Join  (cost=1216246.87..1252574.36 rows=529962 width=159) (actual time=25953.092..28679.194 rows=1146024 loops=1)
                                       Hash Cond: (customer.c_custkey = orders.o_custkey)
                                       Extra Text: (seg2)   Initial batch 0:
 (seg2)     Wrote 20929K bytes to inner workfile.
 (seg2)     Wrote 125236K bytes to outer workfile.
 (seg2)   Overflow batch 1:
 (seg2)     Read 20929K bytes from inner workfile.
 (seg2)     Read 125236K bytes from outer workfile.
 (seg2)   Work file set: 1 files (0 compressed), max file size 21430272, min file size 32768, compression buffer size 0 bytes
 (seg2)   Hash chain length 5.7 avg, 41 max, using 201552 of 262144 buckets.
                                       ->  Seq Scan on customer  (cost=0.00..23340.00 rows=1500000 width=147) (actual time=0.646..769.313 rows=1501094 loops=1)
                                       ->  Hash  (cost=1209622.34..1209622.34 rows=529962 width=16) (actual time=25952.206..25952.206 rows=1146024 loops=1)
                                             Buckets: 131072 (originally 131072)  Batches: 2 (originally 1)  Memory Usage: 30852kB
                                             ->  Redistribute Motion 3:3  (slice2; segments: 3)  (cost=246138.36..1209622.34 rows=529962 width=16) (actual time=10678.582..25673.272 rows=1146024 loops=1)
                                                   Hash Key: orders.o_custkey
                                                   ->  Hash Join  (cost=246138.36..1199023.10 rows=529962 width=16) (actual time=10244.273..25443.902 rows=1145273 loops=1)
                                                         Hash Cond: (lineitem.l_orderkey = orders.o_orderkey)
                                                         Extra Text: (seg0)   Initial batch 0:
 (seg0)     Wrote 45317K bytes to inner workfile.
 (seg0)     Wrote 477334K bytes to outer workfile.
 (seg0)   Initial batches 1..3:
 (seg0)     Read 45317K bytes from inner workfile: 15106K avg x 3 nonempty batches, 15139K max.
 (seg0)     Read 477334K bytes from outer workfile: 159112K avg x 3 nonempty batches, 159153K max.
 (seg0)   Work file set: 3 files (0 compressed), max file size 15499264, min file size 32768, compression buffer size 0 bytes
 (seg0)   Hash chain length 3.4 avg, 14 max, using 504462 of 524288 buckets.
                                                         ->  Bitmap Heap Scan on lineitem  (cost=114260.48..1019030.06 rows=14851866 width=20) (actual time=2084.171..12885.596 rows=14812123 loops=1)
                                                               Recheck Cond: (l_returnflag = 'R'::bpchar)
                                                               ->  Bitmap Index Scan on lineitem_l_orderkey_idx_l_returnflag  (cost=0.00..110547.52 rows=14851866 width=0) (actual time=2081.375..2081.376 rows=14812123 loops=1)
                                                         ->  Hash  (cost=111806.08..111806.08 rows=1605744 width=12) (actual time=913.982..913.982 rows=1718066 loops=1)
                                                               Buckets: 131072  Batches: 4  Memory Usage: 21137kB
                                                               ->  Broadcast Motion 3:3  (slice3; segments: 3)  (cost=20131.44..111806.08 rows=1605744 width=12) (actual time=69.872..559.518 rows=1718066 loops=1)
                                                                     ->  Bitmap Heap Scan on orders  (cost=20131.44..90396.16 rows=535248 width=12) (actual time=69.463..397.096 rows=572976 loops=1)
                                                                           Recheck Cond: ((o_orderdate >= '1993-10-01'::date) AND (o_orderdate < '1994-01-01 00:00:00'::timestamp without time zone))
                                                                           ->  Bitmap Index Scan on orders_o_orderdate_idx  (cost=0.00..19997.63 rows=535248 width=0) (actual time=67.025..67.025 rows=572976 loops=1)
                                                                                 Index Cond: ((o_orderdate >= '1993-10-01'::date) AND (o_orderdate < '1994-01-01 00:00:00'::timestamp without time zone))
                                 ->  Hash  (cost=1.42..1.42 rows=25 width=30) (actual time=0.020..0.020 rows=25 loops=1)
                                       Buckets: 65536  Batches: 1  Memory Usage: 514kB
                                       ->  Broadcast Motion 3:3  (slice4; segments: 3)  (cost=0.00..1.42 rows=25 width=30) (actual time=0.005..0.012 rows=25 loops=1)
                                             ->  Seq Scan on nation  (cost=0.00..1.08 rows=8 width=30) (actual time=0.395..0.401 rows=10 loops=1)
 Optimizer: Postgres-based planner
 Planning Time: 7.179 ms
   (slice0)    Executor memory: 3279K bytes.
 * (slice1)    Executor memory: 61196K bytes avg x 3 workers, 61228K bytes max (seg2).  Work_mem: 44305K bytes max, 240657K bytes wanted.
 * (slice2)    Executor memory: 33679K bytes avg x 3 workers, 33679K bytes max (seg0).  Work_mem: 21137K bytes max, 81559K bytes wanted.
   (slice3)    Executor memory: 2447K bytes avg x 3 workers, 2447K bytes max (seg0).
   (slice4)    Executor memory: 183K bytes avg x 3 workers, 183K bytes max (seg0).
 Memory used:  128000kB
 Memory wanted:  1685892kB
 Execution Time: 33136.059 ms
(65 rows)

