                                                                                                         QUERY PLAN                                                                                                         
----------------------------------------------------------------------------------------------------------------------------------------------------------------------------------------------------------------------------
 Gather Motion 3:1  (slice1; segments: 3)  (cost=1916682.98..1916683.08 rows=7 width=27) (actual time=20108.811..20108.815 rows=2 loops=1)
   Merge Key: lineitem.l_shipmode
   ->  Sort  (cost=1916682.98..1916682.99 rows=2 width=27) (actual time=20107.888..20107.899 rows=2 loops=1)
         Sort Key: lineitem.l_shipmode
         Sort Method:  quicksort  Memory: 75kB
         Executor Memory: 177kB  Segments: 3  Max: 59kB (segment 0)
         ->  Finalize HashAggregate  (cost=1916682.94..1916682.97 rows=2 width=27) (actual time=20107.791..20107.795 rows=2 loops=1)
               Group Key: lineitem.l_shipmode
               Extra Text: (seg2)   hash table(s): 1; chain length 1.0 avg, 1 max; using 2 of 4 buckets; total 1 expansions.
 
               ->  Redistribute Motion 3:3  (slice2; segments: 3)  (cost=1916682.68..1916682.89 rows=7 width=27) (actual time=20033.299..20107.756 rows=6 loops=1)
                     Hash Key: lineitem.l_shipmode
                     ->  Partial HashAggregate  (cost=1916682.68..1916682.75 rows=7 width=27) (actual time=20106.049..20106.057 rows=2 loops=1)
                           Group Key: lineitem.l_shipmode
                           Extra Text: (seg0)   hash table(s): 1; chain length 1.0 avg, 1 max; using 2 of 8 buckets; total 0 expansions.
 
                           ->  Hash Join  (cost=1499896.92..1871772.21 rows=2566313 width=27) (actual time=12376.194..19917.460 rows=312743 loops=1)
                                 Hash Cond: (orders.o_orderkey = lineitem.l_orderkey)
                                 Extra Text: (seg0)   Initial batch 0:
 (seg0)     Wrote 10093K bytes to inner workfile.
 (seg0)     Wrote 483445K bytes to outer workfile.
 (seg0)   Initial batches 1..3:
 (seg0)     Read 10093K bytes from inner workfile: 3365K avg x 3 nonempty batches, 3366K max.
 (seg0)     Read 483445K bytes from outer workfile: 161149K avg x 3 nonempty batches, 161223K max.
 (seg0)   Work file set: 3 files (0 compressed), max file size 3440640, min file size 32768, compression buffer size 0 bytes
 (seg0)   Hash chain length 1.2 avg, 8 max, using 255805 of 1048576 buckets.
                                 ->  Seq Scan on orders  (cost=0.00..212236.00 rows=15000000 width=24) (actual time=0.518..6584.187 rows=15003291 loops=1)
                                 ->  Hash  (cost=1464058.01..1464058.01 rows=2566313 width=19) (actual time=6545.503..6545.504 rows=312743 loops=1)
                                       Buckets: 262144  Batches: 4  Memory Usage: 6307kB
                                       ->  Redistribute Motion 3:3  (slice3; segments: 3)  (cost=53999.44..1464058.01 rows=2566313 width=19) (actual time=4122.268..6479.640 rows=312743 loops=1)
                                             Hash Key: lineitem.l_orderkey
                                             ->  Bitmap Heap Scan on lineitem  (cost=53999.44..1412731.76 rows=2566313 width=19) (actual time=4112.876..6422.884 rows=312393 loops=1)
                                                   Recheck Cond: ((l_commitdate < l_receiptdate) AND (l_shipdate < l_commitdate))
                                                   Filter: ((l_shipmode = ANY ('{AIR,SHIP}'::bpchar[])) AND (l_receiptdate >= '1996-01-01'::date) AND (l_receiptdate < '1997-01-01 00:00:00'::timestamp without time zone))
                                                   Rows Removed by Filter: 6876978
                                                   ->  Bitmap Index Scan on lineitem_l_orderkey_idx_part2  (cost=0.00..53357.86 rows=6666606 width=0) (actual time=1179.238..1179.238 rows=7193649 loops=1)
 Optimizer: Postgres-based planner
 Planning Time: 4.341 ms
   (slice0)    Executor memory: 123K bytes.
 * (slice1)    Executor memory: 59K bytes avg x 3 workers, 59K bytes max (seg0).  Work_mem: 59K bytes max, 24K bytes wanted.
 * (slice2)    Executor memory: 6732K bytes avg x 3 workers, 6753K bytes max (seg0).  Work_mem: 6307K bytes max, 19152K bytes wanted.
   (slice3)    Executor memory: 24663K bytes avg x 3 workers, 24663K bytes max (seg0).
 Memory used:  128000kB
 Memory wanted:  96355kB
 Execution Time: 20117.495 ms
(45 rows)

