CREATE VIEW
                                                                                                                       QUERY PLAN                                                                                                                       
--------------------------------------------------------------------------------------------------------------------------------------------------------------------------------------------------------------------------------------------------------
 Gather Motion 3:1  (slice1; segments: 3)  (cost=1243296.80..1243301.24 rows=313 width=103) (actual time=38522.703..38522.707 rows=1 loops=1)
   Merge Key: supplier.s_suppkey
   InitPlan 1 (returns $0)  (slice3)
     ->  Finalize Aggregate  (cost=1237676.30..1237676.31 rows=1 width=32) (actual time=38670.873..38670.873 rows=1 loops=1)
           ->  Gather Motion 3:1  (slice4; segments: 3)  (cost=1237676.24..1237676.29 rows=3 width=32) (actual time=38666.311..38670.859 rows=3 loops=1)
                 ->  Partial Aggregate  (cost=1237676.24..1237676.25 rows=1 width=32) (actual time=38665.376..38665.377 rows=1 loops=1)
                       ->  Finalize HashAggregate  (cost=1235064.17..1236370.20 rows=104483 width=36) (actual time=38425.004..38657.950 rows=100172 loops=1)
                             Group Key: lineitem_1.l_suppkey
                             Extra Text: (seg0)   hash table(s): 1; 99877 groups total in 4 batches, 510748 spill partitions; disk usage: 13600KB; chain length 2.3 avg, 9 max; using 99877 of 655360 buckets; total 0 expansions.
 
                             ->  Redistribute Motion 3:3  (slice5; segments: 3)  (cost=1219638.84..1232713.55 rows=313416 width=36) (actual time=35710.043..38025.138 rows=300379 loops=1)
                                   Hash Key: lineitem_1.l_suppkey
                                   ->  Partial HashAggregate  (cost=1219638.84..1226445.24 rows=313416 width=36) (actual time=35707.264..38167.975 rows=299862 loops=1)
                                         Group Key: lineitem_1.l_suppkey
                                         Extra Text: (seg0)   hash table(s): 1; 299859 groups total in 20 batches, 7208548 spill partitions; disk usage: 77120KB; chain length 2.1 avg, 5 max; using 299859 of 5505024 buckets; total 0 expansions.
 
                                         ->  Seq Scan on lineitem lineitem_1  (cost=0.00..1184419.84 rows=2366421 width=16) (actual time=24413.327..33504.126 rows=2295994 loops=1)
                                               Filter: ((l_shipdate >= '1997-05-01'::date) AND (l_shipdate < '1997-08-01 00:00:00'::timestamp without time zone))
                                               Rows Removed by Filter: 57697108
   ->  Sort  (cost=1243296.80..1243297.06 rows=104 width=103) (actual time=38521.417..38521.425 rows=1 loops=1)
         Sort Key: supplier.s_suppkey
         Sort Method:  quicksort  Memory: 75kB
         Executor Memory: 177kB  Segments: 3  Max: 59kB (segment 0)
         ->  Hash Join  (cost=1241522.75..1243293.29 rows=104 width=103) (actual time=38483.098..38521.326 rows=1 loops=1)
               Hash Cond: (supplier.s_suppkey = revenue0.supplier_no)
               Extra Text: (seg0)   Hash chain length 1.0 avg, 1 max, using 1 of 65536 buckets.
               ->  Seq Scan on supplier  (cost=0.00..1507.00 rows=100000 width=71) (actual time=0.452..40.757 rows=99877 loops=1)
               ->  Hash  (cost=1241521.44..1241521.44 rows=104 width=36) (actual time=38465.323..38465.324 rows=1 loops=1)
                     Buckets: 65536  Batches: 1  Memory Usage: 513kB
                     ->  Subquery Scan on revenue0  (cost=1239079.81..1241521.44 rows=104 width=36) (actual time=38416.082..38465.318 rows=1 loops=1)
                           ->  Finalize HashAggregate  (cost=1239079.81..1241520.40 rows=104 width=36) (actual time=38416.080..38465.315 rows=1 loops=1)
                                 Group Key: lineitem.l_suppkey
                                 Filter: (sum((lineitem.l_extendedprice * ('1'::numeric - lineitem.l_discount))) = $0)
                                 Rows Removed by Filter: 99876
                                 Extra Text: (seg0)   hash table(s): 1; 99877 groups total in 4 batches, 522084 spill partitions; disk usage: 13632KB; chain length 2.3 avg, 9 max; using 99877 of 655360 buckets; total 0 expansions.
 
                                 ->  Redistribute Motion 3:3  (slice2; segments: 3)  (cost=1219638.84..1232713.55 rows=313416 width=36) (actual time=35595.317..37854.141 rows=300379 loops=1)
                                       Hash Key: lineitem.l_suppkey
                                       ->  Partial HashAggregate  (cost=1219638.84..1226445.24 rows=313416 width=36) (actual time=35594.232..38051.142 rows=299862 loops=1)
                                             Group Key: lineitem.l_suppkey
                                             Extra Text: (seg0)   hash table(s): 1; 299859 groups total in 20 batches, 7208548 spill partitions; disk usage: 77120KB; chain length 2.1 avg, 5 max; using 299859 of 5505024 buckets; total 0 expansions.
 
                                             ->  Seq Scan on lineitem  (cost=0.00..1184419.84 rows=2366421 width=16) (actual time=24326.294..33409.223 rows=2295994 loops=1)
                                                   Filter: ((l_shipdate >= '1997-05-01'::date) AND (l_shipdate < '1997-08-01 00:00:00'::timestamp without time zone))
                                                   Rows Removed by Filter: 57697108
 Optimizer: Postgres-based planner
 Planning Time: 9.422 ms
   (slice0)    Executor memory: 18598K bytes.
 * (slice1)    Executor memory: 18944K bytes avg x 3 workers, 18968K bytes max (seg2).  Work_mem: 33937K bytes max, 58385K bytes wanted.
 * (slice2)    Executor memory: 18236K bytes avg x 3 workers, 18247K bytes max (seg1).  Work_mem: 26801K bytes max, 114961K bytes wanted.
   (slice3)    Executor memory: 18565K bytes.
 * (slice4)    Executor memory: 18492K bytes avg x 3 workers, 18494K bytes max (seg2).  Work_mem: 33937K bytes max, 58385K bytes wanted.
 * (slice5)    Executor memory: 18236K bytes avg x 3 workers, 18247K bytes max (seg1).  Work_mem: 26801K bytes max, 114961K bytes wanted.
 Memory used:  128000kB
 Memory wanted:  690860kB
 Execution Time: 77214.251 ms
(56 rows)

DROP VIEW
