                                                                                                  QUERY PLAN                                                                                                   
---------------------------------------------------------------------------------------------------------------------------------------------------------------------------------------------------------------
 Gather Motion 3:1  (slice1; segments: 3)  (cost=190761.58..190761.89 rows=22 width=44) (actual time=20636.213..20658.604 rows=27840 loops=1)
   Merge Key: (count(DISTINCT partsupp.ps_suppkey)), part.p_brand, part.p_type, part.p_size
   ->  Sort  (cost=190761.58..190761.60 rows=7 width=44) (actual time=20634.756..20635.688 rows=9382 loops=1)
         Sort Key: (count(DISTINCT partsupp.ps_suppkey)) DESC, part.p_brand, part.p_type, part.p_size
         Sort Method:  quicksort  Memory: 3570kB
         Executor Memory: 2935kB  Segments: 3  Max: 985kB (segment 0)
         ->  GroupAggregate  (cost=190761.31..190761.48 rows=7 width=44) (actual time=19572.346..20616.332 rows=9382 loops=1)
               Group Key: part.p_brand, part.p_type, part.p_size
               ->  Sort  (cost=190761.31..190761.33 rows=7 width=40) (actual time=19572.228..20096.858 rows=1199737 loops=1)
                     Sort Key: part.p_brand, part.p_type, part.p_size
                     Sort Method:  external merge  Disk: 181408kB
                     Executor Memory: 127259kB  Segments: 3  Max: 42420kB (segment 0)
                     ->  Redistribute Motion 3:3  (slice2; segments: 3)  (cost=138934.72..190761.21 rows=7 width=40) (actual time=8997.951..17102.421 rows=1199737 loops=1)
                           Hash Key: part.p_brand, part.p_type, part.p_size
                           ->  Hash Join  (cost=138934.72..190761.06 rows=7 width=40) (actual time=8995.578..12180.497 rows=1187209 loops=1)
                                 Hash Cond: (part.p_partkey = partsupp.ps_partkey)
                                 Extra Text: (seg2)   Initial batch 0:
 (seg2)     Wrote 191332K bytes to inner workfile.
 (seg2)     Wrote 15712K bytes to outer workfile.
 (seg2)   Overflow batches 1..7:
 (seg2)     Read 240868K bytes from inner workfile: 34410K avg x 7 nonempty batches, 55658K max.
 (seg2)     Wrote 49537K bytes to inner workfile: 16513K avg x 3 overflowing batches, 28248K max.
 (seg2)     Read 15712K bytes from outer workfile: 2245K avg x 7 nonempty batches, 2263K max.
 (seg2)   Work file set: 7 files (0 compressed), max file size 56983552, min file size 32768, compression buffer size 0 bytes
 (seg2)   Hash chain length 6.2 avg, 36 max, using 1290228 of 2097152 buckets.
                                 ->  Bitmap Heap Scan on part  (cost=90.66..50737.20 rows=314591 width=40) (actual time=38.778..994.722 rows=296961 loops=1)
                                       Recheck Cond: (p_size = ANY ('{3,45,14,32,41,8,21,15}'::integer[]))
                                       Rows Removed by Index Recheck: 1679492
                                       Filter: ((p_brand <> 'Brand#55'::bpchar) AND ((p_type)::text !~~ 'LARGE ANODIZED%'::text))
                                       Rows Removed by Filter: 22986
                                       ->  Bitmap Index Scan on part_p_size_idx  (cost=0.00..12.01 rows=333333 width=0) (actual time=1.422..1.423 rows=2500 loops=1)
                                             Index Cond: (p_size = ANY ('{3,45,14,32,41,8,21,15}'::integer[]))
                                 ->  Hash  (cost=138843.97..138843.97 rows=8 width=8) (actual time=8954.673..8954.674 rows=8000358 loops=1)
                                       Buckets: 262144 (originally 131072)  Batches: 8 (originally 1)  Memory Usage: 41232kB
                                       ->  Redistribute Motion 3:3  (slice3; segments: 3)  (cost=9.57..138843.97 rows=8 width=8) (actual time=5.128..7290.247 rows=8000358 loops=1)
                                             Hash Key: partsupp.ps_partkey
                                             ->  Hash Left Anti Semi (Not-In) Join  (cost=9.57..138843.80 rows=8 width=8) (actual time=6.577..5640.921 rows=8000604 loops=1)
                                                   Hash Cond: (partsupp.ps_suppkey = supplier.s_suppkey)
                                                   Extra Text: (seg1)   Hash chain length 1.0 avg, 1 max, using 155 of 131072 buckets.
                                                   ->  Seq Scan on partsupp  (cost=0.00..118832.00 rows=8000000 width=8) (actual time=0.698..3456.226 rows=8004645 loops=1)
                                                   ->  Hash  (cost=9.20..9.20 rows=30 width=4) (actual time=5.269..5.270 rows=155 loops=1)
                                                         Buckets: 131072  Batches: 1  Memory Usage: 1030kB
                                                         ->  Broadcast Motion 3:3  (slice4; segments: 3)  (cost=0.14..9.20 rows=30 width=4) (actual time=4.138..5.214 rows=155 loops=1)
                                                               ->  Index Only Scan using supplier_s_suppkey_idx_like on supplier  (cost=0.14..8.80 rows=10 width=4) (actual time=4.777..4.855 rows=60 loops=1)
                                                                     Heap Fetches: 0
 Optimizer: Postgres-based planner
 Planning Time: 11.047 ms
   (slice0)    Executor memory: 122K bytes.
 * (slice1)    Executor memory: 43398K bytes avg x 3 workers, 43404K bytes max (seg0).  Work_mem: 42420K bytes max, 152255K bytes wanted.
 * (slice2)    Executor memory: 44602K bytes avg x 3 workers, 44666K bytes max (seg0).  Work_mem: 41232K bytes max, 314562K bytes wanted.
   (slice3)    Executor memory: 1264K bytes avg x 3 workers, 1264K bytes max (seg0).  Work_mem: 1030K bytes max.
   (slice4)    Executor memory: 170K bytes avg x 3 workers, 170K bytes max (seg0).
 Memory used:  128000kB
 Memory wanted:  1888271kB
 Execution Time: 20687.351 ms
(55 rows)

