                                                                                                              QUERY PLAN                                                                                                              
--------------------------------------------------------------------------------------------------------------------------------------------------------------------------------------------------------------------------------------
 Limit  (cost=1515556.75..1515557.04 rows=20 width=201) (actual time=55323.644..55323.662 rows=20 loops=1)
   ->  Gather Motion 3:1  (slice1; segments: 3)  (cost=1515556.75..1515557.60 rows=60 width=201) (actual time=55323.636..55323.652 rows=20 loops=1)
         Merge Key: (sum((lineitem.l_extendedprice * ('1'::numeric - lineitem.l_discount))))
         ->  Limit  (cost=1515556.75..1515556.80 rows=20 width=201) (actual time=55235.102..55260.092 rows=20 loops=1)
               ->  Sort  (cost=1515424.26..1516749.17 rows=529962 width=201) (actual time=55235.100..55235.106 rows=20 loops=1)
                     Sort Key: (sum((lineitem.l_extendedprice * ('1'::numeric - lineitem.l_discount)))) DESC
                     Sort Method:  top-N heapsort  Memory: 102kB
                     Executor Memory: 177kB  Segments: 3  Max: 59kB (segment 0)
                     ->  HashAggregate  (cost=1491333.62..1501322.16 rows=529962 width=201) (actual time=53236.281..55095.664 rows=383465 loops=1)
                           Group Key: customer.c_custkey, customer.c_name, customer.c_acctbal, customer.c_phone, nation.n_name, customer.c_address, customer.c_comment
                           Planned Partitions: 8
                           Extra Text: (seg0)   hash table(s): 1; 382397 groups total in 8 batches, 7881688 spill partitions; disk usage: 223392KB; chain length 2.2 avg, 8 max; using 382397 of 1179648 buckets; total 0 expansions.
 
                           ->  Hash Join  (cost=1421586.39..1464628.50 rows=529962 width=181) (actual time=48441.099..51312.002 rows=1146024 loops=1)
                                 Hash Cond: (customer.c_nationkey = nation.n_nationkey)
                                 Extra Text: (seg2)   Hash chain length 1.0 avg, 1 max, using 25 of 131072 buckets.
                                 ->  Hash Join  (cost=1421584.66..1457912.15 rows=529962 width=159) (actual time=48440.630..50893.966 rows=1146024 loops=1)
                                       Hash Cond: (customer.c_custkey = orders.o_custkey)
                                       Extra Text: (seg2)   Initial batch 0:
 (seg2)     Wrote 20956K bytes to inner workfile.
 (seg2)     Wrote 125291K bytes to outer workfile.
 (seg2)   Overflow batch 1:
 (seg2)     Read 20956K bytes from inner workfile.
 (seg2)     Read 125291K bytes from outer workfile.
 (seg2)   Work file set: 1 files (0 compressed), max file size 21430272, min file size 32768, compression buffer size 0 bytes
 (seg2)   Hash chain length 4.2 avg, 41 max, using 272306 of 524288 buckets.
                                       ->  Seq Scan on customer  (cost=0.00..23340.00 rows=1500000 width=147) (actual time=0.628..751.318 rows=1501094 loops=1)
                                       ->  Hash  (cost=1414960.13..1414960.13 rows=529962 width=16) (actual time=48439.238..48439.238 rows=1146024 loops=1)
                                             Buckets: 262144 (originally 262144)  Batches: 2 (originally 1)  Memory Usage: 40453kB
                                             ->  Redistribute Motion 3:3  (slice2; segments: 3)  (cost=321824.53..1414960.13 rows=529962 width=16) (actual time=13321.229..48137.889 rows=1146024 loops=1)
                                                   Hash Key: orders.o_custkey
                                                   ->  Hash Join  (cost=321824.53..1404360.89 rows=529962 width=16) (actual time=12655.174..47731.930 rows=1145273 loops=1)
                                                         Hash Cond: (lineitem.l_orderkey = orders.o_orderkey)
                                                         Extra Text: (seg0)   Initial batch 0:
 (seg0)     Wrote 30237K bytes to inner workfile.
 (seg0)     Wrote 318182K bytes to outer workfile.
 (seg0)   Initial batch 1:
 (seg0)     Read 30237K bytes from inner workfile.
 (seg0)     Read 318182K bytes from outer workfile.
 (seg0)   Work file set: 1 files (0 compressed), max file size 30932992, min file size 32768, compression buffer size 0 bytes
 (seg0)   Hash chain length 3.4 avg, 14 max, using 504462 of 524288 buckets.
                                                         ->  Seq Scan on lineitem  (cost=0.00..1034421.20 rows=14851866 width=20) (actual time=0.521..35614.870 rows=14812123 loops=1)
                                                               Filter: (l_returnflag = 'R'::bpchar)
                                                               Rows Removed by Filter: 45191187
                                                         ->  Hash  (cost=301752.73..301752.73 rows=1605744 width=12) (actual time=1602.042..1602.043 rows=1718066 loops=1)
                                                               Buckets: 262144  Batches: 2  Memory Usage: 42267kB
                                                               ->  Broadcast Motion 3:3  (slice3; segments: 3)  (cost=145.83..301752.73 rows=1605744 width=12) (actual time=349.958..1230.500 rows=1718066 loops=1)
                                                                     ->  Bitmap Heap Scan on orders  (cost=145.83..280342.81 rows=535248 width=12) (actual time=348.497..1055.857 rows=572976 loops=1)
                                                                           Recheck Cond: ((o_orderdate >= '1993-10-01'::date) AND (o_orderdate < '1994-01-01 00:00:00'::timestamp without time zone))
                                                                           Rows Removed by Index Recheck: 1524176
                                                                           ->  Bitmap Index Scan on orders_o_orderdate_idx  (cost=0.00..12.02 rows=697674 width=0) (actual time=1.280..1.280 rows=640 loops=1)
                                                                                 Index Cond: ((o_orderdate >= '1993-10-01'::date) AND (o_orderdate < '1994-01-01 00:00:00'::timestamp without time zone))
                                 ->  Hash  (cost=1.42..1.42 rows=25 width=30) (actual time=0.025..0.025 rows=25 loops=1)
                                       Buckets: 131072  Batches: 1  Memory Usage: 1026kB
                                       ->  Broadcast Motion 3:3  (slice4; segments: 3)  (cost=0.00..1.42 rows=25 width=30) (actual time=0.007..0.013 rows=25 loops=1)
                                             ->  Seq Scan on nation  (cost=0.00..1.08 rows=8 width=30) (actual time=0.407..0.413 rows=10 loops=1)
 Optimizer: Postgres-based planner
 Planning Time: 7.635 ms
   (slice0)    Executor memory: 3213K bytes.
 * (slice1)    Executor memory: 59537K bytes avg x 3 workers, 59590K bytes max (seg1).  Work_mem: 40453K bytes max, 214033K bytes wanted.
 * (slice2)    Executor memory: 42726K bytes avg x 3 workers, 42726K bytes max (seg0).  Work_mem: 42267K bytes max, 82583K bytes wanted.
   (slice3)    Executor memory: 2918K bytes avg x 3 workers, 2918K bytes max (seg0).
   (slice4)    Executor memory: 183K bytes avg x 3 workers, 183K bytes max (seg0).
 Memory used:  128000kB
 Memory wanted:  1285492kB
 Execution Time: 55336.534 ms
(66 rows)

