                                                                                                                 QUERY PLAN                                                                                                                 
--------------------------------------------------------------------------------------------------------------------------------------------------------------------------------------------------------------------------------------------
 Gather Motion 3:1  (slice1; segments: 3)  (cost=1465555.61..1465555.68 rows=5 width=24) (actual time=63045.306..63045.312 rows=5 loops=1)
   Merge Key: orders.o_orderpriority
   ->  Sort  (cost=1465555.61..1465555.61 rows=2 width=24) (actual time=63039.419..63039.445 rows=2 loops=1)
         Sort Key: orders.o_orderpriority
         Sort Method:  quicksort  Memory: 75kB
         Executor Memory: 177kB  Segments: 3  Max: 59kB (segment 0)
         ->  Finalize HashAggregate  (cost=1465555.58..1465555.60 rows=2 width=24) (actual time=63039.289..63039.310 rows=2 loops=1)
               Group Key: orders.o_orderpriority
               Extra Text: (seg0)   hash table(s): 1; chain length 1.0 avg, 1 max; using 2 of 4 buckets; total 1 expansions.
 
               ->  Redistribute Motion 3:3  (slice2; segments: 3)  (cost=1465555.41..1465555.56 rows=5 width=24) (actual time=63034.838..63039.262 rows=6 loops=1)
                     Hash Key: orders.o_orderpriority
                     ->  Partial HashAggregate  (cost=1465555.41..1465555.46 rows=5 width=24) (actual time=63037.757..63037.760 rows=5 loops=1)
                           Group Key: orders.o_orderpriority
                           Extra Text: (seg0)   hash table(s): 1; chain length 1.0 avg, 1 max; using 5 of 8 buckets; total 0 expansions.
 
                           ->  HashAggregate  (cost=1461300.87..1464137.23 rows=283636 width=16) (actual time=62349.766..62873.745 rows=520892 loops=1)
                                 Group Key: (RowIdExpr)
                                 Extra Text: (seg0)   hash table(s): 1; 519250 groups total in 4 batches, 3221748 spill partitions; disk usage: 44704KB; chain length 2.6 avg, 14 max; using 519250 of 2621440 buckets; total 1 expansions.
 
                                 ->  Redistribute Motion 3:3  (slice3; segments: 3)  (cost=323229.96..1460591.78 rows=283636 width=16) (actual time=36293.565..61462.688 rows=1434923 loops=1)
                                       Hash Key: (RowIdExpr)
                                       ->  Hash Join  (cost=323229.96..1454919.05 rows=283636 width=16) (actual time=35608.016..61648.157 rows=1434573 loops=1)
                                             Hash Cond: (lineitem.l_orderkey = orders.o_orderkey)
                                             Extra Text: (seg0)   Initial batch 0:
 (seg0)     Wrote 43143K bytes to inner workfile.
 (seg0)     Wrote 518481K bytes to outer workfile.
 (seg0)   Initial batch 1:
 (seg0)     Read 43143K bytes from inner workfile.
 (seg0)     Read 518481K bytes from outer workfile.
 (seg0)   Work file set: 1 files (0 compressed), max file size 44171264, min file size 32768, compression buffer size 0 bytes
 (seg0)   Hash chain length 3.4 avg, 14 max, using 503718 of 524288 buckets.
                                             ->  Seq Scan on lineitem  (cost=0.00..1034421.20 rows=19999819 width=8) (actual time=1.369..37524.293 rows=37938467 loops=1)
                                                   Filter: (l_commitdate < l_receiptdate)
                                                   Rows Removed by Filter: 22064843
                                             ->  Hash  (cost=302480.30..302480.30 rows=1659973 width=24) (actual time=1171.841..1171.842 rows=1701175 loops=1)
                                                   Buckets: 262144  Batches: 2  Memory Usage: 55273kB
                                                   ->  Broadcast Motion 3:3  (slice4; segments: 3)  (cost=150.35..302480.30 rows=1659973 width=24) (actual time=69.744..771.349 rows=1701175 loops=1)
                                                         ->  Bitmap Heap Scan on orders  (cost=150.35..280347.33 rows=553324 width=24) (actual time=71.995..672.497 rows=567512 loops=1)
                                                               Recheck Cond: ((o_orderdate >= '1996-09-01'::date) AND (o_orderdate < '1996-12-01 00:00:00'::timestamp without time zone))
                                                               Rows Removed by Index Recheck: 481064
                                                               ->  Bitmap Index Scan on orders_o_orderdate_idx  (cost=0.00..12.02 rows=697674 width=0) (actual time=1.948..1.949 rows=320 loops=1)
                                                                     Index Cond: ((o_orderdate >= '1996-09-01'::date) AND (o_orderdate < '1996-12-01 00:00:00'::timestamp without time zone))
 Optimizer: Postgres-based planner
 Planning Time: 16.303 ms
   (slice0)    Executor memory: 6245K bytes.
 * (slice1)    Executor memory: 59K bytes avg x 3 workers, 59K bytes max (seg0).  Work_mem: 59K bytes max, 24K bytes wanted.
 * (slice2)    Executor memory: 30096K bytes avg x 3 workers, 30249K bytes max (seg2).  Work_mem: 32913K bytes max, 65553K bytes wanted.
 * (slice3)    Executor memory: 55634K bytes avg x 3 workers, 55634K bytes max (seg0).  Work_mem: 55273K bytes max, 108372K bytes wanted.
   (slice4)    Executor memory: 2662K bytes avg x 3 workers, 2662K bytes max (seg0).
 Memory used:  128000kB
 Memory wanted:  650928kB
 Execution Time: 63074.886 ms
(53 rows)

