                                                                                                       QUERY PLAN                                                                                                        
-------------------------------------------------------------------------------------------------------------------------------------------------------------------------------------------------------------------------
 Sort  (cost=1782281.61..1782281.67 rows=25 width=58) (actual time=63121.528..63121.540 rows=5 loops=1)
   Sort Key: (sum((lineitem.l_extendedprice * ('1'::numeric - lineitem.l_discount)))) DESC
   Sort Method:  quicksort  Memory: 25kB
   Executor Memory: 59kB  Segments: 1  Max: 59kB (segment -1)
   ->  Finalize GroupAggregate  (cost=1781406.50..1782281.03 rows=25 width=58) (actual time=63121.382..63121.406 rows=5 loops=1)
         Group Key: nation.n_name
         ->  Gather Motion 3:1  (slice1; segments: 3)  (cost=1781406.50..1782280.15 rows=75 width=58) (actual time=63121.348..63121.358 rows=15 loops=1)
               Merge Key: nation.n_name
               ->  Partial GroupAggregate  (cost=1781406.50..1782279.15 rows=25 width=58) (actual time=63074.338..63119.524 rows=5 loops=1)
                     Group Key: nation.n_name
                     ->  Sort  (cost=1781406.50..1781580.97 rows=69788 width=38) (actual time=62576.789..62586.135 rows=73664 loops=1)
                           Sort Key: nation.n_name
                           Sort Method:  quicksort  Memory: 28102kB
                           Executor Memory: 22961kB  Segments: 3  Max: 7680kB (segment 2)
                           ->  Hash Join  (cost=429773.59..1775791.84 rows=69788 width=38) (actual time=18637.761..62539.907 rows=73664 loops=1)
                                 Hash Cond: ((lineitem.l_suppkey = supplier.s_suppkey) AND (customer.c_nationkey = supplier.s_nationkey))
                                 Extra Text: (seg2)   Hash chain length 2.5 avg, 12 max, using 117649 of 131072 buckets.
                                 ->  Hash Join  (cost=419723.59..1755472.80 rows=1823079 width=50) (actual time=18559.157..61762.324 rows=1824668 loops=1)
                                       Hash Cond: (lineitem.l_orderkey = orders.o_orderkey)
                                       Extra Text: (seg0)   Initial batch 0:
 (seg0)     Wrote 68132K bytes to inner workfile.
 (seg0)     Wrote 2109104K bytes to outer workfile.
 (seg0)   Initial batches 1..3:
 (seg0)     Read 68132K bytes from inner workfile: 22711K avg x 3 nonempty batches, 22734K max.
 (seg0)     Read 2109104K bytes from outer workfile: 703035K avg x 3 nonempty batches, 703391K max.
 (seg0)   Work file set: 3 files (0 compressed), max file size 23265280, min file size 32768, compression buffer size 0 bytes
 (seg0)   Hash chain length 2.8 avg, 14 max, using 485827 of 524288 buckets.
                                       ->  Seq Scan on lineitem  (cost=0.00..886186.56 rows=59999456 width=24) (actual time=0.170..17749.924 rows=60003310 loops=1)
                                       ->  Hash  (cost=399627.06..399627.06 rows=1367322 width=42) (actual time=2979.878..2979.878 rows=1367721 loops=1)
                                             Buckets: 131072  Batches: 4  Memory Usage: 27723kB
                                             ->  Broadcast Motion 3:3  (slice2; segments: 3)  (cost=37062.60..399627.06 rows=1367322 width=42) (actual time=528.803..2539.385 rows=1367721 loops=1)
                                                   ->  Hash Join  (cost=37062.60..381396.10 rows=455774 width=42) (actual time=752.960..2879.228 rows=457453 loops=1)
                                                         Hash Cond: (orders.o_custkey = customer.c_custkey)
                                                         Extra Text: (seg2)   Hash chain length 2.6 avg, 11 max, using 117870 of 131072 buckets.
                                                         ->  Redistribute Motion 3:3  (slice3; segments: 3)  (cost=797.30..332027.29 rows=2278870 width=12) (actual time=0.039..876.490 rows=2277696 loops=1)
                                                               Hash Key: orders.o_custkey
                                                               ->  Bitmap Heap Scan on orders  (cost=797.30..286449.89 rows=2278870 width=12) (actual time=82.176..1511.623 rows=2277172 loops=1)
                                                                     Recheck Cond: ((o_orderdate >= '1995-01-01'::date) AND (o_orderdate < '1996-01-01 00:00:00'::timestamp without time zone))
                                                                     Rows Removed by Index Recheck: 60
                                                                     ->  Bitmap Index Scan on orders_o_orderdate_idx  (cost=0.00..227.58 rows=2278871 width=0) (actual time=81.978..81.978 rows=100980 loops=1)
                                                                           Index Cond: ((o_orderdate >= '1995-01-01'::date) AND (o_orderdate < '1996-01-01 00:00:00'::timestamp without time zone))
                                                         ->  Hash  (cost=32515.30..32515.30 rows=300000 width=38) (actual time=752.232..752.234 rows=300633 loops=1)
                                                               Buckets: 131072  Batches: 1  Memory Usage: 22163kB
                                                               ->  Hash Join  (cost=2.30..32515.30 rows=300000 width=38) (actual time=1.665..646.017 rows=300633 loops=1)
                                                                     Hash Cond: (customer.c_nationkey = nation.n_nationkey)
                                                                     Extra Text: (seg2)   Hash chain length 1.0 avg, 1 max, using 5 of 65536 buckets.
                                                                     ->  Seq Scan on customer  (cost=0.00..23888.00 rows=1500000 width=8) (actual time=0.086..334.110 rows=1501094 loops=1)
                                                                     ->  Hash  (cost=2.24..2.24 rows=5 width=30) (actual time=1.226..1.228 rows=5 loops=1)
                                                                           Buckets: 65536  Batches: 1  Memory Usage: 513kB
                                                                           ->  Broadcast Motion 3:3  (slice4; segments: 3)  (cost=1.05..2.24 rows=5 width=30) (actual time=1.182..1.215 rows=5 loops=1)
                                                                                 ->  Hash Join  (cost=1.05..2.18 rows=2 width=30) (actual time=1.739..2.193 rows=3 loops=1)
                                                                                       Hash Cond: (nation.n_regionkey = region.r_regionkey)
                                                                                       Extra Text: (seg0)   Hash chain length 1.0 avg, 1 max, using 1 of 131072 buckets.
                                                                                       ->  Seq Scan on nation  (cost=0.00..1.08 rows=8 width=34) (actual time=0.067..0.069 rows=10 loops=1)
                                                                                       ->  Hash  (cost=1.04..1.04 rows=1 width=4) (actual time=0.812..0.813 rows=1 loops=1)
                                                                                             Buckets: 131072  Batches: 1  Memory Usage: 1025kB
                                                                                             ->  Broadcast Motion 3:3  (slice5; segments: 3)  (cost=0.00..1.04 rows=1 width=4) (actual time=0.005..0.806 rows=1 loops=1)
                                                                                                   ->  Seq Scan on region  (cost=0.00..1.02 rows=1 width=4) (actual time=0.066..0.067 rows=1 loops=1)
                                                                                                         Filter: (r_name = 'EUROPE'::bpchar)
                                                                                                         Rows Removed by Filter: 2
                                 ->  Hash  (cost=5550.00..5550.00 rows=300000 width=8) (actual time=195.313..195.313 rows=300000 loops=1)
                                       Buckets: 131072  Batches: 1  Memory Usage: 12743kB
                                       ->  Broadcast Motion 3:3  (slice6; segments: 3)  (cost=0.00..5550.00 rows=300000 width=8) (actual time=0.094..103.879 rows=300000 loops=1)
                                             ->  Seq Scan on supplier  (cost=0.00..1550.00 rows=100000 width=8) (actual time=0.073..38.517 rows=100172 loops=1)
 Optimizer: Postgres-based planner
 Planning Time: 9.484 ms
   (slice0)    Executor memory: 164K bytes.  Work_mem: 59K bytes max.
 * (slice1)    Executor memory: 40898K bytes avg x 3 workers, 40898K bytes max (seg0).  Work_mem: 27723K bytes max, 107878K bytes wanted.
   (slice2)    Executor memory: 22775K bytes avg x 3 workers, 22775K bytes max (seg0).  Work_mem: 22163K bytes max.
   (slice3)    Executor memory: 163998K bytes avg x 3 workers, 164067K bytes max (seg1).
   (slice4)    Executor memory: 1085K bytes avg x 3 workers, 1085K bytes max (seg0).  Work_mem: 1025K bytes max.
   (slice5)    Executor memory: 38K bytes avg x 3 workers, 38K bytes max (seg0).
   (slice6)    Executor memory: 38K bytes avg x 3 workers, 38K bytes max (seg0).
 Memory used:  128000kB
 Memory wanted:  864917kB
 Execution Time: 63139.008 ms
(76 rows)

