CREATE VIEW
                                                                                                                       QUERY PLAN                                                                                                                       
--------------------------------------------------------------------------------------------------------------------------------------------------------------------------------------------------------------------------------------------------------
 Gather Motion 3:1  (slice1; segments: 3)  (cost=1245103.80..1245108.24 rows=313 width=103) (actual time=23367.224..23367.228 rows=1 loops=1)
   Merge Key: supplier.s_suppkey
   InitPlan 1 (returns $0)  (slice3)
     ->  Finalize Aggregate  (cost=1239440.30..1239440.31 rows=1 width=32) (actual time=22976.564..22976.564 rows=1 loops=1)
           ->  Gather Motion 3:1  (slice4; segments: 3)  (cost=1239440.24..1239440.29 rows=3 width=32) (actual time=22974.006..22976.550 rows=3 loops=1)
                 ->  Partial Aggregate  (cost=1239440.24..1239440.25 rows=1 width=32) (actual time=22972.422..22972.422 rows=1 loops=1)
                       ->  Finalize HashAggregate  (cost=1236828.17..1238134.20 rows=104483 width=36) (actual time=22691.937..22964.422 rows=100172 loops=1)
                             Group Key: lineitem_1.l_suppkey
                             Extra Text: (seg0)   hash table(s): 1; 99877 groups total in 4 batches, 545788 spill partitions; disk usage: 13728KB; chain length 2.2 avg, 9 max; using 99877 of 655360 buckets; total 0 expansions.
 
                             ->  Redistribute Motion 3:3  (slice5; segments: 3)  (cost=1221402.84..1234477.55 rows=313416 width=36) (actual time=19021.270..22268.428 rows=300379 loops=1)
                                   Hash Key: lineitem_1.l_suppkey
                                   ->  Partial HashAggregate  (cost=1221402.84..1228209.24 rows=313416 width=36) (actual time=19939.615..22559.904 rows=299862 loops=1)
                                         Group Key: lineitem_1.l_suppkey
                                         Extra Text: (seg0)   hash table(s): 1; 299859 groups total in 20 batches, 7208548 spill partitions; disk usage: 80640KB; chain length 2.1 avg, 5 max; using 299859 of 5505024 buckets; total 0 expansions.
 
                                         ->  Seq Scan on lineitem lineitem_1  (cost=0.00..1186183.84 rows=2366421 width=16) (actual time=12005.963..16512.665 rows=2295994 loops=1)
                                               Filter: ((l_shipdate >= '1997-05-01'::date) AND (l_shipdate < '1997-08-01 00:00:00'::timestamp without time zone))
                                               Rows Removed by Filter: 57697108
   ->  Sort  (cost=1245103.80..1245104.06 rows=104 width=103) (actual time=23366.088..23366.097 rows=1 loops=1)
         Sort Key: supplier.s_suppkey
         Sort Method:  quicksort  Memory: 75kB
         Executor Memory: 177kB  Segments: 3  Max: 59kB (segment 0)
         ->  Hash Join  (cost=1243286.75..1245100.29 rows=104 width=103) (actual time=23348.089..23366.005 rows=1 loops=1)
               Hash Cond: (supplier.s_suppkey = revenue0.supplier_no)
               Extra Text: (seg0)   Hash chain length 1.0 avg, 1 max, using 1 of 65536 buckets.
               ->  Seq Scan on supplier  (cost=0.00..1550.00 rows=100000 width=71) (actual time=0.055..10.383 rows=99877 loops=1)
               ->  Hash  (cost=1243285.44..1243285.44 rows=104 width=36) (actual time=23340.208..23340.209 rows=1 loops=1)
                     Buckets: 65536  Batches: 1  Memory Usage: 513kB
                     ->  Subquery Scan on revenue0  (cost=1240843.81..1243285.44 rows=104 width=36) (actual time=23289.856..23340.203 rows=1 loops=1)
                           ->  Finalize HashAggregate  (cost=1240843.81..1243284.40 rows=104 width=36) (actual time=23289.855..23340.201 rows=1 loops=1)
                                 Group Key: lineitem.l_suppkey
                                 Filter: (sum((lineitem.l_extendedprice * ('1'::numeric - lineitem.l_discount))) = $0)
                                 Rows Removed by Filter: 99876
                                 Extra Text: (seg0)   hash table(s): 1; 99877 groups total in 4 batches, 510148 spill partitions; disk usage: 13600KB; chain length 2.3 avg, 9 max; using 99877 of 655360 buckets; total 0 expansions.
 
                                 ->  Redistribute Motion 3:3  (slice2; segments: 3)  (cost=1221402.84..1234477.55 rows=313416 width=36) (actual time=19161.107..22602.931 rows=300379 loops=1)
                                       Hash Key: lineitem.l_suppkey
                                       ->  Partial HashAggregate  (cost=1221402.84..1228209.24 rows=313416 width=36) (actual time=20023.626..22926.042 rows=299862 loops=1)
                                             Group Key: lineitem.l_suppkey
                                             Extra Text: (seg0)   hash table(s): 1; 299859 groups total in 20 batches, 7208548 spill partitions; disk usage: 80640KB; chain length 2.1 avg, 5 max; using 299859 of 5505024 buckets; total 0 expansions.
 
                                             ->  Seq Scan on lineitem  (cost=0.00..1186183.84 rows=2366421 width=16) (actual time=11952.744..16561.052 rows=2295994 loops=1)
                                                   Filter: ((l_shipdate >= '1997-05-01'::date) AND (l_shipdate < '1997-08-01 00:00:00'::timestamp without time zone))
                                                   Rows Removed by Filter: 57697108
 Optimizer: Postgres-based planner
 Planning Time: 4.278 ms
   (slice0)    Executor memory: 18617K bytes.
 * (slice1)    Executor memory: 19039K bytes avg x 3 workers, 19043K bytes max (seg0).  Work_mem: 33937K bytes max, 58385K bytes wanted.
 * (slice2)    Executor memory: 18090K bytes avg x 3 workers, 18096K bytes max (seg1).  Work_mem: 26801K bytes max, 114961K bytes wanted.
   (slice3)    Executor memory: 18578K bytes.
 * (slice4)    Executor memory: 17683K bytes avg x 3 workers, 17714K bytes max (seg0).  Work_mem: 31889K bytes max, 56337K bytes wanted.
 * (slice5)    Executor memory: 18090K bytes avg x 3 workers, 18096K bytes max (seg1).  Work_mem: 26801K bytes max, 114961K bytes wanted.
 Memory used:  128000kB
 Memory wanted:  690860kB
 Execution Time: 46358.205 ms
(56 rows)

DROP VIEW
