                                                                                  QUERY PLAN                                                                                   
-------------------------------------------------------------------------------------------------------------------------------------------------------------------------------
 Finalize Aggregate  (cost=1064390.34..1064390.35 rows=1 width=32) (actual time=4047.019..4047.021 rows=1 loops=1)
   ->  Gather Motion 3:1  (slice1; segments: 3)  (cost=1064390.25..1064390.30 rows=3 width=64) (actual time=4037.498..4046.986 rows=3 loops=1)
         ->  Partial Aggregate  (cost=1064390.25..1064390.26 rows=1 width=64) (actual time=4043.937..4043.939 rows=1 loops=1)
               ->  Hash Join  (cost=1005146.89..1051148.34 rows=756681 width=33) (actual time=1099.862..3399.782 rows=748754 loops=1)
                     Hash Cond: (part.p_partkey = lineitem.l_partkey)
                     Extra Text: (seg0)   Hash chain length 3.1 avg, 16 max, using 237865 of 262144 buckets.
                     ->  Seq Scan on part  (cost=0.00..29553.00 rows=2000000 width=25) (actual time=0.457..1056.898 rows=2001127 loops=1)
                     ->  Hash  (cost=995688.38..995688.38 rows=756681 width=16) (actual time=1097.425..1097.425 rows=748754 loops=1)
                           Buckets: 262144  Batches: 1  Memory Usage: 39347kB
                           ->  Redistribute Motion 3:3  (slice2; segments: 3)  (cost=205.19..995688.38 rows=756681 width=16) (actual time=41.319..876.764 rows=748754 loops=1)
                                 Hash Key: lineitem.l_partkey
                                 ->  Bitmap Heap Scan on lineitem  (cost=205.19..980554.77 rows=756681 width=16) (actual time=26.874..751.077 rows=748419 loops=1)
                                       Recheck Cond: ((l_shipdate >= '1996-04-01'::date) AND (l_shipdate < '1996-05-01 00:00:00'::timestamp without time zone))
                                       Rows Removed by Index Recheck: 103549
                                       ->  Bitmap Index Scan on lineitem_l_shipdate_idx  (cost=0.00..16.02 rows=781271 width=0) (actual time=4.820..4.821 rows=260 loops=1)
                                             Index Cond: ((l_shipdate >= '1996-04-01'::date) AND (l_shipdate < '1996-05-01 00:00:00'::timestamp without time zone))
 Optimizer: Postgres-based planner
 Planning Time: 13.568 ms
   (slice0)    Executor memory: 75K bytes.
   (slice1)    Executor memory: 41811K bytes avg x 3 workers, 41853K bytes max (seg0).  Work_mem: 39347K bytes max.
   (slice2)    Executor memory: 2622K bytes avg x 3 workers, 2622K bytes max (seg0).
 Memory used:  128000kB
 Execution Time: 4060.319 ms
(23 rows)

