                                                                                                                         QUERY PLAN                                                                                                                          
-------------------------------------------------------------------------------------------------------------------------------------------------------------------------------------------------------------------------------------------------------------
 Limit  (cost=4250819.82..4250820.14 rows=23 width=34) (actual time=188624.672..188624.772 rows=100 loops=1)
   ->  Gather Motion 3:1  (slice1; segments: 3)  (cost=4250819.82..4250820.14 rows=23 width=34) (actual time=188624.669..188624.762 rows=100 loops=1)
         Merge Key: (count(*)), supplier.s_name
         ->  Limit  (cost=4250819.82..4250819.84 rows=8 width=34) (actual time=188599.108..188599.145 rows=100 loops=1)
               ->  Sort  (cost=4250819.81..4250819.84 rows=9 width=34) (actual time=188599.107..188599.114 rows=100 loops=1)
                     Sort Key: (count(*)) DESC, supplier.s_name
                     Sort Method:  top-N heapsort  Memory: 115kB
                     Executor Memory: 178kB  Segments: 3  Max: 60kB (segment 0)
                     ->  GroupAggregate  (cost=4250819.53..4250819.68 rows=9 width=34) (actual time=188579.465..188596.833 rows=4081 loops=1)
                           Group Key: supplier.s_name
                           ->  Sort  (cost=4250819.53..4250819.55 rows=9 width=26) (actual time=188579.437..188585.571 rows=40599 loops=1)
                                 Sort Key: supplier.s_name
                                 Sort Method:  quicksort  Memory: 14813kB
                                 Executor Memory: 12039kB  Segments: 3  Max: 4077kB (segment 0)
                                 ->  Redistribute Motion 3:3  (slice2; segments: 3)  (cost=3973695.01..4250819.40 rows=9 width=26) (actual time=178710.453..188458.330 rows=40599 loops=1)
                                       Hash Key: supplier.s_name
                                       ->  Hash Join  (cost=3973695.01..4250819.22 rows=9 width=26) (actual time=178633.301..188351.863 rows=39640 loops=1)
                                             Hash Cond: (orders.o_orderkey = l1.l_orderkey)
                                             Extra Text: (seg2)   Hash chain length 1.3 avg, 6 max, using 59923 of 131072 buckets.
                                             ->  Seq Scan on orders  (cost=0.00..249736.00 rows=7303500 width=8) (actual time=0.568..7522.219 rows=7309660 loops=1)
                                                   Filter: (o_orderstatus = 'F'::bpchar)
                                                   Rows Removed by Filter: 7693631
                                             ->  Hash  (cost=3973694.90..3973694.90 rows=9 width=42) (actual time=178633.772..178633.773 rows=80646 loops=1)
                                                   Buckets: 131072  Batches: 1  Memory Usage: 7325kB
                                                   ->  Redistribute Motion 3:3  (slice3; segments: 3)  (cost=3973694.65..3973694.90 rows=9 width=42) (actual time=178556.778..178614.657 rows=80646 loops=1)
                                                         Hash Key: l1.l_orderkey
                                                         ->  HashAggregate  (cost=3973694.65..3973694.73 rows=9 width=42) (actual time=178556.069..178582.799 rows=80674 loops=1)
                                                               Group Key: (RowIdExpr)
                                                               Extra Text: (seg0)   hash table(s): 1; chain length 3.2 avg, 17 max; using 80122 of 131072 buckets; total 14 expansions.
 
                                                               ->  Redistribute Motion 3:3  (slice4; segments: 3)  (cost=2864273.68..3973694.62 rows=9 width=42) (actual time=113909.347..178430.145 rows=152435 loops=1)
                                                                     Hash Key: (RowIdExpr)
                                                                     ->  Hash Join  (cost=2864273.68..3973694.45 rows=9 width=42) (actual time=113845.267..178422.000 rows=152192 loops=1)
                                                                           Hash Cond: (l2.l_orderkey = l1.l_orderkey)
                                                                           Join Filter: (l2.l_suppkey <> l1.l_suppkey)
                                                                           Rows Removed by Join Filter: 134514
                                                                           Extra Text: (seg0)   Hash chain length 3.2 avg, 14 max, using 125047 of 131072 buckets.
                                                                           ->  Seq Scan on lineitem l2  (cost=0.00..884422.56 rows=59999456 width=12) (actual time=0.531..37383.384 rows=60003310 loops=1)
                                                                           ->  Hash  (cost=2864273.36..2864273.36 rows=26 width=38) (actual time=113844.124..113844.125 rows=403859 loops=1)
                                                                                 Buckets: 131072 (originally 65536)  Batches: 1 (originally 1)  Memory Usage: 32576kB
                                                                                 ->  Broadcast Motion 3:3  (slice5; segments: 3)  (cost=1710949.64..2864273.36 rows=26 width=38) (actual time=57649.955..113701.285 rows=403859 loops=1)
                                                                                       ->  Hash Anti Join  (cost=1710949.64..2864273.01 rows=9 width=38) (actual time=55072.120..113746.177 rows=134925 loops=1)
                                                                                             Hash Cond: (l1.l_orderkey = l3.l_orderkey)
                                                                                             Join Filter: (l3.l_suppkey <> l1.l_suppkey)
                                                                                             Rows Removed by Join Filter: 549857
                                                                                             Extra Text: (seg0)   Initial batch 0:
 (seg0)     Wrote 1167375K bytes to inner workfile.
 (seg0)     Wrote 87408K bytes to outer workfile.
 (seg0)   Initial batches 1..31:
 (seg0)     Read 1030885K bytes from inner workfile: 33255K avg x 31 nonempty batches, 33379K max.
 (seg0)     Wrote 456430K bytes to inner workfile: 14724K avg x 31 overflowing batches, 14792K max.
 (seg0)     Read 43037K bytes from outer workfile: 1389K avg x 31 nonempty batches, 1405K max.
 (seg0)   Overflow batches 32..63:
 (seg0)     Read 592920K bytes from inner workfile: 18529K avg x 32 nonempty batches, 18607K max.
 (seg0)     Read 44372K bytes from outer workfile: 1387K avg x 32 nonempty batches, 1403K max.
 (seg0)   Work file set: 63 files (0 compressed), max file size 34177024, min file size 32768, compression buffer size 0 bytes
 (seg0)   Hash chain length 4.0 avg, 37 max, using 9387089 of 16777216 buckets.
                                                                                             ->  Redistribute Motion 3:3  (slice6; segments: 3)  (cost=2120.34..1123981.08 rows=765670 width=38) (actual time=0.028..46162.802 rows=1515214 loops=1)
                                                                                                   Hash Key: l1.l_orderkey
                                                                                                   ->  Hash Join  (cost=2120.34..1108667.67 rows=765670 width=38) (actual time=108.322..46118.773 rows=1513121 loops=1)
                                                                                                         Hash Cond: (l1.l_suppkey = supplier.s_suppkey)
                                                                                                         Extra Text: (seg0)   Hash chain length 1.0 avg, 3 max, using 11452 of 131072 buckets.
                                                                                                         ->  Seq Scan on lineitem l1  (cost=0.00..1034421.20 rows=19999819 width=12) (actual time=0.520..38836.888 rows=37938467 loops=1)
                                                                                                               Filter: (l_receiptdate > l_commitdate)
                                                                                                               Rows Removed by Filter: 22064843
                                                                                                         ->  Hash  (cost=1970.34..1970.34 rows=12000 width=30) (actual time=106.701..106.702 rows=11969 loops=1)
                                                                                                               Buckets: 131072  Batches: 1  Memory Usage: 1773kB
                                                                                                               ->  Broadcast Motion 3:3  (slice7; segments: 3)  (cost=1.14..1970.34 rows=12000 width=30) (actual time=4.400..103.394 rows=11969 loops=1)
                                                                                                                     ->  Hash Join  (cost=1.14..1810.34 rows=4000 width=30) (actual time=2.620..67.398 rows=4080 loops=1)
                                                                                                                           Hash Cond: (supplier.s_nationkey = nation.n_nationkey)
                                                                                                                           Extra Text: (seg0)   Hash chain length 1.0 avg, 1 max, using 1 of 131072 buckets.
                                                                                                                           ->  Seq Scan on supplier  (cost=0.00..1507.00 rows=100000 width=34) (actual time=0.518..52.170 rows=100172 loops=1)
                                                                                                                           ->  Hash  (cost=1.12..1.12 rows=1 width=4) (actual time=1.170..1.171 rows=1 loops=1)
                                                                                                                                 Buckets: 131072  Batches: 1  Memory Usage: 1025kB
                                                                                                                                 ->  Broadcast Motion 3:3  (slice8; segments: 3)  (cost=0.00..1.12 rows=1 width=4) (actual time=1.161..1.162 rows=1 loops=1)
                                                                                                                                       ->  Seq Scan on nation  (cost=0.00..1.10 rows=1 width=4) (actual time=0.433..0.438 rows=1 loops=1)
                                                                                                                                             Filter: (n_name = 'FRANCE'::bpchar)
                                                                                                                                             Rows Removed by Filter: 8
                                                                                             ->  Hash  (cost=1434417.57..1434417.57 rows=19999819 width=12) (actual time=55042.796..55042.797 rows=37946078 loops=1)
                                                                                                   Buckets: 262144 (originally 262144)  Batches: 64 (originally 32)  Memory Usage: 40453kB
                                                                                                   ->  Redistribute Motion 3:3  (slice9; segments: 3)  (cost=0.00..1434417.57 rows=19999819 width=12) (actual time=5.077..47616.870 rows=37946078 loops=1)
                                                                                                         Hash Key: l3.l_orderkey
                                                                                                         ->  Seq Scan on lineitem l3  (cost=0.00..1034421.20 rows=19999819 width=12) (actual time=0.679..40989.661 rows=37938467 loops=1)
                                                                                                               Filter: (l_receiptdate > l_commitdate)
                                                                                                               Rows Removed by Filter: 22064843
 Optimizer: Postgres-based planner
 Planning Time: 13.389 ms
   (slice0)    Executor memory: 185K bytes.
   (slice1)    Executor memory: 4073K bytes avg x 3 workers, 4136K bytes max (seg0).  Work_mem: 4077K bytes max.
   (slice2)    Executor memory: 7548K bytes avg x 3 workers, 7580K bytes max (seg1).  Work_mem: 7325K bytes max.
 * (slice3)    Executor memory: 13156K bytes avg x 3 workers, 13188K bytes max (seg2).  Work_mem: 19497K bytes max, 19497K bytes wanted.
   (slice4)    Executor memory: 32893K bytes avg x 3 workers, 32893K bytes max (seg0).  Work_mem: 32576K bytes max.
 * (slice5)    Executor memory: 47386K bytes avg x 3 workers, 47387K bytes max (seg0).  Work_mem: 40453K bytes max, 1632544K bytes wanted.
   (slice6)    Executor memory: 2015K bytes avg x 3 workers, 2015K bytes max (seg0).  Work_mem: 1773K bytes max.
   (slice7)    Executor memory: 1263K bytes avg x 3 workers, 1263K bytes max (seg0).  Work_mem: 1025K bytes max.
   (slice8)    Executor memory: 185K bytes avg x 3 workers, 185K bytes max (seg0).
   (slice9)    Executor memory: 207K bytes avg x 3 workers, 207K bytes max (seg0).
 Memory used:  128000kB
 Memory wanted:  13062648kB
 Execution Time: 188650.421 ms
(100 rows)

