                                                                                                        QUERY PLAN                                                                                                        
--------------------------------------------------------------------------------------------------------------------------------------------------------------------------------------------------------------------------
 Gather Motion 3:1  (slice1; segments: 3)  (cost=2221633.73..2355355.27 rows=9439167 width=48) (actual time=63790.728..64050.323 rows=340729 loops=1)
   Merge Key: (sum((lineitem.l_extendedprice * ('1'::numeric - lineitem.l_discount)))), orders.o_orderdate
   ->  Sort  (cost=2221633.73..2229499.70 rows=3146389 width=48) (actual time=63784.463..63807.913 rows=114073 loops=1)
         Sort Key: (sum((lineitem.l_extendedprice * ('1'::numeric - lineitem.l_discount)))) DESC, orders.o_orderdate
         Sort Method:  quicksort  Memory: 38499kB
         Executor Memory: 30523kB  Segments: 3  Max: 10206kB (segment 1)
         ->  HashAggregate  (cost=1818526.64..1857856.50 rows=3146389 width=48) (actual time=63463.967..63720.328 rows=114073 loops=1)
               Group Key: lineitem.l_orderkey, orders.o_orderdate, orders.o_shippriority
               Planned Partitions: 16
               Extra Text: (seg0)   hash table(s): 1; 113815 groups total in 16 batches, 1528080 spill partitions; disk usage: 11808KB; chain length 2.1 avg, 5 max; using 113815 of 8912896 buckets; total 0 expansions.
 
               ->  Redistribute Motion 3:3  (slice2; segments: 3)  (cost=362103.64..1771330.80 rows=3146389 width=28) (actual time=10431.660..63013.285 rows=301112 loops=1)
                     Hash Key: orders.o_orderdate, lineitem.l_orderkey, orders.o_shippriority
                     ->  Hash Join  (cost=362103.64..1708403.02 rows=3146389 width=28) (actual time=10424.069..63286.663 rows=300335 loops=1)
                           Hash Cond: (lineitem.l_orderkey = orders.o_orderkey)
                           Extra Text: (seg0)   Initial batch 0:
 (seg0)     Wrote 135527K bytes to inner workfile.
 (seg0)     Wrote 1137829K bytes to outer workfile.
 (seg0)   Initial batches 1..7:
 (seg0)     Read 135527K bytes from inner workfile: 19361K avg x 7 nonempty batches, 19443K max.
 (seg0)     Read 1137829K bytes from outer workfile: 162547K avg x 7 nonempty batches, 162713K max.
 (seg0)   Work file set: 7 files (0 compressed), max file size 19890176, min file size 32768, compression buffer size 0 bytes
 (seg0)   Hash chain length 4.3 avg, 17 max, using 1033180 of 1048576 buckets.
                           ->  Bitmap Heap Scan on lineitem  (cost=8097.84..965089.08 rows=32324342 width=20) (actual time=31.467..22267.971 rows=32127438 loops=1)
                                 Recheck Cond: (l_shipdate > '1995-03-24'::date)
                                 Rows Removed by Index Recheck: 83506
                                 ->  Bitmap Index Scan on lineitem_l_shipdate_idx  (cost=0.00..16.76 rows=33036615 width=0) (actual time=5.844..5.844 rows=9830 loops=1)
                                       Index Cond: (l_shipdate > '1995-03-24'::date)
                           ->  Hash  (cost=293906.13..293906.13 rows=4380213 width=16) (actual time=10363.669..10363.670 rows=4405986 loops=1)
                                 Buckets: 131072  Batches: 8  Memory Usage: 26854kB
                                 ->  Broadcast Motion 3:3  (slice3; segments: 3)  (cost=46911.82..293906.13 rows=4380213 width=16) (actual time=447.970..9339.531 rows=4405986 loops=1)
                                       ->  Hash Join  (cost=46911.82..235503.29 rows=1460071 width=16) (actual time=446.027..9587.110 rows=1469972 loops=1)
                                             Hash Cond: (orders.o_custkey = customer.c_custkey)
                                             Extra Text: (seg0)   Initial batch 0:
 (seg0)     Wrote 10548K bytes to inner workfile.
 (seg0)     Wrote 157719K bytes to outer workfile.
 (seg0)   Initial batch 1:
 (seg0)     Read 10548K bytes from inner workfile.
 (seg0)     Read 157719K bytes from outer workfile.
 (seg0)   Work file set: 1 files (0 compressed), max file size 10780672, min file size 32768, compression buffer size 0 bytes
 (seg0)   Hash chain length 2.1 avg, 11 max, using 429696 of 524288 buckets.
                                             ->  Bitmap Heap Scan on orders  (cost=1847.04..155922.56 rows=7339499 width=20) (actual time=3.413..4462.691 rows=7345733 loops=1)
                                                   Recheck Cond: (o_orderdate < '1995-03-24'::date)
                                                   Rows Removed by Index Recheck: 27066
                                                   ->  Bitmap Index Scan on orders_o_orderdate_idx  (cost=0.00..12.17 rows=7347162 width=0) (actual time=1.096..1.097 rows=2250 loops=1)
                                                         Index Cond: (o_orderdate < '1995-03-24'::date)
                                             ->  Hash  (cost=33874.78..33874.78 rows=895200 width=4) (actual time=441.320..441.321 rows=900602 loops=1)
                                                   Buckets: 262144  Batches: 2  Memory Usage: 17889kB
                                                   ->  Broadcast Motion 3:3  (slice4; segments: 3)  (cost=9868.78..33874.78 rows=895200 width=4) (actual time=38.510..268.543 rows=900602 loops=1)
                                                         ->  Bitmap Heap Scan on customer  (cost=9868.78..21938.78 rows=298400 width=4) (actual time=40.847..332.667 rows=300807 loops=1)
                                                               Recheck Cond: (c_mktsegment = 'HOUSEHOLD'::bpchar)
                                                               ->  Bitmap Index Scan on customer_c_mktsegment_c_custkey_idx  (cost=0.00..9794.18 rows=298400 width=0) (actual time=37.839..37.839 rows=300807 loops=1)
                                                                     Index Cond: (c_mktsegment = 'HOUSEHOLD'::bpchar)
 Optimizer: Postgres-based planner
 Planning Time: 13.497 ms
   (slice0)    Executor memory: 12472K bytes.
 * (slice1)    Executor memory: 28464K bytes avg x 3 workers, 28464K bytes max (seg0).  Work_mem: 45585K bytes max, 61457K bytes wanted.
 * (slice2)    Executor memory: 37662K bytes avg x 3 workers, 37665K bytes max (seg0).  Work_mem: 26854K bytes max, 207555K bytes wanted.
 * (slice3)    Executor memory: 23988K bytes avg x 3 workers, 23988K bytes max (seg0).  Work_mem: 17889K bytes max, 33710K bytes wanted.
   (slice4)    Executor memory: 2446K bytes avg x 3 workers, 2446K bytes max (seg0).
 Memory used:  128000kB
 Memory wanted:  1453782kB
 Execution Time: 64084.021 ms
(63 rows)

