                                                                                                       QUERY PLAN                                                                                                       
------------------------------------------------------------------------------------------------------------------------------------------------------------------------------------------------------------------------
 Gather Motion 3:1  (slice1; segments: 3)  (cost=180660.47..185193.80 rows=320000 width=36) (actual time=5088.780..5109.211 rows=30005 loops=1)
   Merge Key: (sum((partsupp.ps_supplycost * (partsupp.ps_availqty)::numeric)))
   InitPlan 1 (returns $0)  (slice5)
     ->  Finalize Aggregate  (cost=156552.41..156552.42 rows=1 width=32) (actual time=4338.476..4338.476 rows=1 loops=1)
           ->  Gather Motion 3:1  (slice6; segments: 3)  (cost=156552.34..156552.39 rows=3 width=32) (actual time=4294.454..4338.450 rows=3 loops=1)
                 ->  Partial Aggregate  (cost=156552.34..156552.35 rows=1 width=32) (actual time=4337.161..4337.163 rows=1 loops=1)
                       ->  Hash Join  (cost=2120.34..154152.34 rows=320000 width=10) (actual time=59.814..4104.319 rows=317137 loops=1)
                             Hash Cond: (partsupp_1.ps_suppkey = supplier_1.s_suppkey)
                             Extra Text: (seg1)   Hash chain length 1.0 avg, 3 max, using 11342 of 131072 buckets.
                             ->  Seq Scan on partsupp partsupp_1  (cost=0.00..118832.00 rows=8000000 width=14) (actual time=0.457..2943.400 rows=8004645 loops=1)
                             ->  Hash  (cost=1970.34..1970.34 rows=12000 width=4) (actual time=58.657..58.658 rows=11857 loops=1)
                                   Buckets: 131072  Batches: 1  Memory Usage: 1441kB
                                   ->  Broadcast Motion 3:3  (slice7; segments: 3)  (cost=1.14..1970.34 rows=12000 width=4) (actual time=7.917..55.235 rows=11857 loops=1)
                                         ->  Hash Join  (cost=1.14..1810.34 rows=4000 width=4) (actual time=1.329..56.455 rows=4019 loops=1)
                                               Hash Cond: (supplier_1.s_nationkey = nation_1.n_nationkey)
                                               Extra Text: (seg1)   Hash chain length 1.0 avg, 1 max, using 1 of 131072 buckets.
                                               ->  Seq Scan on supplier supplier_1  (cost=0.00..1507.00 rows=100000 width=8) (actual time=0.533..43.279 rows=100172 loops=1)
                                               ->  Hash  (cost=1.12..1.12 rows=1 width=4) (actual time=0.015..0.015 rows=1 loops=1)
                                                     Buckets: 131072  Batches: 1  Memory Usage: 1025kB
                                                     ->  Broadcast Motion 3:3  (slice8; segments: 3)  (cost=0.00..1.12 rows=1 width=4) (actual time=0.007..0.008 rows=1 loops=1)
                                                           ->  Seq Scan on nation nation_1  (cost=0.00..1.10 rows=1 width=4) (actual time=0.529..0.533 rows=1 loops=1)
                                                                 Filter: (n_name = 'JORDAN'::bpchar)
                                                                 Rows Removed by Filter: 8
   ->  Sort  (cost=180660.47..180927.14 rows=106667 width=36) (actual time=5075.026..5076.464 rows=10066 loops=1)
         Sort Key: (sum((partsupp.ps_supplycost * (partsupp.ps_availqty)::numeric))) DESC
         Sort Method:  quicksort  Memory: 2794kB
         Executor Memory: 2101kB  Segments: 3  Max: 703kB (segment 0)
         ->  HashAggregate  (cost=166152.34..171752.34 rows=106667 width=36) (actual time=4554.462..5070.031 rows=10066 loops=1)
               Group Key: partsupp.ps_partkey
               Filter: (sum((partsupp.ps_supplycost * (partsupp.ps_availqty)::numeric)) > $0)
               Rows Removed by Filter: 288197
               Extra Text: (seg0)   hash table(s): 1; 298263 groups total in 4 batches, 940324 spill partitions; disk usage: 13600KB; chain length 2.1 avg, 6 max; using 298263 of 1310720 buckets; total 0 expansions.
 
               ->  Redistribute Motion 3:3  (slice2; segments: 3)  (cost=2120.34..160552.34 rows=320000 width=14) (actual time=72.403..4253.003 rows=316478 loops=1)
                     Hash Key: partsupp.ps_partkey
                     ->  Hash Join  (cost=2120.34..154152.34 rows=320000 width=14) (actual time=61.566..4394.741 rows=317137 loops=1)
                           Hash Cond: (partsupp.ps_suppkey = supplier.s_suppkey)
                           Extra Text: (seg1)   Hash chain length 1.0 avg, 3 max, using 11342 of 131072 buckets.
                           ->  Seq Scan on partsupp  (cost=0.00..118832.00 rows=8000000 width=18) (actual time=0.365..3123.336 rows=8004645 loops=1)
                           ->  Hash  (cost=1970.34..1970.34 rows=12000 width=4) (actual time=62.342..62.343 rows=11857 loops=1)
                                 Buckets: 131072  Batches: 1  Memory Usage: 1441kB
                                 ->  Broadcast Motion 3:3  (slice3; segments: 3)  (cost=1.14..1970.34 rows=12000 width=4) (actual time=8.691..58.614 rows=11857 loops=1)
                                       ->  Hash Join  (cost=1.14..1810.34 rows=4000 width=4) (actual time=1.390..56.368 rows=4019 loops=1)
                                             Hash Cond: (supplier.s_nationkey = nation.n_nationkey)
                                             Extra Text: (seg1)   Hash chain length 1.0 avg, 1 max, using 1 of 131072 buckets.
                                             ->  Seq Scan on supplier  (cost=0.00..1507.00 rows=100000 width=8) (actual time=0.296..44.903 rows=100172 loops=1)
                                             ->  Hash  (cost=1.12..1.12 rows=1 width=4) (actual time=0.159..0.160 rows=1 loops=1)
                                                   Buckets: 131072  Batches: 1  Memory Usage: 1025kB
                                                   ->  Broadcast Motion 3:3  (slice4; segments: 3)  (cost=0.00..1.12 rows=1 width=4) (actual time=0.024..0.152 rows=1 loops=1)
                                                         ->  Seq Scan on nation  (cost=0.00..1.10 rows=1 width=4) (actual time=0.495..0.497 rows=1 loops=1)
                                                               Filter: (n_name = 'JORDAN'::bpchar)
                                                               Rows Removed by Filter: 8
 Optimizer: Postgres-based planner
 Planning Time: 14.657 ms
   (slice0)    Executor memory: 6357K bytes.
 * (slice1)    Executor memory: 21940K bytes avg x 3 workers, 21941K bytes max (seg2).  Work_mem: 39057K bytes max, 137233K bytes wanted.
   (slice2)    Executor memory: 1720K bytes avg x 3 workers, 1720K bytes max (seg0).  Work_mem: 1441K bytes max.
   (slice3)    Executor memory: 1263K bytes avg x 3 workers, 1263K bytes max (seg0).  Work_mem: 1025K bytes max.
   (slice4)    Executor memory: 185K bytes avg x 3 workers, 185K bytes max (seg0).
   (slice5)    Executor memory: 6285K bytes.
   (slice6)    Executor memory: 1718K bytes avg x 3 workers, 1718K bytes max (seg0).  Work_mem: 1441K bytes max.
   (slice7)    Executor memory: 1263K bytes avg x 3 workers, 1263K bytes max (seg0).  Work_mem: 1025K bytes max.
   (slice8)    Executor memory: 185K bytes avg x 3 workers, 185K bytes max (seg0).
 Memory used:  128000kB
 Memory wanted:  825292kB
 Execution Time: 9470.831 ms
(66 rows)

