CREATE VIEW
                                                                                                                       QUERY PLAN                                                                                                                       
--------------------------------------------------------------------------------------------------------------------------------------------------------------------------------------------------------------------------------------------------------
 Gather Motion 3:1  (slice1; segments: 3)  (cost=1027983.88..1027988.32 rows=313 width=103) (actual time=7366.850..7366.854 rows=1 loops=1)
   Merge Key: supplier.s_suppkey
   InitPlan 1 (returns $0)  (slice3)
     ->  Finalize Aggregate  (cost=1025424.08..1025424.09 rows=1 width=32) (actual time=7334.119..7334.119 rows=1 loops=1)
           ->  Gather Motion 3:1  (slice4; segments: 3)  (cost=1025424.02..1025424.07 rows=3 width=32) (actual time=7331.045..7334.088 rows=3 loops=1)
                 ->  Partial Aggregate  (cost=1025424.02..1025424.03 rows=1 width=32) (actual time=7329.073..7329.074 rows=1 loops=1)
                       ->  Finalize HashAggregate  (cost=1022811.95..1024117.99 rows=104483 width=36) (actual time=7052.502..7321.628 rows=100172 loops=1)
                             Group Key: lineitem_1.l_suppkey
                             Extra Text: (seg0)   hash table(s): 1; 99877 groups total in 4 batches, 624472 spill partitions; disk usage: 14048KB; chain length 2.2 avg, 7 max; using 99877 of 655360 buckets; total 0 expansions.
 
                             ->  Redistribute Motion 3:3  (slice5; segments: 3)  (cost=1010275.32..1020461.33 rows=313416 width=36) (actual time=4119.959..6674.489 rows=300379 loops=1)
                                   Hash Key: lineitem_1.l_suppkey
                                   ->  Partial HashAggregate  (cost=1010275.32..1014193.02 rows=313416 width=36) (actual time=4140.938..6836.795 rows=299862 loops=1)
                                         Group Key: lineitem_1.l_suppkey
                                         Extra Text: (seg0)   hash table(s): 1; 299859 groups total in 20 batches, 7424108 spill partitions; disk usage: 77632KB; chain length 2.1 avg, 5 max; using 299859 of 5505024 buckets; total 0 expansions.
 
                                         ->  Bitmap Heap Scan on lineitem lineitem_1  (cost=607.66..986611.11 rows=2366421 width=16) (actual time=5.398..1809.697 rows=2295994 loops=1)
                                               Recheck Cond: ((l_shipdate >= '1997-05-01'::date) AND (l_shipdate < '1997-08-01 00:00:00'::timestamp without time zone))
                                               Rows Removed by Index Recheck: 96070
                                               ->  Bitmap Index Scan on lineitem_l_shipdate_idx  (cost=0.00..16.06 rows=2421941 width=0) (actual time=1.854..1.854 rows=730 loops=1)
                                                     Index Cond: ((l_shipdate >= '1997-05-01'::date) AND (l_shipdate < '1997-08-01 00:00:00'::timestamp without time zone))
   ->  Sort  (cost=1027983.88..1027984.14 rows=104 width=103) (actual time=7366.089..7366.094 rows=1 loops=1)
         Sort Key: supplier.s_suppkey
         Sort Method:  quicksort  Memory: 75kB
         Executor Memory: 177kB  Segments: 3  Max: 59kB (segment 0)
         ->  Hash Join  (cost=1026209.83..1027980.37 rows=104 width=103) (actual time=7327.116..7365.986 rows=1 loops=1)
               Hash Cond: (supplier.s_suppkey = revenue0.supplier_no)
               Extra Text: (seg0)   Hash chain length 1.0 avg, 1 max, using 1 of 65536 buckets.
               ->  Seq Scan on supplier  (cost=0.00..1507.00 rows=100000 width=71) (actual time=0.455..41.556 rows=99877 loops=1)
               ->  Hash  (cost=1026208.52..1026208.52 rows=104 width=36) (actual time=7309.373..7309.374 rows=1 loops=1)
                     Buckets: 65536  Batches: 1  Memory Usage: 513kB
                     ->  Subquery Scan on revenue0  (cost=1024379.03..1026208.52 rows=104 width=36) (actual time=7248.094..7309.367 rows=1 loops=1)
                           ->  Finalize HashAggregate  (cost=1024379.03..1026207.48 rows=104 width=36) (actual time=7248.092..7309.363 rows=1 loops=1)
                                 Group Key: lineitem.l_suppkey
                                 Filter: (sum((lineitem.l_extendedprice * ('1'::numeric - lineitem.l_discount))) = $0)
                                 Rows Removed by Filter: 99876
                                 Extra Text: (seg0)   hash table(s): 1; 99877 groups total in 4 batches, 624160 spill partitions; disk usage: 14048KB; chain length 2.2 avg, 7 max; using 99877 of 655360 buckets; total 0 expansions.
 
                                 ->  Redistribute Motion 3:3  (slice2; segments: 3)  (cost=1010275.32..1020461.33 rows=313416 width=36) (actual time=4091.633..6639.391 rows=300379 loops=1)
                                       Hash Key: lineitem.l_suppkey
                                       ->  Partial HashAggregate  (cost=1010275.32..1014193.02 rows=313416 width=36) (actual time=4121.231..6738.875 rows=299862 loops=1)
                                             Group Key: lineitem.l_suppkey
                                             Extra Text: (seg0)   hash table(s): 1; 299859 groups total in 20 batches, 7424108 spill partitions; disk usage: 77632KB; chain length 2.1 avg, 5 max; using 299859 of 5505024 buckets; total 0 expansions.
 
                                             ->  Bitmap Heap Scan on lineitem  (cost=607.66..986611.11 rows=2366421 width=16) (actual time=3.025..1818.360 rows=2295994 loops=1)
                                                   Recheck Cond: ((l_shipdate >= '1997-05-01'::date) AND (l_shipdate < '1997-08-01 00:00:00'::timestamp without time zone))
                                                   Rows Removed by Index Recheck: 96070
                                                   ->  Bitmap Index Scan on lineitem_l_shipdate_idx  (cost=0.00..16.06 rows=2421941 width=0) (actual time=0.941..0.941 rows=730 loops=1)
                                                         Index Cond: ((l_shipdate >= '1997-05-01'::date) AND (l_shipdate < '1997-08-01 00:00:00'::timestamp without time zone))
 Optimizer: Postgres-based planner
 Planning Time: 16.774 ms
   (slice0)    Executor memory: 18627K bytes.
 * (slice1)    Executor memory: 16666K bytes avg x 3 workers, 16678K bytes max (seg2).  Work_mem: 35985K bytes max, 68625K bytes wanted.
 * (slice2)    Executor memory: 19704K bytes avg x 3 workers, 19704K bytes max (seg0).  Work_mem: 30897K bytes max, 137233K bytes wanted.
   (slice3)    Executor memory: 18589K bytes.
 * (slice4)    Executor memory: 15971K bytes avg x 3 workers, 15981K bytes max (seg2).  Work_mem: 35985K bytes max, 68625K bytes wanted.
 * (slice5)    Executor memory: 19704K bytes avg x 3 workers, 19704K bytes max (seg0).  Work_mem: 30897K bytes max, 137233K bytes wanted.
 Memory used:  128000kB
 Memory wanted:  1098956kB
 Execution Time: 14724.196 ms
(60 rows)

DROP VIEW
