                                                                                                                 QUERY PLAN                                                                                                                 
--------------------------------------------------------------------------------------------------------------------------------------------------------------------------------------------------------------------------------------------
 Gather Motion 3:1  (slice1; segments: 3)  (cost=1255946.15..1255946.22 rows=5 width=24) (actual time=68811.863..68811.867 rows=5 loops=1)
   Merge Key: orders.o_orderpriority
   ->  Sort  (cost=1255946.15..1255946.16 rows=2 width=24) (actual time=68805.702..68805.714 rows=2 loops=1)
         Sort Key: orders.o_orderpriority
         Sort Method:  quicksort  Memory: 75kB
         Executor Memory: 177kB  Segments: 3  Max: 59kB (segment 0)
         ->  Finalize HashAggregate  (cost=1255946.12..1255946.14 rows=2 width=24) (actual time=68805.592..68805.596 rows=2 loops=1)
               Group Key: orders.o_orderpriority
               Extra Text: (seg0)   hash table(s): 1; chain length 1.0 avg, 1 max; using 2 of 4 buckets; total 1 expansions.
 
               ->  Redistribute Motion 3:3  (slice2; segments: 3)  (cost=1255945.95..1255946.10 rows=5 width=24) (actual time=68792.333..68805.562 rows=6 loops=1)
                     Hash Key: orders.o_orderpriority
                     ->  Partial HashAggregate  (cost=1255945.95..1255946.00 rows=5 width=24) (actual time=68790.263..68790.266 rows=5 loops=1)
                           Group Key: orders.o_orderpriority
                           Extra Text: (seg0)   hash table(s): 1; chain length 1.0 avg, 1 max; using 5 of 8 buckets; total 0 expansions.
 
                           ->  HashAggregate  (cost=1251691.41..1254527.77 rows=283636 width=16) (actual time=68308.733..68630.300 rows=520892 loops=1)
                                 Group Key: (RowIdExpr)
                                 Extra Text: (seg0)   hash table(s): 1; 519250 groups total in 4 batches, 1337500 spill partitions; disk usage: 15104KB; chain length 2.9 avg, 20 max; using 519250 of 5242880 buckets; total 1 expansions.
 
                                 ->  Redistribute Motion 3:3  (slice3; segments: 3)  (cost=113620.50..1250982.32 rows=283636 width=16) (actual time=40553.949..67225.203 rows=1434923 loops=1)
                                       Hash Key: (RowIdExpr)
                                       ->  Hash Join  (cost=113620.50..1245309.59 rows=283636 width=16) (actual time=40031.614..67659.339 rows=1434573 loops=1)
                                             Hash Cond: (lineitem.l_orderkey = orders.o_orderkey)
                                             Extra Text: (seg0)   Initial batch 0:
 (seg0)     Wrote 43143K bytes to inner workfile.
 (seg0)     Wrote 518481K bytes to outer workfile.
 (seg0)   Initial batch 1:
 (seg0)     Read 43143K bytes from inner workfile.
 (seg0)     Read 518481K bytes from outer workfile.
 (seg0)   Work file set: 1 files (0 compressed), max file size 44171264, min file size 32768, compression buffer size 0 bytes
 (seg0)   Hash chain length 3.4 avg, 14 max, using 503718 of 524288 buckets.
                                             ->  Seq Scan on lineitem  (cost=0.00..1034421.20 rows=19999819 width=8) (actual time=1.626..40429.616 rows=37938467 loops=1)
                                                   Filter: (l_commitdate < l_receiptdate)
                                                   Rows Removed by Filter: 22064843
                                             ->  Hash  (cost=92870.84..92870.84 rows=1659973 width=24) (actual time=929.418..929.418 rows=1701175 loops=1)
                                                   Buckets: 262144  Batches: 2  Memory Usage: 55273kB
                                                   ->  Broadcast Motion 3:3  (slice4; segments: 3)  (cost=150.34..92870.84 rows=1659973 width=24) (actual time=14.195..535.393 rows=1701175 loops=1)
                                                         ->  Bitmap Heap Scan on orders  (cost=150.34..70737.87 rows=553324 width=24) (actual time=16.147..440.785 rows=567512 loops=1)
                                                               Recheck Cond: ((o_orderdate >= '1996-09-01'::date) AND (o_orderdate < '1996-12-01 00:00:00'::timestamp without time zone))
                                                               Rows Removed by Index Recheck: 22312
                                                               ->  Bitmap Index Scan on orders_o_orderdate_idx  (cost=0.00..12.01 rows=556769 width=0) (actual time=2.429..2.429 rows=180 loops=1)
                                                                     Index Cond: ((o_orderdate >= '1996-09-01'::date) AND (o_orderdate < '1996-12-01 00:00:00'::timestamp without time zone))
 Optimizer: Postgres-based planner
 Planning Time: 14.559 ms
   (slice0)    Executor memory: 12389K bytes.
 * (slice1)    Executor memory: 59K bytes avg x 3 workers, 59K bytes max (seg0).  Work_mem: 59K bytes max, 24K bytes wanted.
 * (slice2)    Executor memory: 57552K bytes avg x 3 workers, 58263K bytes max (seg1).  Work_mem: 65681K bytes max, 81937K bytes wanted.
 * (slice3)    Executor memory: 55634K bytes avg x 3 workers, 55634K bytes max (seg0).  Work_mem: 55273K bytes max, 108372K bytes wanted.
   (slice4)    Executor memory: 2550K bytes avg x 3 workers, 2550K bytes max (seg0).
 Memory used:  128000kB
 Memory wanted:  650928kB
 Execution Time: 68844.796 ms
(53 rows)

