                                                                                                                 QUERY PLAN                                                                                                                 
--------------------------------------------------------------------------------------------------------------------------------------------------------------------------------------------------------------------------------------------
 Finalize GroupAggregate  (cost=1262066.10..1262875.29 rows=2405 width=40) (actual time=51637.230..51637.252 rows=2 loops=1)
   Group Key: (date_part('year'::text, (orders.o_orderdate)::timestamp without time zone))
   ->  Gather Motion 3:1  (slice1; segments: 3)  (cost=1262066.10..1262730.99 rows=7215 width=72) (actual time=51637.190..51637.205 rows=6 loops=1)
         Merge Key: (date_part('year'::text, (orders.o_orderdate)::timestamp without time zone))
         ->  Partial GroupAggregate  (cost=1262066.10..1262634.79 rows=2405 width=72) (actual time=51623.896..51635.129 rows=2 loops=1)
               Group Key: (date_part('year'::text, (orders.o_orderdate)::timestamp without time zone))
               ->  Sort  (cost=1262066.10..1262123.94 rows=23137 width=46) (actual time=51612.992..51615.588 rows=24170 loops=1)
                     Sort Key: (date_part('year'::text, (orders.o_orderdate)::timestamp without time zone))
                     Sort Method:  quicksort  Memory: 8489kB
                     Executor Memory: 6805kB  Segments: 3  Max: 2280kB (segment 1)
                     ->  Hash Join  (cost=1104349.57..1260388.87 rows=23137 width=46) (actual time=46636.324..51604.028 rows=24170 loops=1)
                           Hash Cond: (supplier.s_nationkey = n2.n_nationkey)
                           Extra Text: (seg1)   Hash chain length 1.0 avg, 1 max, using 25 of 32768 buckets.
                           ->  Hash Join  (cost=1104347.84..1259978.31 rows=23137 width=20) (actual time=46635.971..51588.369 rows=24170 loops=1)
                                 Hash Cond: (lineitem.l_suppkey = supplier.s_suppkey)
                                 Extra Text: (seg1)   Hash chain length 1.9 avg, 9 max, using 51312 of 65536 buckets.
                                 ->  Redistribute Motion 3:3  (slice2; segments: 3)  (cost=1101590.84..1256926.47 rows=24175 width=20) (actual time=46518.961..51450.787 rows=24170 loops=1)
                                       Hash Key: lineitem.l_suppkey
                                       ->  Hash Join  (cost=1101590.84..1256442.98 rows=24175 width=20) (actual time=46428.438..51583.654 rows=24081 loops=1)
                                             Hash Cond: (orders.o_custkey = customer.c_custkey)
                                             Extra Text: (seg0)   Hash chain length 2.5 avg, 12 max, using 117665 of 131072 buckets.
                                             ->  Redistribute Motion 3:3  (slice3; segments: 3)  (cost=1065873.53..1220030.66 rows=120873 width=24) (actual time=45280.152..50346.322 rows=120045 loops=1)
                                                   Hash Key: orders.o_custkey
                                                   ->  Hash Join  (cost=1065873.53..1217613.20 rows=120873 width=24) (actual time=46388.675..51467.851 rows=120669 loops=1)
                                                         Hash Cond: (orders.o_orderkey = lineitem.l_orderkey)
                                                         Extra Text: (seg0)   Initial batch 0:
 (seg0)     Wrote 9637K bytes to inner workfile.
 (seg0)     Wrote 89008K bytes to outer workfile.
 (seg0)   Initial batch 1:
 (seg0)     Read 9637K bytes from inner workfile.
 (seg0)     Read 89008K bytes from outer workfile.
 (seg0)   Work file set: 1 files (0 compressed), max file size 9863168, min file size 32768, compression buffer size 0 bytes
 (seg0)   Hash chain length 3.2 avg, 14 max, using 124350 of 131072 buckets.
                                                         ->  Bitmap Heap Scan on orders  (cost=1148.45..131670.47 rows=4545366 width=16) (actual time=9.459..2472.079 rows=4558976 loops=1)
                                                               Recheck Cond: ((o_orderdate >= '1995-01-01'::date) AND (o_orderdate <= '1996-12-31'::date))
                                                               Rows Removed by Index Recheck: 28544
                                                               ->  Bitmap Index Scan on orders_o_orderdate_idx  (cost=0.00..12.10 rows=4552402 width=0) (actual time=1.217..1.217 rows=1400 loops=1)
                                                                     Index Cond: ((o_orderdate >= '1995-01-01'::date) AND (o_orderdate <= '1996-12-31'::date))
                                                         ->  Hash  (cost=1059738.98..1059738.98 rows=398888 width=24) (actual time=46378.285..46378.286 rows=395348 loops=1)
                                                               Buckets: 65536  Batches: 2  Memory Usage: 12507kB
                                                               ->  Redistribute Motion 3:3  (slice4; segments: 3)  (cost=5851.20..1059738.98 rows=398888 width=24) (actual time=255.585..46274.497 rows=395348 loops=1)
                                                                     Hash Key: lineitem.l_orderkey
                                                                     ->  Hash Join  (cost=5851.20..1051761.22 rows=398888 width=24) (actual time=190.364..46140.916 rows=395144 loops=1)
                                                                           Hash Cond: (lineitem.l_partkey = part.p_partkey)
                                                                           Extra Text: (seg0)   Hash chain length 1.3 avg, 6 max, using 29680 of 65536 buckets.
                                                                           ->  Seq Scan on lineitem  (cost=0.00..884422.56 rows=59999456 width=28) (actual time=0.479..37030.693 rows=60003310 loops=1)
                                                                           ->  Hash  (cost=5352.59..5352.59 rows=39889 width=4) (actual time=189.144..189.145 rows=39493 loops=1)
                                                                                 Buckets: 65536  Batches: 1  Memory Usage: 1901kB
                                                                                 ->  Broadcast Motion 3:3  (slice5; segments: 3)  (cost=0.18..5352.59 rows=39889 width=4) (actual time=10.657..177.697 rows=39493 loops=1)
                                                                                       ->  Index Only Scan using part_p_type_p_partkey_idx on part  (cost=0.18..4820.73 rows=13296 width=4) (actual time=5.896..181.249 rows=13286 loops=1)
                                                                                             Index Cond: (p_type = 'LARGE PLATED COPPER'::text)
                                                                                             Heap Fetches: 0
                                             ->  Hash  (cost=31967.30..31967.30 rows=300000 width=4) (actual time=1147.419..1147.422 rows=300010 loops=1)
                                                   Buckets: 131072  Batches: 1  Memory Usage: 11572kB
                                                   ->  Hash Join  (cost=2.30..31967.30 rows=300000 width=4) (actual time=1.323..1038.522 rows=300010 loops=1)
                                                         Hash Cond: (customer.c_nationkey = n1.n_nationkey)
                                                         Extra Text: (seg0)   Hash chain length 1.0 avg, 1 max, using 5 of 65536 buckets.
                                                         ->  Seq Scan on customer  (cost=0.00..23340.00 rows=1500000 width=8) (actual time=0.594..769.376 rows=1501094 loops=1)
                                                         ->  Hash  (cost=2.24..2.24 rows=5 width=4) (actual time=0.612..0.613 rows=5 loops=1)
                                                               Buckets: 65536  Batches: 1  Memory Usage: 513kB
                                                               ->  Broadcast Motion 3:3  (slice6; segments: 3)  (cost=1.05..2.24 rows=5 width=4) (actual time=0.489..0.600 rows=5 loops=1)
                                                                     ->  Hash Join  (cost=1.05..2.18 rows=2 width=4) (actual time=2.219..2.398 rows=2 loops=1)
                                                                           Hash Cond: (n1.n_regionkey = region.r_regionkey)
                                                                           Extra Text: (seg1)   Hash chain length 1.0 avg, 1 max, using 1 of 65536 buckets.
                                                                           ->  Seq Scan on nation n1  (cost=0.00..1.08 rows=8 width=8) (actual time=0.630..0.638 rows=10 loops=1)
                                                                           ->  Hash  (cost=1.04..1.04 rows=1 width=4) (actual time=0.878..0.879 rows=1 loops=1)
                                                                                 Buckets: 65536  Batches: 1  Memory Usage: 513kB
                                                                                 ->  Broadcast Motion 3:3  (slice7; segments: 3)  (cost=0.00..1.04 rows=1 width=4) (actual time=0.871..0.872 rows=1 loops=1)
                                                                                       ->  Seq Scan on region  (cost=0.00..1.02 rows=1 width=4) (actual time=0.647..0.651 rows=1 loops=1)
                                                                                             Filter: (r_name = 'AFRICA'::bpchar)
                                                                                             Rows Removed by Filter: 1
                                 ->  Hash  (cost=1507.00..1507.00 rows=100000 width=8) (actual time=116.747..116.748 rows=100172 loops=1)
                                       Buckets: 65536  Batches: 1  Memory Usage: 4425kB
                                       ->  Seq Scan on supplier  (cost=0.00..1507.00 rows=100000 width=8) (actual time=0.663..74.663 rows=100172 loops=1)
                           ->  Hash  (cost=1.42..1.42 rows=25 width=30) (actual time=0.434..0.434 rows=25 loops=1)
                                 Buckets: 32768  Batches: 1  Memory Usage: 258kB
                                 ->  Broadcast Motion 3:3  (slice8; segments: 3)  (cost=0.00..1.42 rows=25 width=30) (actual time=0.407..0.419 rows=25 loops=1)
                                       ->  Seq Scan on nation n2  (cost=0.00..1.08 rows=8 width=30) (actual time=0.596..0.604 rows=10 loops=1)
 Optimizer: Postgres-based planner
 Planning Time: 13.907 ms
   (slice0)    Executor memory: 202K bytes.
   (slice1)    Executor memory: 4941K bytes avg x 3 workers, 4951K bytes max (seg1).  Work_mem: 4425K bytes max.
   (slice2)    Executor memory: 13493K bytes avg x 3 workers, 13504K bytes max (seg0).  Work_mem: 11572K bytes max.
 * (slice3)    Executor memory: 16124K bytes avg x 3 workers, 16166K bytes max (seg0).  Work_mem: 12507K bytes max, 24455K bytes wanted.
   (slice4)    Executor memory: 2307K bytes avg x 3 workers, 2307K bytes max (seg0).  Work_mem: 1901K bytes max.
   (slice5)    Executor memory: 174K bytes avg x 3 workers, 174K bytes max (seg0).
   (slice6)    Executor memory: 739K bytes avg x 3 workers, 739K bytes max (seg0).  Work_mem: 513K bytes max.
   (slice7)    Executor memory: 182K bytes avg x 3 workers, 185K bytes max (seg0).
   (slice8)    Executor memory: 184K bytes avg x 3 workers, 184K bytes max (seg0).
 Memory used:  128000kB
 Memory wanted:  222593kB
 Execution Time: 51660.122 ms
(92 rows)

