                                                                                                       QUERY PLAN                                                                                                        
-------------------------------------------------------------------------------------------------------------------------------------------------------------------------------------------------------------------------
 Gather Motion 3:1  (slice1; segments: 3)  (cost=2408571.76..2542293.30 rows=9439167 width=48) (actual time=52046.225..52291.849 rows=340729 loops=1)
   Merge Key: (sum((lineitem.l_extendedprice * ('1'::numeric - lineitem.l_discount)))), orders.o_orderdate
   ->  Sort  (cost=2408571.76..2416437.73 rows=3146389 width=48) (actual time=52040.454..52060.575 rows=114073 loops=1)
         Sort Key: (sum((lineitem.l_extendedprice * ('1'::numeric - lineitem.l_discount)))) DESC, orders.o_orderdate
         Sort Method:  quicksort  Memory: 38499kB
         Executor Memory: 30523kB  Segments: 3  Max: 10206kB (segment 1)
         ->  HashAggregate  (cost=2000087.54..2044794.53 rows=3146389 width=48) (actual time=51896.715..51979.166 rows=114073 loops=1)
               Group Key: lineitem.l_orderkey, orders.o_orderdate, orders.o_shippriority
               Planned Partitions: 8
               Extra Text: (seg0)   hash table(s): 1; chain length 2.1 avg, 5 max; using 113815 of 524288 buckets; total 0 expansions.
 
               ->  Redistribute Motion 3:3  (slice2; segments: 3)  (cost=442962.06..1931383.18 rows=3146389 width=28) (actual time=17349.686..51450.879 rows=301112 loops=1)
                     Hash Key: orders.o_orderdate, lineitem.l_orderkey, orders.o_shippriority
                     ->  Hash Join  (cost=442962.06..1868455.40 rows=3146389 width=28) (actual time=17336.546..51402.083 rows=300335 loops=1)
                           Hash Cond: (lineitem.l_orderkey = orders.o_orderkey)
                           Extra Text: (seg0)   Initial batch 0:
 (seg0)     Wrote 135489K bytes to inner workfile.
 (seg0)     Wrote 1137913K bytes to outer workfile.
 (seg0)   Initial batches 1..7:
 (seg0)     Read 135489K bytes from inner workfile: 19356K avg x 7 nonempty batches, 19406K max.
 (seg0)     Read 1137913K bytes from outer workfile: 162559K avg x 7 nonempty batches, 162797K max.
 (seg0)   Work file set: 7 files (0 compressed), max file size 19857408, min file size 32768, compression buffer size 0 bytes
 (seg0)   Hash chain length 2.4 avg, 13 max, using 1840985 of 2097152 buckets.
                           ->  Seq Scan on lineitem  (cost=0.00..1036185.20 rows=32324342 width=20) (actual time=7379.336..18939.022 rows=32127438 loops=1)
                                 Filter: (l_shipdate > '1995-03-24'::date)
                                 Rows Removed by Filter: 27874522
                           ->  Hash  (cost=382862.40..382862.40 rows=4380213 width=16) (actual time=9830.233..9830.234 rows=4405986 loops=1)
                                 Buckets: 262144  Batches: 8  Memory Usage: 27928kB
                                 ->  Broadcast Motion 3:3  (slice3; segments: 3)  (cost=47692.06..382862.40 rows=4380213 width=16) (actual time=756.115..8699.574 rows=4405986 loops=1)
                                       ->  Hash Join  (cost=47692.06..324459.55 rows=1460071 width=16) (actual time=755.941..9026.612 rows=1469972 loops=1)
                                             Hash Cond: (orders.o_custkey = customer.c_custkey)
                                             Extra Text: (seg0)   Hash chain length 3.6 avg, 15 max, using 253590 of 262144 buckets.
                                             ->  Bitmap Heap Scan on orders  (cost=2079.28..244330.83 rows=7339499 width=20) (actual time=25.686..3864.249 rows=7345733 loops=1)
                                                   Recheck Cond: (o_orderdate < '1995-03-24'::date)
                                                   Rows Removed by Index Recheck: 168
                                                   ->  Bitmap Index Scan on orders_o_orderdate_idx  (cost=0.00..244.41 rows=7339538 width=0) (actual time=25.602..25.602 rows=325730 loops=1)
                                                         Index Cond: (o_orderdate < '1995-03-24'::date)
                                             ->  Hash  (cost=34422.78..34422.78 rows=895200 width=4) (actual time=729.335..729.336 rows=900602 loops=1)
                                                   Buckets: 262144  Batches: 1  Memory Usage: 33710kB
                                                   ->  Broadcast Motion 3:3  (slice4; segments: 3)  (cost=9868.78..34422.78 rows=895200 width=4) (actual time=200.218..527.014 rows=900602 loops=1)
                                                         ->  Bitmap Heap Scan on customer  (cost=9868.78..22486.78 rows=298400 width=4) (actual time=199.907..615.749 rows=300807 loops=1)
                                                               Recheck Cond: (c_mktsegment = 'HOUSEHOLD'::bpchar)
                                                               ->  Bitmap Index Scan on customer_c_mktsegment_c_custkey_idx  (cost=0.00..9794.18 rows=298400 width=0) (actual time=197.635..197.635 rows=300807 loops=1)
                                                                     Index Cond: (c_mktsegment = 'HOUSEHOLD'::bpchar)
 Optimizer: Postgres-based planner
 Planning Time: 7.623 ms
   (slice0)    Executor memory: 12469K bytes.
 * (slice1)    Executor memory: 35395K bytes avg x 3 workers, 35496K bytes max (seg1).  Work_mem: 53265K bytes max, 53265K bytes wanted.
 * (slice2)    Executor memory: 28489K bytes avg x 3 workers, 28489K bytes max (seg0).  Work_mem: 27928K bytes max, 208579K bytes wanted.
   (slice3)    Executor memory: 561201K bytes avg x 3 workers, 561318K bytes max (seg0).  Work_mem: 33710K bytes max.
   (slice4)    Executor memory: 196854K bytes avg x 3 workers, 196854K bytes max (seg0).
 Memory used:  128000kB
 Memory wanted:  1252371kB
 Execution Time: 52329.593 ms
(54 rows)

