                                                                                                                 QUERY PLAN                                                                                                                 
--------------------------------------------------------------------------------------------------------------------------------------------------------------------------------------------------------------------------------------------
 Gather Motion 3:1  (slice1; segments: 3)  (cost=1452231.29..1452231.36 rows=5 width=24) (actual time=59338.743..59338.756 rows=5 loops=1)
   Merge Key: orders.o_orderpriority
   ->  Sort  (cost=1452231.29..1452231.29 rows=2 width=24) (actual time=59330.878..59330.917 rows=2 loops=1)
         Sort Key: orders.o_orderpriority
         Sort Method:  quicksort  Memory: 75kB
         Executor Memory: 177kB  Segments: 3  Max: 59kB (segment 0)
         ->  Finalize HashAggregate  (cost=1452231.26..1452231.28 rows=2 width=24) (actual time=59330.772..59330.780 rows=2 loops=1)
               Group Key: orders.o_orderpriority
               Extra Text: (seg0)   hash table(s): 1; chain length 1.0 avg, 1 max; using 2 of 4 buckets; total 1 expansions.
 
               ->  Redistribute Motion 3:3  (slice2; segments: 3)  (cost=1452231.09..1452231.24 rows=5 width=24) (actual time=59318.480..59330.685 rows=6 loops=1)
                     Hash Key: orders.o_orderpriority
                     ->  Partial HashAggregate  (cost=1452231.09..1452231.14 rows=5 width=24) (actual time=59316.078..59316.081 rows=5 loops=1)
                           Group Key: orders.o_orderpriority
                           Extra Text: (seg0)   hash table(s): 1; chain length 1.0 avg, 1 max; using 5 of 8 buckets; total 0 expansions.
 
                           ->  HashAggregate  (cost=1447976.54..1450812.91 rows=283636 width=16) (actual time=58747.910..59152.825 rows=520892 loops=1)
                                 Group Key: (RowIdExpr)
                                 Extra Text: (seg0)   hash table(s): 1; 519250 groups total in 4 batches, 1279844 spill partitions; disk usage: 14944KB; chain length 2.9 avg, 17 max; using 519250 of 5242880 buckets; total 1 expansions.
 
                                 ->  Redistribute Motion 3:3  (slice3; segments: 3)  (cost=308141.64..1447267.45 rows=283636 width=16) (actual time=25845.534..57730.950 rows=1434923 loops=1)
                                       Hash Key: (RowIdExpr)
                                       ->  Hash Join  (cost=308141.64..1441594.73 rows=283636 width=16) (actual time=25785.369..58009.316 rows=1434573 loops=1)
                                             Hash Cond: (lineitem.l_orderkey = orders.o_orderkey)
                                             Extra Text: (seg0)   Initial batch 0:
 (seg0)     Wrote 43143K bytes to inner workfile.
 (seg0)     Wrote 2672416K bytes to outer workfile.
 (seg0)   Initial batch 1:
 (seg0)     Read 43143K bytes from inner workfile.
 (seg0)     Read 2672430K bytes from outer workfile.
 (seg0)   Work file set: 1 files (0 compressed), max file size 44171264, min file size 32768, compression buffer size 0 bytes
 (seg0)   Hash chain length 3.4 avg, 14 max, using 503718 of 524288 buckets.
                                             ->  Seq Scan on lineitem  (cost=0.00..1036185.20 rows=19999819 width=8) (actual time=1.235..23367.703 rows=37938467 loops=1)
                                                   Filter: (l_commitdate < l_receiptdate)
                                                   Rows Removed by Filter: 22064843
                                             ->  Hash  (cost=287391.98..287391.98 rows=1659973 width=24) (actual time=956.453..956.454 rows=1701175 loops=1)
                                                   Buckets: 262144  Batches: 2  Memory Usage: 55273kB
                                                   ->  Broadcast Motion 3:3  (slice4; segments: 3)  (cost=360.17..287391.98 rows=1659973 width=24) (actual time=39.919..562.705 rows=1701175 loops=1)
                                                         ->  Bitmap Heap Scan on orders  (cost=360.17..265259.01 rows=553324 width=24) (actual time=40.436..461.512 rows=567512 loops=1)
                                                               Recheck Cond: ((o_orderdate >= '1996-09-01'::date) AND (o_orderdate < '1996-12-01 00:00:00'::timestamp without time zone))
                                                               Rows Removed by Index Recheck: 180
                                                               ->  Bitmap Index Scan on orders_o_orderdate_idx  (cost=0.00..221.84 rows=553367 width=0) (actual time=40.066..40.066 rows=25170 loops=1)
                                                                     Index Cond: ((o_orderdate >= '1996-09-01'::date) AND (o_orderdate < '1996-12-01 00:00:00'::timestamp without time zone))
 Optimizer: Postgres-based planner
 Planning Time: 11.200 ms
   (slice0)    Executor memory: 12392K bytes.
 * (slice1)    Executor memory: 59K bytes avg x 3 workers, 59K bytes max (seg0).  Work_mem: 59K bytes max, 24K bytes wanted.
 * (slice2)    Executor memory: 56778K bytes avg x 3 workers, 56955K bytes max (seg1).  Work_mem: 65681K bytes max, 81937K bytes wanted.
 * (slice3)    Executor memory: 55450K bytes avg x 3 workers, 55450K bytes max (seg0).  Work_mem: 55273K bytes max, 108372K bytes wanted.
   (slice4)    Executor memory: 42630K bytes avg x 3 workers, 42652K bytes max (seg0).
 Memory used:  128000kB
 Memory wanted:  650928kB
 Execution Time: 59376.141 ms
(53 rows)

