                                                                                                              QUERY PLAN                                                                                                              
--------------------------------------------------------------------------------------------------------------------------------------------------------------------------------------------------------------------------------------
 Limit  (cost=1502747.00..1502747.28 rows=20 width=201) (actual time=40677.930..40677.976 rows=20 loops=1)
   ->  Gather Motion 3:1  (slice1; segments: 3)  (cost=1502747.00..1502747.85 rows=60 width=201) (actual time=40677.925..40677.964 rows=20 loops=1)
         Merge Key: (sum((lineitem.l_extendedprice * ('1'::numeric - lineitem.l_discount))))
         ->  Limit  (cost=1502747.00..1502747.05 rows=20 width=201) (actual time=40595.803..40621.244 rows=20 loops=1)
               ->  Sort  (cost=1502614.51..1503939.41 rows=529962 width=201) (actual time=40595.802..40595.808 rows=20 loops=1)
                     Sort Key: (sum((lineitem.l_extendedprice * ('1'::numeric - lineitem.l_discount)))) DESC
                     Sort Method:  top-N heapsort  Memory: 100kB
                     Executor Memory: 177kB  Segments: 3  Max: 59kB (segment 0)
                     ->  HashAggregate  (cost=1478523.86..1488512.41 rows=529962 width=201) (actual time=38569.423..40451.953 rows=383465 loops=1)
                           Group Key: customer.c_custkey, customer.c_name, customer.c_acctbal, customer.c_phone, nation.n_name, customer.c_address, customer.c_comment
                           Planned Partitions: 8
                           Extra Text: (seg0)   hash table(s): 1; 382397 groups total in 8 batches, 7698464 spill partitions; disk usage: 194176KB; chain length 2.2 avg, 9 max; using 382397 of 1179648 buckets; total 0 expansions.
 
                           ->  Hash Join  (cost=1408228.63..1451818.74 rows=529962 width=181) (actual time=33979.045..36583.397 rows=1146024 loops=1)
                                 Hash Cond: (customer.c_nationkey = nation.n_nationkey)
                                 Extra Text: (seg2)   Hash chain length 1.0 avg, 1 max, using 25 of 131072 buckets.
                                 ->  Hash Join  (cost=1408226.91..1445102.40 rows=529962 width=159) (actual time=33978.720..36154.078 rows=1146024 loops=1)
                                       Hash Cond: (customer.c_custkey = orders.o_custkey)
                                       Extra Text: (seg2)   Initial batch 0:
 (seg2)     Wrote 20956K bytes to inner workfile.
 (seg2)     Wrote 133319K bytes to outer workfile.
 (seg2)   Overflow batch 1:
 (seg2)     Read 20956K bytes from inner workfile.
 (seg2)     Read 133319K bytes from outer workfile.
 (seg2)   Work file set: 1 files (0 compressed), max file size 21430272, min file size 32768, compression buffer size 0 bytes
 (seg2)   Hash chain length 4.2 avg, 41 max, using 272306 of 524288 buckets.
                                       ->  Seq Scan on customer  (cost=0.00..23888.00 rows=1500000 width=147) (actual time=0.096..346.989 rows=1501094 loops=1)
                                       ->  Hash  (cost=1401602.38..1401602.38 rows=529962 width=16) (actual time=33978.040..33978.042 rows=1146024 loops=1)
                                             Buckets: 262144 (originally 262144)  Batches: 2 (originally 1)  Memory Usage: 40453kB
                                             ->  Redistribute Motion 3:3  (slice2; segments: 3)  (cost=306702.78..1401602.38 rows=529962 width=16) (actual time=8119.753..33619.612 rows=1146024 loops=1)
                                                   Hash Key: orders.o_custkey
                                                   ->  Hash Join  (cost=306702.78..1391003.14 rows=529962 width=16) (actual time=7728.020..33411.659 rows=1145273 loops=1)
                                                         Hash Cond: (lineitem.l_orderkey = orders.o_orderkey)
                                                         Extra Text: (seg0)   Initial batch 0:
 (seg0)     Wrote 30237K bytes to inner workfile.
 (seg0)     Wrote 1043734K bytes to outer workfile.
 (seg0)   Initial batch 1:
 (seg0)     Read 30237K bytes from inner workfile.
 (seg0)     Read 1043734K bytes from outer workfile.
 (seg0)   Work file set: 1 files (0 compressed), max file size 30932992, min file size 32768, compression buffer size 0 bytes
 (seg0)   Hash chain length 3.4 avg, 14 max, using 504462 of 524288 buckets.
                                                         ->  Seq Scan on lineitem  (cost=0.00..1036185.20 rows=14851866 width=20) (actual time=0.093..18336.777 rows=14812123 loops=1)
                                                               Filter: (l_returnflag = 'R'::bpchar)
                                                               Rows Removed by Filter: 45191187
                                                         ->  Hash  (cost=286630.98..286630.98 rows=1605744 width=12) (actual time=911.621..911.622 rows=1718066 loops=1)
                                                               Buckets: 262144  Batches: 2  Memory Usage: 42267kB
                                                               ->  Broadcast Motion 3:3  (slice3; segments: 3)  (cost=355.59..286630.98 rows=1605744 width=12) (actual time=51.395..533.994 rows=1718066 loops=1)
                                                                     ->  Bitmap Heap Scan on orders  (cost=355.59..265221.06 rows=535248 width=12) (actual time=51.545..440.405 rows=572976 loops=1)
                                                                           Recheck Cond: ((o_orderdate >= '1993-10-01'::date) AND (o_orderdate < '1994-01-01 00:00:00'::timestamp without time zone))
                                                                           Rows Removed by Index Recheck: 432
                                                                           ->  Bitmap Index Scan on orders_o_orderdate_idx  (cost=0.00..221.78 rows=535250 width=0) (actual time=51.420..51.420 rows=25430 loops=1)
                                                                                 Index Cond: ((o_orderdate >= '1993-10-01'::date) AND (o_orderdate < '1994-01-01 00:00:00'::timestamp without time zone))
                                 ->  Hash  (cost=1.42..1.42 rows=25 width=30) (actual time=0.025..0.025 rows=25 loops=1)
                                       Buckets: 131072  Batches: 1  Memory Usage: 1026kB
                                       ->  Broadcast Motion 3:3  (slice4; segments: 3)  (cost=0.00..1.42 rows=25 width=30) (actual time=0.007..0.014 rows=25 loops=1)
                                             ->  Seq Scan on nation  (cost=0.00..1.08 rows=8 width=30) (actual time=0.026..0.030 rows=10 loops=1)
 Optimizer: Postgres-based planner
 Planning Time: 6.699 ms
   (slice0)    Executor memory: 3217K bytes.
 * (slice1)    Executor memory: 62566K bytes avg x 3 workers, 62619K bytes max (seg1).  Work_mem: 44305K bytes max, 240657K bytes wanted.
 * (slice2)    Executor memory: 42575K bytes avg x 3 workers, 42575K bytes max (seg0).  Work_mem: 42267K bytes max, 82583K bytes wanted.
   (slice3)    Executor memory: 43035K bytes avg x 3 workers, 43067K bytes max (seg2).
   (slice4)    Executor memory: 38K bytes avg x 3 workers, 38K bytes max (seg0).
 Memory used:  128000kB
 Memory wanted:  1445236kB
 Execution Time: 40691.933 ms
(66 rows)

