                                                                                                                                QUERY PLAN                                                                                                                                 
---------------------------------------------------------------------------------------------------------------------------------------------------------------------------------------------------------------------------------------------------------------------------
 Gather Motion 3:1  (slice1; segments: 3)  (cost=1808427.67..1808427.74 rows=5 width=51) (actual time=28882.505..28887.712 rows=5418 loops=1)
   Merge Key: supplier.s_name
   ->  Sort  (cost=1808427.67..1808427.68 rows=2 width=51) (actual time=28881.223..28881.401 rows=1854 loops=1)
         Sort Key: supplier.s_name
         Sort Method:  quicksort  Memory: 817kB
         Executor Memory: 698kB  Segments: 3  Max: 239kB (segment 2)
         ->  Hash Join  (cost=1808427.55..1808427.66 rows=2 width=51) (actual time=28858.984..28875.735 rows=1854 loops=1)
               Hash Cond: (supplier.s_nationkey = nation.n_nationkey)
               Extra Text: (seg2)   Hash chain length 1.0 avg, 1 max, using 1 of 65536 buckets.
               ->  HashAggregate  (cost=1808426.41..1808426.49 rows=8 width=55) (actual time=28857.503..28869.190 rows=45026 loops=1)
                     Group Key: (RowIdExpr)
                     Extra Text: (seg0)   hash table(s): 1; chain length 3.4 avg, 15 max; using 44550 of 65536 buckets; total 13 expansions.
 
                     ->  Redistribute Motion 3:3  (slice2; segments: 3)  (cost=1806625.26..1808426.39 rows=8 width=55) (actual time=28720.407..28814.198 rows=59277 loops=1)
                           Hash Key: (RowIdExpr)
                           ->  Hash Join  (cost=1806625.26..1808426.23 rows=8 width=55) (actual time=28721.276..28819.309 rows=59189 loops=1)
                                 Hash Cond: (supplier.s_suppkey = lineitem.l_suppkey)
                                 Extra Text: (seg2)   Hash chain length 1.6 avg, 11 max, using 37768 of 131072 buckets.
                                 ->  Seq Scan on supplier  (cost=0.00..1550.00 rows=100000 width=59) (actual time=0.102..47.316 rows=100172 loops=1)
                                 ->  Hash  (cost=1806625.16..1806625.16 rows=8 width=8) (actual time=28720.388..28720.388 rows=59189 loops=1)
                                       Buckets: 131072  Batches: 1  Memory Usage: 3337kB
                                       ->  Redistribute Motion 3:3  (slice3; segments: 3)  (cost=1639687.50..1806625.16 rows=8 width=8) (actual time=13293.801..28705.641 rows=59189 loops=1)
                                             Hash Key: lineitem.l_suppkey
                                             ->  Hash Join  (cost=1639687.50..1806625.00 rows=8 width=8) (actual time=13020.550..28685.641 rows=59252 loops=1)
                                                   Hash Cond: ((lineitem.l_partkey = partsupp.ps_partkey) AND (lineitem.l_suppkey = partsupp.ps_suppkey))
                                                   Join Filter: ((partsupp.ps_availqty)::numeric > ((0.5 * sum(lineitem.l_quantity))))
                                                   Rows Removed by Join Filter: 106
                                                   Extra Text: (seg1)   Hash chain length 1.8 avg, 9 max, using 48281 of 65536 buckets.
                                                   ->  HashAggregate  (cost=1456607.64..1539522.26 rows=4801303 width=40) (actual time=9613.341..23645.300 rows=5454993 loops=1)
                                                         Group Key: lineitem.l_partkey, lineitem.l_suppkey
                                                         Planned Partitions: 32
                                                         Extra Text: (seg0)   hash table(s): 1; 5450732 groups total in 280 batches, 287434456 spill partitions; disk usage: 381984KB; chain length 2.1 avg, 6 max; using 5450732 of 73662464 buckets; total 0 expansions.
 
                                                         ->  Redistribute Motion 3:3  (slice4; segments: 3)  (cost=3179.95..1346087.87 rows=8925256 width=13) (actual time=0.046..5621.404 rows=9107045 loops=1)
                                                               Hash Key: lineitem.l_partkey, lineitem.l_suppkey
                                                               ->  Bitmap Heap Scan on lineitem  (cost=3179.95..1167582.75 rows=8925256 width=13) (actual time=235.684..5923.497 rows=9103540 loops=1)
                                                                     Recheck Cond: ((l_shipdate >= '1994-01-01'::date) AND (l_shipdate < '1995-01-01 00:00:00'::timestamp without time zone))
                                                                     Rows Removed by Index Recheck: 932
                                                                     ->  Bitmap Index Scan on lineitem_l_shipdate_idx  (cost=0.00..948.63 rows=9121563 width=0) (actual time=235.545..235.546 rows=434280 loops=1)
                                                                           Index Cond: ((l_shipdate >= '1994-01-01'::date) AND (l_shipdate < '1995-01-01 00:00:00'::timestamp without time zone))
                                                   ->  Hash  (cost=181867.74..181867.74 rows=80808 width=16) (actual time=3381.523..3381.525 rows=87103 loops=1)
                                                         Buckets: 65536  Batches: 1  Memory Usage: 4595kB
                                                         ->  Hash Join  (cost=36720.66..181867.74 rows=80808 width=16) (actual time=571.985..3341.757 rows=87103 loops=1)
                                                               Hash Cond: (partsupp.ps_partkey = part.p_partkey)
                                                               Extra Text: (seg0)   Hash chain length 1.3 avg, 6 max, using 51274 of 131072 buckets.
                                                               ->  Seq Scan on partsupp  (cost=0.00..123339.00 rows=8000000 width=12) (actual time=0.119..1530.624 rows=8004645 loops=1)
                                                               ->  Hash  (cost=35963.08..35963.08 rows=60606 width=4) (actual time=571.515..571.516 rows=65115 loops=1)
                                                                     Buckets: 131072  Batches: 1  Memory Usage: 3314kB
                                                                     ->  Broadcast Motion 3:3  (slice5; segments: 3)  (cost=0.00..35963.08 rows=60606 width=4) (actual time=16.256..557.695 rows=65115 loops=1)
                                                                           ->  Seq Scan on part  (cost=0.00..35155.00 rows=20202 width=4) (actual time=0.114..529.505 rows=21944 loops=1)
                                                                                 Filter: ((p_name)::text ~~ 'smoke%'::text)
                                                                                 Rows Removed by Filter: 1977490
               ->  Hash  (cost=1.12..1.12 rows=1 width=4) (actual time=0.905..0.905 rows=1 loops=1)
                     Buckets: 65536  Batches: 1  Memory Usage: 513kB
                     ->  Broadcast Motion 3:3  (slice6; segments: 3)  (cost=0.00..1.12 rows=1 width=4) (actual time=0.748..0.894 rows=1 loops=1)
                           ->  Seq Scan on nation  (cost=0.00..1.10 rows=1 width=4) (actual time=0.067..0.069 rows=1 loops=1)
                                 Filter: (n_name = 'MOROCCO'::bpchar)
                                 Rows Removed by Filter: 5
 Optimizer: Postgres-based planner
 Planning Time: 20.708 ms
   (slice0)    Executor memory: 6327K bytes.
 * (slice1)    Executor memory: 7709K bytes avg x 3 workers, 7744K bytes max (seg2).  Work_mem: 9769K bytes max, 9769K bytes wanted.
   (slice2)    Executor memory: 3391K bytes avg x 3 workers, 3401K bytes max (seg0).  Work_mem: 3337K bytes max.
 * (slice3)    Executor memory: 21997K bytes avg x 3 workers, 22008K bytes max (seg0).  Work_mem: 31761K bytes max, 2652177K bytes wanted.
   (slice4)    Executor memory: 697667K bytes avg x 3 workers, 697870K bytes max (seg0).
   (slice5)    Executor memory: 38K bytes avg x 3 workers, 38K bytes max (seg0).
   (slice6)    Executor memory: 38K bytes avg x 3 workers, 38K bytes max (seg0).
 Memory used:  128000kB
 Memory wanted:  21218908kB
 Execution Time: 28910.549 ms
(70 rows)

