CREATE VIEW
                                                                                                                       QUERY PLAN                                                                                                                       
--------------------------------------------------------------------------------------------------------------------------------------------------------------------------------------------------------------------------------------------------------
 Gather Motion 3:1  (slice1; segments: 3)  (cost=1204465.20..1204469.64 rows=313 width=103) (actual time=7016.942..7016.946 rows=1 loops=1)
   Merge Key: supplier.s_suppkey
   InitPlan 1 (returns $0)  (slice3)
     ->  Finalize Aggregate  (cost=1201862.40..1201862.41 rows=1 width=32) (actual time=7080.137..7080.137 rows=1 loops=1)
           ->  Gather Motion 3:1  (slice4; segments: 3)  (cost=1201862.34..1201862.39 rows=3 width=32) (actual time=7079.870..7080.125 rows=3 loops=1)
                 ->  Partial Aggregate  (cost=1201862.34..1201862.35 rows=1 width=32) (actual time=7076.260..7076.261 rows=1 loops=1)
                       ->  Finalize HashAggregate  (cost=1199250.27..1200556.31 rows=104483 width=36) (actual time=6798.480..7065.671 rows=100172 loops=1)
                             Group Key: lineitem_1.l_suppkey
                             Extra Text: (seg0)   hash table(s): 1; 99877 groups total in 4 batches, 622688 spill partitions; disk usage: 14048KB; chain length 2.2 avg, 7 max; using 99877 of 655360 buckets; total 0 expansions.
 
                             ->  Redistribute Motion 3:3  (slice5; segments: 3)  (cost=1186713.64..1196899.66 rows=313416 width=36) (actual time=3890.823..6395.831 rows=300379 loops=1)
                                   Hash Key: lineitem_1.l_suppkey
                                   ->  Partial HashAggregate  (cost=1186713.64..1190631.34 rows=313416 width=36) (actual time=3923.087..6649.603 rows=299862 loops=1)
                                         Group Key: lineitem_1.l_suppkey
                                         Extra Text: (seg0)   hash table(s): 1; 299859 groups total in 20 batches, 7424108 spill partitions; disk usage: 93536KB; chain length 2.1 avg, 5 max; using 299859 of 5505024 buckets; total 0 expansions.
 
                                         ->  Bitmap Heap Scan on lineitem lineitem_1  (cost=1516.26..1163049.43 rows=2366421 width=16) (actual time=132.251..1309.067 rows=2295994 loops=1)
                                               Recheck Cond: ((l_shipdate >= '1997-05-01'::date) AND (l_shipdate < '1997-08-01 00:00:00'::timestamp without time zone))
                                               Rows Removed by Index Recheck: 1554
                                               ->  Bitmap Index Scan on lineitem_l_shipdate_idx  (cost=0.00..924.65 rows=2418461 width=0) (actual time=132.114..132.115 rows=109600 loops=1)
                                                     Index Cond: ((l_shipdate >= '1997-05-01'::date) AND (l_shipdate < '1997-08-01 00:00:00'::timestamp without time zone))
   ->  Sort  (cost=1204465.20..1204465.46 rows=104 width=103) (actual time=7016.132..7016.137 rows=1 loops=1)
         Sort Key: supplier.s_suppkey
         Sort Method:  quicksort  Memory: 75kB
         Executor Memory: 177kB  Segments: 3  Max: 59kB (segment 0)
         ->  Hash Join  (cost=1202648.15..1204461.70 rows=104 width=103) (actual time=6990.426..7015.954 rows=1 loops=1)
               Hash Cond: (supplier.s_suppkey = revenue0.supplier_no)
               Extra Text: (seg0)   Hash chain length 1.0 avg, 1 max, using 1 of 65536 buckets.
               ->  Seq Scan on supplier  (cost=0.00..1550.00 rows=100000 width=71) (actual time=0.036..21.309 rows=99877 loops=1)
               ->  Hash  (cost=1202646.84..1202646.84 rows=104 width=36) (actual time=6978.592..6978.592 rows=1 loops=1)
                     Buckets: 65536  Batches: 1  Memory Usage: 513kB
                     ->  Subquery Scan on revenue0  (cost=1200817.35..1202646.84 rows=104 width=36) (actual time=6919.179..6978.587 rows=1 loops=1)
                           ->  Finalize HashAggregate  (cost=1200817.35..1202645.80 rows=104 width=36) (actual time=6919.177..6978.583 rows=1 loops=1)
                                 Group Key: lineitem.l_suppkey
                                 Filter: (sum((lineitem.l_extendedprice * ('1'::numeric - lineitem.l_discount))) = $0)
                                 Rows Removed by Filter: 99876
                                 Extra Text: (seg0)   hash table(s): 1; 99877 groups total in 4 batches, 627800 spill partitions; disk usage: 14080KB; chain length 2.2 avg, 7 max; using 99877 of 655360 buckets; total 0 expansions.
 
                                 ->  Redistribute Motion 3:3  (slice2; segments: 3)  (cost=1186713.64..1196899.66 rows=313416 width=36) (actual time=3808.021..6299.581 rows=300379 loops=1)
                                       Hash Key: lineitem.l_suppkey
                                       ->  Partial HashAggregate  (cost=1186713.64..1190631.34 rows=313416 width=36) (actual time=3859.318..6561.561 rows=299862 loops=1)
                                             Group Key: lineitem.l_suppkey
                                             Extra Text: (seg0)   hash table(s): 1; 299859 groups total in 20 batches, 7424108 spill partitions; disk usage: 93536KB; chain length 2.1 avg, 5 max; using 299859 of 5505024 buckets; total 0 expansions.
 
                                             ->  Bitmap Heap Scan on lineitem  (cost=1516.26..1163049.43 rows=2366421 width=16) (actual time=131.263..1264.385 rows=2295994 loops=1)
                                                   Recheck Cond: ((l_shipdate >= '1997-05-01'::date) AND (l_shipdate < '1997-08-01 00:00:00'::timestamp without time zone))
                                                   Rows Removed by Index Recheck: 1554
                                                   ->  Bitmap Index Scan on lineitem_l_shipdate_idx  (cost=0.00..924.65 rows=2418461 width=0) (actual time=131.140..131.140 rows=109600 loops=1)
                                                         Index Cond: ((l_shipdate >= '1997-05-01'::date) AND (l_shipdate < '1997-08-01 00:00:00'::timestamp without time zone))
 Optimizer: Postgres-based planner
 Planning Time: 15.577 ms
   (slice0)    Executor memory: 18643K bytes.
 * (slice1)    Executor memory: 16438K bytes avg x 3 workers, 16448K bytes max (seg2).  Work_mem: 35985K bytes max, 68625K bytes wanted.
 * (slice2)    Executor memory: 194504K bytes avg x 3 workers, 194578K bytes max (seg2).  Work_mem: 30897K bytes max, 137233K bytes wanted.
   (slice3)    Executor memory: 18599K bytes.
 * (slice4)    Executor memory: 16015K bytes avg x 3 workers, 16024K bytes max (seg2).  Work_mem: 35985K bytes max, 68625K bytes wanted.
 * (slice5)    Executor memory: 194504K bytes avg x 3 workers, 194579K bytes max (seg2).  Work_mem: 30897K bytes max, 137233K bytes wanted.
 Memory used:  128000kB
 Memory wanted:  1098956kB
 Execution Time: 14123.041 ms
(60 rows)

DROP VIEW
