                                                                                    QUERY PLAN                                                                                     
-----------------------------------------------------------------------------------------------------------------------------------------------------------------------------------
 Finalize Aggregate  (cost=1246374.39..1246374.41 rows=1 width=32) (actual time=3284.627..3284.629 rows=1 loops=1)
   ->  Gather Motion 3:1  (slice1; segments: 3)  (cost=1246374.31..1246374.36 rows=3 width=64) (actual time=3279.117..3284.582 rows=3 loops=1)
         ->  Partial Aggregate  (cost=1246374.31..1246374.32 rows=1 width=64) (actual time=3278.255..3278.257 rows=1 loops=1)
               ->  Hash Join  (cost=1186528.94..1233132.39 rows=756681 width=33) (actual time=1046.843..2684.013 rows=748754 loops=1)
                     Hash Cond: (part.p_partkey = lineitem.l_partkey)
                     Extra Text: (seg0)   Hash chain length 3.1 avg, 16 max, using 237865 of 262144 buckets.
                     ->  Seq Scan on part  (cost=0.00..30155.00 rows=2000000 width=25) (actual time=0.084..443.836 rows=2001127 loops=1)
                     ->  Hash  (cost=1177070.43..1177070.43 rows=756681 width=16) (actual time=1044.982..1044.983 rows=748754 loops=1)
                           Buckets: 262144  Batches: 1  Memory Usage: 39347kB
                           ->  Redistribute Motion 3:3  (slice2; segments: 3)  (cost=1107.94..1177070.43 rows=756681 width=16) (actual time=190.589..847.840 rows=748754 loops=1)
                                 Hash Key: lineitem.l_partkey
                                 ->  Bitmap Heap Scan on lineitem  (cost=1107.94..1161936.82 rows=756681 width=16) (actual time=190.752..718.028 rows=748419 loops=1)
                                       Recheck Cond: ((l_shipdate >= '1996-04-01'::date) AND (l_shipdate < '1996-05-01 00:00:00'::timestamp without time zone))
                                       Rows Removed by Index Recheck: 1275
                                       ->  Bitmap Index Scan on lineitem_l_shipdate_idx  (cost=0.00..918.77 rows=773325 width=0) (actual time=190.584..190.584 rows=35760 loops=1)
                                             Index Cond: ((l_shipdate >= '1996-04-01'::date) AND (l_shipdate < '1996-05-01 00:00:00'::timestamp without time zone))
 Optimizer: Postgres-based planner
 Planning Time: 8.968 ms
   (slice0)    Executor memory: 79K bytes.
   (slice1)    Executor memory: 41639K bytes avg x 3 workers, 41680K bytes max (seg0).  Work_mem: 39347K bytes max.
   (slice2)    Executor memory: 59592K bytes avg x 3 workers, 59613K bytes max (seg0).
 Memory used:  128000kB
 Execution Time: 3296.674 ms
(23 rows)

