                                                                                                                QUERY PLAN                                                                                                                
------------------------------------------------------------------------------------------------------------------------------------------------------------------------------------------------------------------------------------------
 Finalize GroupAggregate  (cost=1412929.07..1413738.26 rows=2405 width=40) (actual time=27505.543..27505.566 rows=2 loops=1)
   Group Key: (date_part('year'::text, (orders.o_orderdate)::timestamp without time zone))
   ->  Gather Motion 3:1  (slice1; segments: 3)  (cost=1412929.07..1413593.96 rows=7215 width=72) (actual time=27505.513..27505.527 rows=6 loops=1)
         Merge Key: (date_part('year'::text, (orders.o_orderdate)::timestamp without time zone))
         ->  Partial GroupAggregate  (cost=1412929.07..1413497.76 rows=2405 width=72) (actual time=27490.236..27502.571 rows=2 loops=1)
               Group Key: (date_part('year'::text, (orders.o_orderdate)::timestamp without time zone))
               ->  Sort  (cost=1412929.07..1412986.91 rows=23137 width=46) (actual time=27478.766..27481.876 rows=24170 loops=1)
                     Sort Key: (date_part('year'::text, (orders.o_orderdate)::timestamp without time zone))
                     Sort Method:  quicksort  Memory: 8489kB
                     Executor Memory: 6805kB  Segments: 3  Max: 2280kB (segment 1)
                     ->  Hash Join  (cost=1113481.97..1411251.85 rows=23137 width=46) (actual time=22083.770..27469.996 rows=24170 loops=1)
                           Hash Cond: (supplier.s_nationkey = n2.n_nationkey)
                           Extra Text: (seg1)   Hash chain length 1.0 avg, 1 max, using 25 of 32768 buckets.
                           ->  Hash Join  (cost=1113480.24..1410841.28 rows=23137 width=20) (actual time=22083.053..27454.694 rows=24170 loops=1)
                                 Hash Cond: (lineitem.l_suppkey = supplier.s_suppkey)
                                 Extra Text: (seg1)   Hash chain length 1.9 avg, 9 max, using 51312 of 65536 buckets.
                                 ->  Redistribute Motion 3:3  (slice2; segments: 3)  (cost=1110680.24..1407746.45 rows=24175 width=20) (actual time=21994.415..27343.813 rows=24170 loops=1)
                                       Hash Key: lineitem.l_suppkey
                                       ->  Hash Join  (cost=1110680.24..1407262.96 rows=24175 width=20) (actual time=21901.566..27450.491 rows=24081 loops=1)
                                             Hash Cond: (orders.o_custkey = customer.c_custkey)
                                             Extra Text: (seg0)   Hash chain length 2.5 avg, 12 max, using 117665 of 131072 buckets.
                                             ->  Redistribute Motion 3:3  (slice3; segments: 3)  (cost=1074414.94..1370302.63 rows=120873 width=24) (actual time=21091.875..26556.880 rows=120045 loops=1)
                                                   Hash Key: orders.o_custkey
                                                   ->  Hash Join  (cost=1074414.94..1367885.18 rows=120873 width=24) (actual time=21865.098..27253.815 rows=120669 loops=1)
                                                         Hash Cond: (orders.o_orderkey = lineitem.l_orderkey)
                                                         Extra Text: (seg0)   Initial batch 0:
 (seg0)     Wrote 9637K bytes to inner workfile.
 (seg0)     Wrote 297020K bytes to outer workfile.
 (seg0)   Initial batch 1:
 (seg0)     Read 9637K bytes from inner workfile.
 (seg0)     Read 297020K bytes from outer workfile.
 (seg0)   Work file set: 1 files (0 compressed), max file size 9863168, min file size 32768, compression buffer size 0 bytes
 (seg0)   Hash chain length 3.2 avg, 14 max, using 124350 of 131072 buckets.
                                                         ->  Bitmap Heap Scan on orders  (cost=1371.46..273624.05 rows=4545366 width=16) (actual time=27.268..2066.873 rows=4558976 loops=1)
                                                               Recheck Cond: ((o_orderdate >= '1995-01-01'::date) AND (o_orderdate <= '1996-12-31'::date))
                                                               Rows Removed by Index Recheck: 229
                                                               ->  Bitmap Index Scan on orders_o_orderdate_idx  (cost=0.00..235.12 rows=4545414 width=0) (actual time=27.165..27.166 rows=202150 loops=1)
                                                                     Index Cond: ((o_orderdate >= '1995-01-01'::date) AND (o_orderdate <= '1996-12-31'::date))
                                                         ->  Hash  (cost=1068057.38..1068057.38 rows=398888 width=24) (actual time=21838.553..21838.554 rows=395348 loops=1)
                                                               Buckets: 65536  Batches: 2  Memory Usage: 12507kB
                                                               ->  Redistribute Motion 3:3  (slice4; segments: 3)  (cost=12405.60..1068057.38 rows=398888 width=24) (actual time=521.838..21735.226 rows=395348 loops=1)
                                                                     Hash Key: lineitem.l_orderkey
                                                                     ->  Hash Join  (cost=12405.60..1060079.61 rows=398888 width=24) (actual time=485.280..21598.214 rows=395144 loops=1)
                                                                           Hash Cond: (lineitem.l_partkey = part.p_partkey)
                                                                           Extra Text: (seg0)   Hash chain length 1.3 avg, 6 max, using 29680 of 65536 buckets.
                                                                           ->  Seq Scan on lineitem  (cost=0.00..886186.56 rows=59999456 width=28) (actual time=0.136..11068.819 rows=60003310 loops=1)
                                                                           ->  Hash  (cost=11906.98..11906.98 rows=39889 width=4) (actual time=484.564..484.564 rows=39493 loops=1)
                                                                                 Buckets: 65536  Batches: 1  Memory Usage: 1901kB
                                                                                 ->  Broadcast Motion 3:3  (slice5; segments: 3)  (cost=510.67..11906.98 rows=39889 width=4) (actual time=154.841..469.243 rows=39493 loops=1)
                                                                                       ->  Bitmap Heap Scan on part  (cost=510.67..11375.13 rows=13296 width=4) (actual time=146.339..458.045 rows=13286 loops=1)
                                                                                             Recheck Cond: ((p_type)::text = 'LARGE PLATED COPPER'::text)
                                                                                             ->  Bitmap Index Scan on part_p_type_p_partkey_idx  (cost=0.00..507.34 rows=13296 width=0) (actual time=143.215..143.216 rows=13286 loops=1)
                                                                                                   Index Cond: ((p_type)::text = 'LARGE PLATED COPPER'::text)
                                             ->  Hash  (cost=32515.30..32515.30 rows=300000 width=4) (actual time=808.949..808.951 rows=300010 loops=1)
                                                   Buckets: 131072  Batches: 1  Memory Usage: 11572kB
                                                   ->  Hash Join  (cost=2.30..32515.30 rows=300000 width=4) (actual time=2.443..694.979 rows=300010 loops=1)
                                                         Hash Cond: (customer.c_nationkey = n1.n_nationkey)
                                                         Extra Text: (seg0)   Hash chain length 1.0 avg, 1 max, using 5 of 65536 buckets.
                                                         ->  Seq Scan on customer  (cost=0.00..23888.00 rows=1500000 width=8) (actual time=0.083..400.056 rows=1501094 loops=1)
                                                         ->  Hash  (cost=2.24..2.24 rows=5 width=4) (actual time=2.204..2.205 rows=5 loops=1)
                                                               Buckets: 65536  Batches: 1  Memory Usage: 513kB
                                                               ->  Broadcast Motion 3:3  (slice6; segments: 3)  (cost=1.05..2.24 rows=5 width=4) (actual time=1.458..2.189 rows=5 loops=1)
                                                                     ->  Hash Join  (cost=1.05..2.18 rows=2 width=4) (actual time=0.818..1.035 rows=2 loops=1)
                                                                           Hash Cond: (n1.n_regionkey = region.r_regionkey)
                                                                           Extra Text: (seg1)   Hash chain length 1.0 avg, 1 max, using 1 of 65536 buckets.
                                                                           ->  Seq Scan on nation n1  (cost=0.00..1.08 rows=8 width=8) (actual time=0.021..0.022 rows=10 loops=1)
                                                                           ->  Hash  (cost=1.04..1.04 rows=1 width=4) (actual time=0.009..0.009 rows=1 loops=1)
                                                                                 Buckets: 65536  Batches: 1  Memory Usage: 513kB
                                                                                 ->  Broadcast Motion 3:3  (slice7; segments: 3)  (cost=0.00..1.04 rows=1 width=4) (actual time=0.004..0.005 rows=1 loops=1)
                                                                                       ->  Seq Scan on region  (cost=0.00..1.02 rows=1 width=4) (actual time=0.068..0.069 rows=1 loops=1)
                                                                                             Filter: (r_name = 'AFRICA'::bpchar)
                                                                                             Rows Removed by Filter: 1
                                 ->  Hash  (cost=1550.00..1550.00 rows=100000 width=8) (actual time=58.958..58.959 rows=100172 loops=1)
                                       Buckets: 65536  Batches: 1  Memory Usage: 4425kB
                                       ->  Seq Scan on supplier  (cost=0.00..1550.00 rows=100000 width=8) (actual time=0.028..26.145 rows=100172 loops=1)
                           ->  Hash  (cost=1.42..1.42 rows=25 width=30) (actual time=0.500..0.500 rows=25 loops=1)
                                 Buckets: 32768  Batches: 1  Memory Usage: 258kB
                                 ->  Broadcast Motion 3:3  (slice8; segments: 3)  (cost=0.00..1.42 rows=25 width=30) (actual time=0.006..0.486 rows=25 loops=1)
                                       ->  Seq Scan on nation n2  (cost=0.00..1.08 rows=8 width=30) (actual time=0.025..0.028 rows=10 loops=1)
 Optimizer: Postgres-based planner
 Planning Time: 18.015 ms
   (slice0)    Executor memory: 246K bytes.
   (slice1)    Executor memory: 4797K bytes avg x 3 workers, 4808K bytes max (seg2).  Work_mem: 4425K bytes max.
   (slice2)    Executor memory: 13350K bytes avg x 3 workers, 13360K bytes max (seg0).  Work_mem: 11572K bytes max.
 * (slice3)    Executor memory: 338640K bytes avg x 3 workers, 338672K bytes max (seg2).  Work_mem: 12507K bytes max, 24455K bytes wanted.
   (slice4)    Executor memory: 2122K bytes avg x 3 workers, 2122K bytes max (seg0).  Work_mem: 1901K bytes max.
   (slice5)    Executor memory: 196855K bytes avg x 3 workers, 196855K bytes max (seg0).
   (slice6)    Executor memory: 574K bytes avg x 3 workers, 574K bytes max (seg0).  Work_mem: 513K bytes max.
   (slice7)    Executor memory: 38K bytes avg x 3 workers, 38K bytes max (seg0).
   (slice8)    Executor memory: 38K bytes avg x 3 workers, 38K bytes max (seg0).
 Memory used:  128000kB
 Memory wanted:  247047kB
 Execution Time: 27550.601 ms
(93 rows)

