                                                                                                    QUERY PLAN                                                                                                     
-------------------------------------------------------------------------------------------------------------------------------------------------------------------------------------------------------------------
 Limit  (cost=4252436.32..4252436.64 rows=23 width=34)
   ->  Gather Motion 3:1  (slice1; segments: 3)  (cost=4252436.32..4252436.64 rows=23 width=34)
         Merge Key: (count(*)), supplier.s_name
         ->  Limit  (cost=4252436.32..4252436.34 rows=8 width=34)
               ->  Sort  (cost=4252436.32..4252436.34 rows=9 width=34)
                     Sort Key: (count(*)) DESC, supplier.s_name
                     ->  GroupAggregate  (cost=4252436.03..4252436.18 rows=9 width=34)
                           Group Key: supplier.s_name
                           ->  Sort  (cost=4252436.03..4252436.05 rows=9 width=26)
                                 Sort Key: supplier.s_name
                                 ->  Redistribute Motion 3:3  (slice2; segments: 3)  (cost=3975266.52..4252435.90 rows=9 width=26)
                                       Hash Key: supplier.s_name
                                       ->  Hash Join  (cost=3975266.52..4252435.73 rows=9 width=26)
                                             Hash Cond: (orders.o_orderkey = l1.l_orderkey)
                                             ->  Seq Scan on orders  (cost=0.00..249736.00 rows=7315500 width=8)
                                                   Filter: (o_orderstatus = 'F'::bpchar)
                                             ->  Hash  (cost=3975266.41..3975266.41 rows=9 width=42)
                                                   ->  Redistribute Motion 3:3  (slice3; segments: 3)  (cost=3975266.15..3975266.41 rows=9 width=42)
                                                         Hash Key: l1.l_orderkey
                                                         ->  HashAggregate  (cost=3975266.15..3975266.24 rows=9 width=42)
                                                               Group Key: (RowIdExpr)
                                                               ->  Redistribute Motion 3:3  (slice4; segments: 3)  (cost=2865845.25..3975266.13 rows=9 width=42)
                                                                     Hash Key: (RowIdExpr)
                                                                     ->  Hash Join  (cost=2865845.25..3975265.96 rows=9 width=42)
                                                                           Hash Cond: (l2.l_orderkey = l1.l_orderkey)
                                                                           Join Filter: (l2.l_suppkey <> l1.l_suppkey)
                                                                           ->  Seq Scan on lineitem l2  (cost=0.00..884422.56 rows=59999456 width=12)
                                                                           ->  Hash  (cost=2865844.93..2865844.93 rows=26 width=38)
                                                                                 ->  Broadcast Motion 3:3  (slice5; segments: 3)  (cost=1710949.64..2865844.93 rows=26 width=38)
                                                                                       ->  Hash Anti Join  (cost=1710949.64..2865844.58 rows=9 width=38)
                                                                                             Hash Cond: (l1.l_orderkey = l3.l_orderkey)
                                                                                             Join Filter: (l3.l_suppkey <> l1.l_suppkey)
                                                                                             ->  Redistribute Motion 3:3  (slice6; segments: 3)  (cost=2120.34..1125236.81 rows=799993 width=38)
                                                                                                   Hash Key: l1.l_orderkey
                                                                                                   ->  Hash Join  (cost=2120.34..1109236.96 rows=799993 width=38)
                                                                                                         Hash Cond: (l1.l_suppkey = supplier.s_suppkey)
                                                                                                         ->  Seq Scan on lineitem l1  (cost=0.00..1034421.20 rows=19999819 width=12)
                                                                                                               Filter: (l_receiptdate > l_commitdate)
                                                                                                         ->  Hash  (cost=1970.34..1970.34 rows=12000 width=30)
                                                                                                               ->  Broadcast Motion 3:3  (slice7; segments: 3)  (cost=1.14..1970.34 rows=12000 width=30)
                                                                                                                     ->  Hash Join  (cost=1.14..1810.34 rows=4000 width=30)
                                                                                                                           Hash Cond: (supplier.s_nationkey = nation.n_nationkey)
                                                                                                                           ->  Seq Scan on supplier  (cost=0.00..1507.00 rows=100000 width=34)
                                                                                                                           ->  Hash  (cost=1.12..1.12 rows=1 width=4)
                                                                                                                                 ->  Broadcast Motion 3:3  (slice8; segments: 3)  (cost=0.00..1.12 rows=1 width=4)
                                                                                                                                       ->  Seq Scan on nation  (cost=0.00..1.10 rows=1 width=4)
                                                                                                                                             Filter: (n_name = 'FRANCE'::bpchar)
                                                                                             ->  Hash  (cost=1434417.57..1434417.57 rows=19999819 width=12)
                                                                                                   ->  Redistribute Motion 3:3  (slice9; segments: 3)  (cost=0.00..1434417.57 rows=19999819 width=12)
                                                                                                         Hash Key: l3.l_orderkey
                                                                                                         ->  Seq Scan on lineitem l3  (cost=0.00..1034421.20 rows=19999819 width=12)
                                                                                                               Filter: (l_receiptdate > l_commitdate)
 Optimizer: Postgres-based planner
(53 rows)

