                                                                                         QUERY PLAN                                                                                         
--------------------------------------------------------------------------------------------------------------------------------------------------------------------------------------------
 Gather Motion 3:1  (slice1; segments: 3)  (cost=199591.90..199592.20 rows=22 width=44)
   Merge Key: (count(DISTINCT partsupp.ps_suppkey)), part.p_brand, part.p_type, part.p_size
   ->  Sort  (cost=199591.90..199591.91 rows=7 width=44)
         Sort Key: (count(DISTINCT partsupp.ps_suppkey)) DESC, part.p_brand, part.p_type, part.p_size
         ->  GroupAggregate  (cost=199591.63..199591.79 rows=7 width=44)
               Group Key: part.p_brand, part.p_type, part.p_size
               ->  Sort  (cost=199591.63..199591.65 rows=7 width=40)
                     Sort Key: part.p_brand, part.p_type, part.p_size
                     ->  Redistribute Motion 3:3  (slice2; segments: 3)  (cost=138879.51..199591.52 rows=7 width=40)
                           Hash Key: part.p_brand, part.p_type, part.p_size
                           ->  Hash Join  (cost=138879.51..199591.38 rows=7 width=40)
                                 Hash Cond: (part.p_partkey = partsupp.ps_partkey)
                                 ->  Seq Scan on part  (cost=0.00..59553.00 rows=309012 width=40)
                                       Filter: ((p_brand <> 'Brand#55'::bpchar) AND ((p_type)::text !~~ 'LARGE ANODIZED%'::text) AND (p_size = ANY ('{3,45,14,32,41,8,21,15}'::integer[])))
                                 ->  Hash  (cost=138879.41..138879.41 rows=8 width=8)
                                       ->  Redistribute Motion 3:3  (slice3; segments: 3)  (cost=45.02..138879.41 rows=8 width=8)
                                             Hash Key: partsupp.ps_partkey
                                             ->  Hash Left Anti Semi (Not-In) Join  (cost=45.02..138879.24 rows=8 width=8)
                                                   Hash Cond: (partsupp.ps_suppkey = supplier.s_suppkey)
                                                   ->  Seq Scan on partsupp  (cost=0.00..118832.00 rows=8000000 width=8)
                                                   ->  Hash  (cost=44.64..44.64 rows=30 width=4)
                                                         ->  Broadcast Motion 3:3  (slice4; segments: 3)  (cost=8.33..44.64 rows=30 width=4)
                                                               ->  Bitmap Heap Scan on supplier  (cost=8.33..44.24 rows=10 width=4)
                                                                     Recheck Cond: ((s_comment)::text ~~ '%Customer%Complaints%'::text)
                                                                     ->  Bitmap Index Scan on supplier_s_suppkey_idx_like  (cost=0.00..8.33 rows=10 width=0)
 Optimizer: Postgres-based planner
(26 rows)

