                                                                                                                                                                                                                                                                                                                                                                           QUERY PLAN                                                                                                                                                                                                                                                                                                                                                                           
----------------------------------------------------------------------------------------------------------------------------------------------------------------------------------------------------------------------------------------------------------------------------------------------------------------------------------------------------------------------------------------------------------------------------------------------------------------------------------------------------------------------------------------------------------------------------------------------------------------------------------------------------------------------------------------------------------------------------------------------------------------
 Finalize Aggregate  (cost=2148922.55..2148922.56 rows=1 width=32)
   ->  Gather Motion 3:1  (slice1; segments: 3)  (cost=2148922.48..2148922.53 rows=3 width=32)
         ->  Partial Aggregate  (cost=2148922.48..2148922.49 rows=1 width=32)
               ->  Hash Join  (cost=55197.80..2148894.78 rows=3693 width=12)
                     Hash Cond: (lineitem.l_partkey = part.p_partkey)
                     Join Filter: (((part.p_brand = 'Brand#15'::bpchar) AND (part.p_container = ANY ('{"SM CASE","SM BOX","SM PACK","SM PKG"}'::bpchar[])) AND (lineitem.l_quantity >= '4'::numeric) AND (lineitem.l_quantity <= '14'::numeric) AND (part.p_size <= 5)) OR ((part.p_brand = 'Brand#24'::bpchar) AND (part.p_container = ANY ('{"MED BAG","MED BOX","MED PKG","MED PACK"}'::bpchar[])) AND (lineitem.l_quantity >= '11'::numeric) AND (lineitem.l_quantity <= '21'::numeric) AND (part.p_size <= 10)) OR ((part.p_brand = 'Brand#51'::bpchar) AND (part.p_container = ANY ('{"LG CASE","LG BOX","LG PACK","LG PKG"}'::bpchar[])) AND (lineitem.l_quantity >= '22'::numeric) AND (lineitem.l_quantity <= '32'::numeric) AND (part.p_size <= 15)))
                     ->  Seq Scan on lineitem  (cost=0.00..2084411.68 rows=3523185 width=21)
                           Filter: ((l_shipmode = ANY ('{AIR,"AIR REG"}'::bpchar[])) AND (l_shipinstruct = 'DELIVER IN PERSON'::bpchar) AND (((l_quantity >= '4'::numeric) AND (l_quantity <= '14'::numeric)) OR ((l_quantity >= '11'::numeric) AND (l_quantity <= '21'::numeric)) OR ((l_quantity >= '22'::numeric) AND (l_quantity <= '32'::numeric))))
                     ->  Hash  (cost=55010.16..55010.16 rows=15011 width=30)
                           ->  Broadcast Motion 3:3  (slice2; segments: 3)  (cost=46397.20..55010.16 rows=15011 width=30)
                                 ->  Bitmap Heap Scan on part  (cost=46397.20..54810.01 rows=5004 width=30)
                                       Recheck Cond: (((p_container = ANY ('{"SM CASE","SM BOX","SM PACK","SM PKG"}'::bpchar[])) AND (p_brand = 'Brand#15'::bpchar) AND (p_size <= 5) AND (p_size >= 1)) OR ((p_container = ANY ('{"MED BAG","MED BOX","MED PKG","MED PACK"}'::bpchar[])) AND (p_brand = 'Brand#24'::bpchar) AND (p_size <= 10) AND (p_size >= 1)) OR ((p_container = ANY ('{"LG CASE","LG BOX","LG PACK","LG PKG"}'::bpchar[])) AND (p_brand = 'Brand#51'::bpchar) AND (p_size <= 15) AND (p_size >= 1)))
                                       ->  BitmapOr  (cost=46397.20..46397.20 rows=5008 width=0)
                                             ->  BitmapAnd  (cost=8019.61..8019.61 rows=783 width=0)
                                                   ->  Bitmap Index Scan on part_p_container_p_brand_p_partkey_idx  (cost=0.00..385.05 rows=7691 width=0)
                                                         Index Cond: ((p_container = ANY ('{"SM CASE","SM BOX","SM PACK","SM PKG"}'::bpchar[])) AND (p_brand = 'Brand#15'::bpchar))
                                                   ->  Bitmap Index Scan on part_p_size_idx  (cost=0.00..7631.80 rows=203533 width=0)
                                                         Index Cond: ((p_size <= 5) AND (p_size >= 1))
                                             ->  BitmapAnd  (cost=15528.81..15528.81 rows=1615 width=0)
                                                   ->  Bitmap Index Scan on part_p_container_p_brand_p_partkey_idx  (cost=0.00..410.25 rows=7998 width=0)
                                                         Index Cond: ((p_container = ANY ('{"MED BAG","MED BOX","MED PKG","MED PACK"}'::bpchar[])) AND (p_brand = 'Brand#24'::bpchar))
                                                   ->  Bitmap Index Scan on part_p_size_idx  (cost=0.00..15115.80 rows=403800 width=0)
                                                         Index Cond: ((p_size <= 10) AND (p_size >= 1))
                                             ->  BitmapAnd  (cost=22848.29..22848.29 rows=2610 width=0)
                                                   ->  Bitmap Index Scan on part_p_container_p_brand_p_partkey_idx  (cost=0.00..431.73 rows=8714 width=0)
                                                         Index Cond: ((p_container = ANY ('{"LG CASE","LG BOX","LG PACK","LG PKG"}'::bpchar[])) AND (p_brand = 'Brand#51'::bpchar))
                                                   ->  Bitmap Index Scan on part_p_size_idx  (cost=0.00..22413.80 rows=599067 width=0)
                                                         Index Cond: ((p_size <= 15) AND (p_size >= 1))
 Optimizer: Postgres-based planner
(29 rows)

