                                                                  QUERY PLAN                                                                  
----------------------------------------------------------------------------------------------------------------------------------------------
 Gather Motion 3:1  (slice1; segments: 3)  (cost=2418825.91..2552850.91 rows=9460588 width=48)
   Merge Key: (sum((lineitem.l_extendedprice * ('1'::numeric - lineitem.l_discount)))), orders.o_orderdate
   ->  Sort  (cost=2418825.91..2426709.73 rows=3153529 width=48)
         Sort Key: (sum((lineitem.l_extendedprice * ('1'::numeric - lineitem.l_discount)))) DESC, orders.o_orderdate
         ->  HashAggregate  (cost=2009362.05..2054170.50 rows=3153529 width=48)
               Group Key: lineitem.l_orderkey, orders.o_orderdate, orders.o_shippriority
               Planned Partitions: 16
               ->  Redistribute Motion 3:3  (slice2; segments: 3)  (cost=454922.54..1940501.78 rows=3153529 width=28)
                     Hash Key: orders.o_orderdate, lineitem.l_orderkey, orders.o_shippriority
                     ->  Hash Join  (cost=454922.54..1877431.20 rows=3153529 width=28)
                           Hash Cond: (lineitem.l_orderkey = orders.o_orderkey)
                           ->  Seq Scan on lineitem  (cost=0.00..1034421.20 rows=32000053 width=20)
                                 Filter: (l_shipdate > '1995-03-24'::date)
                           ->  Hash  (cost=394075.50..394075.50 rows=4434643 width=16)
                                 ->  Broadcast Motion 3:3  (slice3; segments: 3)  (cost=50460.13..394075.50 rows=4434643 width=16)
                                       ->  Hash Join  (cost=50460.13..334946.93 rows=1478214 width=16)
                                             Hash Cond: (orders.o_custkey = customer.c_custkey)
                                             ->  Seq Scan on orders  (cost=0.00..249736.00 rows=7353081 width=20)
                                                   Filter: (o_orderdate < '1995-03-24'::date)
                                             ->  Hash  (cost=39152.00..39152.00 rows=904650 width=4)
                                                   ->  Broadcast Motion 3:3  (slice4; segments: 3)  (cost=0.00..39152.00 rows=904650 width=4)
                                                         ->  Seq Scan on customer  (cost=0.00..27090.00 rows=301550 width=4)
                                                               Filter: (c_mktsegment = 'HOUSEHOLD'::bpchar)
 Optimizer: Postgres-based planner
(24 rows)

