                                                                                                        QUERY PLAN                                                                                                         
---------------------------------------------------------------------------------------------------------------------------------------------------------------------------------------------------------------------------
 Finalize Aggregate  (cost=1653296.49..1653296.50 rows=1 width=32)
   ->  Gather Motion 3:1  (slice1; segments: 3)  (cost=1653296.42..1653296.47 rows=3 width=32)
         ->  Partial Aggregate  (cost=1653296.42..1653296.43 rows=1 width=32)
               ->  Seq Scan on lineitem  (cost=0.00..1634415.76 rows=3776131 width=12)
                     Filter: ((l_shipdate >= '1995-01-01'::date) AND (l_shipdate < '1996-01-01 00:00:00'::timestamp without time zone) AND (l_discount >= 0.03) AND (l_discount <= 0.05) AND (l_quantity < '25'::numeric))
 Optimizer: Postgres-based planner
(6 rows)

