                                                                                         QUERY PLAN                                                                                         
--------------------------------------------------------------------------------------------------------------------------------------------------------------------------------------------
 Gather Motion 3:1  (slice1; segments: 3)  (cost=1611219.25..1611956.88 rows=9566 width=92) (actual time=25559.301..25559.307 rows=4 loops=1)
   Merge Key: n1.n_name, n2.n_name, (date_part('year'::text, (lineitem.l_shipdate)::timestamp without time zone))
   ->  GroupAggregate  (cost=1611219.25..1611829.33 rows=3189 width=92) (actual time=25514.616..25557.667 rows=2 loops=1)
         Group Key: n1.n_name, n2.n_name, (date_part('year'::text, (lineitem.l_shipdate)::timestamp without time zone))
         ->  Sort  (cost=1611219.25..1611298.44 rows=31673 width=72) (actual time=25469.386..25476.618 rows=87154 loops=1)
               Sort Key: n1.n_name, n2.n_name, (date_part('year'::text, (lineitem.l_shipdate)::timestamp without time zone))
               Sort Method:  quicksort  Memory: 32199kB
               Executor Memory: 28103kB  Segments: 3  Max: 13973kB (segment 2)
               ->  Redistribute Motion 3:3  (slice2; segments: 3)  (cost=350976.00..1608851.56 rows=31673 width=72) (actual time=10624.484..25430.614 rows=87154 loops=1)
                     Hash Key: n1.n_name, n2.n_name, (date_part('year'::text, (lineitem.l_shipdate)::timestamp without time zone))
                     ->  Hash Join  (cost=350976.00..1608218.10 rows=31673 width=72) (actual time=10373.152..25385.625 rows=58558 loops=1)
                           Hash Cond: (lineitem.l_orderkey = orders.o_orderkey)
                           Join Filter: (((n1.n_name = 'GERMANY'::bpchar) AND (n2.n_name = 'KENYA'::bpchar)) OR ((n1.n_name = 'KENYA'::bpchar) AND (n2.n_name = 'GERMANY'::bpchar)))
                           Rows Removed by Join Filter: 58405
                           Extra Text: (seg0)   Initial batch 0:
 (seg0)     Wrote 47557K bytes to inner workfile.
 (seg0)     Wrote 81429K bytes to outer workfile.
 (seg0)   Initial batches 1..3:
 (seg0)     Read 47557K bytes from inner workfile: 15853K avg x 3 nonempty batches, 15870K max.
 (seg0)     Read 81429K bytes from outer workfile: 27143K avg x 3 nonempty batches, 27209K max.
 (seg0)   Hash chain length 2.5 avg, 12 max, using 471480 of 524288 buckets.
                           ->  Redistribute Motion 3:3  (slice3; segments: 3)  (cost=7172.04..1258130.31 rows=1412077 width=50) (actual time=0.028..13702.502 rows=1462410 loops=1)
                                 Hash Key: lineitem.l_orderkey
                                 ->  Hash Join  (cost=7172.04..1229888.78 rows=1412077 width=50) (actual time=98.955..13109.518 rows=1462443 loops=1)
                                       Hash Cond: (lineitem.l_suppkey = supplier.s_suppkey)
                                       Extra Text: (seg1)   Hash chain length 1.2 avg, 5 max, using 20105 of 65536 buckets.
                                       ->  Bitmap Heap Scan on lineitem  (cost=4672.47..1155118.69 rows=18284231 width=28) (actual time=11.752..9424.313 rows=18233724 loops=1)
                                             Recheck Cond: ((l_shipdate >= '1995-01-01'::date) AND (l_shipdate <= '1996-12-31'::date))
                                             Rows Removed by Index Recheck: 20456
                                             ->  Bitmap Index Scan on lineitem_l_shipdate_idx  (cost=0.00..101.42 rows=18284917 width=0) (actual time=11.082..11.083 rows=871040 loops=1)
                                                   Index Cond: ((l_shipdate >= '1995-01-01'::date) AND (l_shipdate <= '1996-12-31'::date))
                                       ->  Hash  (cost=2205.57..2205.57 rows=23520 width=30) (actual time=78.459..78.460 rows=24059 loops=1)
                                             Buckets: 65536  Batches: 1  Memory Usage: 1969kB
                                             ->  Broadcast Motion 3:3  (slice4; segments: 3)  (cost=1.18..2205.57 rows=23520 width=30) (actual time=1.859..69.099 rows=24059 loops=1)
                                                   ->  Hash Join  (cost=1.18..1891.97 rows=7840 width=30) (actual time=2.518..60.692 rows=8090 loops=1)
                                                         Hash Cond: (supplier.s_nationkey = n1.n_nationkey)
                                                         Extra Text: (seg2)   Hash chain length 1.0 avg, 1 max, using 2 of 65536 buckets.
                                                         ->  Seq Scan on supplier  (cost=0.00..1550.00 rows=100000 width=8) (actual time=0.098..34.321 rows=100172 loops=1)
                                                         ->  Hash  (cost=1.15..1.15 rows=2 width=30) (actual time=0.016..0.017 rows=2 loops=1)
                                                               Buckets: 65536  Batches: 1  Memory Usage: 513kB
                                                               ->  Broadcast Motion 3:3  (slice5; segments: 3)  (cost=0.00..1.15 rows=2 width=30) (actual time=0.005..0.008 rows=2 loops=1)
                                                                     ->  Seq Scan on nation n1  (cost=0.00..1.12 rows=1 width=30) (actual time=0.186..0.191 rows=1 loops=1)
                                                                           Filter: ((n_name = 'GERMANY'::bpchar) OR (n_name = 'KENYA'::bpchar))
                                                                           Rows Removed by Filter: 9
                           ->  Hash  (cost=329105.02..329105.02 rows=1175915 width=34) (actual time=10448.104..10448.106 rows=1201994 loops=1)
                                 Buckets: 131072  Batches: 4  Memory Usage: 20378kB
                                 ->  Hash Join  (cost=38115.06..329105.02 rows=1175915 width=34) (actual time=809.762..10005.514 rows=1201994 loops=1)
                                       Hash Cond: (orders.o_custkey = customer.c_custkey)
                                       Extra Text: (seg0)   Hash chain length 2.9 avg, 12 max, using 122680 of 131072 buckets.
                                       ->  Seq Scan on orders  (cost=0.00..216501.13 rows=14998913 width=12) (actual time=0.243..2722.114 rows=15003291 loops=1)
                                       ->  Hash  (cost=33705.06..33705.06 rows=352800 width=30) (actual time=808.979..808.980 rows=359660 loops=1)
                                             Buckets: 131072  Batches: 1  Memory Usage: 22801kB
                                             ->  Broadcast Motion 3:3  (slice6; segments: 3)  (cost=1.18..33705.06 rows=352800 width=30) (actual time=0.045..704.407 rows=359660 loops=1)
                                                   ->  Hash Join  (cost=1.18..29001.06 rows=117600 width=30) (actual time=1.019..735.108 rows=120067 loops=1)
                                                         Hash Cond: (customer.c_nationkey = n2.n_nationkey)
                                                         Extra Text: (seg2)   Hash chain length 1.0 avg, 1 max, using 2 of 65536 buckets.
                                                         ->  Seq Scan on customer  (cost=0.00..23888.00 rows=1500000 width=8) (actual time=0.070..401.779 rows=1501094 loops=1)
                                                         ->  Hash  (cost=1.15..1.15 rows=2 width=30) (actual time=0.015..0.016 rows=2 loops=1)
                                                               Buckets: 65536  Batches: 1  Memory Usage: 513kB
                                                               ->  Broadcast Motion 3:3  (slice7; segments: 3)  (cost=0.00..1.15 rows=2 width=30) (actual time=0.005..0.008 rows=2 loops=1)
                                                                     ->  Seq Scan on nation n2  (cost=0.00..1.12 rows=1 width=30) (actual time=0.100..0.104 rows=1 loops=1)
                                                                           Filter: ((n_name = 'KENYA'::bpchar) OR (n_name = 'GERMANY'::bpchar))
                                                                           Rows Removed by Filter: 9
 Optimizer: Postgres query optimizer
 Planning Time: 13.377 ms
   (slice0)    Executor memory: 174K bytes.
   (slice1)    Executor memory: 9419K bytes avg x 3 workers, 14024K bytes max (seg2).  Work_mem: 13973K bytes max.
 * (slice2)    Executor memory: 45852K bytes avg x 3 workers, 45852K bytes max (seg0).  Work_mem: 22801K bytes max, 78497K bytes wanted.
   (slice3)    Executor memory: 1398889K bytes avg x 3 workers, 1399402K bytes max (seg0).  Work_mem: 1969K bytes max.
   (slice4)    Executor memory: 574K bytes avg x 3 workers, 574K bytes max (seg0).  Work_mem: 513K bytes max.
   (slice5)    Executor memory: 38K bytes avg x 3 workers, 38K bytes max (seg0).
   (slice6)    Executor memory: 574K bytes avg x 3 workers, 574K bytes max (seg0).  Work_mem: 513K bytes max.
   (slice7)    Executor memory: 38K bytes avg x 3 workers, 38K bytes max (seg0).
 Memory used:  128000kB
 Memory wanted:  551373kB
 Execution Time: 25587.593 ms
(76 rows)

