                                                                                                       QUERY PLAN                                                                                                        
-------------------------------------------------------------------------------------------------------------------------------------------------------------------------------------------------------------------------
 Gather Motion 3:1  (slice1; segments: 3)  (cost=2117025.84..2190217.33 rows=5166458 width=48) (actual time=58232.132..58544.785 rows=340729 loops=1)
   Merge Key: (sum((lineitem.l_extendedprice * ('1'::numeric - lineitem.l_discount)))), orders.o_orderdate
   ->  Sort  (cost=2117025.84..2121331.22 rows=1722153 width=48) (actual time=58208.563..58238.180 rows=114073 loops=1)
         Sort Key: (sum((lineitem.l_extendedprice * ('1'::numeric - lineitem.l_discount)))) DESC, orders.o_orderdate
         Sort Method:  quicksort  Memory: 38499kB
         Executor Memory: 30523kB  Segments: 3  Max: 10206kB (segment 1)
         ->  HashAggregate  (cost=1900929.62..1925399.66 rows=1722153 width=48) (actual time=57877.181..58133.300 rows=114073 loops=1)
               Group Key: lineitem.l_orderkey, orders.o_orderdate, orders.o_shippriority
               Planned Partitions: 8
               Peak Memory Usage: 0 kB
               ->  Redistribute Motion 3:3  (slice2; segments: 3)  (cost=438560.23..1863324.80 rows=1722153 width=28) (actual time=11184.252..57432.917 rows=301112 loops=1)
                     Hash Key: orders.o_orderdate, lineitem.l_orderkey, orders.o_shippriority
                     ->  Hash Join  (cost=438560.23..1828881.75 rows=1722153 width=28) (actual time=11158.932..57300.364 rows=300335 loops=1)
                           Hash Cond: (lineitem.l_orderkey = orders.o_orderkey)
                           Extra Text: (seg0)   Initial batch 0:
 (seg0)     Wrote 135527K bytes to inner workfile.
 (seg0)     Wrote 1137829K bytes to outer workfile.
 (seg0)   Initial batches 1..7:
 (seg0)     Read 135527K bytes from inner workfile: 19361K avg x 7 nonempty batches, 19443K max.
 (seg0)     Read 1137829K bytes from outer workfile: 162547K avg x 7 nonempty batches, 162713K max.
 (seg0)   Hash chain length 4.3 avg, 17 max, using 1033180 of 1048576 buckets.
                           ->  Bitmap Heap Scan on lineitem  (cost=8220.83..1024609.47 rows=32277415 width=20) (actual time=15.899..16657.453 rows=32127438 loops=1)
                                 Recheck Cond: (l_shipdate > '1995-03-24'::date)
                                 Rows Removed by Index Recheck: 33984
                                 ->  Bitmap Index Scan on lineitem_l_shipdate_idx  (cost=0.00..151.48 rows=32278681 width=0) (actual time=13.920..13.920 rows=1534080 loops=1)
                                       Index Cond: (l_shipdate > '1995-03-24'::date)
                           ->  Hash  (cost=370444.44..370444.44 rows=4365277 width=16) (actual time=11142.934..11142.934 rows=4405986 loops=1)
                                 Buckets: 131072  Batches: 8  Memory Usage: 26854kB
                                 ->  Broadcast Motion 3:3  (slice3; segments: 3)  (cost=47786.87..370444.44 rows=4365277 width=16) (actual time=716.508..10056.500 rows=4405986 loops=1)
                                       ->  Hash Join  (cost=47786.87..312240.75 rows=1455092 width=16) (actual time=714.651..10291.982 rows=1469972 loops=1)
                                             Hash Cond: (orders.o_custkey = customer.c_custkey)
                                             Extra Text: (seg0)   Initial batch 0:
 (seg0)     Wrote 10548K bytes to inner workfile.
 (seg0)     Wrote 478535K bytes to outer workfile.
 (seg0)   Initial batch 1:
 (seg0)     Read 10548K bytes from inner workfile.
 (seg0)     Read 478535K bytes from outer workfile.
 (seg0)   Hash chain length 2.1 avg, 11 max, using 429696 of 524288 buckets.
                                             ->  Bitmap Heap Scan on orders  (cost=1852.94..232066.53 rows=7251290 width=20) (actual time=3.356..3493.902 rows=7345733 loops=1)
                                                   Recheck Cond: (o_orderdate < '1995-03-24'::date)
                                                   Rows Removed by Index Recheck: 885
                                                   ->  Bitmap Index Scan on orders_o_orderdate_idx  (cost=0.00..40.12 rows=7251720 width=0) (actual time=3.257..3.258 rows=325760 loops=1)
                                                         Index Cond: (o_orderdate < '1995-03-24'::date)
                                             ->  Hash  (cost=34646.43..34646.43 rows=903000 width=4) (actual time=710.070..710.071 rows=900602 loops=1)
                                                   Buckets: 262144  Batches: 2  Memory Usage: 17889kB
                                                   ->  Broadcast Motion 3:3  (slice4; segments: 3)  (cost=9955.93..34646.43 rows=903000 width=4) (actual time=171.060..516.988 rows=900602 loops=1)
                                                         ->  Bitmap Heap Scan on customer  (cost=9955.93..22606.43 rows=301000 width=4) (actual time=175.501..577.797 rows=300807 loops=1)
                                                               Recheck Cond: (c_mktsegment = 'HOUSEHOLD'::bpchar)
                                                               ->  Bitmap Index Scan on customer_c_mktsegment_c_custkey_idx  (cost=0.00..9880.68 rows=301000 width=0) (actual time=172.860..172.861 rows=300807 loops=1)
                                                                     Index Cond: (c_mktsegment = 'HOUSEHOLD'::bpchar)
 Optimizer: Postgres query optimizer
 Planning Time: 6.832 ms
   (slice0)    Executor memory: 12479K bytes.
   (slice1)    Executor memory: 28205K bytes avg x 3 workers, 28205K bytes max (seg2).  Work_mem: 45329K bytes max.
 * (slice2)    Executor memory: 2485718K bytes avg x 3 workers, 2486647K bytes max (seg1).  Work_mem: 26854K bytes max, 207555K bytes wanted.
 * (slice3)    Executor memory: 543846K bytes avg x 3 workers, 543846K bytes max (seg0).  Work_mem: 17889K bytes max, 33710K bytes wanted.
   (slice4)    Executor memory: 196854K bytes avg x 3 workers, 196854K bytes max (seg0).
 Memory used:  128000kB
 Memory wanted:  1453782kB
 Execution Time: 58577.865 ms
(60 rows)

