                                                                                           QUERY PLAN                                                                                            
-------------------------------------------------------------------------------------------------------------------------------------------------------------------------------------------------
 Gather Motion 3:1  (slice1; segments: 3)  (cost=2044089.94..2044090.04 rows=7 width=27) (actual time=16897.378..16897.400 rows=2 loops=1)
   Merge Key: lineitem.l_shipmode
   ->  Sort  (cost=2044089.94..2044089.95 rows=2 width=27) (actual time=16895.953..16895.976 rows=2 loops=1)
         Sort Key: lineitem.l_shipmode
         Sort Method:  quicksort  Memory: 75kB
         Executor Memory: 177kB  Segments: 3  Max: 59kB (segment 0)
         ->  Finalize HashAggregate  (cost=2044089.91..2044089.93 rows=2 width=27) (actual time=16895.773..16895.774 rows=2 loops=1)
               Group Key: lineitem.l_shipmode
               Peak Memory Usage: 0 kB
               ->  Redistribute Motion 3:3  (slice2; segments: 3)  (cost=2044089.64..2044089.85 rows=7 width=27) (actual time=16745.322..16895.746 rows=6 loops=1)
                     Hash Key: lineitem.l_shipmode
                     ->  Partial HashAggregate  (cost=2044089.64..2044089.71 rows=7 width=27) (actual time=16894.430..16894.432 rows=2 loops=1)
                           Group Key: lineitem.l_shipmode
                           Peak Memory Usage: 0 kB
                           ->  Hash Join  (cost=1657004.67..2019811.13 rows=1387343 width=27) (actual time=10181.750..16693.335 rows=312743 loops=1)
                                 Hash Cond: (orders.o_orderkey = lineitem.l_orderkey)
                                 Extra Text: (seg0)   Initial batch 0:
 (seg0)     Wrote 10093K bytes to inner workfile.
 (seg0)     Wrote 483445K bytes to outer workfile.
 (seg0)   Initial batches 1..3:
 (seg0)     Read 10093K bytes from inner workfile: 3365K avg x 3 nonempty batches, 3366K max.
 (seg0)     Read 483445K bytes from outer workfile: 161149K avg x 3 nonempty batches, 161223K max.
 (seg0)   Hash chain length 1.2 avg, 8 max, using 255805 of 1048576 buckets.
                                 ->  Seq Scan on orders  (cost=0.00..216501.13 rows=14998913 width=24) (actual time=0.113..4063.285 rows=15003291 loops=1)
                                 ->  Hash  (cost=1621776.64..1621776.64 rows=2522562 width=19) (actual time=5806.936..5806.937 rows=312743 loops=1)
                                       Buckets: 262144  Batches: 4  Memory Usage: 6307kB
                                       ->  Redistribute Motion 3:3  (slice3; segments: 3)  (cost=698.78..1621776.64 rows=2522562 width=19) (actual time=64.632..5737.975 rows=312743 loops=1)
                                             Hash Key: lineitem.l_orderkey
                                             ->  Bitmap Heap Scan on lineitem  (cost=698.78..1571325.40 rows=2522562 width=19) (actual time=26.079..5669.292 rows=312393 loops=1)
                                                   Recheck Cond: ((l_receiptdate >= '1996-01-01'::date) AND (l_receiptdate < '1997-01-01 00:00:00'::timestamp without time zone))
                                                   Rows Removed by Index Recheck: 736374
                                                   Filter: ((l_shipmode = ANY ('{AIR,SHIP}'::bpchar[])) AND (l_commitdate < l_receiptdate) AND (l_shipdate < l_commitdate))
                                                   Rows Removed by Filter: 8806211
                                                   ->  Bitmap Index Scan on lineitem_l_receiptdate_idx  (cost=0.00..68.14 rows=8983249 width=0) (actual time=11.576..11.577 rows=470080 loops=1)
                                                         Index Cond: ((l_receiptdate >= '1996-01-01'::date) AND (l_receiptdate < '1997-01-01 00:00:00'::timestamp without time zone))
 Optimizer: Postgres query optimizer
 Planning Time: 5.977 ms
   (slice0)    Executor memory: 96K bytes.
   (slice1)    Executor memory: 59K bytes avg x 3 workers, 59K bytes max (seg0).  Work_mem: 59K bytes max.
 * (slice2)    Executor memory: 6575K bytes avg x 3 workers, 6575K bytes max (seg0).  Work_mem: 6307K bytes max, 19152K bytes wanted.
   (slice3)    Executor memory: 755035K bytes avg x 3 workers, 755205K bytes max (seg0).
 Memory used:  128000kB
 Memory wanted:  96355kB
 Execution Time: 16908.067 ms
(44 rows)

