                                                                                                   QUERY PLAN                                                                                                    
-----------------------------------------------------------------------------------------------------------------------------------------------------------------------------------------------------------------
 Gather Motion 3:1  (slice1; segments: 3)  (cost=1795097.54..1795097.61 rows=5 width=52) (actual time=29940.373..29945.562 rows=5418 loops=1)
   Merge Key: supplier.s_name
   ->  Sort  (cost=1795097.54..1795097.55 rows=2 width=52) (actual time=29938.613..29938.796 rows=1817 loops=1)
         Sort Key: supplier.s_name
         Sort Method:  quicksort  Memory: 816kB
         Executor Memory: 698kB  Segments: 3  Max: 234kB (segment 2)
         ->  Hash Join  (cost=1795097.42..1795097.53 rows=2 width=52) (actual time=29916.081..29933.232 rows=1817 loops=1)
               Hash Cond: (supplier.s_nationkey = nation.n_nationkey)
               Extra Text: (seg0)   Hash chain length 1.0 avg, 1 max, using 1 of 65536 buckets.
               ->  HashAggregate  (cost=1795096.28..1795096.36 rows=8 width=56) (actual time=29915.231..29927.734 rows=45018 loops=1)
                     Group Key: (RowIdExpr)
                     Peak Memory Usage: 0 kB
                     ->  Redistribute Motion 3:3  (slice2; segments: 3)  (cost=1793295.13..1795096.26 rows=8 width=56) (actual time=29774.247..29870.592 rows=59559 loops=1)
                           Hash Key: (RowIdExpr)
                           ->  Hash Join  (cost=1793295.13..1795096.10 rows=8 width=56) (actual time=29771.719..29864.832 rows=59189 loops=1)
                                 Hash Cond: (supplier.s_suppkey = lineitem.l_suppkey)
                                 Extra Text: (seg2)   Hash chain length 1.6 avg, 11 max, using 37768 of 131072 buckets.
                                 ->  Seq Scan on supplier  (cost=0.00..1550.00 rows=100000 width=60) (actual time=0.173..43.393 rows=100172 loops=1)
                                 ->  Hash  (cost=1793295.03..1793295.03 rows=8 width=8) (actual time=29770.715..29770.716 rows=59189 loops=1)
                                       Buckets: 131072  Batches: 1  Memory Usage: 3337kB
                                       ->  Redistribute Motion 3:3  (slice3; segments: 3)  (cost=1624387.50..1793295.03 rows=8 width=8) (actual time=13386.956..29751.851 rows=59189 loops=1)
                                             Hash Key: lineitem.l_suppkey
                                             ->  Hash Join  (cost=1624387.50..1793294.87 rows=8 width=8) (actual time=13111.890..29304.373 rows=59252 loops=1)
                                                   Hash Cond: ((lineitem.l_partkey = partsupp.ps_partkey) AND (lineitem.l_suppkey = partsupp.ps_suppkey))
                                                   Join Filter: ((partsupp.ps_availqty)::numeric > ((0.5 * sum(lineitem.l_quantity))))
                                                   Rows Removed by Join Filter: 106
                                                   Extra Text: (seg1)   Hash chain length 1.8 avg, 9 max, using 48281 of 65536 buckets.
                                                   ->  HashAggregate  (cost=1441351.90..1525324.75 rows=4853397 width=40) (actual time=9593.680..23959.566 rows=5454993 loops=1)
                                                         Group Key: lineitem.l_partkey, lineitem.l_suppkey
                                                         Planned Partitions: 32
                                                         Peak Memory Usage: 0 kB
                                                         ->  Redistribute Motion 3:3  (slice4; segments: 3)  (cost=2356.75..1328024.16 rows=9152020 width=13) (actual time=0.049..5529.647 rows=9107045 loops=1)
                                                               Hash Key: lineitem.l_partkey, lineitem.l_suppkey
                                                               ->  Bitmap Heap Scan on lineitem  (cost=2356.75..1144983.76 rows=9152020 width=13) (actual time=18.175..5444.676 rows=9103540 loops=1)
                                                                     Recheck Cond: ((l_shipdate >= '1994-01-01'::date) AND (l_shipdate < '1995-01-01 00:00:00'::timestamp without time zone))
                                                                     Rows Removed by Index Recheck: 13483
                                                                     ->  Bitmap Index Scan on lineitem_l_shipdate_idx  (cost=0.00..68.74 rows=9152521 width=0) (actual time=16.853..16.854 rows=434880 loops=1)
                                                                           Index Cond: ((l_shipdate >= '1994-01-01'::date) AND (l_shipdate < '1995-01-01 00:00:00'::timestamp without time zone))
                                                   ->  Hash  (cost=181823.61..181823.61 rows=80799 width=16) (actual time=3531.609..3531.611 rows=87103 loops=1)
                                                         Buckets: 65536  Batches: 1  Memory Usage: 4595kB
                                                         ->  Hash Join  (cost=36720.61..181823.61 rows=80799 width=16) (actual time=550.488..3489.962 rows=87103 loops=1)
                                                               Hash Cond: (partsupp.ps_partkey = part.p_partkey)
                                                               Extra Text: (seg0)   Hash chain length 1.3 avg, 6 max, using 51274 of 131072 buckets.
                                                               ->  Seq Scan on partsupp  (cost=0.00..123297.29 rows=7999129 width=12) (actual time=0.069..1587.491 rows=8004645 loops=1)
                                                               ->  Hash  (cost=35963.03..35963.03 rows=60606 width=4) (actual time=550.021..550.022 rows=65115 loops=1)
                                                                     Buckets: 131072  Batches: 1  Memory Usage: 3314kB
                                                                     ->  Broadcast Motion 3:3  (slice5; segments: 3)  (cost=0.00..35963.03 rows=60606 width=4) (actual time=8.652..535.906 rows=65115 loops=1)
                                                                           ->  Seq Scan on part  (cost=0.00..35154.95 rows=20202 width=4) (actual time=0.100..537.530 rows=21944 loops=1)
                                                                                 Filter: ((p_name)::text ~~ 'smoke%'::text)
                                                                                 Rows Removed by Filter: 1977490
               ->  Hash  (cost=1.12..1.12 rows=1 width=4) (actual time=0.332..0.332 rows=1 loops=1)
                     Buckets: 65536  Batches: 1  Memory Usage: 513kB
                     ->  Broadcast Motion 3:3  (slice6; segments: 3)  (cost=0.00..1.12 rows=1 width=4) (actual time=0.325..0.326 rows=1 loops=1)
                           ->  Seq Scan on nation  (cost=0.00..1.10 rows=1 width=4) (actual time=0.075..0.077 rows=1 loops=1)
                                 Filter: (n_name = 'MOROCCO'::bpchar)
                                 Rows Removed by Filter: 5
 Optimizer: Postgres query optimizer
 Planning Time: 9.413 ms
   (slice0)    Executor memory: 6327K bytes.
   (slice1)    Executor memory: 7709K bytes avg x 3 workers, 7742K bytes max (seg2).  Work_mem: 9769K bytes max.
   (slice2)    Executor memory: 3391K bytes avg x 3 workers, 3401K bytes max (seg0).  Work_mem: 3337K bytes max.
   (slice3)    Executor memory: 21997K bytes avg x 3 workers, 22008K bytes max (seg0).  Work_mem: 31761K bytes max.
   (slice4)    Executor memory: 698660K bytes avg x 3 workers, 698831K bytes max (seg0).
   (slice5)    Executor memory: 38K bytes avg x 3 workers, 38K bytes max (seg0).
   (slice6)    Executor memory: 38K bytes avg x 3 workers, 38K bytes max (seg0).
 Memory used:  128000kB
 Execution Time: 29968.377 ms
(67 rows)

