                                                                                                                                QUERY PLAN                                                                                                                                 
---------------------------------------------------------------------------------------------------------------------------------------------------------------------------------------------------------------------------------------------------------------------------
 Gather Motion 3:1  (slice1; segments: 3)  (cost=1725791.64..1725791.71 rows=5 width=51) (actual time=30729.892..30734.834 rows=5418 loops=1)
   Merge Key: supplier.s_name
   ->  Sort  (cost=1725791.64..1725791.65 rows=2 width=51) (actual time=30710.181..30710.378 rows=1854 loops=1)
         Sort Key: supplier.s_name
         Sort Method:  quicksort  Memory: 817kB
         Executor Memory: 698kB  Segments: 3  Max: 239kB (segment 2)
         ->  Hash Join  (cost=1725791.51..1725791.63 rows=2 width=51) (actual time=30687.714..30704.530 rows=1854 loops=1)
               Hash Cond: (supplier.s_nationkey = nation.n_nationkey)
               Extra Text: (seg2)   Hash chain length 1.0 avg, 1 max, using 1 of 131072 buckets.
               ->  HashAggregate  (cost=1725790.38..1725790.46 rows=8 width=55) (actual time=30686.828..30698.500 rows=45026 loops=1)
                     Group Key: (RowIdExpr)
                     Extra Text: (seg0)   hash table(s): 1; chain length 3.4 avg, 15 max; using 44550 of 65536 buckets; total 13 expansions.
 
                     ->  Redistribute Motion 3:3  (slice2; segments: 3)  (cost=1723989.23..1725790.36 rows=8 width=55) (actual time=30553.887..30639.939 rows=59277 loops=1)
                           Hash Key: (RowIdExpr)
                           ->  Hash Join  (cost=1723989.23..1725790.20 rows=8 width=55) (actual time=30553.500..30646.497 rows=59189 loops=1)
                                 Hash Cond: (supplier.s_suppkey = lineitem.l_suppkey)
                                 Extra Text: (seg2)   Hash chain length 1.6 avg, 11 max, using 37768 of 131072 buckets.
                                 ->  Seq Scan on supplier  (cost=0.00..1550.00 rows=100000 width=59) (actual time=0.138..44.474 rows=100172 loops=1)
                                 ->  Hash  (cost=1723989.13..1723989.13 rows=8 width=8) (actual time=30552.422..30552.422 rows=59189 loops=1)
                                       Buckets: 131072  Batches: 1  Memory Usage: 3337kB
                                       ->  Redistribute Motion 3:3  (slice3; segments: 3)  (cost=1557051.46..1723989.13 rows=8 width=8) (actual time=15069.290..30538.488 rows=59189 loops=1)
                                             Hash Key: lineitem.l_suppkey
                                             ->  Hash Join  (cost=1557051.46..1723988.97 rows=8 width=8) (actual time=14699.655..30397.606 rows=59252 loops=1)
                                                   Hash Cond: ((lineitem.l_partkey = partsupp.ps_partkey) AND (lineitem.l_suppkey = partsupp.ps_suppkey))
                                                   Join Filter: ((partsupp.ps_availqty)::numeric > ((0.5 * sum(lineitem.l_quantity))))
                                                   Rows Removed by Join Filter: 106
                                                   Extra Text: (seg1)   Hash chain length 1.4 avg, 6 max, using 63513 of 131072 buckets.
                                                   ->  HashAggregate  (cost=1373971.60..1456886.23 rows=4801303 width=40) (actual time=11314.869..25611.342 rows=5454993 loops=1)
                                                         Group Key: lineitem.l_partkey, lineitem.l_suppkey
                                                         Planned Partitions: 16
                                                         Extra Text: (seg0)   hash table(s): 1; 5450732 groups total in 144 batches, 142804656 spill partitions; disk usage: 321312KB; chain length 2.1 avg, 9 max; using 5450732 of 38010880 buckets; total 0 expansions.
 
                                                         ->  Redistribute Motion 3:3  (slice4; segments: 3)  (cost=0.19..1263451.83 rows=8925256 width=13) (actual time=0.046..7319.139 rows=9107045 loops=1)
                                                               Hash Key: lineitem.l_partkey, lineitem.l_suppkey
                                                               ->  Index Scan using lineitem_l_shipdate_idx on lineitem  (cost=0.19..1084946.71 rows=8925256 width=13) (actual time=8.815..7124.718 rows=9103540 loops=1)
                                                                     Index Cond: ((l_shipdate >= '1994-01-01'::date) AND (l_shipdate < '1995-01-01 00:00:00'::timestamp without time zone))
                                                   ->  Hash  (cost=181867.74..181867.74 rows=80808 width=16) (actual time=3360.318..3360.320 rows=87103 loops=1)
                                                         Buckets: 131072  Batches: 1  Memory Usage: 5107kB
                                                         ->  Hash Join  (cost=36720.66..181867.74 rows=80808 width=16) (actual time=547.052..3320.348 rows=87103 loops=1)
                                                               Hash Cond: (partsupp.ps_partkey = part.p_partkey)
                                                               Extra Text: (seg0)   Hash chain length 1.3 avg, 6 max, using 51274 of 131072 buckets.
                                                               ->  Seq Scan on partsupp  (cost=0.00..123339.00 rows=8000000 width=12) (actual time=0.096..1542.603 rows=8004645 loops=1)
                                                               ->  Hash  (cost=35963.08..35963.08 rows=60606 width=4) (actual time=546.655..546.656 rows=65115 loops=1)
                                                                     Buckets: 131072  Batches: 1  Memory Usage: 3314kB
                                                                     ->  Broadcast Motion 3:3  (slice5; segments: 3)  (cost=0.00..35963.08 rows=60606 width=4) (actual time=10.193..528.230 rows=65115 loops=1)
                                                                           ->  Seq Scan on part  (cost=0.00..35155.00 rows=20202 width=4) (actual time=0.101..538.832 rows=21944 loops=1)
                                                                                 Filter: ((p_name)::text ~~ 'smoke%'::text)
                                                                                 Rows Removed by Filter: 1977490
               ->  Hash  (cost=1.12..1.12 rows=1 width=4) (actual time=0.011..0.011 rows=1 loops=1)
                     Buckets: 131072  Batches: 1  Memory Usage: 1025kB
                     ->  Broadcast Motion 3:3  (slice6; segments: 3)  (cost=0.00..1.12 rows=1 width=4) (actual time=0.003..0.004 rows=1 loops=1)
                           ->  Seq Scan on nation  (cost=0.00..1.10 rows=1 width=4) (actual time=0.067..0.068 rows=1 loops=1)
                                 Filter: (n_name = 'MOROCCO'::bpchar)
                                 Rows Removed by Filter: 5
 Optimizer: Postgres-based planner
 Planning Time: 15.018 ms
   (slice0)    Executor memory: 6318K bytes.
 * (slice1)    Executor memory: 8221K bytes avg x 3 workers, 8255K bytes max (seg2).  Work_mem: 9769K bytes max, 9769K bytes wanted.
   (slice2)    Executor memory: 3391K bytes avg x 3 workers, 3401K bytes max (seg0).  Work_mem: 3337K bytes max.
 * (slice3)    Executor memory: 27037K bytes avg x 3 workers, 27083K bytes max (seg0).  Work_mem: 33329K bytes max, 1783825K bytes wanted.
   (slice4)    Executor memory: 55K bytes avg x 3 workers, 55K bytes max (seg0).
   (slice5)    Executor memory: 38K bytes avg x 3 workers, 38K bytes max (seg0).
   (slice6)    Executor memory: 38K bytes avg x 3 workers, 38K bytes max (seg0).
 Memory used:  128000kB
 Memory wanted:  12488268kB
 Execution Time: 30756.315 ms
(67 rows)

