                                                                                                       QUERY PLAN                                                                                                        
-------------------------------------------------------------------------------------------------------------------------------------------------------------------------------------------------------------------------
 Sort  (cost=1708657.05..1708657.11 rows=25 width=58) (actual time=64388.348..64388.374 rows=5 loops=1)
   Sort Key: (sum((lineitem.l_extendedprice * ('1'::numeric - lineitem.l_discount)))) DESC
   Sort Method:  quicksort  Memory: 25kB
   Executor Memory: 59kB  Segments: 1  Max: 59kB (segment -1)
   ->  Finalize GroupAggregate  (cost=1707781.93..1708656.47 rows=25 width=58) (actual time=64388.171..64388.217 rows=5 loops=1)
         Group Key: nation.n_name
         ->  Gather Motion 3:1  (slice1; segments: 3)  (cost=1707781.93..1708655.59 rows=75 width=58) (actual time=64388.152..64388.163 rows=15 loops=1)
               Merge Key: nation.n_name
               ->  Partial GroupAggregate  (cost=1707781.93..1708654.59 rows=25 width=58) (actual time=64341.604..64386.893 rows=5 loops=1)
                     Group Key: nation.n_name
                     ->  Sort  (cost=1707781.93..1707956.40 rows=69788 width=38) (actual time=63878.728..63887.228 rows=73664 loops=1)
                           Sort Key: nation.n_name
                           Sort Method:  quicksort  Memory: 28102kB
                           Executor Memory: 22961kB  Segments: 3  Max: 7680kB (segment 2)
                           ->  Hash Join  (cost=356149.02..1702167.28 rows=69788 width=38) (actual time=19489.391..63842.366 rows=73664 loops=1)
                                 Hash Cond: ((lineitem.l_suppkey = supplier.s_suppkey) AND (customer.c_nationkey = supplier.s_nationkey))
                                 Extra Text: (seg2)   Hash chain length 1.7 avg, 8 max, using 178591 of 262144 buckets.
                                 ->  Hash Join  (cost=346099.02..1681848.24 rows=1823079 width=50) (actual time=19199.157..62676.458 rows=1824668 loops=1)
                                       Hash Cond: (lineitem.l_orderkey = orders.o_orderkey)
                                       Extra Text: (seg0)   Initial batch 0:
 (seg0)     Wrote 68132K bytes to inner workfile.
 (seg0)     Wrote 2109104K bytes to outer workfile.
 (seg0)   Initial batches 1..3:
 (seg0)     Read 68132K bytes from inner workfile: 22711K avg x 3 nonempty batches, 22734K max.
 (seg0)     Read 2109104K bytes from outer workfile: 703035K avg x 3 nonempty batches, 703391K max.
 (seg0)   Work file set: 3 files (0 compressed), max file size 23265280, min file size 32768, compression buffer size 0 bytes
 (seg0)   Hash chain length 2.8 avg, 14 max, using 485827 of 524288 buckets.
                                       ->  Seq Scan on lineitem  (cost=0.00..886186.56 rows=59999456 width=24) (actual time=0.101..17753.492 rows=60003310 loops=1)
                                       ->  Hash  (cost=326002.50..326002.50 rows=1367322 width=42) (actual time=3694.443..3694.443 rows=1367721 loops=1)
                                             Buckets: 131072  Batches: 4  Memory Usage: 27723kB
                                             ->  Broadcast Motion 3:3  (slice2; segments: 3)  (cost=36265.49..326002.50 rows=1367322 width=42) (actual time=567.474..3256.617 rows=1367721 loops=1)
                                                   ->  Hash Join  (cost=36265.49..307771.54 rows=455774 width=42) (actual time=760.771..3577.345 rows=457453 loops=1)
                                                         Hash Cond: (orders.o_custkey = customer.c_custkey)
                                                         Extra Text: (seg2)   Hash chain length 2.6 avg, 11 max, using 117870 of 131072 buckets.
                                                         ->  Redistribute Motion 3:3  (slice3; segments: 3)  (cost=0.18..258402.73 rows=2278870 width=12) (actual time=0.041..1605.070 rows=2277696 loops=1)
                                                               Hash Key: orders.o_custkey
                                                               ->  Index Scan using orders_o_orderdate_idx on orders  (cost=0.18..212825.33 rows=2278870 width=12) (actual time=0.849..2036.655 rows=2277172 loops=1)
                                                                     Index Cond: ((o_orderdate >= '1995-01-01'::date) AND (o_orderdate < '1996-01-01 00:00:00'::timestamp without time zone))
                                                         ->  Hash  (cost=32515.30..32515.30 rows=300000 width=38) (actual time=760.025..760.027 rows=300633 loops=1)
                                                               Buckets: 131072  Batches: 1  Memory Usage: 22163kB
                                                               ->  Hash Join  (cost=2.30..32515.30 rows=300000 width=38) (actual time=1.312..651.016 rows=300633 loops=1)
                                                                     Hash Cond: (customer.c_nationkey = nation.n_nationkey)
                                                                     Extra Text: (seg2)   Hash chain length 1.0 avg, 1 max, using 5 of 131072 buckets.
                                                                     ->  Seq Scan on customer  (cost=0.00..23888.00 rows=1500000 width=8) (actual time=0.073..338.217 rows=1501094 loops=1)
                                                                     ->  Hash  (cost=2.24..2.24 rows=5 width=30) (actual time=0.774..0.775 rows=5 loops=1)
                                                                           Buckets: 131072  Batches: 1  Memory Usage: 1025kB
                                                                           ->  Broadcast Motion 3:3  (slice4; segments: 3)  (cost=1.05..2.24 rows=5 width=30) (actual time=0.005..0.764 rows=5 loops=1)
                                                                                 ->  Hash Join  (cost=1.05..2.18 rows=2 width=30) (actual time=1.429..1.920 rows=3 loops=1)
                                                                                       Hash Cond: (nation.n_regionkey = region.r_regionkey)
                                                                                       Extra Text: (seg0)   Hash chain length 1.0 avg, 1 max, using 1 of 131072 buckets.
                                                                                       ->  Seq Scan on nation  (cost=0.00..1.08 rows=8 width=34) (actual time=0.070..0.072 rows=10 loops=1)
                                                                                       ->  Hash  (cost=1.04..1.04 rows=1 width=4) (actual time=0.592..0.593 rows=1 loops=1)
                                                                                             Buckets: 131072  Batches: 1  Memory Usage: 1025kB
                                                                                             ->  Broadcast Motion 3:3  (slice5; segments: 3)  (cost=0.00..1.04 rows=1 width=4) (actual time=0.582..0.583 rows=1 loops=1)
                                                                                                   ->  Seq Scan on region  (cost=0.00..1.02 rows=1 width=4) (actual time=0.074..0.077 rows=1 loops=1)
                                                                                                         Filter: (r_name = 'EUROPE'::bpchar)
                                                                                                         Rows Removed by Filter: 2
                                 ->  Hash  (cost=5550.00..5550.00 rows=300000 width=8) (actual time=185.699..185.699 rows=300000 loops=1)
                                       Buckets: 262144  Batches: 1  Memory Usage: 13767kB
                                       ->  Broadcast Motion 3:3  (slice6; segments: 3)  (cost=0.00..5550.00 rows=300000 width=8) (actual time=0.093..101.380 rows=300000 loops=1)
                                             ->  Seq Scan on supplier  (cost=0.00..1550.00 rows=100000 width=8) (actual time=0.091..38.720 rows=100172 loops=1)
 Optimizer: Postgres-based planner
 Planning Time: 22.656 ms
   (slice0)    Executor memory: 155K bytes.  Work_mem: 59K bytes max.
 * (slice1)    Executor memory: 41922K bytes avg x 3 workers, 41922K bytes max (seg0).  Work_mem: 27723K bytes max, 107878K bytes wanted.
   (slice2)    Executor memory: 23287K bytes avg x 3 workers, 23287K bytes max (seg0).  Work_mem: 22163K bytes max.
   (slice3)    Executor memory: 53K bytes avg x 3 workers, 53K bytes max (seg0).
   (slice4)    Executor memory: 1085K bytes avg x 3 workers, 1085K bytes max (seg0).  Work_mem: 1025K bytes max.
   (slice5)    Executor memory: 38K bytes avg x 3 workers, 38K bytes max (seg0).
   (slice6)    Executor memory: 38K bytes avg x 3 workers, 38K bytes max (seg0).
 Memory used:  128000kB
 Memory wanted:  757040kB
 Execution Time: 64406.916 ms
(73 rows)

