                                                                                                        QUERY PLAN                                                                                                        
--------------------------------------------------------------------------------------------------------------------------------------------------------------------------------------------------------------------------
 Gather Motion 3:1  (slice1; segments: 3)  (cost=2423403.16..2557124.70 rows=9439167 width=48) (actual time=57852.588..58104.549 rows=340729 loops=1)
   Merge Key: (sum((lineitem.l_extendedprice * ('1'::numeric - lineitem.l_discount)))), orders.o_orderdate
   ->  Sort  (cost=2423403.16..2431269.13 rows=3146389 width=48) (actual time=57848.480..57870.397 rows=114073 loops=1)
         Sort Key: (sum((lineitem.l_extendedprice * ('1'::numeric - lineitem.l_discount)))) DESC, orders.o_orderdate
         Sort Method:  quicksort  Memory: 38499kB
         Executor Memory: 30523kB  Segments: 3  Max: 10206kB (segment 1)
         ->  HashAggregate  (cost=2014918.93..2059625.93 rows=3146389 width=48) (actual time=57560.352..57785.080 rows=114073 loops=1)
               Group Key: lineitem.l_orderkey, orders.o_orderdate, orders.o_shippriority
               Planned Partitions: 16
               Extra Text: (seg0)   hash table(s): 1; 113815 groups total in 16 batches, 1494512 spill partitions; disk usage: 11808KB; chain length 2.2 avg, 6 max; using 113815 of 4456448 buckets; total 0 expansions.
 
               ->  Redistribute Motion 3:3  (slice2; segments: 3)  (cost=457793.46..1946214.58 rows=3146389 width=28) (actual time=17217.009..57162.742 rows=301112 loops=1)
                     Hash Key: orders.o_orderdate, lineitem.l_orderkey, orders.o_shippriority
                     ->  Hash Join  (cost=457793.46..1883286.79 rows=3146389 width=28) (actual time=17300.882..57388.234 rows=300335 loops=1)
                           Hash Cond: (lineitem.l_orderkey = orders.o_orderkey)
                           Extra Text: (seg0)   Initial batch 0:
 (seg0)     Wrote 116084K bytes to inner workfile.
 (seg0)     Wrote 975116K bytes to outer workfile.
 (seg0)   Initial batches 1..3:
 (seg0)     Read 116084K bytes from inner workfile: 38695K avg x 3 nonempty batches, 38709K max.
 (seg0)     Read 975116K bytes from outer workfile: 325039K avg x 3 nonempty batches, 325251K max.
 (seg0)   Work file set: 3 files (0 compressed), max file size 39616512, min file size 32768, compression buffer size 0 bytes
 (seg0)   Hash chain length 4.3 avg, 17 max, using 1033180 of 1048576 buckets.
                           ->  Seq Scan on lineitem  (cost=0.00..1036185.20 rows=32324342 width=20) (actual time=7396.546..19071.838 rows=32127438 loops=1)
                                 Filter: (l_shipdate > '1995-03-24'::date)
                                 Rows Removed by Filter: 27874522
                           ->  Hash  (cost=397693.79..397693.79 rows=4380213 width=16) (actual time=9782.253..9782.254 rows=4405986 loops=1)
                                 Buckets: 262144  Batches: 4  Memory Usage: 53801kB
                                 ->  Broadcast Motion 3:3  (slice3; segments: 3)  (cost=50764.00..397693.79 rows=4380213 width=16) (actual time=716.842..8688.670 rows=4405986 loops=1)
                                       ->  Hash Join  (cost=50764.00..339290.95 rows=1460071 width=16) (actual time=717.181..9019.874 rows=1469972 loops=1)
                                             Hash Cond: (orders.o_custkey = customer.c_custkey)
                                             Extra Text: (seg0)   Hash chain length 3.6 avg, 15 max, using 253590 of 262144 buckets.
                                             ->  Seq Scan on orders  (cost=0.00..254011.00 rows=7339499 width=20) (actual time=0.083..4113.647 rows=7345733 loops=1)
                                                   Filter: (o_orderdate < '1995-03-24'::date)
                                                   Rows Removed by Filter: 7657558
                                             ->  Hash  (cost=39574.00..39574.00 rows=895200 width=4) (actual time=716.050..716.051 rows=900602 loops=1)
                                                   Buckets: 262144  Batches: 1  Memory Usage: 33710kB
                                                   ->  Broadcast Motion 3:3  (slice4; segments: 3)  (cost=0.00..39574.00 rows=895200 width=4) (actual time=0.387..514.388 rows=900602 loops=1)
                                                         ->  Seq Scan on customer  (cost=0.00..27638.00 rows=298400 width=4) (actual time=0.104..576.445 rows=300807 loops=1)
                                                               Filter: (c_mktsegment = 'HOUSEHOLD'::bpchar)
                                                               Rows Removed by Filter: 1198894
 Optimizer: Postgres-based planner
 Planning Time: 15.229 ms
   (slice0)    Executor memory: 6277K bytes.
 * (slice1)    Executor memory: 22319K bytes avg x 3 workers, 22319K bytes max (seg0).  Work_mem: 33297K bytes max, 49169K bytes wanted.
 * (slice2)    Executor memory: 54144K bytes avg x 3 workers, 54144K bytes max (seg0).  Work_mem: 53801K bytes max, 208579K bytes wanted.
   (slice3)    Executor memory: 37322K bytes avg x 3 workers, 37322K bytes max (seg0).  Work_mem: 33710K bytes max.
   (slice4)    Executor memory: 38K bytes avg x 3 workers, 38K bytes max (seg0).
 Memory used:  128000kB
 Memory wanted:  835214kB
 Execution Time: 58135.671 ms
(51 rows)

