                                                                                                                                                                                                                                                                                                                                                                           QUERY PLAN                                                                                                                                                                                                                                                                                                                                                                           
----------------------------------------------------------------------------------------------------------------------------------------------------------------------------------------------------------------------------------------------------------------------------------------------------------------------------------------------------------------------------------------------------------------------------------------------------------------------------------------------------------------------------------------------------------------------------------------------------------------------------------------------------------------------------------------------------------------------------------------------------------------
 Finalize Aggregate  (cost=2150463.73..2150463.74 rows=1 width=32) (actual time=21761.757..21761.760 rows=1 loops=1)
   ->  Gather Motion 3:1  (slice1; segments: 3)  (cost=2150463.66..2150463.71 rows=3 width=32) (actual time=21641.369..21761.741 rows=3 loops=1)
         ->  Partial Aggregate  (cost=2150463.66..2150463.67 rows=1 width=32) (actual time=21760.070..21760.071 rows=1 loops=1)
               ->  Hash Join  (cost=55261.79..2150437.60 rows=3475 width=12) (actual time=622.015..21758.449 rows=1190 loops=1)
                     Hash Cond: (lineitem.l_partkey = part.p_partkey)
                     Join Filter: (((part.p_brand = 'Brand#15'::bpchar) AND (part.p_container = ANY ('{"SM CASE","SM BOX","SM PACK","SM PKG"}'::bpchar[])) AND (lineitem.l_quantity >= '4'::numeric) AND (lineitem.l_quantity <= '14'::numeric) AND (part.p_size <= 5)) OR ((part.p_brand = 'Brand#24'::bpchar) AND (part.p_container = ANY ('{"MED BAG","MED BOX","MED PKG","MED PACK"}'::bpchar[])) AND (lineitem.l_quantity >= '11'::numeric) AND (lineitem.l_quantity <= '21'::numeric) AND (part.p_size <= 10)) OR ((part.p_brand = 'Brand#51'::bpchar) AND (part.p_container = ANY ('{"LG CASE","LG BOX","LG PACK","LG PKG"}'::bpchar[])) AND (lineitem.l_quantity >= '22'::numeric) AND (lineitem.l_quantity <= '32'::numeric) AND (part.p_size <= 15)))
                     Rows Removed by Join Filter: 1879
                     Extra Text: (seg0)   Hash chain length 1.2 avg, 6 max, using 11840 of 32768 buckets.
                     ->  Seq Scan on lineitem  (cost=0.00..2086175.68 rows=3415383 width=21) (actual time=0.135..20870.606 rows=1243519 loops=1)
                           Filter: ((l_shipmode = ANY ('{AIR,"AIR REG"}'::bpchar[])) AND (l_shipinstruct = 'DELIVER IN PERSON'::bpchar) AND (((l_quantity >= '4'::numeric) AND (l_quantity <= '14'::numeric)) OR ((l_quantity >= '11'::numeric) AND (l_quantity <= '21'::numeric)) OR ((l_quantity >= '22'::numeric) AND (l_quantity <= '32'::numeric))))
                           Rows Removed by Filter: 58759791
                     ->  Hash  (cost=55078.95..55078.95 rows=14628 width=30) (actual time=600.434..600.434 rows=14602 loops=1)
                           Buckets: 32768  Batches: 1  Memory Usage: 1169kB
                           ->  Broadcast Motion 3:3  (slice2; segments: 3)  (cost=46285.03..55078.95 rows=14628 width=30) (actual time=425.880..596.023 rows=14602 loops=1)
                                 ->  Bitmap Heap Scan on part  (cost=46285.03..54883.91 rows=4876 width=30) (actual time=433.936..596.561 rows=4917 loops=1)
                                       Recheck Cond: (((p_container = ANY ('{"SM CASE","SM BOX","SM PACK","SM PKG"}'::bpchar[])) AND (p_brand = 'Brand#15'::bpchar) AND (p_size <= 5) AND (p_size >= 1)) OR ((p_container = ANY ('{"MED BAG","MED BOX","MED PKG","MED PACK"}'::bpchar[])) AND (p_brand = 'Brand#24'::bpchar) AND (p_size <= 10) AND (p_size >= 1)) OR ((p_container = ANY ('{"LG CASE","LG BOX","LG PACK","LG PKG"}'::bpchar[])) AND (p_brand = 'Brand#51'::bpchar) AND (p_size <= 15) AND (p_size >= 1)))
                                       Rows Removed by Index Recheck: 180472
                                       ->  BitmapOr  (cost=46285.03..46285.03 rows=4880 width=0) (actual time=419.526..419.528 rows=1 loops=1)
                                             ->  BitmapAnd  (cost=8004.18..8004.18 rows=792 width=0) (actual time=109.572..109.572 rows=1 loops=1)
                                                   ->  Bitmap Index Scan on part_p_container_p_brand_p_partkey_idx  (cost=0.00..361.31 rows=7754 width=0) (actual time=71.715..71.715 rows=8071 loops=1)
                                                         Index Cond: ((p_container = ANY ('{"SM CASE","SM BOX","SM PACK","SM PKG"}'::bpchar[])) AND (p_brand = 'Brand#15'::bpchar))
                                                   ->  Bitmap Index Scan on part_p_size_idx  (cost=0.00..7640.18 rows=204400 width=0) (actual time=36.951..36.951 rows=200180 loops=1)
                                                         Index Cond: ((p_size <= 5) AND (p_size >= 1))
                                             ->  BitmapAnd  (cost=15369.22..15369.22 rows=1601 width=0) (actual time=135.414..135.414 rows=1 loops=1)
                                                   ->  Bitmap Index Scan on part_p_container_p_brand_p_partkey_idx  (cost=0.00..384.35 rows=7987 width=0) (actual time=63.496..63.496 rows=8048 loops=1)
                                                         Index Cond: ((p_container = ANY ('{"MED BAG","MED BOX","MED PKG","MED PACK"}'::bpchar[])) AND (p_brand = 'Brand#24'::bpchar))
                                                   ->  Bitmap Index Scan on part_p_size_idx  (cost=0.00..14982.18 rows=400867 width=0) (actual time=70.024..70.024 rows=400403 loops=1)
                                                         Index Cond: ((p_size <= 10) AND (p_size >= 1))
                                             ->  BitmapAnd  (cost=22911.14..22911.14 rows=2486 width=0) (actual time=159.217..159.218 rows=1 loops=1)
                                                   ->  Bitmap Index Scan on part_p_container_p_brand_p_partkey_idx  (cost=0.00..392.27 rows=8252 width=0) (actual time=56.684..56.684 rows=8197 loops=1)
                                                         Index Cond: ((p_container = ANY ('{"LG CASE","LG BOX","LG PACK","LG PKG"}'::bpchar[])) AND (p_brand = 'Brand#51'::bpchar))
                                                   ->  Bitmap Index Scan on part_p_size_idx  (cost=0.00..22516.18 rows=602533 width=0) (actual time=97.394..97.394 rows=601016 loops=1)
                                                         Index Cond: ((p_size <= 15) AND (p_size >= 1))
 Optimizer: Postgres-based planner
 Planning Time: 7.219 ms
   (slice0)    Executor memory: 321K bytes.
   (slice1)    Executor memory: 1234K bytes avg x 3 workers, 1234K bytes max (seg0).  Work_mem: 1169K bytes max.
   (slice2)    Executor memory: 180651K bytes avg x 3 workers, 180651K bytes max (seg0).
 Memory used:  128000kB
 Execution Time: 21768.887 ms
(40 rows)

