                                                                                                   QUERY PLAN                                                                                                   
----------------------------------------------------------------------------------------------------------------------------------------------------------------------------------------------------------------
 Gather Motion 3:1  (slice1; segments: 3)  (cost=161105.49..161105.80 rows=22 width=44) (actual time=17790.675..17813.599 rows=27840 loops=1)
   Merge Key: (count(DISTINCT partsupp.ps_suppkey)), part.p_brand, part.p_type, part.p_size
   ->  Sort  (cost=161105.49..161105.51 rows=7 width=44) (actual time=17789.077..17790.062 rows=9382 loops=1)
         Sort Key: (count(DISTINCT partsupp.ps_suppkey)) DESC, part.p_brand, part.p_type, part.p_size
         Sort Method:  quicksort  Memory: 3570kB
         Executor Memory: 2935kB  Segments: 3  Max: 985kB (segment 0)
         ->  GroupAggregate  (cost=161105.22..161105.39 rows=7 width=44) (actual time=16717.353..17770.632 rows=9382 loops=1)
               Group Key: part.p_brand, part.p_type, part.p_size
               ->  Sort  (cost=161105.22..161105.24 rows=7 width=40) (actual time=16717.239..17245.897 rows=1199737 loops=1)
                     Sort Key: part.p_brand, part.p_type, part.p_size
                     Sort Method:  external merge  Disk: 181344kB
                     Executor Memory: 127643kB  Segments: 3  Max: 42548kB (segment 0)
                     ->  Redistribute Motion 3:3  (slice2; segments: 3)  (cost=143355.56..161105.12 rows=7 width=40) (actual time=7134.711..14202.582 rows=1199737 loops=1)
                           Hash Key: part.p_brand, part.p_type, part.p_size
                           ->  Hash Join  (cost=143355.56..161104.97 rows=7 width=40) (actual time=7132.946..9954.869 rows=1187209 loops=1)
                                 Hash Cond: (part.p_partkey = partsupp.ps_partkey)
                                 Extra Text: (seg2)   Initial batch 0:
 (seg2)     Wrote 191357K bytes to inner workfile.
 (seg2)     Wrote 39066K bytes to outer workfile.
 (seg2)   Overflow batches 1..7:
 (seg2)     Read 264352K bytes from inner workfile: 37765K avg x 7 nonempty batches, 69012K max.
 (seg2)     Wrote 72996K bytes to inner workfile: 24332K avg x 3 overflowing batches, 41705K max.
 (seg2)     Read 39066K bytes from outer workfile: 5581K avg x 7 nonempty batches, 5633K max.
 (seg2)   Work file set: 7 files (0 compressed), max file size 70647808, min file size 32768, compression buffer size 0 bytes
 (seg2)   Hash chain length 5.0 avg, 28 max, using 1592080 of 4194304 buckets.
                                 ->  Index Scan using part_p_size_idx on part  (cost=0.18..16569.80 rows=314591 width=40) (actual time=0.230..271.535 rows=296961 loops=1)
                                       Index Cond: (p_size = ANY ('{3,45,14,32,41,8,21,15}'::integer[]))
                                       Filter: ((p_brand <> 'Brand#55'::bpchar) AND ((p_type)::text !~~ 'LARGE ANODIZED%'::text))
                                       Rows Removed by Filter: 22986
                                 ->  Hash  (cost=143355.28..143355.28 rows=8 width=8) (actual time=7132.898..7132.898 rows=8000358 loops=1)
                                       Buckets: 524288 (originally 262144)  Batches: 8 (originally 1)  Memory Usage: 59755kB
                                       ->  Redistribute Motion 3:3  (slice3; segments: 3)  (cost=13.88..143355.28 rows=8 width=8) (actual time=2.943..5452.910 rows=8000358 loops=1)
                                             Hash Key: partsupp.ps_partkey
                                             ->  Hash Left Anti Semi (Not-In) Join  (cost=13.88..143355.11 rows=8 width=8) (actual time=2.435..4082.887 rows=8000604 loops=1)
                                                   Hash Cond: (partsupp.ps_suppkey = supplier.s_suppkey)
                                                   Extra Text: (seg1)   Hash chain length 1.0 avg, 1 max, using 155 of 262144 buckets.
                                                   ->  Seq Scan on partsupp  (cost=0.00..123339.00 rows=8000000 width=8) (actual time=0.071..1758.590 rows=8004645 loops=1)
                                                   ->  Hash  (cost=13.51..13.51 rows=30 width=4) (actual time=1.280..1.280 rows=155 loops=1)
                                                         Buckets: 262144  Batches: 1  Memory Usage: 2054kB
                                                         ->  Broadcast Motion 3:3  (slice4; segments: 3)  (cost=0.14..13.51 rows=30 width=4) (actual time=0.882..1.240 rows=155 loops=1)
                                                               ->  Index Only Scan using supplier_s_suppkey_idx_like on supplier  (cost=0.14..13.11 rows=10 width=4) (actual time=0.394..2.127 rows=60 loops=1)
                                                                     Heap Fetches: 60
 Optimizer: Postgres-based planner
 Planning Time: 3.711 ms
   (slice0)    Executor memory: 116K bytes.
 * (slice1)    Executor memory: 43526K bytes avg x 3 workers, 43532K bytes max (seg0).  Work_mem: 42548K bytes max, 152255K bytes wanted.
 * (slice2)    Executor memory: 64130K bytes avg x 3 workers, 64133K bytes max (seg0).  Work_mem: 59755K bytes max, 316610K bytes wanted.
   (slice3)    Executor memory: 2112K bytes avg x 3 workers, 2112K bytes max (seg0).  Work_mem: 2054K bytes max.
   (slice4)    Executor memory: 113K bytes avg x 3 workers, 113K bytes max (seg0).
 Memory used:  128000kB
 Memory wanted:  1583949kB
 Execution Time: 17831.044 ms
(52 rows)

