                                                                                                         QUERY PLAN                                                                                                         
----------------------------------------------------------------------------------------------------------------------------------------------------------------------------------------------------------------------------
 Finalize GroupAggregate  (cost=1448825.15..1449634.34 rows=2405 width=40) (actual time=27729.986..27730.004 rows=2 loops=1)
   Group Key: (date_part('year'::text, (orders.o_orderdate)::timestamp without time zone))
   ->  Gather Motion 3:1  (slice1; segments: 3)  (cost=1448825.15..1449490.04 rows=7215 width=72) (actual time=27729.962..27729.973 rows=6 loops=1)
         Merge Key: (date_part('year'::text, (orders.o_orderdate)::timestamp without time zone))
         ->  Partial GroupAggregate  (cost=1448825.15..1449393.84 rows=2405 width=72) (actual time=27715.440..27726.590 rows=2 loops=1)
               Group Key: (date_part('year'::text, (orders.o_orderdate)::timestamp without time zone))
               ->  Sort  (cost=1448825.15..1448883.00 rows=23137 width=46) (actual time=27705.091..27707.367 rows=24170 loops=1)
                     Sort Key: (date_part('year'::text, (orders.o_orderdate)::timestamp without time zone))
                     Sort Method:  quicksort  Memory: 8489kB
                     Executor Memory: 6805kB  Segments: 3  Max: 2280kB (segment 1)
                     ->  Hash Join  (cost=1137306.26..1447147.93 rows=23137 width=46) (actual time=22826.095..27696.766 rows=24170 loops=1)
                           Hash Cond: (supplier.s_nationkey = n2.n_nationkey)
                           Extra Text: (seg1)   Hash chain length 1.0 avg, 1 max, using 25 of 65536 buckets.
                           ->  Hash Join  (cost=1137304.53..1446712.37 rows=23137 width=20) (actual time=22824.892..27680.761 rows=24170 loops=1)
                                 Hash Cond: (lineitem.l_suppkey = supplier.s_suppkey)
                                 Extra Text: (seg1)   Hash chain length 1.9 avg, 9 max, using 51312 of 65536 buckets.
                                 ->  Redistribute Motion 3:3  (slice2; segments: 3)  (cost=1134547.53..1443633.35 rows=24175 width=20) (actual time=22762.612..27596.317 rows=24170 loops=1)
                                       Hash Key: lineitem.l_suppkey
                                       ->  Hash Join  (cost=1134547.53..1443149.85 rows=24175 width=20) (actual time=22677.097..27688.416 rows=24081 loops=1)
                                             Hash Cond: (orders.o_custkey = customer.c_custkey)
                                             Extra Text: (seg0)   Hash chain length 2.5 avg, 12 max, using 117665 of 131072 buckets.
                                             ->  Redistribute Motion 3:3  (slice3; segments: 3)  (cost=1098830.22..1406737.53 rows=120873 width=24) (actual time=21958.902..26892.253 rows=120045 loops=1)
                                                   Hash Key: orders.o_custkey
                                                   ->  Hash Join  (cost=1098830.22..1404320.07 rows=120873 width=24) (actual time=22724.707..27623.683 rows=120669 loops=1)
                                                         Hash Cond: (orders.o_orderkey = lineitem.l_orderkey)
                                                         Extra Text: (seg0)   Initial batch 0:
 (seg0)     Wrote 9673K bytes to inner workfile.
 (seg0)     Wrote 297151K bytes to outer workfile.
 (seg0)   Initial batch 1:
 (seg0)     Read 9673K bytes from inner workfile.
 (seg0)     Read 297151K bytes from outer workfile.
 (seg0)   Work file set: 1 files (0 compressed), max file size 9895936, min file size 32768, compression buffer size 0 bytes
 (seg0)   Hash chain length 1.9 avg, 10 max, using 203098 of 262144 buckets.
                                                         ->  Seq Scan on orders  (cost=0.00..287236.00 rows=4545366 width=16) (actual time=1574.694..3722.702 rows=4558976 loops=1)
                                                               Filter: ((o_orderdate >= '1995-01-01'::date) AND (o_orderdate <= '1996-12-31'::date))
                                                               Rows Removed by Filter: 10438712
                                                         ->  Hash  (cost=1093844.12..1093844.12 rows=398888 width=24) (actual time=21148.209..21148.209 rows=395348 loops=1)
                                                               Buckets: 131072  Batches: 2  Memory Usage: 12974kB
                                                               ->  Redistribute Motion 3:3  (slice4; segments: 3)  (cost=35583.47..1093844.12 rows=398888 width=24) (actual time=621.976..21046.347 rows=395348 loops=1)
                                                                     Hash Key: lineitem.l_orderkey
                                                                     ->  Hash Join  (cost=35583.47..1085866.35 rows=398888 width=24) (actual time=595.617..20913.363 rows=395144 loops=1)
                                                                           Hash Cond: (lineitem.l_partkey = part.p_partkey)
                                                                           Extra Text: (seg0)   Hash chain length 1.3 avg, 6 max, using 29680 of 65536 buckets.
                                                                           ->  Seq Scan on lineitem  (cost=0.00..884422.56 rows=59999456 width=28) (actual time=0.135..10816.635 rows=60003310 loops=1)
                                                                           ->  Hash  (cost=35084.86..35084.86 rows=39889 width=4) (actual time=594.753..594.753 rows=39493 loops=1)
                                                                                 Buckets: 65536  Batches: 1  Memory Usage: 1901kB
                                                                                 ->  Broadcast Motion 3:3  (slice5; segments: 3)  (cost=0.00..35084.86 rows=39889 width=4) (actual time=18.613..583.298 rows=39493 loops=1)
                                                                                       ->  Seq Scan on part  (cost=0.00..34553.00 rows=13296 width=4) (actual time=0.206..550.772 rows=13286 loops=1)
                                                                                             Filter: ((p_type)::text = 'LARGE PLATED COPPER'::text)
                                                                                             Rows Removed by Filter: 1986148
                                             ->  Hash  (cost=31967.31..31967.31 rows=300000 width=4) (actual time=717.276..717.279 rows=300010 loops=1)
                                                   Buckets: 131072  Batches: 1  Memory Usage: 11572kB
                                                   ->  Hash Join  (cost=2.31..31967.31 rows=300000 width=4) (actual time=1.262..628.142 rows=300010 loops=1)
                                                         Hash Cond: (customer.c_nationkey = n1.n_nationkey)
                                                         Extra Text: (seg0)   Hash chain length 1.0 avg, 1 max, using 5 of 65536 buckets.
                                                         ->  Seq Scan on customer  (cost=0.00..23340.00 rows=1500000 width=8) (actual time=0.098..350.558 rows=1501094 loops=1)
                                                         ->  Hash  (cost=2.24..2.24 rows=5 width=4) (actual time=0.965..0.966 rows=5 loops=1)
                                                               Buckets: 65536  Batches: 1  Memory Usage: 513kB
                                                               ->  Broadcast Motion 3:3  (slice6; segments: 3)  (cost=1.05..2.24 rows=5 width=4) (actual time=0.949..0.954 rows=5 loops=1)
                                                                     ->  Hash Join  (cost=1.05..2.18 rows=2 width=4) (actual time=0.894..1.166 rows=2 loops=1)
                                                                           Hash Cond: (n1.n_regionkey = region.r_regionkey)
                                                                           Extra Text: (seg1)   Hash chain length 1.0 avg, 1 max, using 1 of 65536 buckets.
                                                                           ->  Seq Scan on nation n1  (cost=0.00..1.08 rows=8 width=8) (actual time=0.031..0.033 rows=10 loops=1)
                                                                           ->  Hash  (cost=1.04..1.04 rows=1 width=4) (actual time=0.111..0.112 rows=1 loops=1)
                                                                                 Buckets: 65536  Batches: 1  Memory Usage: 513kB
                                                                                 ->  Broadcast Motion 3:3  (slice7; segments: 3)  (cost=0.00..1.04 rows=1 width=4) (actual time=0.104..0.104 rows=1 loops=1)
                                                                                       ->  Seq Scan on region  (cost=0.00..1.02 rows=1 width=4) (actual time=0.024..0.025 rows=1 loops=1)
                                                                                             Filter: (r_name = 'AFRICA'::bpchar)
                                                                                             Rows Removed by Filter: 1
                                 ->  Hash  (cost=1507.00..1507.00 rows=100000 width=8) (actual time=71.211..71.211 rows=100172 loops=1)
                                       Buckets: 65536  Batches: 1  Memory Usage: 4425kB
                                       ->  Seq Scan on supplier  (cost=0.00..1507.00 rows=100000 width=8) (actual time=0.038..33.778 rows=100172 loops=1)
                           ->  Hash  (cost=1.42..1.42 rows=25 width=30) (actual time=0.842..0.842 rows=25 loops=1)
                                 Buckets: 65536  Batches: 1  Memory Usage: 514kB
                                 ->  Broadcast Motion 3:3  (slice8; segments: 3)  (cost=0.00..1.42 rows=25 width=30) (actual time=0.007..0.826 rows=25 loops=1)
                                       ->  Seq Scan on nation n2  (cost=0.00..1.08 rows=8 width=30) (actual time=0.020..0.024 rows=10 loops=1)
 Optimizer: Postgres-based planner
 Planning Time: 6.408 ms
   (slice0)    Executor memory: 196K bytes.
   (slice1)    Executor memory: 5053K bytes avg x 3 workers, 5064K bytes max (seg1).  Work_mem: 4425K bytes max.
   (slice2)    Executor memory: 13350K bytes avg x 3 workers, 13360K bytes max (seg0).  Work_mem: 11572K bytes max.
 * (slice3)    Executor memory: 13141K bytes avg x 3 workers, 13173K bytes max (seg0).  Work_mem: 12974K bytes max, 24967K bytes wanted.
   (slice4)    Executor memory: 2122K bytes avg x 3 workers, 2122K bytes max (seg0).  Work_mem: 1901K bytes max.
   (slice5)    Executor memory: 38K bytes avg x 3 workers, 38K bytes max (seg0).
   (slice6)    Executor memory: 574K bytes avg x 3 workers, 574K bytes max (seg0).  Work_mem: 513K bytes max.
   (slice7)    Executor memory: 38K bytes avg x 3 workers, 38K bytes max (seg0).
   (slice8)    Executor memory: 38K bytes avg x 3 workers, 38K bytes max (seg0).
 Memory used:  128000kB
 Memory wanted:  202234kB
 Execution Time: 27751.736 ms
(90 rows)

