                                                                                                                         QUERY PLAN                                                                                                                          
-------------------------------------------------------------------------------------------------------------------------------------------------------------------------------------------------------------------------------------------------------------
 Limit  (cost=4250812.62..4250812.94 rows=23 width=34) (actual time=117301.693..117301.773 rows=100 loops=1)
   ->  Gather Motion 3:1  (slice1; segments: 3)  (cost=4250812.62..4250812.94 rows=23 width=34) (actual time=117301.690..117301.763 rows=100 loops=1)
         Merge Key: (count(*)), supplier.s_name
         ->  Limit  (cost=4250812.62..4250812.64 rows=8 width=34) (actual time=117300.711..117300.738 rows=100 loops=1)
               ->  Sort  (cost=4250812.61..4250812.64 rows=9 width=34) (actual time=117300.710..117300.717 rows=100 loops=1)
                     Sort Key: (count(*)) DESC, supplier.s_name
                     Sort Method:  top-N heapsort  Memory: 115kB
                     Executor Memory: 178kB  Segments: 3  Max: 60kB (segment 0)
                     ->  GroupAggregate  (cost=4250812.33..4250812.48 rows=9 width=34) (actual time=117287.475..117298.901 rows=4081 loops=1)
                           Group Key: supplier.s_name
                           ->  Sort  (cost=4250812.33..4250812.35 rows=9 width=26) (actual time=117287.464..117290.430 rows=40599 loops=1)
                                 Sort Key: supplier.s_name
                                 Sort Method:  quicksort  Memory: 14813kB
                                 Executor Memory: 12039kB  Segments: 3  Max: 4077kB (segment 0)
                                 ->  Redistribute Motion 3:3  (slice2; segments: 3)  (cost=3973687.81..4250812.20 rows=9 width=26) (actual time=112315.337..117174.456 rows=40599 loops=1)
                                       Hash Key: supplier.s_name
                                       ->  Hash Join  (cost=3973687.81..4250812.02 rows=9 width=26) (actual time=112270.386..117125.594 rows=39640 loops=1)
                                             Hash Cond: (orders.o_orderkey = l1.l_orderkey)
                                             Extra Text: (seg2)   Hash chain length 1.3 avg, 6 max, using 59923 of 131072 buckets.
                                             ->  Seq Scan on orders  (cost=0.00..249736.00 rows=7303500 width=8) (actual time=0.147..3727.196 rows=7309660 loops=1)
                                                   Filter: (o_orderstatus = 'F'::bpchar)
                                                   Rows Removed by Filter: 7693631
                                             ->  Hash  (cost=3973687.70..3973687.70 rows=9 width=42) (actual time=112268.886..112268.886 rows=80646 loops=1)
                                                   Buckets: 131072  Batches: 1  Memory Usage: 7325kB
                                                   ->  Redistribute Motion 3:3  (slice3; segments: 3)  (cost=3973687.45..3973687.70 rows=9 width=42) (actual time=112186.600..112246.289 rows=80646 loops=1)
                                                         Hash Key: l1.l_orderkey
                                                         ->  HashAggregate  (cost=3973687.45..3973687.53 rows=9 width=42) (actual time=112185.092..112212.583 rows=80607 loops=1)
                                                               Group Key: (RowIdExpr)
                                                               Extra Text: (seg0)   hash table(s): 1; chain length 3.2 avg, 17 max; using 80391 of 131072 buckets; total 14 expansions.
 
                                                               ->  Redistribute Motion 3:3  (slice4; segments: 3)  (cost=2864266.48..3973687.42 rows=9 width=42) (actual time=74021.429..112061.585 rows=152503 loops=1)
                                                                     Hash Key: (RowIdExpr)
                                                                     ->  Hash Join  (cost=2864266.48..3973687.25 rows=9 width=42) (actual time=73991.563..111738.410 rows=152192 loops=1)
                                                                           Hash Cond: (l2.l_orderkey = l1.l_orderkey)
                                                                           Join Filter: (l2.l_suppkey <> l1.l_suppkey)
                                                                           Rows Removed by Join Filter: 134514
                                                                           Extra Text: (seg0)   Hash chain length 3.2 avg, 14 max, using 125047 of 131072 buckets.
                                                                           ->  Seq Scan on lineitem l2  (cost=0.00..884422.56 rows=59999456 width=12) (actual time=0.107..11102.703 rows=60003310 loops=1)
                                                                           ->  Hash  (cost=2864266.16..2864266.16 rows=26 width=38) (actual time=73989.994..73989.994 rows=403859 loops=1)
                                                                                 Buckets: 131072 (originally 65536)  Batches: 1 (originally 1)  Memory Usage: 32576kB
                                                                                 ->  Broadcast Motion 3:3  (slice5; segments: 3)  (cost=1710942.44..2864266.16 rows=26 width=38) (actual time=37539.880..73850.331 rows=403859 loops=1)
                                                                                       ->  Hash Anti Join  (cost=1710942.44..2864265.81 rows=9 width=38) (actual time=35969.753..73899.075 rows=134925 loops=1)
                                                                                             Hash Cond: (l1.l_orderkey = l3.l_orderkey)
                                                                                             Join Filter: (l3.l_suppkey <> l1.l_suppkey)
                                                                                             Rows Removed by Join Filter: 550231
                                                                                             Extra Text: (seg0)   Initial batch 0:
 (seg0)     Wrote 1167375K bytes to inner workfile.
 (seg0)     Wrote 87408K bytes to outer workfile.
 (seg0)   Initial batches 1..31:
 (seg0)     Read 1030899K bytes from inner workfile: 33255K avg x 31 nonempty batches, 33378K max.
 (seg0)     Wrote 456444K bytes to inner workfile: 14724K avg x 31 overflowing batches, 14795K max.
 (seg0)     Read 43037K bytes from outer workfile: 1389K avg x 31 nonempty batches, 1405K max.
 (seg0)   Overflow batches 32..63:
 (seg0)     Read 592920K bytes from inner workfile: 18529K avg x 32 nonempty batches, 18607K max.
 (seg0)     Read 44372K bytes from outer workfile: 1387K avg x 32 nonempty batches, 1403K max.
 (seg0)   Work file set: 63 files (0 compressed), max file size 34177024, min file size 32768, compression buffer size 0 bytes
 (seg0)   Hash chain length 4.0 avg, 37 max, using 9387089 of 16777216 buckets.
                                                                                             ->  Redistribute Motion 3:3  (slice6; segments: 3)  (cost=2113.14..1123973.88 rows=765670 width=38) (actual time=0.027..25533.383 rows=1515214 loops=1)
                                                                                                   Hash Key: l1.l_orderkey
                                                                                                   ->  Hash Join  (cost=2113.14..1108660.48 rows=765670 width=38) (actual time=56.402..25353.300 rows=1513121 loops=1)
                                                                                                         Hash Cond: (l1.l_suppkey = supplier.s_suppkey)
                                                                                                         Extra Text: (seg0)   Hash chain length 1.0 avg, 3 max, using 11452 of 131072 buckets.
                                                                                                         ->  Seq Scan on lineitem l1  (cost=0.00..1034421.20 rows=19999819 width=12) (actual time=0.077..19676.880 rows=37938467 loops=1)
                                                                                                               Filter: (l_receiptdate > l_commitdate)
                                                                                                               Rows Removed by Filter: 22064843
                                                                                                         ->  Hash  (cost=1963.14..1963.14 rows=12000 width=30) (actual time=55.405..55.406 rows=11969 loops=1)
                                                                                                               Buckets: 131072  Batches: 1  Memory Usage: 1773kB
                                                                                                               ->  Broadcast Motion 3:3  (slice7; segments: 3)  (cost=1.14..1963.14 rows=12000 width=30) (actual time=1.669..51.211 rows=11969 loops=1)
                                                                                                                     ->  Hash Join  (cost=1.14..1803.14 rows=4000 width=30) (actual time=0.853..34.274 rows=4080 loops=1)
                                                                                                                           Hash Cond: (supplier.s_nationkey = nation.n_nationkey)
                                                                                                                           Extra Text: (seg0)   Hash chain length 1.0 avg, 1 max, using 1 of 131072 buckets.
                                                                                                                           ->  Seq Scan on supplier  (cost=0.00..1507.00 rows=100000 width=34) (actual time=0.039..19.996 rows=100172 loops=1)
                                                                                                                           ->  Hash  (cost=1.12..1.12 rows=1 width=4) (actual time=0.012..0.013 rows=1 loops=1)
                                                                                                                                 Buckets: 131072  Batches: 1  Memory Usage: 1025kB
                                                                                                                                 ->  Broadcast Motion 3:3  (slice8; segments: 3)  (cost=0.00..1.12 rows=1 width=4) (actual time=0.006..0.006 rows=1 loops=1)
                                                                                                                                       ->  Seq Scan on nation  (cost=0.00..1.10 rows=1 width=4) (actual time=0.025..0.028 rows=1 loops=1)
                                                                                                                                             Filter: (n_name = 'FRANCE'::bpchar)
                                                                                                                                             Rows Removed by Filter: 8
                                                                                             ->  Hash  (cost=1434417.57..1434417.57 rows=19999819 width=12) (actual time=35944.259..35944.259 rows=37946078 loops=1)
                                                                                                   Buckets: 262144 (originally 262144)  Batches: 64 (originally 32)  Memory Usage: 40453kB
                                                                                                   ->  Redistribute Motion 3:3  (slice9; segments: 3)  (cost=0.00..1434417.57 rows=19999819 width=12) (actual time=2.328..28873.164 rows=37946078 loops=1)
                                                                                                         Hash Key: l3.l_orderkey
                                                                                                         ->  Seq Scan on lineitem l3  (cost=0.00..1034421.20 rows=19999819 width=12) (actual time=0.160..22354.423 rows=37938467 loops=1)
                                                                                                               Filter: (l_receiptdate > l_commitdate)
                                                                                                               Rows Removed by Filter: 22064843
 Optimizer: Postgres-based planner
 Planning Time: 4.865 ms
   (slice0)    Executor memory: 194K bytes.
   (slice1)    Executor memory: 4073K bytes avg x 3 workers, 4136K bytes max (seg0).  Work_mem: 4077K bytes max.
   (slice2)    Executor memory: 7371K bytes avg x 3 workers, 7403K bytes max (seg1).  Work_mem: 7325K bytes max.
 * (slice3)    Executor memory: 13156K bytes avg x 3 workers, 13180K bytes max (seg2).  Work_mem: 15401K bytes max, 15401K bytes wanted.
   (slice4)    Executor memory: 32709K bytes avg x 3 workers, 32709K bytes max (seg0).  Work_mem: 32576K bytes max.
 * (slice5)    Executor memory: 47387K bytes avg x 3 workers, 47389K bytes max (seg1).  Work_mem: 40453K bytes max, 1632544K bytes wanted.
   (slice6)    Executor memory: 1831K bytes avg x 3 workers, 1831K bytes max (seg0).  Work_mem: 1773K bytes max.
   (slice7)    Executor memory: 1086K bytes avg x 3 workers, 1086K bytes max (seg0).  Work_mem: 1025K bytes max.
   (slice8)    Executor memory: 38K bytes avg x 3 workers, 38K bytes max (seg0).
   (slice9)    Executor memory: 38K bytes avg x 3 workers, 38K bytes max (seg0).
 Memory used:  128000kB
 Memory wanted:  13062648kB
 Execution Time: 117325.648 ms
(100 rows)

