                                                                                                            QUERY PLAN                                                                                                             
-----------------------------------------------------------------------------------------------------------------------------------------------------------------------------------------------------------------------------------
 Gather Motion 3:1  (slice1; segments: 3)  (cost=2038560.94..2038567.24 rows=244 width=66) (actual time=83408.743..83408.867 rows=175 loops=1)
   Merge Key: nation.n_name, (date_part('year'::text, (orders.o_orderdate)::timestamp without time zone))
   ->  GroupAggregate  (cost=2038560.94..2038563.99 rows=81 width=66) (actual time=77625.243..83241.446 rows=65 loops=1)
         Group Key: nation.n_name, (date_part('year'::text, (orders.o_orderdate)::timestamp without time zone))
         ->  Sort  (cost=2038560.94..2038561.14 rows=81 width=57) (actual time=77569.762..78771.921 rows=3556531 loops=1)
               Sort Key: nation.n_name, (date_part('year'::text, (orders.o_orderdate)::timestamp without time zone)) DESC
               Sort Method:  external merge  Disk: 724128kB
               Executor Memory: 92855kB  Segments: 3  Max: 31291kB (segment 0)
               ->  Redistribute Motion 3:3  (slice2; segments: 3)  (cost=1770065.65..2038558.36 rows=81 width=57) (actual time=46589.282..74114.952 rows=3556531 loops=1)
                     Hash Key: nation.n_name, (date_part('year'::text, (orders.o_orderdate)::timestamp without time zone))
                     ->  Hash Join  (cost=1770065.65..2038556.73 rows=81 width=57) (actual time=46588.698..68063.029 rows=3284897 loops=1)
                           Hash Cond: (supplier.s_nationkey = nation.n_nationkey)
                           Extra Text: (seg2)   Hash chain length 1.0 avg, 1 max, using 25 of 65536 buckets.
                           ->  Hash Join  (cost=1770063.92..2038553.48 rows=81 width=31) (actual time=46586.919..65553.716 rows=3284897 loops=1)
                                 Hash Cond: (lineitem.l_suppkey = supplier.s_suppkey)
                                 Extra Text: (seg2)   Hash chain length 1.4 avg, 8 max, using 70028 of 131072 buckets.
                                 ->  Redistribute Motion 3:3  (slice3; segments: 3)  (cost=1767306.92..2035795.36 rows=81 width=35) (actual time=46532.022..62636.111 rows=3284897 loops=1)
                                       Hash Key: lineitem.l_suppkey
                                       ->  Hash Join  (cost=1767306.92..2035793.73 rows=81 width=35) (actual time=46578.956..68963.891 rows=3271675 loops=1)
                                             Hash Cond: (orders.o_orderkey = lineitem.l_orderkey)
                                             Extra Text: (seg2)   Initial batch 0:
 (seg2)     Wrote 178920K bytes to inner workfile.
 (seg2)     Wrote 1710559K bytes to outer workfile.
 (seg2)   Overflow batches 1..7:
 (seg2)     Read 224324K bytes from inner workfile: 32047K avg x 7 nonempty batches, 51553K max.
 (seg2)     Wrote 45404K bytes to inner workfile: 15135K avg x 3 overflowing batches, 25925K max.
 (seg2)     Read 1710559K bytes from outer workfile: 244366K avg x 7 nonempty batches, 244554K max.
 (seg2)   Work file set: 7 files (0 compressed), max file size 52789248, min file size 32768, compression buffer size 0 bytes
 (seg2)   Hash chain length 3.3 avg, 17 max, using 985305 of 1048576 buckets.
                                             ->  Seq Scan on orders  (cost=0.00..212236.00 rows=15000000 width=12) (actual time=0.114..3067.537 rows=15003291 loops=1)
                                             ->  Hash  (cost=1767305.91..1767305.91 rows=81 width=39) (actual time=46577.980..46577.980 rows=3271675 loops=1)
                                                   Buckets: 131072 (originally 65536)  Batches: 8 (originally 1)  Memory Usage: 31417kB
                                                   ->  Redistribute Motion 3:3  (slice4; segments: 3)  (cost=1455890.44..1767305.91 rows=81 width=39) (actual time=34614.909..45684.607 rows=3271675 loops=1)
                                                         Hash Key: lineitem.l_orderkey
                                                         ->  Hash Join  (cost=1455890.44..1767304.28 rows=81 width=39) (actual time=34605.991..44736.779 rows=3279696 loops=1)
                                                               Hash Cond: ((partsupp.ps_suppkey = lineitem.l_suppkey) AND (partsupp.ps_partkey = lineitem.l_partkey))
                                                               Extra Text: (seg1)   Initial batch 0:
 (seg1)     Wrote 180191K bytes to inner workfile.
 (seg1)     Wrote 263805K bytes to outer workfile.
 (seg1)   Initial batches 1..15:
 (seg1)     Read 180191K bytes from inner workfile: 12013K avg x 15 nonempty batches, 12167K max.
 (seg1)     Read 263805K bytes from outer workfile: 17587K avg x 15 nonempty batches, 17616K max.
 (seg1)   Work file set: 15 files (0 compressed), max file size 12451840, min file size 32768, compression buffer size 0 bytes
 (seg1)   Hash chain length 8.3 avg, 42 max, using 394749 of 2097152 buckets.
                                                               ->  Seq Scan on partsupp  (cost=0.00..118832.00 rows=8000000 width=14) (actual time=0.112..2326.692 rows=8004645 loops=1)
                                                               ->  Hash  (cost=1353144.18..1353144.18 rows=6060551 width=37) (actual time=34604.756..34604.757 rows=3279696 loops=1)
                                                                     Buckets: 131072  Batches: 16  Memory Usage: 15400kB
                                                                     ->  Redistribute Motion 3:3  (slice5; segments: 3)  (cost=50209.57..1353144.18 rows=6060551 width=37) (actual time=857.511..33529.690 rows=3279696 loops=1)
                                                                           Hash Key: lineitem.l_partkey, lineitem.l_suppkey
                                                                           ->  Hash Join  (cost=50209.57..1231933.16 rows=6060551 width=37) (actual time=853.328..31935.813 rows=3273928 loops=1)
                                                                                 Hash Cond: (lineitem.l_partkey = part.p_partkey)
                                                                                 Extra Text: (seg0)   Hash chain length 1.8 avg, 8 max, using 186790 of 262144 buckets.
                                                                                 ->  Seq Scan on lineitem  (cost=0.00..884422.56 rows=59999456 width=33) (actual time=0.208..11771.072 rows=60003310 loops=1)
                                                                                 ->  Hash  (cost=42633.81..42633.81 rows=606061 width=4) (actual time=851.706..851.706 rows=327282 loops=1)
                                                                                       Buckets: 262144  Batches: 1  Memory Usage: 13555kB
                                                                                       ->  Broadcast Motion 3:3  (slice6; segments: 3)  (cost=0.00..42633.81 rows=606061 width=4) (actual time=2.984..768.010 rows=327282 loops=1)
                                                                                             ->  Seq Scan on part  (cost=0.00..34553.00 rows=202020 width=4) (actual time=0.149..806.033 rows=109230 loops=1)
                                                                                                   Filter: ((p_name)::text ~~ '%navajo%'::text)
                                                                                                   Rows Removed by Filter: 1890204
                                 ->  Hash  (cost=1507.00..1507.00 rows=100000 width=8) (actual time=54.501..54.502 rows=100172 loops=1)
                                       Buckets: 131072  Batches: 1  Memory Usage: 4937kB
                                       ->  Seq Scan on supplier  (cost=0.00..1507.00 rows=100000 width=8) (actual time=0.038..24.358 rows=100172 loops=1)
                           ->  Hash  (cost=1.42..1.42 rows=25 width=30) (actual time=0.478..0.479 rows=25 loops=1)
                                 Buckets: 65536  Batches: 1  Memory Usage: 514kB
                                 ->  Broadcast Motion 3:3  (slice7; segments: 3)  (cost=0.00..1.42 rows=25 width=30) (actual time=0.187..0.462 rows=25 loops=1)
                                       ->  Seq Scan on nation  (cost=0.00..1.08 rows=8 width=30) (actual time=0.024..0.028 rows=10 loops=1)
 Optimizer: Postgres-based planner
 Planning Time: 4.890 ms
   (slice0)    Executor memory: 180K bytes.
 * (slice1)    Executor memory: 31003K bytes avg x 3 workers, 31342K bytes max (seg0).  Work_mem: 31291K bytes max, 626228K bytes wanted.
   (slice2)    Executor memory: 5559K bytes avg x 3 workers, 5569K bytes max (seg1).  Work_mem: 4937K bytes max.
 * (slice3)    Executor memory: 33762K bytes avg x 3 workers, 33765K bytes max (seg0).  Work_mem: 31417K bytes max, 243844K bytes wanted.
 * (slice4)    Executor memory: 16482K bytes avg x 3 workers, 16514K bytes max (seg1).  Work_mem: 15400K bytes max, 231628K bytes wanted.
   (slice5)    Executor memory: 14904K bytes avg x 3 workers, 14904K bytes max (seg0).  Work_mem: 13555K bytes max.
   (slice6)    Executor memory: 38K bytes avg x 3 workers, 38K bytes max (seg0).
   (slice7)    Executor memory: 38K bytes avg x 3 workers, 38K bytes max (seg0).
 Memory used:  128000kB
 Memory wanted:  3759262kB
 Execution Time: 83455.967 ms
(79 rows)

