                                                                                    QUERY PLAN                                                                                     
-----------------------------------------------------------------------------------------------------------------------------------------------------------------------------------
 Finalize Aggregate  (cost=1268255.41..1268255.43 rows=1 width=32) (actual time=19776.144..19776.150 rows=1 loops=1)
   ->  Gather Motion 3:1  (slice1; segments: 3)  (cost=1268255.33..1268255.38 rows=3 width=64) (actual time=19708.247..19776.109 rows=3 loops=1)
         ->  Partial Aggregate  (cost=1268255.33..1268255.34 rows=1 width=64) (actual time=19706.883..19706.886 rows=1 loops=1)
               ->  Hash Join  (cost=1209011.96..1255013.41 rows=756681 width=33) (actual time=17688.716..19102.949 rows=748754 loops=1)
                     Hash Cond: (part.p_partkey = lineitem.l_partkey)
                     Extra Text: (seg0)   Hash chain length 2.1 avg, 12 max, using 364720 of 524288 buckets.
                     ->  Seq Scan on part  (cost=0.00..29553.00 rows=2000000 width=25) (actual time=0.118..426.691 rows=2001127 loops=1)
                     ->  Hash  (cost=1199553.45..1199553.45 rows=756681 width=16) (actual time=17687.182..17687.183 rows=748754 loops=1)
                           Buckets: 524288  Batches: 1  Memory Usage: 41395kB
                           ->  Redistribute Motion 3:3  (slice2; segments: 3)  (cost=0.00..1199553.45 rows=756681 width=16) (actual time=10196.924..17501.205 rows=748754 loops=1)
                                 Hash Key: lineitem.l_partkey
                                 ->  Seq Scan on lineitem  (cost=0.00..1184419.84 rows=756681 width=16) (actual time=9392.075..16954.446 rows=748419 loops=1)
                                       Filter: ((l_shipdate >= '1996-04-01'::date) AND (l_shipdate < '1996-05-01 00:00:00'::timestamp without time zone))
                                       Rows Removed by Filter: 59254891
 Optimizer: Postgres-based planner
 Planning Time: 9.805 ms
   (slice0)    Executor memory: 69K bytes.
   (slice1)    Executor memory: 43697K bytes avg x 3 workers, 43730K bytes max (seg0).  Work_mem: 41395K bytes max.
   (slice2)    Executor memory: 38K bytes avg x 3 workers, 38K bytes max (seg0).
 Memory used:  128000kB
 Execution Time: 19787.220 ms
(21 rows)

