                                                                                                       QUERY PLAN                                                                                                        
-------------------------------------------------------------------------------------------------------------------------------------------------------------------------------------------------------------------------
 Gather Motion 3:1  (slice1; segments: 3)  (cost=2418251.93..2551973.47 rows=9439167 width=48) (actual time=55793.759..56038.196 rows=340729 loops=1)
   Merge Key: (sum((lineitem.l_extendedprice * ('1'::numeric - lineitem.l_discount)))), orders.o_orderdate
   ->  Sort  (cost=2418251.93..2426117.91 rows=3146389 width=48) (actual time=55788.700..55809.157 rows=114073 loops=1)
         Sort Key: (sum((lineitem.l_extendedprice * ('1'::numeric - lineitem.l_discount)))) DESC, orders.o_orderdate
         Sort Method:  quicksort  Memory: 38499kB
         Executor Memory: 30523kB  Segments: 3  Max: 10206kB (segment 1)
         ->  HashAggregate  (cost=2009767.71..2054474.71 rows=3146389 width=48) (actual time=55645.493..55727.960 rows=114073 loops=1)
               Group Key: lineitem.l_orderkey, orders.o_orderdate, orders.o_shippriority
               Planned Partitions: 8
               Extra Text: (seg0)   hash table(s): 1; chain length 2.1 avg, 5 max; using 113815 of 524288 buckets; total 0 expansions.
 
               ->  Redistribute Motion 3:3  (slice2; segments: 3)  (cost=452642.24..1941063.35 rows=3146389 width=28) (actual time=16779.570..55223.921 rows=301112 loops=1)
                     Hash Key: orders.o_orderdate, lineitem.l_orderkey, orders.o_shippriority
                     ->  Hash Join  (cost=452642.24..1878135.57 rows=3146389 width=28) (actual time=16789.472..55416.590 rows=300335 loops=1)
                           Hash Cond: (lineitem.l_orderkey = orders.o_orderkey)
                           Extra Text: (seg0)   Initial batch 0:
 (seg0)     Wrote 116084K bytes to inner workfile.
 (seg0)     Wrote 975116K bytes to outer workfile.
 (seg0)   Initial batches 1..3:
 (seg0)     Read 116084K bytes from inner workfile: 38695K avg x 3 nonempty batches, 38709K max.
 (seg0)     Read 975116K bytes from outer workfile: 325039K avg x 3 nonempty batches, 325251K max.
 (seg0)   Work file set: 3 files (0 compressed), max file size 39616512, min file size 32768, compression buffer size 0 bytes
 (seg0)   Hash chain length 4.3 avg, 17 max, using 1033180 of 1048576 buckets.
                           ->  Seq Scan on lineitem  (cost=0.00..1036185.20 rows=32324342 width=20) (actual time=7208.498..18640.112 rows=32127438 loops=1)
                                 Filter: (l_shipdate > '1995-03-24'::date)
                                 Rows Removed by Filter: 27874522
                           ->  Hash  (cost=392542.57..392542.57 rows=4380213 width=16) (actual time=9462.810..9462.810 rows=4405986 loops=1)
                                 Buckets: 262144  Batches: 4  Memory Usage: 53801kB
                                 ->  Broadcast Motion 3:3  (slice3; segments: 3)  (cost=45612.78..392542.57 rows=4380213 width=16) (actual time=705.544..8496.930 rows=4405986 loops=1)
                                       ->  Hash Join  (cost=45612.78..334139.73 rows=1460071 width=16) (actual time=705.558..8610.208 rows=1469972 loops=1)
                                             Hash Cond: (orders.o_custkey = customer.c_custkey)
                                             Extra Text: (seg0)   Hash chain length 3.6 avg, 15 max, using 253590 of 262144 buckets.
                                             ->  Seq Scan on orders  (cost=0.00..254011.00 rows=7339499 width=20) (actual time=0.091..3980.076 rows=7345733 loops=1)
                                                   Filter: (o_orderdate < '1995-03-24'::date)
                                                   Rows Removed by Filter: 7657558
                                             ->  Hash  (cost=34422.78..34422.78 rows=895200 width=4) (actual time=704.129..704.130 rows=900602 loops=1)
                                                   Buckets: 262144  Batches: 1  Memory Usage: 33710kB
                                                   ->  Broadcast Motion 3:3  (slice4; segments: 3)  (cost=9868.78..34422.78 rows=895200 width=4) (actual time=179.146..504.362 rows=900602 loops=1)
                                                         ->  Bitmap Heap Scan on customer  (cost=9868.78..22486.78 rows=298400 width=4) (actual time=177.016..588.184 rows=300807 loops=1)
                                                               Recheck Cond: (c_mktsegment = 'HOUSEHOLD'::bpchar)
                                                               ->  Bitmap Index Scan on customer_c_mktsegment_c_custkey_idx  (cost=0.00..9794.18 rows=298400 width=0) (actual time=174.507..174.507 rows=300807 loops=1)
                                                                     Index Cond: (c_mktsegment = 'HOUSEHOLD'::bpchar)
 Optimizer: Postgres-based planner
 Planning Time: 12.733 ms
   (slice0)    Executor memory: 12460K bytes.
 * (slice1)    Executor memory: 35395K bytes avg x 3 workers, 35496K bytes max (seg1).  Work_mem: 53265K bytes max, 53265K bytes wanted.
 * (slice2)    Executor memory: 54144K bytes avg x 3 workers, 54144K bytes max (seg0).  Work_mem: 53801K bytes max, 208579K bytes wanted.
   (slice3)    Executor memory: 37324K bytes avg x 3 workers, 37324K bytes max (seg0).  Work_mem: 33710K bytes max.
   (slice4)    Executor memory: 196854K bytes avg x 3 workers, 196854K bytes max (seg0).
 Memory used:  128000kB
 Memory wanted:  1043792kB
 Execution Time: 56081.591 ms
(52 rows)

