                                                                                                             QUERY PLAN                                                                                                              
-------------------------------------------------------------------------------------------------------------------------------------------------------------------------------------------------------------------------------------
 Gather Motion 3:1  (slice1; segments: 3)  (cost=420373.97..420374.28 rows=22 width=192) (actual time=9559.376..9573.372 rows=14088 loops=1)
   Merge Key: supplier.s_acctbal, nation.n_name, supplier.s_name, part.p_partkey
   ->  Sort  (cost=420373.97..420373.99 rows=7 width=192) (actual time=9532.906..9534.711 rows=4730 loops=1)
         Sort Key: supplier.s_acctbal DESC, nation.n_name, supplier.s_name, part.p_partkey
         Sort Method:  quicksort  Memory: 4485kB
         Executor Memory: 4179kB  Segments: 3  Max: 1403kB (segment 0)
         ->  Hash Join  (cost=374420.66..420373.86 rows=7 width=192) (actual time=7790.892..9529.090 rows=4730 loops=1)
               Hash Cond: ((partsupp_1.ps_partkey = part.p_partkey) AND ((min(partsupp_1.ps_supplycost)) = partsupp.ps_supplycost))
               Extra Text: (seg0)   Hash chain length 1.2 avg, 4 max, using 5335 of 16384 buckets.
               ->  HashAggregate  (cost=220828.80..238781.93 rows=1600000 width=36) (actual time=4493.420..5937.923 rows=1182996 loops=1)
                     Group Key: partsupp_1.ps_partkey
                     Planned Partitions: 8
                     Extra Text: (seg1)   hash table(s): 1; 1182996 groups total in 40 batches, 11437848 spill partitions; disk usage: 60960KB; chain length 2.3 avg, 11 max; using 1182996 of 10747904 buckets; total 0 expansions.
 
                     ->  Redistribute Motion 3:3  (slice2; segments: 3)  (cost=3677.30..205016.30 rows=1600000 width=10) (actual time=0.061..3784.725 rows=1604737 loops=1)
                           Hash Key: partsupp_1.ps_partkey
                           ->  Hash Join  (cost=3677.30..173016.30 rows=1600000 width=10) (actual time=100.032..3899.299 rows=1605731 loops=1)
                                 Hash Cond: (partsupp_1.ps_suppkey = supplier_1.s_suppkey)
                                 Extra Text: (seg1)   Hash chain length 1.2 avg, 5 max, using 48266 of 131072 buckets.
                                 ->  Seq Scan on partsupp partsupp_1  (cost=0.00..123339.00 rows=8000000 width=14) (actual time=0.039..1755.901 rows=8004645 loops=1)
                                 ->  Hash  (cost=2927.30..2927.30 rows=60000 width=4) (actual time=95.321..95.322 rows=60128 loops=1)
                                       Buckets: 131072  Batches: 1  Memory Usage: 3138kB
                                       ->  Broadcast Motion 3:3  (slice3; segments: 3)  (cost=2.30..2927.30 rows=60000 width=4) (actual time=3.942..77.333 rows=60128 loops=1)
                                             ->  Hash Join  (cost=2.30..2127.30 rows=20000 width=4) (actual time=3.995..81.278 rows=20111 loops=1)
                                                   Hash Cond: (supplier_1.s_nationkey = nation_1.n_nationkey)
                                                   Extra Text: (seg2)   Hash chain length 1.0 avg, 1 max, using 5 of 65536 buckets.
                                                   ->  Seq Scan on supplier supplier_1  (cost=0.00..1550.00 rows=100000 width=8) (actual time=0.456..44.959 rows=100172 loops=1)
                                                   ->  Hash  (cost=2.24..2.24 rows=5 width=4) (actual time=1.300..1.300 rows=5 loops=1)
                                                         Buckets: 65536  Batches: 1  Memory Usage: 513kB
                                                         ->  Broadcast Motion 3:3  (slice4; segments: 3)  (cost=1.05..2.24 rows=5 width=4) (actual time=0.993..1.281 rows=5 loops=1)
                                                               ->  Hash Join  (cost=1.05..2.18 rows=2 width=4) (actual time=1.734..2.014 rows=3 loops=1)
                                                                     Hash Cond: (nation_1.n_regionkey = region_1.r_regionkey)
                                                                     Extra Text: (seg0)   Hash chain length 1.0 avg, 1 max, using 1 of 65536 buckets.
                                                                     ->  Seq Scan on nation nation_1  (cost=0.00..1.08 rows=8 width=8) (actual time=0.435..0.438 rows=10 loops=1)
                                                                     ->  Hash  (cost=1.04..1.04 rows=1 width=4) (actual time=0.022..0.023 rows=1 loops=1)
                                                                           Buckets: 65536  Batches: 1  Memory Usage: 513kB
                                                                           ->  Broadcast Motion 3:3  (slice5; segments: 3)  (cost=0.00..1.04 rows=1 width=4) (actual time=0.008..0.011 rows=1 loops=1)
                                                                                 ->  Seq Scan on region region_1  (cost=0.00..1.02 rows=1 width=4) (actual time=0.352..0.355 rows=1 loops=1)
                                                                                       Filter: (r_name = 'EUROPE'::bpchar)
                                                                                       Rows Removed by Filter: 2
               ->  Hash  (cost=153387.03..153387.03 rows=13655 width=202) (actual time=3298.071..3298.071 rows=6419 loops=1)
                     Buckets: 16384  Batches: 1  Memory Usage: 1630kB
                     ->  Redistribute Motion 3:3  (slice6; segments: 3)  (cost=6334.05..153387.03 rows=13655 width=202) (actual time=158.058..3290.936 rows=6419 loops=1)
                           Hash Key: part.p_partkey
                           ->  Hash Join  (cost=6334.05..153113.92 rows=13655 width=202) (actual time=124.093..3294.636 rows=6449 loops=1)
                                 Hash Cond: (partsupp.ps_suppkey = supplier.s_suppkey)
                                 Extra Text: (seg2)   Hash chain length 1.7 avg, 8 max, using 11580 of 16384 buckets.
                                 ->  Redistribute Motion 3:3  (slice7; segments: 3)  (cost=3956.74..150344.03 rows=68276 width=44) (actual time=29.510..3179.883 rows=32130 loops=1)
                                       Hash Key: partsupp.ps_suppkey
                                       ->  Hash Join  (cost=3956.74..148978.51 rows=68276 width=44) (actual time=76.760..3278.802 rows=31974 loops=1)
                                             Hash Cond: (partsupp.ps_partkey = part.p_partkey)
                                             Extra Text: (seg0)   Hash chain length 1.2 avg, 5 max, using 20104 of 65536 buckets.
                                             ->  Seq Scan on partsupp  (cost=0.00..123339.00 rows=8000000 width=14) (actual time=0.604..2008.589 rows=8004645 loops=1)
                                             ->  Hash  (cost=3316.65..3316.65 rows=51207 width=30) (actual time=72.385..72.385 rows=23957 loops=1)
                                                   Buckets: 65536  Batches: 1  Memory Usage: 1963kB
                                                   ->  Broadcast Motion 3:3  (slice8; segments: 3)  (cost=0.18..3316.65 rows=51207 width=30) (actual time=2.249..64.771 rows=23957 loops=1)
                                                         ->  Index Scan using part_p_size_idx on part  (cost=0.18..2633.89 rows=17069 width=30) (actual time=2.766..67.696 rows=8102 loops=1)
                                                               Index Cond: (p_size = 1)
                                                               Filter: ((p_type)::text ~~ '%NICKEL'::text)
                                                               Rows Removed by Filter: 31674
                                 ->  Hash  (cost=2127.30..2127.30 rows=20000 width=166) (actual time=91.131..91.133 rows=20111 loops=1)
                                       Buckets: 16384  Batches: 1  Memory Usage: 4094kB
                                       ->  Hash Join  (cost=2.30..2127.30 rows=20000 width=166) (actual time=2.653..77.157 rows=20111 loops=1)
                                             Hash Cond: (supplier.s_nationkey = nation.n_nationkey)
                                             Extra Text: (seg2)   Hash chain length 1.0 avg, 1 max, using 5 of 65536 buckets.
                                             ->  Seq Scan on supplier  (cost=0.00..1550.00 rows=100000 width=144) (actual time=0.394..39.719 rows=100172 loops=1)
                                             ->  Hash  (cost=2.24..2.24 rows=5 width=30) (actual time=1.305..1.306 rows=5 loops=1)
                                                   Buckets: 65536  Batches: 1  Memory Usage: 513kB
                                                   ->  Broadcast Motion 3:3  (slice9; segments: 3)  (cost=1.05..2.24 rows=5 width=30) (actual time=1.027..1.285 rows=5 loops=1)
                                                         ->  Hash Join  (cost=1.05..2.18 rows=2 width=30) (actual time=2.193..2.478 rows=3 loops=1)
                                                               Hash Cond: (nation.n_regionkey = region.r_regionkey)
                                                               Extra Text: (seg0)   Hash chain length 1.0 avg, 1 max, using 1 of 65536 buckets.
                                                               ->  Seq Scan on nation  (cost=0.00..1.08 rows=8 width=34) (actual time=0.259..0.262 rows=10 loops=1)
                                                               ->  Hash  (cost=1.04..1.04 rows=1 width=4) (actual time=0.018..0.019 rows=1 loops=1)
                                                                     Buckets: 65536  Batches: 1  Memory Usage: 513kB
                                                                     ->  Broadcast Motion 3:3  (slice10; segments: 3)  (cost=0.00..1.04 rows=1 width=4) (actual time=0.006..0.009 rows=1 loops=1)
                                                                           ->  Seq Scan on region  (cost=0.00..1.02 rows=1 width=4) (actual time=0.043..0.045 rows=1 loops=1)
                                                                                 Filter: (r_name = 'EUROPE'::bpchar)
                                                                                 Rows Removed by Filter: 2
 Optimizer: Postgres-based planner
 Planning Time: 22.947 ms
   (slice0)    Executor memory: 6381K bytes.
 * (slice1)    Executor memory: 15502K bytes avg x 3 workers, 15514K bytes max (seg1).  Work_mem: 30993K bytes max, 212113K bytes wanted.
   (slice2)    Executor memory: 3433K bytes avg x 3 workers, 3433K bytes max (seg0).  Work_mem: 3138K bytes max.
   (slice3)    Executor memory: 575K bytes avg x 3 workers, 575K bytes max (seg0).  Work_mem: 513K bytes max.
   (slice4)    Executor memory: 574K bytes avg x 3 workers, 574K bytes max (seg0).  Work_mem: 513K bytes max.
   (slice5)    Executor memory: 39K bytes avg x 3 workers, 39K bytes max (seg0).
   (slice6)    Executor memory: 4773K bytes avg x 3 workers, 4783K bytes max (seg0).  Work_mem: 4094K bytes max.
   (slice7)    Executor memory: 2055K bytes avg x 3 workers, 2055K bytes max (seg0).  Work_mem: 1963K bytes max.
   (slice8)    Executor memory: 53K bytes avg x 3 workers, 53K bytes max (seg0).
   (slice9)    Executor memory: 574K bytes avg x 3 workers, 574K bytes max (seg0).  Work_mem: 513K bytes max.
   (slice10)   Executor memory: 39K bytes avg x 3 workers, 39K bytes max (seg0).
 Memory used:  128000kB
 Memory wanted:  2123820kB
 Execution Time: 9622.770 ms
(95 rows)

