                                                                           QUERY PLAN                                                                           
----------------------------------------------------------------------------------------------------------------------------------------------------------------
 Finalize Aggregate  (cost=1395538.29..1395538.30 rows=1 width=32) (actual time=6771.156..6771.158 rows=1 loops=1)
   ->  Gather Motion 3:1  (slice1; segments: 3)  (cost=1395538.22..1395538.27 rows=3 width=32) (actual time=6744.577..6771.131 rows=3 loops=1)
         ->  Partial Aggregate  (cost=1395538.22..1395538.23 rows=1 width=32) (actual time=6737.251..6737.252 rows=1 loops=1)
               ->  Bitmap Heap Scan on lineitem  (cost=1000.89..1376908.33 rows=3725977 width=12) (actual time=37.991..6199.915 rows=1192679 loops=1)
                     Recheck Cond: ((l_shipdate >= '1995-01-01'::date) AND (l_shipdate < '1996-01-01 00:00:00'::timestamp without time zone))
                     Rows Removed by Index Recheck: 27021
                     Filter: ((l_discount >= 0.03) AND (l_discount <= 0.05) AND (l_quantity < '25'::numeric))
                     Rows Removed by Filter: 7917752
                     ->  Bitmap Index Scan on lineitem_l_shipdate_idx  (cost=0.00..69.40 rows=9335717 width=0) (actual time=24.952..24.952 rows=436160 loops=1)
                           Index Cond: ((l_shipdate >= '1995-01-01'::date) AND (l_shipdate < '1996-01-01 00:00:00'::timestamp without time zone))
 Optimizer: Postgres-based planner
 Planning Time: 10.835 ms
   (slice0)    Executor memory: 50K bytes.
   (slice1)    Executor memory: 700366K bytes avg x 3 workers, 700879K bytes max (seg1).
 Memory used:  128000kB
 Execution Time: 6923.130 ms
(16 rows)

