                                                                                   QUERY PLAN                                                                                   
--------------------------------------------------------------------------------------------------------------------------------------------------------------------------------
 Finalize Aggregate  (cost=1068014.55..1068014.56 rows=1 width=32) (actual time=3134.020..3134.022 rows=1 loops=1)
   ->  Gather Motion 3:1  (slice1; segments: 3)  (cost=1068014.46..1068014.51 rows=3 width=64) (actual time=3104.006..3133.981 rows=3 loops=1)
         ->  Partial Aggregate  (cost=1068014.46..1068014.47 rows=1 width=64) (actual time=3102.481..3102.483 rows=1 loops=1)
               ->  Hash Join  (cost=1008169.09..1054772.55 rows=756681 width=33) (actual time=834.682..2515.171 rows=748754 loops=1)
                     Hash Cond: (part.p_partkey = lineitem.l_partkey)
                     Extra Text: (seg0)   Hash chain length 3.1 avg, 16 max, using 237865 of 262144 buckets.
                     ->  Seq Scan on part  (cost=0.00..30155.00 rows=2000000 width=25) (actual time=0.133..484.334 rows=2001127 loops=1)
                     ->  Hash  (cost=998710.59..998710.59 rows=756681 width=16) (actual time=832.877..832.877 rows=748754 loops=1)
                           Buckets: 262144  Batches: 1  Memory Usage: 39347kB
                           ->  Redistribute Motion 3:3  (slice2; segments: 3)  (cost=227.94..998710.59 rows=756681 width=16) (actual time=19.239..649.190 rows=748754 loops=1)
                                 Hash Key: lineitem.l_partkey
                                 ->  Bitmap Heap Scan on lineitem  (cost=227.94..983576.98 rows=756681 width=16) (actual time=16.313..520.866 rows=748419 loops=1)
                                       Recheck Cond: ((l_shipdate >= '1996-04-01'::date) AND (l_shipdate < '1996-05-01 00:00:00'::timestamp without time zone))
                                       Rows Removed by Index Recheck: 23069
                                       ->  Bitmap Index Scan on lineitem_l_shipdate_idx  (cost=0.00..38.77 rows=774739 width=0) (actual time=12.009..12.010 rows=36800 loops=1)
                                             Index Cond: ((l_shipdate >= '1996-04-01'::date) AND (l_shipdate < '1996-05-01 00:00:00'::timestamp without time zone))
 Optimizer: Postgres-based planner
 Planning Time: 8.961 ms
   (slice0)    Executor memory: 79K bytes.
   (slice1)    Executor memory: 41641K bytes avg x 3 workers, 41681K bytes max (seg0).  Work_mem: 39347K bytes max.
   (slice2)    Executor memory: 61279K bytes avg x 3 workers, 61279K bytes max (seg0).
 Memory used:  128000kB
 Execution Time: 3146.112 ms
(23 rows)

