                                                                                                         QUERY PLAN                                                                                                          
-----------------------------------------------------------------------------------------------------------------------------------------------------------------------------------------------------------------------------
 Gather Motion 3:1  (slice1; segments: 3)  (cost=1872797.94..1872804.24 rows=244 width=66) (actual time=86312.487..86312.564 rows=175 loops=1)
   Merge Key: nation.n_name, (date_part('year'::text, (orders.o_orderdate)::timestamp without time zone))
   ->  GroupAggregate  (cost=1872797.94..1872800.99 rows=81 width=66) (actual time=80712.858..86282.443 rows=65 loops=1)
         Group Key: nation.n_name, (date_part('year'::text, (orders.o_orderdate)::timestamp without time zone))
         ->  Sort  (cost=1872797.94..1872798.14 rows=81 width=57) (actual time=80658.398..81880.608 rows=3556531 loops=1)
               Sort Key: nation.n_name, (date_part('year'::text, (orders.o_orderdate)::timestamp without time zone)) DESC
               Sort Method:  external merge  Disk: 724128kB
               Executor Memory: 92855kB  Segments: 3  Max: 31291kB (segment 0)
               ->  Redistribute Motion 3:3  (slice2; segments: 3)  (cost=1600027.83..1872795.36 rows=81 width=57) (actual time=50226.432..76947.423 rows=3556531 loops=1)
                     Hash Key: nation.n_name, (date_part('year'::text, (orders.o_orderdate)::timestamp without time zone))
                     ->  Hash Join  (cost=1600027.83..1872793.73 rows=81 width=57) (actual time=50224.313..70492.044 rows=3284897 loops=1)
                           Hash Cond: (supplier.s_nationkey = nation.n_nationkey)
                           Extra Text: (seg2)   Hash chain length 1.0 avg, 1 max, using 25 of 65536 buckets.
                           ->  Hash Join  (cost=1600026.10..1872790.57 rows=81 width=31) (actual time=50223.597..67987.132 rows=3284897 loops=1)
                                 Hash Cond: (lineitem.l_suppkey = supplier.s_suppkey)
                                 Extra Text: (seg2)   Hash chain length 1.4 avg, 8 max, using 70028 of 131072 buckets.
                                 ->  Redistribute Motion 3:3  (slice3; segments: 3)  (cost=1597226.10..1869989.54 rows=81 width=35) (actual time=50125.342..65174.104 rows=3284897 loops=1)
                                       Hash Key: lineitem.l_suppkey
                                       ->  Hash Join  (cost=1597226.10..1869987.92 rows=81 width=35) (actual time=50210.787..71603.139 rows=3271675 loops=1)
                                             Hash Cond: (orders.o_orderkey = lineitem.l_orderkey)
                                             Extra Text: (seg2)   Initial batch 0:
 (seg2)     Wrote 191715K bytes to inner workfile.
 (seg2)     Wrote 1833080K bytes to outer workfile.
 (seg2)   Overflow batches 1..15:
 (seg2)     Read 281596K bytes from inner workfile: 18774K avg x 15 nonempty batches, 43688K max.
 (seg2)     Wrote 89882K bytes to inner workfile: 12841K avg x 7 overflowing batches, 30897K max.
 (seg2)     Read 1833080K bytes from outer workfile: 122206K avg x 15 nonempty batches, 122522K max.
 (seg2)   Work file set: 15 files (0 compressed), max file size 44728320, min file size 32768, compression buffer size 0 bytes
 (seg2)   Hash chain length 2.1 avg, 14 max, using 1581146 of 2097152 buckets.
                                             ->  Seq Scan on orders  (cost=0.00..216511.00 rows=15000000 width=12) (actual time=0.319..2870.835 rows=15003291 loops=1)
                                             ->  Hash  (cost=1597225.09..1597225.09 rows=81 width=39) (actual time=50209.472..50209.472 rows=3271675 loops=1)
                                                   Buckets: 131072 (originally 65536)  Batches: 16 (originally 1)  Memory Usage: 24417kB
                                                   ->  Redistribute Motion 3:3  (slice4; segments: 3)  (cost=303916.57..1597225.09 rows=81 width=39) (actual time=4702.584..49133.165 rows=3271675 loops=1)
                                                         Hash Key: lineitem.l_orderkey
                                                         ->  Hash Join  (cost=303916.57..1597223.46 rows=81 width=39) (actual time=4633.681..48087.052 rows=3279696 loops=1)
                                                               Hash Cond: ((lineitem.l_suppkey = partsupp.ps_suppkey) AND (lineitem.l_partkey = partsupp.ps_partkey))
                                                               Extra Text: (seg1)   Initial batch 0:
 (seg1)     Wrote 263805K bytes to inner workfile.
 (seg1)     Wrote 180191K bytes to outer workfile.
 (seg1)   Initial batches 1..15:
 (seg1)     Read 263805K bytes from inner workfile: 17587K avg x 15 nonempty batches, 17616K max.
 (seg1)     Read 180191K bytes from outer workfile: 12013K avg x 15 nonempty batches, 12167K max.
 (seg1)   Work file set: 15 files (0 compressed), max file size 18022400, min file size 32768, compression buffer size 0 bytes
 (seg1)   Hash chain length 3.9 avg, 17 max, using 2051131 of 2097152 buckets.
                                                               ->  Redistribute Motion 3:3  (slice5; segments: 3)  (cost=50811.57..1277483.00 rows=6060551 width=37) (actual time=0.035..37383.154 rows=3279696 loops=1)
                                                                     Hash Key: lineitem.l_partkey, lineitem.l_suppkey
                                                                     ->  Hash Join  (cost=50811.57..1156271.98 rows=6060551 width=37) (actual time=924.168..37771.826 rows=3273928 loops=1)
                                                                           Hash Cond: (lineitem.l_partkey = part.p_partkey)
                                                                           Extra Text: (seg0)   Hash chain length 2.7 avg, 12 max, using 120167 of 131072 buckets.
                                                                           ->  Seq Scan on lineitem  (cost=0.00..886186.56 rows=59999456 width=33) (actual time=0.131..11826.131 rows=60003310 loops=1)
                                                                           ->  Hash  (cost=43235.81..43235.81 rows=606061 width=4) (actual time=923.286..923.286 rows=327282 loops=1)
                                                                                 Buckets: 131072  Batches: 1  Memory Usage: 12531kB
                                                                                 ->  Broadcast Motion 3:3  (slice6; segments: 3)  (cost=0.00..43235.81 rows=606061 width=4) (actual time=3.116..855.107 rows=327282 loops=1)
                                                                                       ->  Seq Scan on part  (cost=0.00..35155.00 rows=202020 width=4) (actual time=0.092..826.252 rows=109230 loops=1)
                                                                                             Filter: ((p_name)::text ~~ '%navajo%'::text)
                                                                                             Rows Removed by Filter: 1890204
                                                               ->  Hash  (cost=123339.00..123339.00 rows=8000000 width=14) (actual time=4632.844..4632.845 rows=8004645 loops=1)
                                                                     Buckets: 131072  Batches: 16  Memory Usage: 24503kB
                                                                     ->  Seq Scan on partsupp  (cost=0.00..123339.00 rows=8000000 width=14) (actual time=0.057..2350.059 rows=8004645 loops=1)
                                 ->  Hash  (cost=1550.00..1550.00 rows=100000 width=8) (actual time=97.900..97.901 rows=100172 loops=1)
                                       Buckets: 131072  Batches: 1  Memory Usage: 4937kB
                                       ->  Seq Scan on supplier  (cost=0.00..1550.00 rows=100000 width=8) (actual time=0.075..55.411 rows=100172 loops=1)
                           ->  Hash  (cost=1.42..1.42 rows=25 width=30) (actual time=0.028..0.028 rows=25 loops=1)
                                 Buckets: 65536  Batches: 1  Memory Usage: 514kB
                                 ->  Broadcast Motion 3:3  (slice7; segments: 3)  (cost=0.00..1.42 rows=25 width=30) (actual time=0.008..0.017 rows=25 loops=1)
                                       ->  Seq Scan on nation  (cost=0.00..1.08 rows=8 width=30) (actual time=0.061..0.065 rows=10 loops=1)
 Optimizer: Postgres-based planner
 Planning Time: 22.312 ms
   (slice0)    Executor memory: 178K bytes.
 * (slice1)    Executor memory: 31003K bytes avg x 3 workers, 31342K bytes max (seg0).  Work_mem: 31291K bytes max, 626228K bytes wanted.
   (slice2)    Executor memory: 5559K bytes avg x 3 workers, 5569K bytes max (seg1).  Work_mem: 4937K bytes max.
 * (slice3)    Executor memory: 27134K bytes avg x 3 workers, 27136K bytes max (seg0).  Work_mem: 24417K bytes max, 243844K bytes wanted.
 * (slice4)    Executor memory: 25585K bytes avg x 3 workers, 25611K bytes max (seg2).  Work_mem: 24503K bytes max, 376242K bytes wanted.
   (slice5)    Executor memory: 13880K bytes avg x 3 workers, 13880K bytes max (seg0).  Work_mem: 12531K bytes max.
   (slice6)    Executor memory: 38K bytes avg x 3 workers, 38K bytes max (seg0).
   (slice7)    Executor memory: 38K bytes avg x 3 workers, 38K bytes max (seg0).
 Memory used:  128000kB
 Memory wanted:  3759262kB
 Execution Time: 86362.993 ms
(79 rows)

