CREATE VIEW
                                                                                                                       QUERY PLAN                                                                                                                       
--------------------------------------------------------------------------------------------------------------------------------------------------------------------------------------------------------------------------------------------------------
 Gather Motion 3:1  (slice1; segments: 3)  (cost=1031036.50..1031040.94 rows=313 width=103) (actual time=6923.785..6923.790 rows=1 loops=1)
   Merge Key: supplier.s_suppkey
   InitPlan 1 (returns $0)  (slice3)
     ->  Finalize Aggregate  (cost=1028433.70..1028433.71 rows=1 width=32) (actual time=6984.156..6984.156 rows=1 loops=1)
           ->  Gather Motion 3:1  (slice4; segments: 3)  (cost=1028433.64..1028433.69 rows=3 width=32) (actual time=6979.679..6984.119 rows=3 loops=1)
                 ->  Partial Aggregate  (cost=1028433.64..1028433.65 rows=1 width=32) (actual time=6980.543..6980.544 rows=1 loops=1)
                       ->  Finalize HashAggregate  (cost=1025821.58..1027127.61 rows=104483 width=36) (actual time=6695.044..6971.365 rows=100172 loops=1)
                             Group Key: lineitem_1.l_suppkey
                             Extra Text: (seg0)   hash table(s): 1; 99877 groups total in 4 batches, 628944 spill partitions; disk usage: 14080KB; chain length 2.2 avg, 7 max; using 99877 of 655360 buckets; total 0 expansions.
 
                             ->  Redistribute Motion 3:3  (slice5; segments: 3)  (cost=1013284.95..1023470.96 rows=313416 width=36) (actual time=3808.851..6313.699 rows=300379 loops=1)
                                   Hash Key: lineitem_1.l_suppkey
                                   ->  Partial HashAggregate  (cost=1013284.95..1017202.64 rows=313416 width=36) (actual time=3806.794..6531.977 rows=299862 loops=1)
                                         Group Key: lineitem_1.l_suppkey
                                         Extra Text: (seg0)   hash table(s): 1; 299859 groups total in 20 batches, 7424108 spill partitions; disk usage: 93536KB; chain length 2.1 avg, 5 max; using 299859 of 5505024 buckets; total 0 expansions.
 
                                         ->  Bitmap Heap Scan on lineitem lineitem_1  (cost=636.26..989620.73 rows=2366421 width=16) (actual time=7.910..1217.973 rows=2295994 loops=1)
                                               Recheck Cond: ((l_shipdate >= '1997-05-01'::date) AND (l_shipdate < '1997-08-01 00:00:00'::timestamp without time zone))
                                               Rows Removed by Index Recheck: 25031
                                               ->  Bitmap Index Scan on lineitem_l_shipdate_idx  (cost=0.00..44.66 rows=2420202 width=0) (actual time=5.724..5.724 rows=110720 loops=1)
                                                     Index Cond: ((l_shipdate >= '1997-05-01'::date) AND (l_shipdate < '1997-08-01 00:00:00'::timestamp without time zone))
   ->  Sort  (cost=1031036.50..1031036.76 rows=104 width=103) (actual time=6923.031..6923.036 rows=1 loops=1)
         Sort Key: supplier.s_suppkey
         Sort Method:  quicksort  Memory: 75kB
         Executor Memory: 177kB  Segments: 3  Max: 59kB (segment 0)
         ->  Hash Join  (cost=1029219.45..1031033.00 rows=104 width=103) (actual time=6896.607..6922.873 rows=1 loops=1)
               Hash Cond: (supplier.s_suppkey = revenue0.supplier_no)
               Extra Text: (seg0)   Hash chain length 1.0 avg, 1 max, using 1 of 65536 buckets.
               ->  Seq Scan on supplier  (cost=0.00..1550.00 rows=100000 width=71) (actual time=0.035..21.775 rows=99877 loops=1)
               ->  Hash  (cost=1029218.15..1029218.15 rows=104 width=36) (actual time=6884.797..6884.798 rows=1 loops=1)
                     Buckets: 65536  Batches: 1  Memory Usage: 513kB
                     ->  Subquery Scan on revenue0  (cost=1027388.66..1029218.15 rows=104 width=36) (actual time=6825.197..6884.792 rows=1 loops=1)
                           ->  Finalize HashAggregate  (cost=1027388.66..1029217.10 rows=104 width=36) (actual time=6825.195..6884.788 rows=1 loops=1)
                                 Group Key: lineitem.l_suppkey
                                 Filter: (sum((lineitem.l_extendedprice * ('1'::numeric - lineitem.l_discount))) = $0)
                                 Rows Removed by Filter: 99876
                                 Extra Text: (seg0)   hash table(s): 1; 99877 groups total in 4 batches, 628972 spill partitions; disk usage: 14080KB; chain length 2.2 avg, 7 max; using 99877 of 655360 buckets; total 0 expansions.
 
                                 ->  Redistribute Motion 3:3  (slice2; segments: 3)  (cost=1013284.95..1023470.96 rows=313416 width=36) (actual time=3690.038..6243.014 rows=300379 loops=1)
                                       Hash Key: lineitem.l_suppkey
                                       ->  Partial HashAggregate  (cost=1013284.95..1017202.64 rows=313416 width=36) (actual time=3695.813..6394.070 rows=299862 loops=1)
                                             Group Key: lineitem.l_suppkey
                                             Extra Text: (seg0)   hash table(s): 1; 299859 groups total in 20 batches, 7424108 spill partitions; disk usage: 93536KB; chain length 2.1 avg, 5 max; using 299859 of 5505024 buckets; total 0 expansions.
 
                                             ->  Bitmap Heap Scan on lineitem  (cost=636.26..989620.73 rows=2366421 width=16) (actual time=6.386..1139.536 rows=2295994 loops=1)
                                                   Recheck Cond: ((l_shipdate >= '1997-05-01'::date) AND (l_shipdate < '1997-08-01 00:00:00'::timestamp without time zone))
                                                   Rows Removed by Index Recheck: 25031
                                                   ->  Bitmap Index Scan on lineitem_l_shipdate_idx  (cost=0.00..44.66 rows=2420202 width=0) (actual time=4.890..4.890 rows=110720 loops=1)
                                                         Index Cond: ((l_shipdate >= '1997-05-01'::date) AND (l_shipdate < '1997-08-01 00:00:00'::timestamp without time zone))
 Optimizer: Postgres-based planner
 Planning Time: 4.383 ms
   (slice0)    Executor memory: 18643K bytes.
 * (slice1)    Executor memory: 16407K bytes avg x 3 workers, 16414K bytes max (seg2).  Work_mem: 35985K bytes max, 68625K bytes wanted.
 * (slice2)    Executor memory: 196372K bytes avg x 3 workers, 196372K bytes max (seg0).  Work_mem: 30897K bytes max, 137233K bytes wanted.
   (slice3)    Executor memory: 18599K bytes.
 * (slice4)    Executor memory: 15874K bytes avg x 3 workers, 15889K bytes max (seg2).  Work_mem: 35985K bytes max, 68625K bytes wanted.
 * (slice5)    Executor memory: 196372K bytes avg x 3 workers, 196372K bytes max (seg0).  Work_mem: 30897K bytes max, 137233K bytes wanted.
 Memory used:  128000kB
 Memory wanted:  1098956kB
 Execution Time: 13922.423 ms
(60 rows)

DROP VIEW
