                                                                                                                 QUERY PLAN                                                                                                                 
--------------------------------------------------------------------------------------------------------------------------------------------------------------------------------------------------------------------------------------------
 Gather Motion 3:1  (slice1; segments: 3)  (cost=1261974.13..1261974.20 rows=5 width=24) (actual time=58671.695..58671.702 rows=5 loops=1)
   Merge Key: orders.o_orderpriority
   ->  Sort  (cost=1261974.13..1261974.13 rows=2 width=24) (actual time=58665.365..58665.382 rows=2 loops=1)
         Sort Key: orders.o_orderpriority
         Sort Method:  quicksort  Memory: 75kB
         Executor Memory: 177kB  Segments: 3  Max: 59kB (segment 0)
         ->  Finalize HashAggregate  (cost=1261974.10..1261974.12 rows=2 width=24) (actual time=58665.253..58665.264 rows=2 loops=1)
               Group Key: orders.o_orderpriority
               Extra Text: (seg0)   hash table(s): 1; chain length 1.0 avg, 1 max; using 2 of 4 buckets; total 1 expansions.
 
               ->  Redistribute Motion 3:3  (slice2; segments: 3)  (cost=1261973.93..1261974.08 rows=5 width=24) (actual time=58661.319..58665.212 rows=6 loops=1)
                     Hash Key: orders.o_orderpriority
                     ->  Partial HashAggregate  (cost=1261973.93..1261973.98 rows=5 width=24) (actual time=58662.311..58662.315 rows=5 loops=1)
                           Group Key: orders.o_orderpriority
                           Extra Text: (seg0)   hash table(s): 1; chain length 1.0 avg, 1 max; using 5 of 8 buckets; total 0 expansions.
 
                           ->  HashAggregate  (cost=1257719.38..1260555.74 rows=283636 width=16) (actual time=58177.178..58489.747 rows=520892 loops=1)
                                 Group Key: (RowIdExpr)
                                 Extra Text: (seg0)   hash table(s): 1; 519250 groups total in 4 batches, 1328840 spill partitions; disk usage: 15104KB; chain length 2.9 avg, 18 max; using 519250 of 5242880 buckets; total 1 expansions.
 
                                 ->  Redistribute Motion 3:3  (slice3; segments: 3)  (cost=117884.48..1257010.29 rows=283636 width=16) (actual time=25707.237..57087.684 rows=1434923 loops=1)
                                       Hash Key: (RowIdExpr)
                                       ->  Hash Join  (cost=117884.48..1251337.57 rows=283636 width=16) (actual time=25423.138..57047.002 rows=1434573 loops=1)
                                             Hash Cond: (lineitem.l_orderkey = orders.o_orderkey)
                                             Extra Text: (seg0)   Initial batch 0:
 (seg0)     Wrote 43143K bytes to inner workfile.
 (seg0)     Wrote 2672416K bytes to outer workfile.
 (seg0)   Initial batch 1:
 (seg0)     Read 43143K bytes from inner workfile.
 (seg0)     Read 2672430K bytes from outer workfile.
 (seg0)   Work file set: 1 files (0 compressed), max file size 44171264, min file size 32768, compression buffer size 0 bytes
 (seg0)   Hash chain length 3.4 avg, 14 max, using 503718 of 524288 buckets.
                                             ->  Seq Scan on lineitem  (cost=0.00..1036185.20 rows=19999819 width=8) (actual time=0.823..21902.102 rows=37938467 loops=1)
                                                   Filter: (l_commitdate < l_receiptdate)
                                                   Rows Removed by Filter: 22064843
                                             ->  Hash  (cost=97134.82..97134.82 rows=1659973 width=24) (actual time=891.889..891.889 rows=1701175 loops=1)
                                                   Buckets: 262144  Batches: 2  Memory Usage: 55273kB
                                                   ->  Broadcast Motion 3:3  (slice4; segments: 3)  (cost=156.18..97134.82 rows=1659973 width=24) (actual time=5.244..504.683 rows=1701175 loops=1)
                                                         ->  Bitmap Heap Scan on orders  (cost=156.18..75001.85 rows=553324 width=24) (actual time=5.802..447.860 rows=567512 loops=1)
                                                               Recheck Cond: ((o_orderdate >= '1996-09-01'::date) AND (o_orderdate < '1996-12-01 00:00:00'::timestamp without time zone))
                                                               Rows Removed by Index Recheck: 2659
                                                               ->  Bitmap Index Scan on orders_o_orderdate_idx  (cost=0.00..17.85 rows=555645 width=0) (actual time=2.921..2.922 rows=25600 loops=1)
                                                                     Index Cond: ((o_orderdate >= '1996-09-01'::date) AND (o_orderdate < '1996-12-01 00:00:00'::timestamp without time zone))
 Optimizer: Postgres-based planner
 Planning Time: 10.883 ms
   (slice0)    Executor memory: 12392K bytes.
 * (slice1)    Executor memory: 59K bytes avg x 3 workers, 59K bytes max (seg0).  Work_mem: 59K bytes max, 24K bytes wanted.
 * (slice2)    Executor memory: 57552K bytes avg x 3 workers, 58427K bytes max (seg1).  Work_mem: 65681K bytes max, 81937K bytes wanted.
 * (slice3)    Executor memory: 55450K bytes avg x 3 workers, 55450K bytes max (seg0).  Work_mem: 55273K bytes max, 108372K bytes wanted.
   (slice4)    Executor memory: 43170K bytes avg x 3 workers, 43340K bytes max (seg1).
 Memory used:  128000kB
 Memory wanted:  650928kB
 Execution Time: 58706.197 ms
(53 rows)

