                                                                                      QUERY PLAN                                                                                      
--------------------------------------------------------------------------------------------------------------------------------------------------------------------------------------
 Gather Motion 3:1  (slice1; segments: 3)  (cost=752975.67..752976.23 rows=25 width=72) (actual time=12859.785..12859.789 rows=7 loops=1)
   Merge Key: ("substring"((customer.c_phone)::text, 1, 2))
   InitPlan 1 (returns $0)  (slice4)
     ->  Finalize Aggregate  (cost=34428.70..34428.71 rows=1 width=32) (actual time=666.291..666.291 rows=1 loops=1)
           ->  Gather Motion 3:1  (slice5; segments: 3)  (cost=34428.63..34428.68 rows=3 width=32) (actual time=664.158..666.269 rows=3 loops=1)
                 ->  Partial Aggregate  (cost=34428.63..34428.64 rows=1 width=32) (actual time=661.871..661.872 rows=1 loops=1)
                       ->  Bitmap Heap Scan on customer customer_1  (cost=14473.65..33424.08 rows=401820 width=6) (actual time=240.323..569.831 rows=382728 loops=1)
                             Recheck Cond: (("substring"((c_phone)::text, 1, 2) = ANY ('{25,30,13,20,17,19,32}'::text[])) AND (c_acctbal > 0.00))
                             ->  Bitmap Index Scan on customer_ios_test1  (cost=0.00..14373.19 rows=383331 width=0) (actual time=238.368..238.369 rows=382728 loops=1)
                                   Index Cond: (("substring"((c_phone)::text, 1, 2) = ANY ('{25,30,13,20,17,19,32}'::text[])) AND (c_acctbal > 0.00))
   ->  GroupAggregate  (cost=752975.67..752975.90 rows=8 width=72) (actual time=12837.446..12858.554 rows=3 loops=1)
         Group Key: ("substring"((customer.c_phone)::text, 1, 2))
         ->  Sort  (cost=752975.67..752975.69 rows=8 width=38) (actual time=12827.012..12832.228 rows=82147 loops=1)
               Sort Key: ("substring"((customer.c_phone)::text, 1, 2))
               Sort Method:  quicksort  Memory: 16625kB
               Executor Memory: 12143kB  Segments: 3  Max: 5643kB (segment 1)
               ->  Redistribute Motion 3:3  (slice2; segments: 3)  (cost=724211.01..752975.54 rows=8 width=38) (actual time=9379.099..12806.987 rows=82147 loops=1)
                     Hash Key: ("substring"((customer.c_phone)::text, 1, 2))
                     ->  Hash Anti Join  (cost=724211.01..752975.37 rows=8 width=38) (actual time=9231.135..12704.225 rows=63889 loops=1)
                           Hash Cond: (customer.c_custkey = orders.o_custkey)
                           Extra Text: (seg2)   Initial batch 0:
 (seg2)     Wrote 340870K bytes to inner workfile.
 (seg2)     Wrote 8684K bytes to outer workfile.
 (seg2)   Initial batches 1..31:
 (seg2)     Read 340870K bytes from inner workfile: 10996K avg x 31 nonempty batches, 11114K max.
 (seg2)     Read 8684K bytes from outer workfile: 281K avg x 31 nonempty batches, 288K max.
 (seg2)   Hash chain length 15.9 avg, 122 max, using 943175 of 8388608 buckets.
                           ->  Bitmap Heap Scan on customer  (cost=5550.01..18123.51 rows=243180 width=26) (actual time=196.692..509.155 rows=191505 loops=1)
                                 Recheck Cond: (("substring"((c_phone)::text, 1, 2) = ANY ('{25,30,13,20,17,19,32}'::text[])) AND (c_acctbal > $0))
                                 ->  Bitmap Index Scan on customer_ios_test1  (cost=0.00..5489.21 rows=140400 width=0) (actual time=194.985..194.985 rows=191505 loops=1)
                                       Index Cond: (("substring"((c_phone)::text, 1, 2) = ANY ('{25,30,13,20,17,19,32}'::text[])) AND (c_acctbal > $0))
                           ->  Hash  (cost=516512.00..516512.00 rows=15000000 width=4) (actual time=9005.889..9005.890 rows=15011435 loops=1)
                                 Buckets: 262144  Batches: 32  Memory Usage: 18549kB
                                 ->  Redistribute Motion 3:3  (slice3; segments: 3)  (cost=0.00..516512.00 rows=15000000 width=4) (actual time=0.103..6448.723 rows=15011435 loops=1)
                                       Hash Key: orders.o_custkey
                                       ->  Seq Scan on orders  (cost=0.00..216512.00 rows=15000000 width=4) (actual time=0.067..4055.506 rows=15003291 loops=1)
 Optimizer: Postgres query optimizer
 Planning Time: 4.048 ms
   (slice0)    Executor memory: 203K bytes.
   (slice1)    Executor memory: 4106K bytes avg x 3 workers, 5701K bytes max (seg1).  Work_mem: 5643K bytes max.
 * (slice2)    Executor memory: 218273K bytes avg x 3 workers, 218316K bytes max (seg0).  Work_mem: 18549K bytes max, 529794K bytes wanted.
   (slice3)    Executor memory: 38K bytes avg x 3 workers, 38K bytes max (seg0).
   (slice4)    Executor memory: 172K bytes.
   (slice5)    Executor memory: 196862K bytes avg x 3 workers, 196862K bytes max (seg0).
 Memory used:  128000kB
 Memory wanted:  2120275kB
 Execution Time: 13538.057 ms
(47 rows)

