                                                                                                   QUERY PLAN                                                                                                    
-----------------------------------------------------------------------------------------------------------------------------------------------------------------------------------------------------------------
 Limit  (cost=1451473.05..1451473.34 rows=20 width=201) (actual time=39246.465..39246.484 rows=20 loops=1)
   ->  Gather Motion 3:1  (slice1; segments: 3)  (cost=1451473.05..1451473.90 rows=60 width=201) (actual time=39246.463..39246.479 rows=20 loops=1)
         Merge Key: (sum((lineitem.l_extendedprice * ('1'::numeric - lineitem.l_discount))))
         ->  Limit  (cost=1451473.05..1451473.10 rows=20 width=201) (actual time=39035.433..39055.444 rows=20 loops=1)
               ->  Sort  (cost=1451401.51..1452116.93 rows=286166 width=201) (actual time=39035.432..39035.436 rows=20 loops=1)
                     Sort Key: (sum((lineitem.l_extendedprice * ('1'::numeric - lineitem.l_discount)))) DESC
                     Sort Method:  top-N heapsort  Memory: 100kB
                     Executor Memory: 177kB  Segments: 3  Max: 59kB (segment 0)
                     ->  HashAggregate  (cost=1440209.65..1443786.73 rows=286166 width=201) (actual time=37010.436..39022.833 rows=383465 loops=1)
                           Group Key: customer.c_custkey, customer.c_name, customer.c_acctbal, customer.c_phone, nation.n_name, customer.c_address, customer.c_comment
                           Planned Partitions: 4
                           Peak Memory Usage: 0 kB
                           ->  Hash Join  (cost=1396806.87..1433055.50 rows=286166 width=181) (actual time=32439.943..34970.356 rows=1146024 loops=1)
                                 Hash Cond: (customer.c_nationkey = nation.n_nationkey)
                                 Extra Text: (seg2)   Hash chain length 1.0 avg, 1 max, using 25 of 131072 buckets.
                                 ->  Hash Join  (cost=1396805.14..1429428.04 rows=286166 width=159) (actual time=32439.617..34546.758 rows=1146024 loops=1)
                                       Hash Cond: (customer.c_custkey = orders.o_custkey)
                                       Extra Text: (seg2)   Initial batch 0:
 (seg2)     Wrote 20956K bytes to inner workfile.
 (seg2)     Wrote 133319K bytes to outer workfile.
 (seg2)   Overflow batch 1:
 (seg2)     Read 20956K bytes from inner workfile.
 (seg2)     Read 133319K bytes from outer workfile.
 (seg2)   Hash chain length 4.2 avg, 41 max, using 272306 of 524288 buckets.
                                       ->  Seq Scan on customer  (cost=0.00..23888.00 rows=1500000 width=147) (actual time=0.143..333.621 rows=1501094 loops=1)
                                       ->  Hash  (cost=1393228.06..1393228.06 rows=286166 width=16) (actual time=32439.144..32439.145 rows=1146024 loops=1)
                                             Buckets: 262144 (originally 131072)  Batches: 2 (originally 1)  Memory Usage: 40453kB
                                             ->  Redistribute Motion 3:3  (slice2; segments: 3)  (cost=305919.97..1393228.06 rows=286166 width=16) (actual time=7974.581..32144.840 rows=1146024 loops=1)
                                                   Hash Key: orders.o_custkey
                                                   ->  Hash Join  (cost=305919.97..1387504.74 rows=286166 width=16) (actual time=7569.629..30958.297 rows=1145273 loops=1)
                                                         Hash Cond: (lineitem.l_orderkey = orders.o_orderkey)
                                                         Extra Text: (seg0)   Initial batch 0:
 (seg0)     Wrote 30237K bytes to inner workfile.
 (seg0)     Wrote 1043734K bytes to outer workfile.
 (seg0)   Initial batch 1:
 (seg0)     Read 30237K bytes from inner workfile.
 (seg0)     Read 1043734K bytes from outer workfile.
 (seg0)   Hash chain length 3.4 avg, 14 max, using 504462 of 524288 buckets.
                                                         ->  Seq Scan on lineitem  (cost=0.00..1036186.20 rows=14781866 width=20) (actual time=0.097..17258.515 rows=14812123 loops=1)
                                                               Filter: (l_returnflag = 'R'::bpchar)
                                                               Rows Removed by Filter: 45191187
                                                         ->  Hash  (cost=286120.68..286120.68 rows=1583943 width=12) (actual time=889.747..889.748 rows=1718066 loops=1)
                                                               Buckets: 262144  Batches: 2  Memory Usage: 42267kB
                                                               ->  Broadcast Motion 3:3  (slice3; segments: 3)  (cost=145.76..286120.68 rows=1583943 width=12) (actual time=2.445..506.959 rows=1718066 loops=1)
                                                                     ->  Bitmap Heap Scan on orders  (cost=145.76..265001.45 rows=527981 width=12) (actual time=17.626..376.172 rows=572976 loops=1)
                                                                           Recheck Cond: ((o_orderdate >= '1993-10-01'::date) AND (o_orderdate < '1994-01-01 00:00:00'::timestamp without time zone))
                                                                           Rows Removed by Index Recheck: 33151
                                                                           ->  Bitmap Index Scan on orders_o_orderdate_idx  (cost=0.00..13.76 rows=529185 width=0) (actual time=1.495..1.495 rows=26880 loops=1)
                                                                                 Index Cond: ((o_orderdate >= '1993-10-01'::date) AND (o_orderdate < '1994-01-01 00:00:00'::timestamp without time zone))
                                 ->  Hash  (cost=1.42..1.42 rows=25 width=30) (actual time=0.021..0.022 rows=25 loops=1)
                                       Buckets: 131072  Batches: 1  Memory Usage: 1026kB
                                       ->  Broadcast Motion 3:3  (slice4; segments: 3)  (cost=0.00..1.42 rows=25 width=30) (actual time=0.006..0.013 rows=25 loops=1)
                                             ->  Seq Scan on nation  (cost=0.00..1.08 rows=8 width=30) (actual time=0.021..0.024 rows=10 loops=1)
 Optimizer: Postgres query optimizer
 Planning Time: 7.256 ms
   (slice0)    Executor memory: 3216K bytes.
 * (slice1)    Executor memory: 62433K bytes avg x 3 workers, 62487K bytes max (seg1).  Work_mem: 44209K bytes max, 57410K bytes wanted.
 * (slice2)    Executor memory: 42575K bytes avg x 3 workers, 42575K bytes max (seg0).  Work_mem: 42267K bytes max, 82583K bytes wanted.
   (slice3)    Executor memory: 44706K bytes avg x 3 workers, 45390K bytes max (seg1).
   (slice4)    Executor memory: 38K bytes avg x 3 workers, 38K bytes max (seg0).
 Memory used:  128000kB
 Memory wanted:  496794kB
 Execution Time: 39258.581 ms
(63 rows)

