                                                                                         QUERY PLAN                                                                                          
---------------------------------------------------------------------------------------------------------------------------------------------------------------------------------------------
 Gather Motion 3:1  (slice1; segments: 3)  (cost=986958.68..986972.84 rows=1000 width=16) (actual time=29507.769..29507.785 rows=45 loops=1)
   Merge Key: (count(*)), (count(orders.o_orderkey))
   ->  Sort  (cost=986958.68..986959.51 rows=333 width=16) (actual time=29506.309..29506.325 rows=17 loops=1)
         Sort Key: (count(*)) DESC, (count(orders.o_orderkey)) DESC
         Sort Method:  quicksort  Memory: 75kB
         Executor Memory: 177kB  Segments: 3  Max: 59kB (segment 0)
         ->  Finalize HashAggregate  (cost=986941.38..986944.71 rows=333 width=16) (actual time=29506.191..29506.213 rows=17 loops=1)
               Group Key: (count(orders.o_orderkey))
               Peak Memory Usage: 0 kB
               ->  Redistribute Motion 3:3  (slice2; segments: 3)  (cost=986906.38..986936.38 rows=1000 width=16) (actual time=29430.381..29506.094 rows=51 loops=1)
                     Hash Key: (count(orders.o_orderkey))
                     ->  Partial HashAggregate  (cost=986906.38..986916.38 rows=1000 width=16) (actual time=29422.429..29422.446 rows=45 loops=1)
                           Group Key: count(orders.o_orderkey)
                           Peak Memory Usage: 0 kB
                           ->  HashAggregate  (cost=931280.78..964406.38 rows=1500000 width=12) (actual time=24026.458..29056.262 rows=1501094 loops=1)
                                 Group Key: customer.c_custkey
                                 Planned Partitions: 4
                                 Peak Memory Usage: 0 kB
                                 ->  Hash Right Join  (cost=42638.00..784535.99 rows=14848485 width=12) (actual time=750.127..16507.882 rows=15350270 loops=1)
                                       Hash Cond: (orders.o_custkey = customer.c_custkey)
                                       Extra Text: (seg2)   Initial batch 0:
 (seg2)     Wrote 17601K bytes to inner workfile.
 (seg2)     Wrote 231985K bytes to outer workfile.
 (seg2)   Initial batch 1:
 (seg2)     Read 17601K bytes from inner workfile.
 (seg2)     Read 231985K bytes from outer workfile.
 (seg2)   Hash chain length 1.9 avg, 11 max, using 798283 of 1048576 buckets.
                                       ->  Redistribute Motion 3:3  (slice3; segments: 3)  (cost=0.00..550981.70 rows=14848485 width=12) (actual time=0.052..5391.090 rows=14849651 loops=1)
                                             Hash Key: orders.o_custkey
                                             ->  Seq Scan on orders  (cost=0.00..254012.00 rows=14848485 width=12) (actual time=0.080..9097.554 rows=14842004 loops=1)
                                                   Filter: ((o_comment)::text !~~ '%express%accounts%'::text)
                                                   Rows Removed by Filter: 161287
                                       ->  Hash  (cost=23888.00..23888.00 rows=1500000 width=4) (actual time=748.599..748.600 rows=1501094 loops=1)
                                             Buckets: 524288  Batches: 2  Memory Usage: 30496kB
                                             ->  Seq Scan on customer  (cost=0.00..23888.00 rows=1500000 width=4) (actual time=0.047..394.782 rows=1501094 loops=1)
 Optimizer: Postgres query optimizer
 Planning Time: 3.041 ms
   (slice0)    Executor memory: 24726K bytes.
   (slice1)    Executor memory: 61K bytes avg x 3 workers, 61K bytes max (seg0).  Work_mem: 59K bytes max.
 * (slice2)    Executor memory: 74762K bytes avg x 3 workers, 74768K bytes max (seg0).  Work_mem: 65681K bytes max, 56869K bytes wanted.
   (slice3)    Executor memory: 38K bytes avg x 3 workers, 38K bytes max (seg0).
 Memory used:  128000kB
 Memory wanted:  284944kB
 Execution Time: 29559.567 ms
(44 rows)

