                                                                                                  QUERY PLAN                                                                                                  
--------------------------------------------------------------------------------------------------------------------------------------------------------------------------------------------------------------
 Finalize Aggregate  (cost=2935029.64..2935029.65 rows=1 width=32) (actual time=158617.943..158617.946 rows=1 loops=1)
   ->  Gather Motion 3:1  (slice1; segments: 3)  (cost=2935029.57..2935029.62 rows=3 width=32) (actual time=158344.307..158617.924 rows=3 loops=1)
         ->  Partial Aggregate  (cost=2935029.57..2935029.58 rows=1 width=32) (actual time=158447.297..158447.299 rows=1 loops=1)
               ->  Hash Join  (cost=1887548.73..2934786.51 rows=97223 width=8) (actual time=139353.084..158444.807 rows=5350 loops=1)
                     Hash Cond: (lineitem.l_partkey = part.p_partkey)
                     Join Filter: (lineitem.l_quantity < ((0.2 * avg(lineitem_1.l_quantity))))
                     Rows Removed by Join Filter: 54109
                     Extra Text: (seg0)   Hash chain length 1.0 avg, 3 max, using 5644 of 65536 buckets.
                     ->  Seq Scan on lineitem  (cost=0.00..886187.56 rows=59999456 width=17) (actual time=0.141..10819.069 rows=60003310 loops=1)
                     ->  Hash  (cost=1887184.14..1887184.14 rows=29167 width=40) (actual time=139350.572..139350.573 rows=5910 loops=1)
                           Buckets: 65536  Batches: 1  Memory Usage: 826kB
                           ->  Broadcast Motion 3:3  (slice2; segments: 3)  (cost=1824457.04..1887184.14 rows=29167 width=40) (actual time=129103.196..139348.965 rows=5910 loops=1)
                                 ->  Hash Join  (cost=1824457.04..1886795.24 rows=9722 width=40) (actual time=128234.635..138934.278 rows=2006 loops=1)
                                       Hash Cond: (lineitem_1.l_partkey = part.p_partkey)
                                       Extra Text: (seg0)   Hash chain length 1.0 avg, 2 max, using 1956 of 131072 buckets.
                                       ->  Finalize HashAggregate  (cost=1819014.58..1857788.12 rows=1858807 width=36) (actual time=128143.662..138867.999 rows=2001127 loops=1)
                                             Group Key: lineitem_1.l_partkey
                                             Planned Partitions: 8
                                             Peak Memory Usage: 0 kB
                                             ->  Redistribute Motion 3:3  (slice3; segments: 3)  (cost=1479150.93..1733625.80 rows=5576410 width=36) (actual time=50349.929..121427.583 rows=6003137 loops=1)
                                                   Hash Key: lineitem_1.l_partkey
                                                   ->  Partial HashAggregate  (cost=1479150.93..1622097.59 rows=5576410 width=36) (actual time=50438.266..123016.667 rows=5999772 loops=1)
                                                         Group Key: lineitem_1.l_partkey
                                                         Planned Partitions: 32
                                                         Peak Memory Usage: 0 kB
                                                         ->  Seq Scan on lineitem lineitem_1  (cost=0.00..886187.56 rows=59999456 width=9) (actual time=0.077..11012.553 rows=60003310 loops=1)
                                       ->  Hash  (cost=5311.70..5311.70 rows=10461 width=4) (actual time=80.834..80.835 rows=2006 loops=1)
                                             Buckets: 131072  Batches: 1  Memory Usage: 1095kB
                                             ->  Bitmap Heap Scan on part  (cost=102.41..5311.70 rows=10461 width=4) (actual time=21.852..79.802 rows=2006 loops=1)
                                                   Recheck Cond: ((p_container = 'SM BOX'::bpchar) AND (p_brand = 'Brand#53'::bpchar))
                                                   ->  Bitmap Index Scan on part_p_container_p_brand_p_partkey_idx  (cost=0.00..99.80 rows=2121 width=0) (actual time=21.502..21.502 rows=2006 loops=1)
                                                         Index Cond: ((p_container = 'SM BOX'::bpchar) AND (p_brand = 'Brand#53'::bpchar))
 Optimizer: Postgres query optimizer
 Planning Time: 5.759 ms
   (slice0)    Executor memory: 18577K bytes.
   (slice1)    Executor memory: 874K bytes avg x 3 workers, 874K bytes max (seg0).  Work_mem: 826K bytes max.
   (slice2)    Executor memory: 48245K bytes avg x 3 workers, 56445K bytes max (seg0).  Work_mem: 47377K bytes max.
   (slice3)    Executor memory: 23762K bytes avg x 3 workers, 23762K bytes max (seg0).  Work_mem: 37905K bytes max.
 Memory used:  128000kB
 Execution Time: 158632.885 ms
(40 rows)

