                                                                                                   QUERY PLAN                                                                                                    
-----------------------------------------------------------------------------------------------------------------------------------------------------------------------------------------------------------------
 Gather Motion 3:1  (slice1; segments: 3)  (cost=1816882.90..1816882.97 rows=5 width=52) (actual time=28727.893..28732.937 rows=5418 loops=1)
   Merge Key: supplier.s_name
   ->  Sort  (cost=1816882.90..1816882.90 rows=2 width=52) (actual time=28725.706..28725.917 rows=1817 loops=1)
         Sort Key: supplier.s_name
         Sort Method:  quicksort  Memory: 816kB
         Executor Memory: 698kB  Segments: 3  Max: 234kB (segment 2)
         ->  Hash Join  (cost=1816882.77..1816882.89 rows=2 width=52) (actual time=28703.293..28720.325 rows=1817 loops=1)
               Hash Cond: (supplier.s_nationkey = nation.n_nationkey)
               Extra Text: (seg0)   Hash chain length 1.0 avg, 1 max, using 1 of 65536 buckets.
               ->  HashAggregate  (cost=1816881.64..1816881.72 rows=8 width=56) (actual time=28702.293..28715.163 rows=45018 loops=1)
                     Group Key: (RowIdExpr)
                     Peak Memory Usage: 0 kB
                     ->  Redistribute Motion 3:3  (slice2; segments: 3)  (cost=1815080.49..1816881.62 rows=8 width=56) (actual time=28561.207..28647.612 rows=59559 loops=1)
                           Hash Key: (RowIdExpr)
                           ->  Hash Join  (cost=1815080.49..1816881.46 rows=8 width=56) (actual time=28560.696..28661.670 rows=59189 loops=1)
                                 Hash Cond: (supplier.s_suppkey = lineitem.l_suppkey)
                                 Extra Text: (seg2)   Hash chain length 1.6 avg, 11 max, using 37768 of 131072 buckets.
                                 ->  Seq Scan on supplier  (cost=0.00..1550.00 rows=100000 width=60) (actual time=0.145..50.331 rows=100172 loops=1)
                                 ->  Hash  (cost=1815080.39..1815080.39 rows=8 width=8) (actual time=28559.669..28559.669 rows=59189 loops=1)
                                       Buckets: 131072  Batches: 1  Memory Usage: 3337kB
                                       ->  Redistribute Motion 3:3  (slice3; segments: 3)  (cost=1646168.40..1815080.39 rows=8 width=8) (actual time=13185.502..28545.736 rows=59189 loops=1)
                                             Hash Key: lineitem.l_suppkey
                                             ->  Hash Join  (cost=1646168.40..1815080.23 rows=8 width=8) (actual time=12920.450..27966.490 rows=59252 loops=1)
                                                   Hash Cond: ((lineitem.l_partkey = partsupp.ps_partkey) AND (lineitem.l_suppkey = partsupp.ps_suppkey))
                                                   Join Filter: ((partsupp.ps_availqty)::numeric > ((0.5 * sum(lineitem.l_quantity))))
                                                   Rows Removed by Join Filter: 106
                                                   Extra Text: (seg1)   Hash chain length 1.8 avg, 9 max, using 48281 of 65536 buckets.
                                                   ->  HashAggregate  (cost=1463132.75..1547107.82 rows=4853525 width=40) (actual time=9515.263..22888.828 rows=5454993 loops=1)
                                                         Group Key: lineitem.l_partkey, lineitem.l_suppkey
                                                         Planned Partitions: 32
                                                         Peak Memory Usage: 0 kB
                                                         ->  Redistribute Motion 3:3  (slice4; segments: 3)  (cost=2336.83..1349802.02 rows=9152261 width=13) (actual time=0.046..5650.250 rows=9107045 loops=1)
                                                               Hash Key: lineitem.l_partkey, lineitem.l_suppkey
                                                               ->  Bitmap Heap Scan on lineitem  (cost=2336.83..1166756.79 rows=9152261 width=13) (actual time=14.480..5461.866 rows=9103540 loops=1)
                                                                     Recheck Cond: ((l_shipdate >= '1994-01-01'::date) AND (l_shipdate < '1995-01-01 00:00:00'::timestamp without time zone))
                                                                     Rows Removed by Index Recheck: 47030
                                                                     ->  Bitmap Index Scan on lineitem_l_shipdate_idx  (cost=0.00..48.77 rows=9159130 width=0) (actual time=6.961..6.962 rows=436480 loops=1)
                                                                           Index Cond: ((l_shipdate >= '1994-01-01'::date) AND (l_shipdate < '1995-01-01 00:00:00'::timestamp without time zone))
                                                   ->  Hash  (cost=181823.66..181823.66 rows=80799 width=16) (actual time=3408.274..3408.276 rows=87103 loops=1)
                                                         Buckets: 65536  Batches: 1  Memory Usage: 4595kB
                                                         ->  Hash Join  (cost=36720.66..181823.66 rows=80799 width=16) (actual time=513.174..3370.390 rows=87103 loops=1)
                                                               Hash Cond: (partsupp.ps_partkey = part.p_partkey)
                                                               Extra Text: (seg0)   Hash chain length 1.3 avg, 6 max, using 51274 of 131072 buckets.
                                                               ->  Seq Scan on partsupp  (cost=0.00..123297.29 rows=7999129 width=12) (actual time=0.065..1560.434 rows=8004645 loops=1)
                                                               ->  Hash  (cost=35963.08..35963.08 rows=60606 width=4) (actual time=512.740..512.741 rows=65115 loops=1)
                                                                     Buckets: 131072  Batches: 1  Memory Usage: 3314kB
                                                                     ->  Broadcast Motion 3:3  (slice5; segments: 3)  (cost=0.00..35963.08 rows=60606 width=4) (actual time=7.767..499.573 rows=65115 loops=1)
                                                                           ->  Seq Scan on part  (cost=0.00..35155.00 rows=20202 width=4) (actual time=0.115..503.139 rows=21944 loops=1)
                                                                                 Filter: ((p_name)::text ~~ 'smoke%'::text)
                                                                                 Rows Removed by Filter: 1977490
               ->  Hash  (cost=1.12..1.12 rows=1 width=4) (actual time=0.333..0.333 rows=1 loops=1)
                     Buckets: 65536  Batches: 1  Memory Usage: 513kB
                     ->  Broadcast Motion 3:3  (slice6; segments: 3)  (cost=0.00..1.12 rows=1 width=4) (actual time=0.297..0.325 rows=1 loops=1)
                           ->  Seq Scan on nation  (cost=0.00..1.10 rows=1 width=4) (actual time=0.068..0.069 rows=1 loops=1)
                                 Filter: (n_name = 'MOROCCO'::bpchar)
                                 Rows Removed by Filter: 5
 Optimizer: Postgres query optimizer
 Planning Time: 8.076 ms
   (slice0)    Executor memory: 6327K bytes.
   (slice1)    Executor memory: 7709K bytes avg x 3 workers, 7742K bytes max (seg2).  Work_mem: 9769K bytes max.
   (slice2)    Executor memory: 3391K bytes avg x 3 workers, 3401K bytes max (seg0).  Work_mem: 3337K bytes max.
   (slice3)    Executor memory: 21997K bytes avg x 3 workers, 22008K bytes max (seg0).  Work_mem: 31761K bytes max.
   (slice4)    Executor memory: 701394K bytes avg x 3 workers, 701394K bytes max (seg0).
   (slice5)    Executor memory: 38K bytes avg x 3 workers, 38K bytes max (seg0).
   (slice6)    Executor memory: 38K bytes avg x 3 workers, 38K bytes max (seg0).
 Memory used:  128000kB
 Execution Time: 28753.180 ms
(67 rows)

