                                                                                                                                                                                                                                                                                                                                                                           QUERY PLAN                                                                                                                                                                                                                                                                                                                                                                           
----------------------------------------------------------------------------------------------------------------------------------------------------------------------------------------------------------------------------------------------------------------------------------------------------------------------------------------------------------------------------------------------------------------------------------------------------------------------------------------------------------------------------------------------------------------------------------------------------------------------------------------------------------------------------------------------------------------------------------------------------------------
 Finalize Aggregate  (cost=2105400.49..2105400.50 rows=1 width=32) (actual time=22057.174..22057.177 rows=1 loops=1)
   ->  Gather Motion 3:1  (slice1; segments: 3)  (cost=2105400.42..2105400.47 rows=3 width=32) (actual time=21809.476..22057.137 rows=3 loops=1)
         ->  Partial Aggregate  (cost=2105400.42..2105400.43 rows=1 width=32) (actual time=21807.145..21807.147 rows=1 loops=1)
               ->  Hash Join  (cost=9997.47..2105374.62 rows=3440 width=12) (actual time=564.100..21805.791 rows=1190 loops=1)
                     Hash Cond: (lineitem.l_partkey = part.p_partkey)
                     Join Filter: (((part.p_brand = 'Brand#15'::bpchar) AND (part.p_container = ANY ('{"SM CASE","SM BOX","SM PACK","SM PKG"}'::bpchar[])) AND (lineitem.l_quantity >= '4'::numeric) AND (lineitem.l_quantity <= '14'::numeric) AND (part.p_size <= 5)) OR ((part.p_brand = 'Brand#24'::bpchar) AND (part.p_container = ANY ('{"MED BAG","MED BOX","MED PKG","MED PACK"}'::bpchar[])) AND (lineitem.l_quantity >= '11'::numeric) AND (lineitem.l_quantity <= '21'::numeric) AND (part.p_size <= 10)) OR ((part.p_brand = 'Brand#51'::bpchar) AND (part.p_container = ANY ('{"LG CASE","LG BOX","LG PACK","LG PKG"}'::bpchar[])) AND (lineitem.l_quantity >= '22'::numeric) AND (lineitem.l_quantity <= '32'::numeric) AND (part.p_size <= 15)))
                     Rows Removed by Join Filter: 1879
                     Extra Text: (seg0)   Hash chain length 1.2 avg, 6 max, using 11840 of 32768 buckets.
                     ->  Seq Scan on lineitem  (cost=0.00..2086176.68 rows=3491833 width=21) (actual time=0.125..20998.617 rows=1243519 loops=1)
                           Filter: ((l_shipmode = ANY ('{AIR,"AIR REG"}'::bpchar[])) AND (l_shipinstruct = 'DELIVER IN PERSON'::bpchar) AND (((l_quantity >= '4'::numeric) AND (l_quantity <= '14'::numeric)) OR ((l_quantity >= '11'::numeric) AND (l_quantity <= '21'::numeric)) OR ((l_quantity >= '22'::numeric) AND (l_quantity <= '32'::numeric))))
                           Rows Removed by Filter: 58759791
                     ->  Hash  (cost=9821.77..9821.77 rows=14056 width=30) (actual time=554.671..554.672 rows=14602 loops=1)
                           Buckets: 32768  Batches: 1  Memory Usage: 1169kB
                           ->  Broadcast Motion 3:3  (slice2; segments: 3)  (cost=1158.42..9821.77 rows=14056 width=30) (actual time=248.786..550.953 rows=14602 loops=1)
                                 ->  Bitmap Heap Scan on part  (cost=1158.42..9634.36 rows=4685 width=30) (actual time=239.913..550.204 rows=4917 loops=1)
                                       Recheck Cond: (((p_size <= 5) AND (p_size >= 1) AND (p_container = ANY ('{"SM CASE","SM BOX","SM PACK","SM PKG"}'::bpchar[])) AND (p_brand = 'Brand#15'::bpchar)) OR ((p_size <= 10) AND (p_size >= 1) AND (p_container = ANY ('{"MED BAG","MED BOX","MED PKG","MED PACK"}'::bpchar[])) AND (p_brand = 'Brand#24'::bpchar)) OR ((p_size <= 15) AND (p_size >= 1) AND (p_container = ANY ('{"LG CASE","LG BOX","LG PACK","LG PKG"}'::bpchar[])) AND (p_brand = 'Brand#51'::bpchar)))
                                       Rows Removed by Index Recheck: 454857
                                       ->  BitmapOr  (cost=1158.42..1158.42 rows=4733 width=0) (actual time=240.423..240.426 rows=1 loops=1)
                                             ->  BitmapAnd  (cost=379.95..379.95 rows=793 width=0) (actual time=84.525..84.526 rows=1 loops=1)
                                                   ->  Bitmap Index Scan on part_p_size_idx  (cost=0.00..12.77 rows=201681 width=0) (actual time=1.423..1.423 rows=10240 loops=1)
                                                         Index Cond: ((p_size <= 5) AND (p_size >= 1))
                                                   ->  Bitmap Index Scan on part_p_container_p_brand_p_partkey_idx  (cost=0.00..364.59 rows=7863 width=0) (actual time=75.123..75.123 rows=8071 loops=1)
                                                         Index Cond: ((p_container = ANY ('{"SM CASE","SM BOX","SM PACK","SM PKG"}'::bpchar[])) AND (p_brand = 'Brand#15'::bpchar))
                                             ->  BitmapAnd  (cost=377.28..377.28 rows=1563 width=0) (actual time=76.802..76.803 rows=1 loops=1)
                                                   ->  Bitmap Index Scan on part_p_size_idx  (cost=0.00..13.54 rows=403361 width=0) (actual time=0.594..0.594 rows=20480 loops=1)
                                                         Index Cond: ((p_size <= 10) AND (p_size >= 1))
                                                   ->  Bitmap Index Scan on part_p_container_p_brand_p_partkey_idx  (cost=0.00..361.15 rows=7748 width=0) (actual time=69.803..69.803 rows=8048 loops=1)
                                                         Index Cond: ((p_container = ANY ('{"MED BAG","MED BOX","MED PKG","MED PACK"}'::bpchar[])) AND (p_brand = 'Brand#24'::bpchar))
                                             ->  BitmapAnd  (cost=400.69..400.69 rows=2378 width=0) (actual time=75.064..75.065 rows=1 loops=1)
                                                   ->  Bitmap Index Scan on part_p_size_idx  (cost=0.00..14.27 rows=596639 width=0) (actual time=0.697..0.697 rows=30720 loops=1)
                                                         Index Cond: ((p_size <= 15) AND (p_size >= 1))
                                                   ->  Bitmap Index Scan on part_p_container_p_brand_p_partkey_idx  (cost=0.00..383.83 rows=7970 width=0) (actual time=66.591..66.592 rows=8197 loops=1)
                                                         Index Cond: ((p_container = ANY ('{"LG CASE","LG BOX","LG PACK","LG PKG"}'::bpchar[])) AND (p_brand = 'Brand#51'::bpchar))
 Optimizer: Postgres query optimizer
 Planning Time: 22.293 ms
   (slice0)    Executor memory: 232K bytes.
   (slice1)    Executor memory: 1234K bytes avg x 3 workers, 1234K bytes max (seg0).  Work_mem: 1169K bytes max.
   (slice2)    Executor memory: 102663K bytes avg x 3 workers, 102663K bytes max (seg0).
 Memory used:  128000kB
 Execution Time: 22067.107 ms
(40 rows)

