                                                                              QUERY PLAN                                                                              
----------------------------------------------------------------------------------------------------------------------------------------------------------------------
 Gather Motion 3:1  (slice1; segments: 3)  (cost=3435945.49..3435945.58 rows=6 width=236) (actual time=155601.572..155601.593 rows=4 loops=1)
   Merge Key: l_returnflag, l_linestatus
   ->  Sort  (cost=3435945.49..3435945.50 rows=2 width=236) (actual time=155599.238..155599.258 rows=2 loops=1)
         Sort Key: l_returnflag, l_linestatus
         Sort Method:  quicksort  Memory: 75kB
         Executor Memory: 177kB  Segments: 3  Max: 59kB (segment 0)
         ->  Finalize HashAggregate  (cost=3435945.43..3435945.48 rows=2 width=236) (actual time=155599.140..155599.146 rows=2 loops=1)
               Group Key: l_returnflag, l_linestatus
               Peak Memory Usage: 0 kB
               ->  Redistribute Motion 3:3  (slice2; segments: 3)  (cost=3435944.89..3435945.17 rows=6 width=236) (actual time=148600.750..155598.961 rows=6 loops=1)
                     Hash Key: l_returnflag, l_linestatus
                     ->  Partial HashAggregate  (cost=3435944.89..3435945.05 rows=6 width=236) (actual time=148600.290..148600.309 rows=4 loops=1)
                           Group Key: l_returnflag, l_linestatus
                           Peak Memory Usage: 0 kB
                           ->  Seq Scan on lineitem  (cost=0.00..1036186.20 rows=59993967 width=25) (actual time=0.068..20624.427 rows=60003104 loops=1)
                                 Filter: (l_shipdate <= '1998-11-30 23:58:15'::timestamp without time zone)
                                 Rows Removed by Filter: 206
 Optimizer: Postgres query optimizer
 Planning Time: 2.937 ms
   (slice0)    Executor memory: 107K bytes.
   (slice1)    Executor memory: 61K bytes avg x 3 workers, 61K bytes max (seg0).  Work_mem: 59K bytes max.
   (slice2)    Executor memory: 59K bytes avg x 3 workers, 59K bytes max (seg0).  Work_mem: 24K bytes max.
 Memory used:  128000kB
 Execution Time: 155608.393 ms
(24 rows)

