                                                                                                  QUERY PLAN                                                                                                   
---------------------------------------------------------------------------------------------------------------------------------------------------------------------------------------------------------------
 Gather Motion 3:1  (slice1; segments: 3)  (cost=162673.64..162673.95 rows=22 width=44) (actual time=18967.898..18990.399 rows=27840 loops=1)
   Merge Key: (count(DISTINCT partsupp.ps_suppkey)), part.p_brand, part.p_type, part.p_size
   ->  Sort  (cost=162673.64..162673.66 rows=7 width=44) (actual time=18966.649..18967.683 rows=9382 loops=1)
         Sort Key: (count(DISTINCT partsupp.ps_suppkey)) DESC, part.p_brand, part.p_type, part.p_size
         Sort Method:  quicksort  Memory: 3570kB
         Executor Memory: 2935kB  Segments: 3  Max: 985kB (segment 0)
         ->  GroupAggregate  (cost=162673.37..162673.53 rows=7 width=44) (actual time=17912.085..18949.131 rows=9382 loops=1)
               Group Key: part.p_brand, part.p_type, part.p_size
               ->  Sort  (cost=162673.37..162673.39 rows=7 width=40) (actual time=17911.973..18421.413 rows=1199737 loops=1)
                     Sort Key: part.p_brand, part.p_type, part.p_size
                     Sort Method:  external merge  Disk: 181408kB
                     Executor Memory: 127259kB  Segments: 3  Max: 42420kB (segment 0)
                     ->  Redistribute Motion 3:3  (slice2; segments: 3)  (cost=143396.57..162673.27 rows=7 width=40) (actual time=7890.018..15423.477 rows=1199737 loops=1)
                           Hash Key: part.p_brand, part.p_type, part.p_size
                           ->  Hash Join  (cost=143396.57..162673.12 rows=7 width=40) (actual time=7888.851..10440.569 rows=1187209 loops=1)
                                 Hash Cond: (part.p_partkey = partsupp.ps_partkey)
                                 Extra Text: (seg2)   Initial batch 0:
 (seg2)     Wrote 191332K bytes to inner workfile.
 (seg2)     Wrote 39036K bytes to outer workfile.
 (seg2)   Overflow batches 1..7:
 (seg2)     Read 240860K bytes from inner workfile: 34409K avg x 7 nonempty batches, 55653K max.
 (seg2)     Wrote 49529K bytes to inner workfile: 16510K avg x 3 overflowing batches, 28243K max.
 (seg2)     Read 39036K bytes from outer workfile: 5577K avg x 7 nonempty batches, 5619K max.
 (seg2)   Hash chain length 6.2 avg, 36 max, using 1290228 of 2097152 buckets.
                                 ->  Bitmap Heap Scan on part  (cost=89.10..18227.29 rows=303542 width=40) (actual time=2.438..260.137 rows=296961 loops=1)
                                       Recheck Cond: (p_size = ANY ('{3,45,14,32,41,8,21,15}'::integer[]))
                                       Rows Removed by Index Recheck: 159070
                                       Filter: ((p_brand <> 'Brand#55'::bpchar) AND ((p_type)::text !~~ 'LARGE ANODIZED%'::text))
                                       Rows Removed by Filter: 22986
                                       ->  Bitmap Index Scan on part_p_size_idx  (cost=0.00..13.22 rows=319328 width=0) (actual time=1.231..1.231 rows=25600 loops=1)
                                             Index Cond: (p_size = ANY ('{3,45,14,32,41,8,21,15}'::integer[]))
                                 ->  Hash  (cost=143307.37..143307.37 rows=8 width=8) (actual time=7885.783..7885.783 rows=8000358 loops=1)
                                       Buckets: 262144 (originally 131072)  Batches: 8 (originally 1)  Memory Usage: 41232kB
                                       ->  Redistribute Motion 3:3  (slice3; segments: 3)  (cost=9.88..143307.37 rows=8 width=8) (actual time=3.557..6229.413 rows=8000358 loops=1)
                                             Hash Key: partsupp.ps_partkey
                                             ->  Hash Left Anti Semi (Not-In) Join  (cost=9.88..143307.20 rows=8 width=8) (actual time=4.062..4447.108 rows=8000604 loops=1)
                                                   Hash Cond: (partsupp.ps_suppkey = supplier.s_suppkey)
                                                   Extra Text: (seg1)   Hash chain length 1.0 avg, 1 max, using 155 of 131072 buckets.
                                                   ->  Seq Scan on partsupp  (cost=0.00..123297.29 rows=7999129 width=8) (actual time=0.060..1939.033 rows=8004645 loops=1)
                                                   ->  Hash  (cost=9.51..9.51 rows=30 width=4) (actual time=2.562..2.563 rows=155 loops=1)
                                                         Buckets: 131072  Batches: 1  Memory Usage: 1030kB
                                                         ->  Broadcast Motion 3:3  (slice4; segments: 3)  (cost=0.14..9.51 rows=30 width=4) (actual time=0.855..2.497 rows=155 loops=1)
                                                               ->  Index Only Scan using supplier_s_suppkey_idx_like on supplier  (cost=0.14..9.11 rows=10 width=4) (actual time=0.401..1.967 rows=60 loops=1)
                                                                     Heap Fetches: 60
 Optimizer: Postgres query optimizer
 Planning Time: 3.728 ms
   (slice0)    Executor memory: 126K bytes.
 * (slice1)    Executor memory: 43398K bytes avg x 3 workers, 43404K bytes max (seg0).  Work_mem: 42420K bytes max, 152255K bytes wanted.
 * (slice2)    Executor memory: 82991K bytes avg x 3 workers, 83055K bytes max (seg0).  Work_mem: 41232K bytes max, 314562K bytes wanted.
   (slice3)    Executor memory: 1088K bytes avg x 3 workers, 1088K bytes max (seg0).  Work_mem: 1030K bytes max.
   (slice4)    Executor memory: 113K bytes avg x 3 workers, 113K bytes max (seg0).
 Memory used:  128000kB
 Memory wanted:  1888271kB
 Execution Time: 19007.525 ms
(54 rows)

