                                                                                                       QUERY PLAN                                                                                                        
-------------------------------------------------------------------------------------------------------------------------------------------------------------------------------------------------------------------------
 Gather Motion 3:1  (slice1; segments: 3)  (cost=2140563.80..2213760.59 rows=5166832 width=48) (actual time=50876.294..51129.133 rows=340729 loops=1)
   Merge Key: (sum((lineitem.l_extendedprice * ('1'::numeric - lineitem.l_discount)))), orders.o_orderdate
   ->  Sort  (cost=2140563.80..2144869.50 rows=1722277 width=48) (actual time=50868.533..50889.599 rows=114073 loops=1)
         Sort Key: (sum((lineitem.l_extendedprice * ('1'::numeric - lineitem.l_discount)))) DESC, orders.o_orderdate
         Sort Method:  quicksort  Memory: 38499kB
         Executor Memory: 30523kB  Segments: 3  Max: 10206kB (segment 1)
         ->  HashAggregate  (cost=1924451.98..1948923.79 rows=1722277 width=48) (actual time=50703.128..50797.093 rows=114073 loops=1)
               Group Key: lineitem.l_orderkey, orders.o_orderdate, orders.o_shippriority
               Planned Partitions: 4
               Peak Memory Usage: 0 kB
               ->  Redistribute Motion 3:3  (slice2; segments: 3)  (cost=442256.02..1886844.44 rows=1722277 width=28) (actual time=16551.964..50273.699 rows=301112 loops=1)
                     Hash Key: orders.o_orderdate, lineitem.l_orderkey, orders.o_shippriority
                     ->  Hash Join  (cost=442256.02..1852398.89 rows=1722277 width=28) (actual time=16539.679..50533.728 rows=300335 loops=1)
                           Hash Cond: (lineitem.l_orderkey = orders.o_orderkey)
                           Extra Text: (seg0)   Initial batch 0:
 (seg0)     Wrote 135489K bytes to inner workfile.
 (seg0)     Wrote 1137913K bytes to outer workfile.
 (seg0)   Initial batches 1..7:
 (seg0)     Read 135489K bytes from inner workfile: 19356K avg x 7 nonempty batches, 19406K max.
 (seg0)     Read 1137913K bytes from outer workfile: 162559K avg x 7 nonempty batches, 162797K max.
 (seg0)   Hash chain length 2.4 avg, 13 max, using 1840985 of 2097152 buckets.
                           ->  Seq Scan on lineitem  (cost=0.00..1036186.20 rows=32278267 width=20) (actual time=7239.422..18522.412 rows=32127438 loops=1)
                                 Filter: (l_shipdate > '1995-03-24'::date)
                                 Rows Removed by Filter: 27874522
                           ->  Hash  (cost=382356.11..382356.11 rows=4365593 width=16) (actual time=9184.558..9184.559 rows=4405986 loops=1)
                                 Buckets: 262144  Batches: 8  Memory Usage: 27928kB
                                 ->  Broadcast Motion 3:3  (slice3; segments: 3)  (cost=47783.01..382356.11 rows=4365593 width=16) (actual time=691.084..8112.494 rows=4405986 loops=1)
                                       ->  Hash Join  (cost=47783.01..324148.20 rows=1455198 width=16) (actual time=689.253..8432.462 rows=1469972 loops=1)
                                             Hash Cond: (orders.o_custkey = customer.c_custkey)
                                             Extra Text: (seg0)   Hash chain length 3.6 avg, 15 max, using 253590 of 262144 buckets.
                                             ->  Bitmap Heap Scan on orders  (cost=1849.08..243971.50 rows=7251816 width=20) (actual time=2.800..3660.134 rows=7345733 loops=1)
                                                   Recheck Cond: (o_orderdate < '1995-03-24'::date)
                                                   Rows Removed by Index Recheck: 15325
                                                   ->  Bitmap Index Scan on orders_o_orderdate_idx  (cost=0.00..36.13 rows=7254651 width=0) (actual time=2.716..2.716 rows=326400 loops=1)
                                                         Index Cond: (o_orderdate < '1995-03-24'::date)
                                             ->  Hash  (cost=34646.43..34646.43 rows=903000 width=4) (actual time=685.639..685.640 rows=900602 loops=1)
                                                   Buckets: 262144  Batches: 1  Memory Usage: 33710kB
                                                   ->  Broadcast Motion 3:3  (slice4; segments: 3)  (cost=9955.93..34646.43 rows=903000 width=4) (actual time=184.709..505.184 rows=900602 loops=1)
                                                         ->  Bitmap Heap Scan on customer  (cost=9955.93..22606.43 rows=301000 width=4) (actual time=192.949..576.831 rows=300807 loops=1)
                                                               Recheck Cond: (c_mktsegment = 'HOUSEHOLD'::bpchar)
                                                               ->  Bitmap Index Scan on customer_c_mktsegment_c_custkey_idx  (cost=0.00..9880.68 rows=301000 width=0) (actual time=190.720..190.720 rows=300807 loops=1)
                                                                     Index Cond: (c_mktsegment = 'HOUSEHOLD'::bpchar)
 Optimizer: Postgres query optimizer
 Planning Time: 7.902 ms
   (slice0)    Executor memory: 12469K bytes.
   (slice1)    Executor memory: 35395K bytes avg x 3 workers, 35496K bytes max (seg1).  Work_mem: 53265K bytes max.
 * (slice2)    Executor memory: 28489K bytes avg x 3 workers, 28489K bytes max (seg0).  Work_mem: 27928K bytes max, 208579K bytes wanted.
   (slice3)    Executor memory: 562391K bytes avg x 3 workers, 562391K bytes max (seg0).  Work_mem: 33710K bytes max.
   (slice4)    Executor memory: 196854K bytes avg x 3 workers, 196854K bytes max (seg0).
 Memory used:  128000kB
 Memory wanted:  1252371kB
 Execution Time: 51165.392 ms
(52 rows)

