                                                                          QUERY PLAN                                                                          
--------------------------------------------------------------------------------------------------------------------------------------------------------------
 Finalize Aggregate  (cost=1623496.92..1623496.93 rows=1 width=32) (actual time=7051.963..7051.964 rows=1 loops=1)
   ->  Gather Motion 3:1  (slice1; segments: 3)  (cost=1623496.85..1623496.90 rows=3 width=32) (actual time=6881.811..7051.922 rows=3 loops=1)
         ->  Partial Aggregate  (cost=1623496.85..1623496.86 rows=1 width=32) (actual time=6879.548..6879.549 rows=1 loops=1)
               ->  Bitmap Heap Scan on lineitem  (cost=995.38..1604569.03 rows=3785565 width=12) (actual time=10.723..6307.027 rows=1192679 loops=1)
                     Recheck Cond: ((l_shipdate >= '1995-01-01'::date) AND (l_shipdate < '1996-01-01 00:00:00'::timestamp without time zone))
                     Rows Removed by Index Recheck: 67258
                     Filter: ((l_discount >= 0.03) AND (l_discount <= 0.05) AND (l_quantity < '25'::numeric))
                     Rows Removed by Filter: 7917752
                     ->  Bitmap Index Scan on lineitem_l_shipdate_idx  (cost=0.00..48.99 rows=9221741 width=0) (actual time=3.989..3.989 rows=439040 loops=1)
                           Index Cond: ((l_shipdate >= '1995-01-01'::date) AND (l_shipdate < '1996-01-01 00:00:00'::timestamp without time zone))
 Optimizer: Postgres query optimizer
 Planning Time: 2.971 ms
   (slice0)    Executor memory: 50K bytes.
   (slice1)    Executor memory: 703441K bytes avg x 3 workers, 705491K bytes max (seg1).
 Memory used:  128000kB
 Execution Time: 7184.377 ms
(16 rows)

