                                                                                                QUERY PLAN                                                                                                
----------------------------------------------------------------------------------------------------------------------------------------------------------------------------------------------------------
 Gather Motion 3:1  (slice1; segments: 3)  (cost=1852557.26..1852557.36 rows=7 width=27) (actual time=19104.693..19104.700 rows=2 loops=1)
   Merge Key: lineitem.l_shipmode
   ->  Sort  (cost=1852557.26..1852557.27 rows=2 width=27) (actual time=19103.133..19103.169 rows=2 loops=1)
         Sort Key: lineitem.l_shipmode
         Sort Method:  quicksort  Memory: 75kB
         Executor Memory: 177kB  Segments: 3  Max: 59kB (segment 0)
         ->  Finalize HashAggregate  (cost=1852557.22..1852557.25 rows=2 width=27) (actual time=19103.034..19103.040 rows=2 loops=1)
               Group Key: lineitem.l_shipmode
               Extra Text: (seg2)   hash table(s): 1; chain length 1.0 avg, 1 max; using 2 of 4 buckets; total 1 expansions.
 
               ->  Redistribute Motion 3:3  (slice2; segments: 3)  (cost=1852556.96..1852557.17 rows=7 width=27) (actual time=19029.093..19102.996 rows=6 loops=1)
                     Hash Key: lineitem.l_shipmode
                     ->  Partial HashAggregate  (cost=1852556.96..1852557.03 rows=7 width=27) (actual time=19027.692..19027.702 rows=2 loops=1)
                           Group Key: lineitem.l_shipmode
                           Extra Text: (seg0)   hash table(s): 1; chain length 1.0 avg, 1 max; using 2 of 8 buckets; total 0 expansions.
 
                           ->  Hash Join  (cost=1431496.20..1807646.49 rows=2566313 width=27) (actual time=12199.772..18831.002 rows=312743 loops=1)
                                 Hash Cond: (orders.o_orderkey = lineitem.l_orderkey)
                                 Extra Text: (seg0)   Initial batch 0:
 (seg0)     Wrote 10093K bytes to inner workfile.
 (seg0)     Wrote 483445K bytes to outer workfile.
 (seg0)   Initial batches 1..3:
 (seg0)     Read 10093K bytes from inner workfile: 3365K avg x 3 nonempty batches, 3366K max.
 (seg0)     Read 483445K bytes from outer workfile: 161149K avg x 3 nonempty batches, 161223K max.
 (seg0)   Work file set: 3 files (0 compressed), max file size 3440640, min file size 32768, compression buffer size 0 bytes
 (seg0)   Hash chain length 1.2 avg, 8 max, using 255805 of 1048576 buckets.
                                 ->  Seq Scan on orders  (cost=0.00..216511.00 rows=15000000 width=24) (actual time=0.070..4249.253 rows=15003291 loops=1)
                                 ->  Hash  (cost=1395657.29..1395657.29 rows=2566313 width=19) (actual time=7833.572..7833.572 rows=312743 loops=1)
                                       Buckets: 262144  Batches: 4  Memory Usage: 6307kB
                                       ->  Redistribute Motion 3:3  (slice3; segments: 3)  (cost=0.19..1395657.29 rows=2566313 width=19) (actual time=46.611..7755.372 rows=312743 loops=1)
                                             Hash Key: lineitem.l_orderkey
                                             ->  Index Scan using lineitem_l_receiptdate_idx on lineitem  (cost=0.19..1344331.04 rows=2566313 width=19) (actual time=2.972..7572.236 rows=312393 loops=1)
                                                   Index Cond: ((l_receiptdate >= '1996-01-01'::date) AND (l_receiptdate < '1997-01-01 00:00:00'::timestamp without time zone))
                                                   Filter: ((l_shipmode = ANY ('{AIR,SHIP}'::bpchar[])) AND (l_commitdate < l_receiptdate) AND (l_shipdate < l_commitdate))
                                                   Rows Removed by Filter: 8806211
 Optimizer: Postgres-based planner
 Planning Time: 18.473 ms
   (slice0)    Executor memory: 88K bytes.
 * (slice1)    Executor memory: 59K bytes avg x 3 workers, 59K bytes max (seg0).  Work_mem: 59K bytes max, 24K bytes wanted.
 * (slice2)    Executor memory: 6576K bytes avg x 3 workers, 6576K bytes max (seg0).  Work_mem: 6307K bytes max, 19152K bytes wanted.
   (slice3)    Executor memory: 54K bytes avg x 3 workers, 54K bytes max (seg0).
 Memory used:  128000kB
 Memory wanted:  77204kB
 Execution Time: 19119.734 ms
(44 rows)

