                                                                                                                                                                                                                                                                                                                                                                           QUERY PLAN                                                                                                                                                                                                                                                                                                                                                                           
----------------------------------------------------------------------------------------------------------------------------------------------------------------------------------------------------------------------------------------------------------------------------------------------------------------------------------------------------------------------------------------------------------------------------------------------------------------------------------------------------------------------------------------------------------------------------------------------------------------------------------------------------------------------------------------------------------------------------------------------------------------
 Finalize Aggregate  (cost=2150463.73..2150463.74 rows=1 width=32) (actual time=24714.399..24714.402 rows=1 loops=1)
   ->  Gather Motion 3:1  (slice1; segments: 3)  (cost=2150463.66..2150463.71 rows=3 width=32) (actual time=24588.818..24714.380 rows=3 loops=1)
         ->  Partial Aggregate  (cost=2150463.66..2150463.67 rows=1 width=32) (actual time=24586.562..24586.564 rows=1 loops=1)
               ->  Hash Join  (cost=55261.79..2150437.60 rows=3475 width=12) (actual time=683.872..24583.191 rows=1190 loops=1)
                     Hash Cond: (lineitem.l_partkey = part.p_partkey)
                     Join Filter: (((part.p_brand = 'Brand#15'::bpchar) AND (part.p_container = ANY ('{"SM CASE","SM BOX","SM PACK","SM PKG"}'::bpchar[])) AND (lineitem.l_quantity >= '4'::numeric) AND (lineitem.l_quantity <= '14'::numeric) AND (part.p_size <= 5)) OR ((part.p_brand = 'Brand#24'::bpchar) AND (part.p_container = ANY ('{"MED BAG","MED BOX","MED PKG","MED PACK"}'::bpchar[])) AND (lineitem.l_quantity >= '11'::numeric) AND (lineitem.l_quantity <= '21'::numeric) AND (part.p_size <= 10)) OR ((part.p_brand = 'Brand#51'::bpchar) AND (part.p_container = ANY ('{"LG CASE","LG BOX","LG PACK","LG PKG"}'::bpchar[])) AND (lineitem.l_quantity >= '22'::numeric) AND (lineitem.l_quantity <= '32'::numeric) AND (part.p_size <= 15)))
                     Rows Removed by Join Filter: 1879
                     Extra Text: (seg0)   Hash chain length 1.2 avg, 6 max, using 11840 of 32768 buckets.
                     ->  Seq Scan on lineitem  (cost=0.00..2086175.68 rows=3415383 width=21) (actual time=0.242..23575.355 rows=1243519 loops=1)
                           Filter: ((l_shipmode = ANY ('{AIR,"AIR REG"}'::bpchar[])) AND (l_shipinstruct = 'DELIVER IN PERSON'::bpchar) AND (((l_quantity >= '4'::numeric) AND (l_quantity <= '14'::numeric)) OR ((l_quantity >= '11'::numeric) AND (l_quantity <= '21'::numeric)) OR ((l_quantity >= '22'::numeric) AND (l_quantity <= '32'::numeric))))
                           Rows Removed by Filter: 58759791
                     ->  Hash  (cost=55078.95..55078.95 rows=14628 width=30) (actual time=666.414..666.414 rows=14602 loops=1)
                           Buckets: 32768  Batches: 1  Memory Usage: 1169kB
                           ->  Broadcast Motion 3:3  (slice2; segments: 3)  (cost=46285.03..55078.95 rows=14628 width=30) (actual time=479.863..660.956 rows=14602 loops=1)
                                 ->  Bitmap Heap Scan on part  (cost=46285.03..54883.91 rows=4876 width=30) (actual time=477.652..662.324 rows=4917 loops=1)
                                       Recheck Cond: (((p_container = ANY ('{"SM CASE","SM BOX","SM PACK","SM PKG"}'::bpchar[])) AND (p_brand = 'Brand#15'::bpchar) AND (p_size <= 5) AND (p_size >= 1)) OR ((p_container = ANY ('{"MED BAG","MED BOX","MED PKG","MED PACK"}'::bpchar[])) AND (p_brand = 'Brand#24'::bpchar) AND (p_size <= 10) AND (p_size >= 1)) OR ((p_container = ANY ('{"LG CASE","LG BOX","LG PACK","LG PKG"}'::bpchar[])) AND (p_brand = 'Brand#51'::bpchar) AND (p_size <= 15) AND (p_size >= 1)))
                                       Rows Removed by Index Recheck: 180472
                                       ->  BitmapOr  (cost=46285.03..46285.03 rows=4880 width=0) (actual time=459.826..459.829 rows=1 loops=1)
                                             ->  BitmapAnd  (cost=8004.18..8004.18 rows=792 width=0) (actual time=122.749..122.750 rows=1 loops=1)
                                                   ->  Bitmap Index Scan on part_p_container_p_brand_p_partkey_idx  (cost=0.00..361.31 rows=7754 width=0) (actual time=81.649..81.649 rows=8071 loops=1)
                                                         Index Cond: ((p_container = ANY ('{"SM CASE","SM BOX","SM PACK","SM PKG"}'::bpchar[])) AND (p_brand = 'Brand#15'::bpchar))
                                                   ->  Bitmap Index Scan on part_p_size_idx  (cost=0.00..7640.18 rows=204400 width=0) (actual time=42.055..42.055 rows=200180 loops=1)
                                                         Index Cond: ((p_size <= 5) AND (p_size >= 1))
                                             ->  BitmapAnd  (cost=15369.22..15369.22 rows=1601 width=0) (actual time=148.740..148.740 rows=1 loops=1)
                                                   ->  Bitmap Index Scan on part_p_container_p_brand_p_partkey_idx  (cost=0.00..384.35 rows=7987 width=0) (actual time=67.316..67.316 rows=8048 loops=1)
                                                         Index Cond: ((p_container = ANY ('{"MED BAG","MED BOX","MED PKG","MED PACK"}'::bpchar[])) AND (p_brand = 'Brand#24'::bpchar))
                                                   ->  Bitmap Index Scan on part_p_size_idx  (cost=0.00..14982.18 rows=400867 width=0) (actual time=78.033..78.033 rows=400403 loops=1)
                                                         Index Cond: ((p_size <= 10) AND (p_size >= 1))
                                             ->  BitmapAnd  (cost=22911.14..22911.14 rows=2486 width=0) (actual time=169.213..169.214 rows=1 loops=1)
                                                   ->  Bitmap Index Scan on part_p_container_p_brand_p_partkey_idx  (cost=0.00..392.27 rows=8252 width=0) (actual time=64.247..64.248 rows=8197 loops=1)
                                                         Index Cond: ((p_container = ANY ('{"LG CASE","LG BOX","LG PACK","LG PKG"}'::bpchar[])) AND (p_brand = 'Brand#51'::bpchar))
                                                   ->  Bitmap Index Scan on part_p_size_idx  (cost=0.00..22516.18 rows=602533 width=0) (actual time=100.163..100.163 rows=601016 loops=1)
                                                         Index Cond: ((p_size <= 15) AND (p_size >= 1))
 Optimizer: Postgres-based planner
 Planning Time: 7.522 ms
   (slice0)    Executor memory: 321K bytes.
   (slice1)    Executor memory: 1234K bytes avg x 3 workers, 1234K bytes max (seg0).  Work_mem: 1169K bytes max.
   (slice2)    Executor memory: 180651K bytes avg x 3 workers, 180651K bytes max (seg0).
 Memory used:  128000kB
 Execution Time: 24721.999 ms
(40 rows)

