                                                                                                       QUERY PLAN                                                                                                       
------------------------------------------------------------------------------------------------------------------------------------------------------------------------------------------------------------------------
 Gather Motion 3:1  (slice1; segments: 3)  (cost=187163.59..191696.93 rows=320000 width=36) (actual time=3789.791..3809.147 rows=30005 loops=1)
   Merge Key: (sum((partsupp.ps_supplycost * (partsupp.ps_availqty)::numeric)))
   InitPlan 1 (returns $0)  (slice5)
     ->  Finalize Aggregate  (cost=161102.41..161102.42 rows=1 width=32) (actual time=3105.970..3105.970 rows=1 loops=1)
           ->  Gather Motion 3:1  (slice6; segments: 3)  (cost=161102.34..161102.39 rows=3 width=32) (actual time=3092.975..3105.935 rows=3 loops=1)
                 ->  Partial Aggregate  (cost=161102.34..161102.35 rows=1 width=32) (actual time=3104.444..3104.446 rows=1 loops=1)
                       ->  Hash Join  (cost=2163.34..158702.34 rows=320000 width=10) (actual time=47.451..2908.761 rows=317137 loops=1)
                             Hash Cond: (partsupp_1.ps_suppkey = supplier_1.s_suppkey)
                             Extra Text: (seg1)   Hash chain length 1.0 avg, 3 max, using 11342 of 131072 buckets.
                             ->  Seq Scan on partsupp partsupp_1  (cost=0.00..123339.00 rows=8000000 width=14) (actual time=0.061..1588.666 rows=8004645 loops=1)
                             ->  Hash  (cost=2013.34..2013.34 rows=12000 width=4) (actual time=46.622..46.622 rows=11857 loops=1)
                                   Buckets: 131072  Batches: 1  Memory Usage: 1441kB
                                   ->  Broadcast Motion 3:3  (slice7; segments: 3)  (cost=1.14..2013.34 rows=12000 width=4) (actual time=5.287..44.103 rows=11857 loops=1)
                                         ->  Hash Join  (cost=1.14..1853.34 rows=4000 width=4) (actual time=0.843..35.018 rows=4019 loops=1)
                                               Hash Cond: (supplier_1.s_nationkey = nation_1.n_nationkey)
                                               Extra Text: (seg1)   Hash chain length 1.0 avg, 1 max, using 1 of 131072 buckets.
                                               ->  Seq Scan on supplier supplier_1  (cost=0.00..1550.00 rows=100000 width=8) (actual time=0.020..15.925 rows=100172 loops=1)
                                               ->  Hash  (cost=1.12..1.12 rows=1 width=4) (actual time=0.013..0.014 rows=1 loops=1)
                                                     Buckets: 131072  Batches: 1  Memory Usage: 1025kB
                                                     ->  Broadcast Motion 3:3  (slice8; segments: 3)  (cost=0.00..1.12 rows=1 width=4) (actual time=0.006..0.006 rows=1 loops=1)
                                                           ->  Seq Scan on nation nation_1  (cost=0.00..1.10 rows=1 width=4) (actual time=0.018..0.020 rows=1 loops=1)
                                                                 Filter: (n_name = 'JORDAN'::bpchar)
                                                                 Rows Removed by Filter: 8
   ->  Sort  (cost=187163.59..187430.26 rows=106667 width=36) (actual time=3786.913..3788.281 rows=10066 loops=1)
         Sort Key: (sum((partsupp.ps_supplycost * (partsupp.ps_availqty)::numeric))) DESC
         Sort Method:  quicksort  Memory: 2794kB
         Executor Memory: 2101kB  Segments: 3  Max: 703kB (segment 0)
         ->  HashAggregate  (cost=172264.84..178255.46 rows=106667 width=36) (actual time=3278.774..3781.634 rows=10066 loops=1)
               Group Key: partsupp.ps_partkey
               Filter: (sum((partsupp.ps_supplycost * (partsupp.ps_availqty)::numeric)) > $0)
               Rows Removed by Filter: 288197
               Extra Text: (seg0)   hash table(s): 1; 298263 groups total in 4 batches, 940156 spill partitions; disk usage: 13600KB; chain length 2.1 avg, 6 max; using 298263 of 1310720 buckets; total 0 expansions.
 
               ->  Redistribute Motion 3:3  (slice2; segments: 3)  (cost=2163.34..165102.34 rows=320000 width=14) (actual time=55.689..2867.500 rows=316478 loops=1)
                     Hash Key: partsupp.ps_partkey
                     ->  Hash Join  (cost=2163.34..158702.34 rows=320000 width=14) (actual time=49.198..2943.265 rows=317137 loops=1)
                           Hash Cond: (partsupp.ps_suppkey = supplier.s_suppkey)
                           Extra Text: (seg1)   Hash chain length 1.0 avg, 3 max, using 11342 of 131072 buckets.
                           ->  Seq Scan on partsupp  (cost=0.00..123339.00 rows=8000000 width=18) (actual time=0.079..1581.346 rows=8004645 loops=1)
                           ->  Hash  (cost=2013.34..2013.34 rows=12000 width=4) (actual time=48.906..48.906 rows=11857 loops=1)
                                 Buckets: 131072  Batches: 1  Memory Usage: 1441kB
                                 ->  Broadcast Motion 3:3  (slice3; segments: 3)  (cost=1.14..2013.34 rows=12000 width=4) (actual time=3.938..46.470 rows=11857 loops=1)
                                       ->  Hash Join  (cost=1.14..1853.34 rows=4000 width=4) (actual time=0.921..46.200 rows=4019 loops=1)
                                             Hash Cond: (supplier.s_nationkey = nation.n_nationkey)
                                             Extra Text: (seg1)   Hash chain length 1.0 avg, 1 max, using 1 of 131072 buckets.
                                             ->  Seq Scan on supplier  (cost=0.00..1550.00 rows=100000 width=8) (actual time=0.015..9.835 rows=100172 loops=1)
                                             ->  Hash  (cost=1.12..1.12 rows=1 width=4) (actual time=0.010..0.010 rows=1 loops=1)
                                                   Buckets: 131072  Batches: 1  Memory Usage: 1025kB
                                                   ->  Broadcast Motion 3:3  (slice4; segments: 3)  (cost=0.00..1.12 rows=1 width=4) (actual time=0.005..0.005 rows=1 loops=1)
                                                         ->  Seq Scan on nation  (cost=0.00..1.10 rows=1 width=4) (actual time=0.031..0.032 rows=1 loops=1)
                                                               Filter: (n_name = 'JORDAN'::bpchar)
                                                               Rows Removed by Filter: 8
 Optimizer: Postgres-based planner
 Planning Time: 14.875 ms
   (slice0)    Executor memory: 6361K bytes.
 * (slice1)    Executor memory: 21940K bytes avg x 3 workers, 21940K bytes max (seg2).  Work_mem: 32913K bytes max, 106513K bytes wanted.
   (slice2)    Executor memory: 1544K bytes avg x 3 workers, 1544K bytes max (seg0).  Work_mem: 1441K bytes max.
   (slice3)    Executor memory: 1086K bytes avg x 3 workers, 1086K bytes max (seg0).  Work_mem: 1025K bytes max.
   (slice4)    Executor memory: 38K bytes avg x 3 workers, 38K bytes max (seg0).
   (slice5)    Executor memory: 6288K bytes.
   (slice6)    Executor memory: 1547K bytes avg x 3 workers, 1547K bytes max (seg0).  Work_mem: 1441K bytes max.
   (slice7)    Executor memory: 1086K bytes avg x 3 workers, 1086K bytes max (seg0).  Work_mem: 1025K bytes max.
   (slice8)    Executor memory: 38K bytes avg x 3 workers, 38K bytes max (seg0).
 Memory used:  128000kB
 Memory wanted:  640972kB
 Execution Time: 6940.985 ms
(66 rows)

