                                                                                                              QUERY PLAN                                                                                                              
--------------------------------------------------------------------------------------------------------------------------------------------------------------------------------------------------------------------------------------
 Limit  (cost=1288051.66..1288051.94 rows=20 width=201) (actual time=41397.776..41397.793 rows=20 loops=1)
   ->  Gather Motion 3:1  (slice1; segments: 3)  (cost=1288051.66..1288052.51 rows=60 width=201) (actual time=41397.774..41397.788 rows=20 loops=1)
         Merge Key: (sum((lineitem.l_extendedprice * ('1'::numeric - lineitem.l_discount))))
         ->  Limit  (cost=1288051.66..1288051.71 rows=20 width=201) (actual time=41365.099..41393.833 rows=20 loops=1)
               ->  Sort  (cost=1287919.17..1289244.08 rows=529962 width=201) (actual time=41365.098..41365.102 rows=20 loops=1)
                     Sort Key: (sum((lineitem.l_extendedprice * ('1'::numeric - lineitem.l_discount)))) DESC
                     Sort Method:  top-N heapsort  Memory: 102kB
                     Executor Memory: 177kB  Segments: 3  Max: 59kB (segment 0)
                     ->  HashAggregate  (cost=1263828.53..1273817.07 rows=529962 width=201) (actual time=39128.375..41150.167 rows=383465 loops=1)
                           Group Key: customer.c_custkey, customer.c_name, customer.c_acctbal, customer.c_phone, nation.n_name, customer.c_address, customer.c_comment
                           Planned Partitions: 8
                           Extra Text: (seg0)   hash table(s): 1; 382397 groups total in 8 batches, 7881688 spill partitions; disk usage: 223392KB; chain length 2.2 avg, 8 max; using 382397 of 1179648 buckets; total 0 expansions.
 
                           ->  Hash Join  (cost=1193533.30..1237123.41 rows=529962 width=181) (actual time=34191.866..37048.813 rows=1146024 loops=1)
                                 Hash Cond: (customer.c_nationkey = nation.n_nationkey)
                                 Extra Text: (seg2)   Hash chain length 1.0 avg, 1 max, using 25 of 131072 buckets.
                                 ->  Hash Join  (cost=1193531.57..1230407.06 rows=529962 width=159) (actual time=34191.515..36604.584 rows=1146024 loops=1)
                                       Hash Cond: (customer.c_custkey = orders.o_custkey)
                                       Extra Text: (seg2)   Initial batch 0:
 (seg2)     Wrote 20956K bytes to inner workfile.
 (seg2)     Wrote 133319K bytes to outer workfile.
 (seg2)   Overflow batch 1:
 (seg2)     Read 20956K bytes from inner workfile.
 (seg2)     Read 133319K bytes from outer workfile.
 (seg2)   Work file set: 1 files (0 compressed), max file size 21430272, min file size 32768, compression buffer size 0 bytes
 (seg2)   Hash chain length 4.2 avg, 41 max, using 272306 of 524288 buckets.
                                       ->  Seq Scan on customer  (cost=0.00..23888.00 rows=1500000 width=147) (actual time=3.052..497.442 rows=1501094 loops=1)
                                       ->  Hash  (cost=1186907.04..1186907.04 rows=529962 width=16) (actual time=34187.764..34187.764 rows=1146024 loops=1)
                                             Buckets: 262144 (originally 262144)  Batches: 2 (originally 1)  Memory Usage: 40453kB
                                             ->  Redistribute Motion 3:3  (slice2; segments: 3)  (cost=92007.44..1186907.04 rows=529962 width=16) (actual time=8351.356..33853.300 rows=1146024 loops=1)
                                                   Hash Key: orders.o_custkey
                                                   ->  Hash Join  (cost=92007.44..1176307.80 rows=529962 width=16) (actual time=7939.177..33632.265 rows=1145273 loops=1)
                                                         Hash Cond: (lineitem.l_orderkey = orders.o_orderkey)
                                                         Extra Text: (seg0)   Initial batch 0:
 (seg0)     Wrote 30237K bytes to inner workfile.
 (seg0)     Wrote 1043734K bytes to outer workfile.
 (seg0)   Initial batch 1:
 (seg0)     Read 30237K bytes from inner workfile.
 (seg0)     Read 1043734K bytes from outer workfile.
 (seg0)   Work file set: 1 files (0 compressed), max file size 30932992, min file size 32768, compression buffer size 0 bytes
 (seg0)   Hash chain length 3.4 avg, 14 max, using 504462 of 524288 buckets.
                                                         ->  Seq Scan on lineitem  (cost=0.00..1036185.20 rows=14851866 width=20) (actual time=0.097..18324.730 rows=14812123 loops=1)
                                                               Filter: (l_returnflag = 'R'::bpchar)
                                                               Rows Removed by Filter: 45191187
                                                         ->  Hash  (cost=71935.64..71935.64 rows=1605744 width=12) (actual time=907.638..907.639 rows=1718066 loops=1)
                                                               Buckets: 262144  Batches: 2  Memory Usage: 42267kB
                                                               ->  Broadcast Motion 3:3  (slice3; segments: 3)  (cost=0.18..71935.64 rows=1605744 width=12) (actual time=0.326..507.794 rows=1718066 loops=1)
                                                                     ->  Index Scan using orders_o_orderdate_idx on orders  (cost=0.18..50525.72 rows=535248 width=12) (actual time=1.189..417.848 rows=572976 loops=1)
                                                                           Index Cond: ((o_orderdate >= '1993-10-01'::date) AND (o_orderdate < '1994-01-01 00:00:00'::timestamp without time zone))
                                 ->  Hash  (cost=1.42..1.42 rows=25 width=30) (actual time=0.028..0.029 rows=25 loops=1)
                                       Buckets: 131072  Batches: 1  Memory Usage: 1026kB
                                       ->  Broadcast Motion 3:3  (slice4; segments: 3)  (cost=0.00..1.42 rows=25 width=30) (actual time=0.010..0.018 rows=25 loops=1)
                                             ->  Seq Scan on nation  (cost=0.00..1.08 rows=8 width=30) (actual time=0.016..0.019 rows=10 loops=1)
 Optimizer: Postgres-based planner
 Planning Time: 13.065 ms
   (slice0)    Executor memory: 3207K bytes.
 * (slice1)    Executor memory: 59360K bytes avg x 3 workers, 59413K bytes max (seg1).  Work_mem: 40453K bytes max, 214033K bytes wanted.
 * (slice2)    Executor memory: 42575K bytes avg x 3 workers, 42575K bytes max (seg0).  Work_mem: 42267K bytes max, 82583K bytes wanted.
   (slice3)    Executor memory: 52K bytes avg x 3 workers, 52K bytes max (seg0).
   (slice4)    Executor memory: 38K bytes avg x 3 workers, 38K bytes max (seg0).
 Memory used:  128000kB
 Memory wanted:  1071460kB
 Execution Time: 41414.030 ms
(63 rows)

