                                                                                                                                QUERY PLAN                                                                                                                                 
---------------------------------------------------------------------------------------------------------------------------------------------------------------------------------------------------------------------------------------------------------------------------
 Gather Motion 3:1  (slice1; segments: 3)  (cost=1595000.24..1595000.30 rows=5 width=51) (actual time=29983.642..29988.862 rows=5418 loops=1)
   Merge Key: supplier.s_name
   ->  Sort  (cost=1595000.24..1595000.24 rows=2 width=51) (actual time=29982.609..29982.809 rows=1854 loops=1)
         Sort Key: supplier.s_name
         Sort Method:  quicksort  Memory: 817kB
         Executor Memory: 698kB  Segments: 3  Max: 239kB (segment 2)
         ->  Hash Join  (cost=1595000.11..1595000.23 rows=2 width=51) (actual time=29959.757..29976.844 rows=1854 loops=1)
               Hash Cond: (supplier.s_nationkey = nation.n_nationkey)
               Extra Text: (seg2)   Hash chain length 1.0 avg, 1 max, using 1 of 131072 buckets.
               ->  HashAggregate  (cost=1594998.98..1594999.05 rows=8 width=55) (actual time=29958.326..29970.260 rows=45026 loops=1)
                     Group Key: (RowIdExpr)
                     Extra Text: (seg0)   hash table(s): 1; chain length 3.4 avg, 15 max; using 44550 of 65536 buckets; total 13 expansions.
 
                     ->  Redistribute Motion 3:3  (slice2; segments: 3)  (cost=1593197.83..1594998.96 rows=8 width=55) (actual time=29812.471..29905.079 rows=59277 loops=1)
                           Hash Key: (RowIdExpr)
                           ->  Hash Join  (cost=1593197.83..1594998.80 rows=8 width=55) (actual time=29811.752..29917.439 rows=59189 loops=1)
                                 Hash Cond: (supplier.s_suppkey = lineitem.l_suppkey)
                                 Extra Text: (seg2)   Hash chain length 1.6 avg, 11 max, using 37768 of 131072 buckets.
                                 ->  Seq Scan on supplier  (cost=0.00..1550.00 rows=100000 width=59) (actual time=0.124..52.218 rows=100172 loops=1)
                                 ->  Hash  (cost=1593197.73..1593197.73 rows=8 width=8) (actual time=29810.770..29810.770 rows=59189 loops=1)
                                       Buckets: 131072  Batches: 1  Memory Usage: 3337kB
                                       ->  Redistribute Motion 3:3  (slice3; segments: 3)  (cost=1426260.06..1593197.73 rows=8 width=8) (actual time=14887.489..29796.462 rows=59189 loops=1)
                                             Hash Key: lineitem.l_suppkey
                                             ->  Hash Join  (cost=1426260.06..1593197.57 rows=8 width=8) (actual time=14531.127..29730.203 rows=59252 loops=1)
                                                   Hash Cond: ((lineitem.l_partkey = partsupp.ps_partkey) AND (lineitem.l_suppkey = partsupp.ps_suppkey))
                                                   Join Filter: ((partsupp.ps_availqty)::numeric > ((0.5 * sum(lineitem.l_quantity))))
                                                   Rows Removed by Join Filter: 106
                                                   Extra Text: (seg1)   Hash chain length 1.4 avg, 6 max, using 63513 of 131072 buckets.
                                                   ->  HashAggregate  (cost=1243180.20..1326094.83 rows=4801303 width=40) (actual time=11119.615..24853.003 rows=5454993 loops=1)
                                                         Group Key: lineitem.l_partkey, lineitem.l_suppkey
                                                         Planned Partitions: 16
                                                         Extra Text: (seg0)   hash table(s): 1; 5450732 groups total in 144 batches, 143382512 spill partitions; disk usage: 321376KB; chain length 2.1 avg, 7 max; using 5450732 of 38010880 buckets; total 0 expansions.
 
                                                         ->  Redistribute Motion 3:3  (slice4; segments: 3)  (cost=0.19..1132660.43 rows=8925256 width=13) (actual time=0.047..7212.224 rows=9107045 loops=1)
                                                               Hash Key: lineitem.l_partkey, lineitem.l_suppkey
                                                               ->  Index Only Scan using lineitem_l_partkey_l_suppkey_l_shipdate_l_quantity_idx on lineitem  (cost=0.19..954155.31 rows=8925256 width=13) (actual time=1.080..7441.039 rows=9103540 loops=1)
                                                                     Index Cond: ((l_shipdate >= '1994-01-01'::date) AND (l_shipdate < '1995-01-01 00:00:00'::timestamp without time zone))
                                                                     Heap Fetches: 0
                                                   ->  Hash  (cost=181867.74..181867.74 rows=80808 width=16) (actual time=3392.045..3392.047 rows=87103 loops=1)
                                                         Buckets: 131072  Batches: 1  Memory Usage: 5107kB
                                                         ->  Hash Join  (cost=36720.66..181867.74 rows=80808 width=16) (actual time=509.953..3352.326 rows=87103 loops=1)
                                                               Hash Cond: (partsupp.ps_partkey = part.p_partkey)
                                                               Extra Text: (seg0)   Hash chain length 1.3 avg, 6 max, using 51274 of 131072 buckets.
                                                               ->  Seq Scan on partsupp  (cost=0.00..123339.00 rows=8000000 width=12) (actual time=0.082..1583.731 rows=8004645 loops=1)
                                                               ->  Hash  (cost=35963.08..35963.08 rows=60606 width=4) (actual time=509.513..509.514 rows=65115 loops=1)
                                                                     Buckets: 131072  Batches: 1  Memory Usage: 3314kB
                                                                     ->  Broadcast Motion 3:3  (slice5; segments: 3)  (cost=0.00..35963.08 rows=60606 width=4) (actual time=8.527..495.901 rows=65115 loops=1)
                                                                           ->  Seq Scan on part  (cost=0.00..35155.00 rows=20202 width=4) (actual time=0.059..502.076 rows=21944 loops=1)
                                                                                 Filter: ((p_name)::text ~~ 'smoke%'::text)
                                                                                 Rows Removed by Filter: 1977490
               ->  Hash  (cost=1.12..1.12 rows=1 width=4) (actual time=0.617..0.617 rows=1 loops=1)
                     Buckets: 131072  Batches: 1  Memory Usage: 1025kB
                     ->  Broadcast Motion 3:3  (slice6; segments: 3)  (cost=0.00..1.12 rows=1 width=4) (actual time=0.610..0.611 rows=1 loops=1)
                           ->  Seq Scan on nation  (cost=0.00..1.10 rows=1 width=4) (actual time=0.055..0.056 rows=1 loops=1)
                                 Filter: (n_name = 'MOROCCO'::bpchar)
                                 Rows Removed by Filter: 5
 Optimizer: Postgres-based planner
 Planning Time: 7.829 ms
   (slice0)    Executor memory: 6319K bytes.
 * (slice1)    Executor memory: 8221K bytes avg x 3 workers, 8256K bytes max (seg2).  Work_mem: 9769K bytes max, 9769K bytes wanted.
   (slice2)    Executor memory: 3391K bytes avg x 3 workers, 3401K bytes max (seg0).  Work_mem: 3337K bytes max.
 * (slice3)    Executor memory: 27037K bytes avg x 3 workers, 27083K bytes max (seg0).  Work_mem: 33329K bytes max, 1783825K bytes wanted.
   (slice4)    Executor memory: 120K bytes avg x 3 workers, 120K bytes max (seg0).
   (slice5)    Executor memory: 38K bytes avg x 3 workers, 38K bytes max (seg0).
   (slice6)    Executor memory: 38K bytes avg x 3 workers, 38K bytes max (seg0).
 Memory used:  128000kB
 Memory wanted:  12488268kB
 Execution Time: 30009.132 ms
(68 rows)

