                                                                                                  QUERY PLAN                                                                                                   
---------------------------------------------------------------------------------------------------------------------------------------------------------------------------------------------------------------
 Gather Motion 3:1  (slice1; segments: 3)  (cost=161100.78..161101.08 rows=22 width=44) (actual time=18621.761..18645.337 rows=27840 loops=1)
   Merge Key: (count(DISTINCT partsupp.ps_suppkey)), part.p_brand, part.p_type, part.p_size
   ->  Sort  (cost=161100.78..161100.79 rows=7 width=44) (actual time=18620.672..18621.818 rows=9382 loops=1)
         Sort Key: (count(DISTINCT partsupp.ps_suppkey)) DESC, part.p_brand, part.p_type, part.p_size
         Sort Method:  quicksort  Memory: 3570kB
         Executor Memory: 2935kB  Segments: 3  Max: 985kB (segment 0)
         ->  GroupAggregate  (cost=161100.51..161100.67 rows=7 width=44) (actual time=17546.313..18602.850 rows=9382 loops=1)
               Group Key: part.p_brand, part.p_type, part.p_size
               ->  Sort  (cost=161100.51..161100.53 rows=7 width=40) (actual time=17546.201..18069.073 rows=1199737 loops=1)
                     Sort Key: part.p_brand, part.p_type, part.p_size
                     Sort Method:  external merge  Disk: 181344kB
                     Executor Memory: 127643kB  Segments: 3  Max: 42548kB (segment 0)
                     ->  Redistribute Motion 3:3  (slice2; segments: 3)  (cost=143350.84..161100.40 rows=7 width=40) (actual time=7870.646..15007.498 rows=1199737 loops=1)
                           Hash Key: part.p_brand, part.p_type, part.p_size
                           ->  Hash Join  (cost=143350.84..161100.26 rows=7 width=40) (actual time=7868.529..10617.363 rows=1187209 loops=1)
                                 Hash Cond: (part.p_partkey = partsupp.ps_partkey)
                                 Extra Text: (seg2)   Initial batch 0:
 (seg2)     Wrote 191357K bytes to inner workfile.
 (seg2)     Wrote 39066K bytes to outer workfile.
 (seg2)   Overflow batches 1..7:
 (seg2)     Read 264363K bytes from inner workfile: 37767K avg x 7 nonempty batches, 69022K max.
 (seg2)     Wrote 73007K bytes to inner workfile: 24336K avg x 3 overflowing batches, 41715K max.
 (seg2)     Read 39066K bytes from outer workfile: 5581K avg x 7 nonempty batches, 5633K max.
 (seg2)   Work file set: 7 files (0 compressed), max file size 70647808, min file size 32768, compression buffer size 0 bytes
 (seg2)   Hash chain length 5.0 avg, 28 max, using 1592080 of 4194304 buckets.
                                 ->  Index Scan using part_p_size_idx on part  (cost=0.18..16569.80 rows=314591 width=40) (actual time=0.279..221.999 rows=296961 loops=1)
                                       Index Cond: (p_size = ANY ('{3,45,14,32,41,8,21,15}'::integer[]))
                                       Filter: ((p_brand <> 'Brand#55'::bpchar) AND ((p_type)::text !~~ 'LARGE ANODIZED%'::text))
                                       Rows Removed by Filter: 22986
                                 ->  Hash  (cost=143350.56..143350.56 rows=8 width=8) (actual time=7867.487..7867.488 rows=8000358 loops=1)
                                       Buckets: 524288 (originally 262144)  Batches: 8 (originally 1)  Memory Usage: 59755kB
                                       ->  Redistribute Motion 3:3  (slice3; segments: 3)  (cost=9.17..143350.56 rows=8 width=8) (actual time=1.022..6013.836 rows=8000358 loops=1)
                                             Hash Key: partsupp.ps_partkey
                                             ->  Hash Left Anti Semi (Not-In) Join  (cost=9.17..143350.40 rows=8 width=8) (actual time=1.210..4731.450 rows=8000604 loops=1)
                                                   Hash Cond: (partsupp.ps_suppkey = supplier.s_suppkey)
                                                   Extra Text: (seg1)   Hash chain length 1.0 avg, 1 max, using 155 of 262144 buckets.
                                                   ->  Seq Scan on partsupp  (cost=0.00..123339.00 rows=8000000 width=8) (actual time=0.059..2208.603 rows=8004645 loops=1)
                                                   ->  Hash  (cost=8.79..8.79 rows=30 width=4) (actual time=0.093..0.093 rows=155 loops=1)
                                                         Buckets: 262144  Batches: 1  Memory Usage: 2054kB
                                                         ->  Broadcast Motion 3:3  (slice4; segments: 3)  (cost=0.14..8.79 rows=30 width=4) (actual time=0.028..0.062 rows=155 loops=1)
                                                               ->  Index Only Scan using supplier_s_suppkey_idx_like on supplier  (cost=0.14..8.39 rows=10 width=4) (actual time=0.575..0.589 rows=60 loops=1)
                                                                     Heap Fetches: 0
 Optimizer: Postgres-based planner
 Planning Time: 3.642 ms
   (slice0)    Executor memory: 116K bytes.
 * (slice1)    Executor memory: 43526K bytes avg x 3 workers, 43532K bytes max (seg0).  Work_mem: 42548K bytes max, 152255K bytes wanted.
 * (slice2)    Executor memory: 64131K bytes avg x 3 workers, 64134K bytes max (seg0).  Work_mem: 59755K bytes max, 316610K bytes wanted.
   (slice3)    Executor memory: 2112K bytes avg x 3 workers, 2112K bytes max (seg0).  Work_mem: 2054K bytes max.
   (slice4)    Executor memory: 113K bytes avg x 3 workers, 113K bytes max (seg0).
 Memory used:  128000kB
 Memory wanted:  1583949kB
 Execution Time: 18663.433 ms
(52 rows)

