                                                                                                                 QUERY PLAN                                                                                                                 
--------------------------------------------------------------------------------------------------------------------------------------------------------------------------------------------------------------------------------------------
 Gather Motion 3:1  (slice1; segments: 3)  (cost=722324.73..722324.80 rows=5 width=24) (actual time=32577.907..32577.911 rows=5 loops=1)
   Merge Key: orders.o_orderpriority
   ->  Sort  (cost=722324.73..722324.73 rows=2 width=24) (actual time=32576.952..32576.964 rows=2 loops=1)
         Sort Key: orders.o_orderpriority
         Sort Method:  quicksort  Memory: 75kB
         Executor Memory: 177kB  Segments: 3  Max: 59kB (segment 0)
         ->  Finalize HashAggregate  (cost=722324.70..722324.72 rows=2 width=24) (actual time=32576.707..32576.713 rows=2 loops=1)
               Group Key: orders.o_orderpriority
               Extra Text: (seg0)   hash table(s): 1; chain length 1.0 avg, 1 max; using 2 of 4 buckets; total 1 expansions.
 
               ->  Redistribute Motion 3:3  (slice2; segments: 3)  (cost=722324.53..722324.68 rows=5 width=24) (actual time=32570.668..32576.668 rows=6 loops=1)
                     Hash Key: orders.o_orderpriority
                     ->  Partial HashAggregate  (cost=722324.53..722324.58 rows=5 width=24) (actual time=32566.406..32566.408 rows=5 loops=1)
                           Group Key: orders.o_orderpriority
                           Extra Text: (seg0)   hash table(s): 1; chain length 1.0 avg, 1 max; using 5 of 8 buckets; total 0 expansions.
 
                           ->  HashAggregate  (cost=718069.98..720906.35 rows=283636 width=16) (actual time=31886.871..32406.042 rows=520858 loops=1)
                                 Group Key: (RowIdExpr)
                                 Extra Text: (seg0)   hash table(s): 1; 519180 groups total in 4 batches, 3358920 spill partitions; disk usage: 45056KB; chain length 2.6 avg, 14 max; using 519180 of 2621440 buckets; total 1 expansions.
 
                                 ->  Redistribute Motion 3:3  (slice3; segments: 3)  (cost=94599.34..717360.89 rows=283636 width=16) (actual time=930.413..31124.043 rows=1435230 loops=1)
                                       Hash Key: (RowIdExpr)
                                       ->  Hash Join  (cost=94599.34..711688.17 rows=283636 width=16) (actual time=915.741..31265.392 rows=1434573 loops=1)
                                             Hash Cond: (lineitem.l_orderkey = orders.o_orderkey)
                                             Extra Text: (seg0)   Initial batch 0:
 (seg0)     Wrote 43143K bytes to inner workfile.
 (seg0)     Wrote 592549K bytes to outer workfile.
 (seg0)   Initial batch 1:
 (seg0)     Read 43143K bytes from inner workfile.
 (seg0)     Read 592549K bytes from outer workfile.
 (seg0)   Work file set: 1 files (0 compressed), max file size 44171264, min file size 32768, compression buffer size 0 bytes
 (seg0)   Hash chain length 3.4 avg, 14 max, using 503718 of 524288 buckets.
                                             ->  Index Only Scan using lineitem_l_orderkey_idx_part1 on lineitem  (cost=0.19..519821.12 rows=19999819 width=8) (actual time=0.770..9860.644 rows=37938467 loops=1)
                                                   Heap Fetches: 0
                                             ->  Hash  (cost=73849.50..73849.50 rows=1659973 width=24) (actual time=912.920..912.921 rows=1701175 loops=1)
                                                   Buckets: 262144  Batches: 2  Memory Usage: 55273kB
                                                   ->  Broadcast Motion 3:3  (slice4; segments: 3)  (cost=0.18..73849.50 rows=1659973 width=24) (actual time=0.054..526.293 rows=1701175 loops=1)
                                                         ->  Index Scan using orders_o_orderdate_idx on orders  (cost=0.18..51716.53 rows=553324 width=24) (actual time=0.407..437.728 rows=567512 loops=1)
                                                               Index Cond: ((o_orderdate >= '1996-09-01'::date) AND (o_orderdate < '1996-12-01 00:00:00'::timestamp without time zone))
 Optimizer: Postgres-based planner
 Planning Time: 20.292 ms
   (slice0)    Executor memory: 6237K bytes.
 * (slice1)    Executor memory: 59K bytes avg x 3 workers, 59K bytes max (seg0).  Work_mem: 59K bytes max, 24K bytes wanted.
 * (slice2)    Executor memory: 30175K bytes avg x 3 workers, 30448K bytes max (seg0).  Work_mem: 32913K bytes max, 65553K bytes wanted.
 * (slice3)    Executor memory: 55540K bytes avg x 3 workers, 55540K bytes max (seg0).  Work_mem: 55273K bytes max, 108372K bytes wanted.
   (slice4)    Executor memory: 52K bytes avg x 3 workers, 52K bytes max (seg0).
 Memory used:  128000kB
 Memory wanted:  542557kB
 Execution Time: 32612.039 ms
(49 rows)

