CREATE VIEW
                                                                                                                       QUERY PLAN                                                                                                                       
--------------------------------------------------------------------------------------------------------------------------------------------------------------------------------------------------------------------------------------------------------
 Gather Motion 3:1  (slice1; segments: 3)  (cost=352818.49..352822.93 rows=313 width=103) (actual time=7255.556..7255.574 rows=1 loops=1)
   Merge Key: supplier.s_suppkey
   InitPlan 1 (returns $0)  (slice3)
     ->  Finalize Aggregate  (cost=347154.98..347154.99 rows=1 width=32) (actual time=7106.373..7106.373 rows=1 loops=1)
           ->  Gather Motion 3:1  (slice4; segments: 3)  (cost=347154.93..347154.98 rows=3 width=32) (actual time=7100.613..7106.358 rows=3 loops=1)
                 ->  Partial Aggregate  (cost=347154.93..347154.94 rows=1 width=32) (actual time=7104.177..7104.178 rows=1 loops=1)
                       ->  Finalize HashAggregate  (cost=344542.86..345848.89 rows=104483 width=36) (actual time=6853.482..7089.947 rows=100172 loops=1)
                             Group Key: lineitem_1.l_suppkey
                             Extra Text: (seg0)   hash table(s): 1; 99877 groups total in 4 batches, 540720 spill partitions; disk usage: 13728KB; chain length 2.3 avg, 9 max; using 99877 of 655360 buckets; total 0 expansions.
 
                             ->  Redistribute Motion 3:3  (slice5; segments: 3)  (cost=329117.53..342192.24 rows=313416 width=36) (actual time=4135.587..6460.563 rows=300379 loops=1)
                                   Hash Key: lineitem_1.l_suppkey
                                   ->  Partial HashAggregate  (cost=329117.53..335923.92 rows=313416 width=36) (actual time=4141.490..6620.325 rows=299862 loops=1)
                                         Group Key: lineitem_1.l_suppkey
                                         Extra Text: (seg0)   hash table(s): 1; 299859 groups total in 20 batches, 7208596 spill partitions; disk usage: 80640KB; chain length 2.1 avg, 5 max; using 299859 of 5505024 buckets; total 0 expansions.
 
                                         ->  Index Scan using lineitem_l_shipdate_idx on lineitem lineitem_1  (cost=0.19..293898.53 rows=2366421 width=16) (actual time=0.781..1178.675 rows=2295994 loops=1)
                                               Index Cond: ((l_shipdate >= '1997-05-01'::date) AND (l_shipdate < '1997-08-01 00:00:00'::timestamp without time zone))
   ->  Sort  (cost=352818.49..352818.75 rows=104 width=103) (actual time=7253.668..7253.714 rows=1 loops=1)
         Sort Key: supplier.s_suppkey
         Sort Method:  quicksort  Memory: 75kB
         Executor Memory: 177kB  Segments: 3  Max: 59kB (segment 0)
         ->  Hash Join  (cost=351001.44..352814.98 rows=104 width=103) (actual time=7219.791..7253.306 rows=1 loops=1)
               Hash Cond: (supplier.s_suppkey = revenue0.supplier_no)
               Extra Text: (seg0)   Hash chain length 1.0 avg, 1 max, using 1 of 65536 buckets.
               ->  Seq Scan on supplier  (cost=0.00..1550.00 rows=100000 width=71) (actual time=0.038..24.916 rows=99877 loops=1)
               ->  Hash  (cost=351000.13..351000.13 rows=104 width=36) (actual time=7207.860..7207.863 rows=1 loops=1)
                     Buckets: 65536  Batches: 1  Memory Usage: 513kB
                     ->  Subquery Scan on revenue0  (cost=348558.50..351000.13 rows=104 width=36) (actual time=7151.693..7207.856 rows=1 loops=1)
                           ->  Finalize HashAggregate  (cost=348558.50..350999.09 rows=104 width=36) (actual time=7151.690..7207.850 rows=1 loops=1)
                                 Group Key: lineitem.l_suppkey
                                 Filter: (sum((lineitem.l_extendedprice * ('1'::numeric - lineitem.l_discount))) = $0)
                                 Rows Removed by Filter: 99876
                                 Extra Text: (seg0)   hash table(s): 1; 99877 groups total in 4 batches, 538080 spill partitions; disk usage: 13696KB; chain length 2.3 avg, 9 max; using 99877 of 655360 buckets; total 0 expansions.
 
                                 ->  Redistribute Motion 3:3  (slice2; segments: 3)  (cost=329117.53..342192.24 rows=313416 width=36) (actual time=4136.859..6503.962 rows=300379 loops=1)
                                       Hash Key: lineitem.l_suppkey
                                       ->  Partial HashAggregate  (cost=329117.53..335923.92 rows=313416 width=36) (actual time=4151.008..6710.209 rows=299862 loops=1)
                                             Group Key: lineitem.l_suppkey
                                             Extra Text: (seg0)   hash table(s): 1; 299859 groups total in 20 batches, 7208596 spill partitions; disk usage: 80640KB; chain length 2.1 avg, 5 max; using 299859 of 5505024 buckets; total 0 expansions.
 
                                             ->  Index Scan using lineitem_l_shipdate_idx on lineitem  (cost=0.19..293898.53 rows=2366421 width=16) (actual time=0.231..1158.871 rows=2295994 loops=1)
                                                   Index Cond: ((l_shipdate >= '1997-05-01'::date) AND (l_shipdate < '1997-08-01 00:00:00'::timestamp without time zone))
 Optimizer: Postgres-based planner
 Planning Time: 4.018 ms
   (slice0)    Executor memory: 18622K bytes.
 * (slice1)    Executor memory: 18430K bytes avg x 3 workers, 18446K bytes max (seg2).  Work_mem: 33937K bytes max, 58385K bytes wanted.
 * (slice2)    Executor memory: 18120K bytes avg x 3 workers, 18125K bytes max (seg1).  Work_mem: 26801K bytes max, 114961K bytes wanted.
   (slice3)    Executor memory: 18581K bytes.
 * (slice4)    Executor memory: 17837K bytes avg x 3 workers, 17856K bytes max (seg2).  Work_mem: 33937K bytes max, 58385K bytes wanted.
 * (slice5)    Executor memory: 18120K bytes avg x 3 workers, 18125K bytes max (seg1).  Work_mem: 26801K bytes max, 114961K bytes wanted.
 Memory used:  128000kB
 Memory wanted:  690860kB
 Execution Time: 14377.106 ms
(54 rows)

DROP VIEW
