CREATE VIEW
                                                                                                                       QUERY PLAN                                                                                                                       
--------------------------------------------------------------------------------------------------------------------------------------------------------------------------------------------------------------------------------------------------------
 Gather Motion 3:1  (slice1; segments: 3)  (cost=1201598.22..1201602.66 rows=313 width=103) (actual time=7971.487..7971.492 rows=1 loops=1)
   Merge Key: supplier.s_suppkey
   InitPlan 1 (returns $0)  (slice3)
     ->  Finalize Aggregate  (cost=1199038.42..1199038.43 rows=1 width=32) (actual time=7294.352..7294.352 rows=1 loops=1)
           ->  Gather Motion 3:1  (slice4; segments: 3)  (cost=1199038.36..1199038.41 rows=3 width=32) (actual time=7289.131..7294.331 rows=3 loops=1)
                 ->  Partial Aggregate  (cost=1199038.36..1199038.37 rows=1 width=32) (actual time=7291.636..7291.637 rows=1 loops=1)
                       ->  Finalize HashAggregate  (cost=1196426.30..1197732.33 rows=104483 width=36) (actual time=7005.924..7277.832 rows=100172 loops=1)
                             Group Key: lineitem_1.l_suppkey
                             Extra Text: (seg0)   hash table(s): 1; 99877 groups total in 4 batches, 620692 spill partitions; disk usage: 14048KB; chain length 2.2 avg, 7 max; using 99877 of 655360 buckets; total 0 expansions.
 
                             ->  Redistribute Motion 3:3  (slice5; segments: 3)  (cost=1183889.66..1194075.68 rows=313416 width=36) (actual time=4146.358..6619.016 rows=300379 loops=1)
                                   Hash Key: lineitem_1.l_suppkey
                                   ->  Partial HashAggregate  (cost=1183889.66..1187807.36 rows=313416 width=36) (actual time=4142.624..6800.902 rows=299862 loops=1)
                                         Group Key: lineitem_1.l_suppkey
                                         Extra Text: (seg0)   hash table(s): 1; 299859 groups total in 20 batches, 7424108 spill partitions; disk usage: 77632KB; chain length 2.1 avg, 5 max; using 299859 of 5505024 buckets; total 0 expansions.
 
                                         ->  Bitmap Heap Scan on lineitem lineitem_1  (cost=607.66..1160225.45 rows=2366421 width=16) (actual time=9.575..1832.427 rows=2295994 loops=1)
                                               Recheck Cond: ((l_shipdate >= '1997-05-01'::date) AND (l_shipdate < '1997-08-01 00:00:00'::timestamp without time zone))
                                               Rows Removed by Index Recheck: 96070
                                               ->  Bitmap Index Scan on lineitem_l_shipdate_idx  (cost=0.00..16.06 rows=2421941 width=0) (actual time=2.984..2.984 rows=730 loops=1)
                                                     Index Cond: ((l_shipdate >= '1997-05-01'::date) AND (l_shipdate < '1997-08-01 00:00:00'::timestamp without time zone))
   ->  Sort  (cost=1201598.22..1201598.48 rows=104 width=103) (actual time=7970.652..7970.657 rows=1 loops=1)
         Sort Key: supplier.s_suppkey
         Sort Method:  quicksort  Memory: 75kB
         Executor Memory: 177kB  Segments: 3  Max: 59kB (segment 0)
         ->  Hash Join  (cost=1199824.17..1201594.72 rows=104 width=103) (actual time=7931.018..7970.462 rows=1 loops=1)
               Hash Cond: (supplier.s_suppkey = revenue0.supplier_no)
               Extra Text: (seg0)   Hash chain length 1.0 avg, 1 max, using 1 of 65536 buckets.
               ->  Seq Scan on supplier  (cost=0.00..1507.00 rows=100000 width=71) (actual time=0.469..42.111 rows=99877 loops=1)
               ->  Hash  (cost=1199822.87..1199822.87 rows=104 width=36) (actual time=7912.308..7912.309 rows=1 loops=1)
                     Buckets: 65536  Batches: 1  Memory Usage: 513kB
                     ->  Subquery Scan on revenue0  (cost=1197993.37..1199822.87 rows=104 width=36) (actual time=7848.728..7912.303 rows=1 loops=1)
                           ->  Finalize HashAggregate  (cost=1197993.37..1199821.82 rows=104 width=36) (actual time=7848.726..7912.299 rows=1 loops=1)
                                 Group Key: lineitem.l_suppkey
                                 Filter: (sum((lineitem.l_extendedprice * ('1'::numeric - lineitem.l_discount))) = $0)
                                 Rows Removed by Filter: 99876
                                 Extra Text: (seg0)   hash table(s): 1; 99877 groups total in 4 batches, 621412 spill partitions; disk usage: 14048KB; chain length 2.2 avg, 7 max; using 99877 of 655360 buckets; total 0 expansions.
 
                                 ->  Redistribute Motion 3:3  (slice2; segments: 3)  (cost=1183889.66..1194075.68 rows=313416 width=36) (actual time=4454.307..7153.373 rows=300379 loops=1)
                                       Hash Key: lineitem.l_suppkey
                                       ->  Partial HashAggregate  (cost=1183889.66..1187807.36 rows=313416 width=36) (actual time=4452.723..7302.614 rows=299862 loops=1)
                                             Group Key: lineitem.l_suppkey
                                             Extra Text: (seg0)   hash table(s): 1; 299859 groups total in 20 batches, 7424108 spill partitions; disk usage: 77632KB; chain length 2.1 avg, 5 max; using 299859 of 5505024 buckets; total 0 expansions.
 
                                             ->  Bitmap Heap Scan on lineitem  (cost=607.66..1160225.45 rows=2366421 width=16) (actual time=3.399..1956.234 rows=2295994 loops=1)
                                                   Recheck Cond: ((l_shipdate >= '1997-05-01'::date) AND (l_shipdate < '1997-08-01 00:00:00'::timestamp without time zone))
                                                   Rows Removed by Index Recheck: 96070
                                                   ->  Bitmap Index Scan on lineitem_l_shipdate_idx  (cost=0.00..16.06 rows=2421941 width=0) (actual time=1.047..1.048 rows=730 loops=1)
                                                         Index Cond: ((l_shipdate >= '1997-05-01'::date) AND (l_shipdate < '1997-08-01 00:00:00'::timestamp without time zone))
 Optimizer: Postgres-based planner
 Planning Time: 12.816 ms
   (slice0)    Executor memory: 18627K bytes.
 * (slice1)    Executor memory: 16724K bytes avg x 3 workers, 16733K bytes max (seg2).  Work_mem: 35985K bytes max, 68625K bytes wanted.
 * (slice2)    Executor memory: 19704K bytes avg x 3 workers, 19704K bytes max (seg0).  Work_mem: 30897K bytes max, 137233K bytes wanted.
   (slice3)    Executor memory: 18589K bytes.
 * (slice4)    Executor memory: 16054K bytes avg x 3 workers, 16058K bytes max (seg2).  Work_mem: 35985K bytes max, 68625K bytes wanted.
 * (slice5)    Executor memory: 19704K bytes avg x 3 workers, 19704K bytes max (seg0).  Work_mem: 30897K bytes max, 137233K bytes wanted.
 Memory used:  128000kB
 Memory wanted:  1098956kB
 Execution Time: 15288.146 ms
(60 rows)

DROP VIEW
