                                                                                                                 QUERY PLAN                                                                                                                 
--------------------------------------------------------------------------------------------------------------------------------------------------------------------------------------------------------------------------------------------
 Finalize GroupAggregate  (cost=1398212.56..1399021.75 rows=2405 width=40) (actual time=52172.108..52172.125 rows=2 loops=1)
   Group Key: (date_part('year'::text, (orders.o_orderdate)::timestamp without time zone))
   ->  Gather Motion 3:1  (slice1; segments: 3)  (cost=1398212.56..1398877.45 rows=7215 width=72) (actual time=52172.078..52172.085 rows=6 loops=1)
         Merge Key: (date_part('year'::text, (orders.o_orderdate)::timestamp without time zone))
         ->  Partial GroupAggregate  (cost=1398212.56..1398781.25 rows=2405 width=72) (actual time=52158.803..52170.185 rows=2 loops=1)
               Group Key: (date_part('year'::text, (orders.o_orderdate)::timestamp without time zone))
               ->  Sort  (cost=1398212.56..1398270.40 rows=23137 width=46) (actual time=52148.091..52150.554 rows=24170 loops=1)
                     Sort Key: (date_part('year'::text, (orders.o_orderdate)::timestamp without time zone))
                     Sort Method:  quicksort  Memory: 8489kB
                     Executor Memory: 6805kB  Segments: 3  Max: 2280kB (segment 1)
                     ->  Hash Join  (cost=1104349.57..1396535.33 rows=23137 width=46) (actual time=47111.842..52139.477 rows=24170 loops=1)
                           Hash Cond: (supplier.s_nationkey = n2.n_nationkey)
                           Extra Text: (seg1)   Hash chain length 1.0 avg, 1 max, using 25 of 32768 buckets.
                           ->  Hash Join  (cost=1104347.84..1396124.77 rows=23137 width=20) (actual time=47110.692..52123.828 rows=24170 loops=1)
                                 Hash Cond: (lineitem.l_suppkey = supplier.s_suppkey)
                                 Extra Text: (seg1)   Hash chain length 1.9 avg, 9 max, using 51312 of 65536 buckets.
                                 ->  Redistribute Motion 3:3  (slice2; segments: 3)  (cost=1101590.84..1393072.94 rows=24175 width=20) (actual time=47027.895..52021.187 rows=24170 loops=1)
                                       Hash Key: lineitem.l_suppkey
                                       ->  Hash Join  (cost=1101590.84..1392589.44 rows=24175 width=20) (actual time=46868.146..52128.860 rows=24081 loops=1)
                                             Hash Cond: (orders.o_custkey = customer.c_custkey)
                                             Extra Text: (seg0)   Hash chain length 2.5 avg, 12 max, using 117665 of 131072 buckets.
                                             ->  Redistribute Motion 3:3  (slice3; segments: 3)  (cost=1065873.53..1356177.12 rows=120873 width=24) (actual time=45785.389..50963.040 rows=120045 loops=1)
                                                   Hash Key: orders.o_custkey
                                                   ->  Hash Join  (cost=1065873.53..1353759.66 rows=120873 width=24) (actual time=46833.155..52044.791 rows=120669 loops=1)
                                                         Hash Cond: (orders.o_orderkey = lineitem.l_orderkey)
                                                         Extra Text: (seg0)   Initial batch 0:
 (seg0)     Wrote 9637K bytes to inner workfile.
 (seg0)     Wrote 89008K bytes to outer workfile.
 (seg0)   Initial batch 1:
 (seg0)     Read 9637K bytes from inner workfile.
 (seg0)     Read 89008K bytes from outer workfile.
 (seg0)   Work file set: 1 files (0 compressed), max file size 9863168, min file size 32768, compression buffer size 0 bytes
 (seg0)   Hash chain length 3.2 avg, 14 max, using 124350 of 131072 buckets.
                                                         ->  Bitmap Heap Scan on orders  (cost=1148.45..267816.93 rows=4545366 width=16) (actual time=15.892..2550.894 rows=4558976 loops=1)
                                                               Recheck Cond: ((o_orderdate >= '1995-01-01'::date) AND (o_orderdate <= '1996-12-31'::date))
                                                               Rows Removed by Index Recheck: 28544
                                                               ->  Bitmap Index Scan on orders_o_orderdate_idx  (cost=0.00..12.10 rows=4552402 width=0) (actual time=1.086..1.086 rows=1400 loops=1)
                                                                     Index Cond: ((o_orderdate >= '1995-01-01'::date) AND (o_orderdate <= '1996-12-31'::date))
                                                         ->  Hash  (cost=1059738.98..1059738.98 rows=398888 width=24) (actual time=46817.734..46817.734 rows=395348 loops=1)
                                                               Buckets: 65536  Batches: 2  Memory Usage: 12507kB
                                                               ->  Redistribute Motion 3:3  (slice4; segments: 3)  (cost=5851.20..1059738.98 rows=398888 width=24) (actual time=256.304..46712.125 rows=395348 loops=1)
                                                                     Hash Key: lineitem.l_orderkey
                                                                     ->  Hash Join  (cost=5851.20..1051761.22 rows=398888 width=24) (actual time=194.803..46419.726 rows=395144 loops=1)
                                                                           Hash Cond: (lineitem.l_partkey = part.p_partkey)
                                                                           Extra Text: (seg0)   Hash chain length 1.3 avg, 6 max, using 29680 of 65536 buckets.
                                                                           ->  Seq Scan on lineitem  (cost=0.00..884422.56 rows=59999456 width=28) (actual time=0.539..37024.235 rows=60003310 loops=1)
                                                                           ->  Hash  (cost=5352.59..5352.59 rows=39889 width=4) (actual time=193.464..193.465 rows=39493 loops=1)
                                                                                 Buckets: 65536  Batches: 1  Memory Usage: 1901kB
                                                                                 ->  Broadcast Motion 3:3  (slice5; segments: 3)  (cost=0.18..5352.59 rows=39889 width=4) (actual time=8.457..183.955 rows=39493 loops=1)
                                                                                       ->  Index Only Scan using part_p_type_p_partkey_idx on part  (cost=0.18..4820.73 rows=13296 width=4) (actual time=4.273..147.233 rows=13286 loops=1)
                                                                                             Index Cond: (p_type = 'LARGE PLATED COPPER'::text)
                                                                                             Heap Fetches: 0
                                             ->  Hash  (cost=31967.30..31967.30 rows=300000 width=4) (actual time=1081.851..1081.854 rows=300010 loops=1)
                                                   Buckets: 131072  Batches: 1  Memory Usage: 11572kB
                                                   ->  Hash Join  (cost=2.30..31967.30 rows=300000 width=4) (actual time=1.157..978.524 rows=300010 loops=1)
                                                         Hash Cond: (customer.c_nationkey = n1.n_nationkey)
                                                         Extra Text: (seg0)   Hash chain length 1.0 avg, 1 max, using 5 of 65536 buckets.
                                                         ->  Seq Scan on customer  (cost=0.00..23340.00 rows=1500000 width=8) (actual time=0.684..746.185 rows=1501094 loops=1)
                                                         ->  Hash  (cost=2.24..2.24 rows=5 width=4) (actual time=0.483..0.484 rows=5 loops=1)
                                                               Buckets: 65536  Batches: 1  Memory Usage: 513kB
                                                               ->  Broadcast Motion 3:3  (slice6; segments: 3)  (cost=1.05..2.24 rows=5 width=4) (actual time=0.004..0.475 rows=5 loops=1)
                                                                     ->  Hash Join  (cost=1.05..2.18 rows=2 width=4) (actual time=2.713..2.957 rows=2 loops=1)
                                                                           Hash Cond: (n1.n_regionkey = region.r_regionkey)
                                                                           Extra Text: (seg1)   Hash chain length 1.0 avg, 1 max, using 1 of 65536 buckets.
                                                                           ->  Seq Scan on nation n1  (cost=0.00..1.08 rows=8 width=8) (actual time=0.628..0.636 rows=10 loops=1)
                                                                           ->  Hash  (cost=1.04..1.04 rows=1 width=4) (actual time=0.012..0.012 rows=1 loops=1)
                                                                                 Buckets: 65536  Batches: 1  Memory Usage: 513kB
                                                                                 ->  Broadcast Motion 3:3  (slice7; segments: 3)  (cost=0.00..1.04 rows=1 width=4) (actual time=0.004..0.006 rows=1 loops=1)
                                                                                       ->  Seq Scan on region  (cost=0.00..1.02 rows=1 width=4) (actual time=0.614..0.618 rows=1 loops=1)
                                                                                             Filter: (r_name = 'AFRICA'::bpchar)
                                                                                             Rows Removed by Filter: 1
                                 ->  Hash  (cost=1507.00..1507.00 rows=100000 width=8) (actual time=71.341..71.342 rows=100172 loops=1)
                                       Buckets: 65536  Batches: 1  Memory Usage: 4425kB
                                       ->  Seq Scan on supplier  (cost=0.00..1507.00 rows=100000 width=8) (actual time=0.586..46.128 rows=100172 loops=1)
                           ->  Hash  (cost=1.42..1.42 rows=25 width=30) (actual time=0.801..0.802 rows=25 loops=1)
                                 Buckets: 32768  Batches: 1  Memory Usage: 258kB
                                 ->  Broadcast Motion 3:3  (slice8; segments: 3)  (cost=0.00..1.42 rows=25 width=30) (actual time=0.007..0.788 rows=25 loops=1)
                                       ->  Seq Scan on nation n2  (cost=0.00..1.08 rows=8 width=30) (actual time=0.603..0.610 rows=10 loops=1)
 Optimizer: Postgres-based planner
 Planning Time: 24.119 ms
   (slice0)    Executor memory: 202K bytes.
   (slice1)    Executor memory: 4941K bytes avg x 3 workers, 4951K bytes max (seg1).  Work_mem: 4425K bytes max.
   (slice2)    Executor memory: 13493K bytes avg x 3 workers, 13504K bytes max (seg0).  Work_mem: 11572K bytes max.
 * (slice3)    Executor memory: 16124K bytes avg x 3 workers, 16166K bytes max (seg0).  Work_mem: 12507K bytes max, 24455K bytes wanted.
   (slice4)    Executor memory: 2307K bytes avg x 3 workers, 2307K bytes max (seg0).  Work_mem: 1901K bytes max.
   (slice5)    Executor memory: 174K bytes avg x 3 workers, 174K bytes max (seg0).
   (slice6)    Executor memory: 739K bytes avg x 3 workers, 739K bytes max (seg0).  Work_mem: 513K bytes max.
   (slice7)    Executor memory: 182K bytes avg x 3 workers, 185K bytes max (seg0).
   (slice8)    Executor memory: 184K bytes avg x 3 workers, 184K bytes max (seg0).
 Memory used:  128000kB
 Memory wanted:  222593kB
 Execution Time: 52197.313 ms
(92 rows)

