                                                                         QUERY PLAN                                                                         
------------------------------------------------------------------------------------------------------------------------------------------------------------
 Finalize Aggregate  (cost=1621261.52..1621261.53 rows=1 width=32) (actual time=9030.702..9030.703 rows=1 loops=1)
   ->  Gather Motion 3:1  (slice1; segments: 3)  (cost=1621261.45..1621261.50 rows=3 width=32) (actual time=9007.648..9030.659 rows=3 loops=1)
         ->  Partial Aggregate  (cost=1621261.45..1621261.46 rows=1 width=32) (actual time=9005.658..9005.659 rows=1 loops=1)
               ->  Bitmap Heap Scan on lineitem  (cost=947.71..1602631.57 rows=3725977 width=12) (actual time=29.130..8423.055 rows=1192679 loops=1)
                     Recheck Cond: ((l_shipdate >= '1995-01-01'::date) AND (l_shipdate < '1996-01-01 00:00:00'::timestamp without time zone))
                     Rows Removed by Index Recheck: 97377
                     Filter: ((l_discount >= 0.03) AND (l_discount <= 0.05) AND (l_quantity < '25'::numeric))
                     Rows Removed by Filter: 7917752
                     ->  Bitmap Index Scan on lineitem_l_shipdate_idx  (cost=0.00..16.21 rows=9341773 width=0) (actual time=2.615..2.615 rows=2820 loops=1)
                           Index Cond: ((l_shipdate >= '1995-01-01'::date) AND (l_shipdate < '1996-01-01 00:00:00'::timestamp without time zone))
 Optimizer: Postgres-based planner
 Planning Time: 4.828 ms
   (slice0)    Executor memory: 47K bytes.
   (slice1)    Executor memory: 4666K bytes avg x 3 workers, 4671K bytes max (seg2).
 Memory used:  128000kB
 Execution Time: 9035.236 ms
(16 rows)

