                                                                                   QUERY PLAN                                                                                   
--------------------------------------------------------------------------------------------------------------------------------------------------------------------------------
 Finalize Aggregate  (cost=1242951.82..1242951.83 rows=1 width=32) (actual time=4001.364..4001.366 rows=1 loops=1)
   ->  Gather Motion 3:1  (slice1; segments: 3)  (cost=1242951.73..1242951.78 rows=3 width=64) (actual time=3968.964..4001.330 rows=3 loops=1)
         ->  Partial Aggregate  (cost=1242951.73..1242951.74 rows=1 width=64) (actual time=3964.035..3964.038 rows=1 loops=1)
               ->  Hash Join  (cost=1183708.36..1229709.82 rows=756681 width=33) (actual time=1157.803..3335.450 rows=748754 loops=1)
                     Hash Cond: (part.p_partkey = lineitem.l_partkey)
                     Extra Text: (seg0)   Hash chain length 3.1 avg, 16 max, using 237865 of 262144 buckets.
                     ->  Seq Scan on part  (cost=0.00..29553.00 rows=2000000 width=25) (actual time=0.494..1027.436 rows=2001127 loops=1)
                     ->  Hash  (cost=1174249.86..1174249.86 rows=756681 width=16) (actual time=1156.024..1156.024 rows=748754 loops=1)
                           Buckets: 262144  Batches: 1  Memory Usage: 39347kB
                           ->  Redistribute Motion 3:3  (slice2; segments: 3)  (cost=205.19..1174249.86 rows=756681 width=16) (actual time=76.968..949.811 rows=748754 loops=1)
                                 Hash Key: lineitem.l_partkey
                                 ->  Bitmap Heap Scan on lineitem  (cost=205.19..1159116.25 rows=756681 width=16) (actual time=56.720..795.546 rows=748419 loops=1)
                                       Recheck Cond: ((l_shipdate >= '1996-04-01'::date) AND (l_shipdate < '1996-05-01 00:00:00'::timestamp without time zone))
                                       Rows Removed by Index Recheck: 103549
                                       ->  Bitmap Index Scan on lineitem_l_shipdate_idx  (cost=0.00..16.02 rows=781271 width=0) (actual time=9.276..9.277 rows=260 loops=1)
                                             Index Cond: ((l_shipdate >= '1996-04-01'::date) AND (l_shipdate < '1996-05-01 00:00:00'::timestamp without time zone))
 Optimizer: Postgres-based planner
 Planning Time: 17.878 ms
   (slice0)    Executor memory: 75K bytes.
   (slice1)    Executor memory: 41811K bytes avg x 3 workers, 41853K bytes max (seg0).  Work_mem: 39347K bytes max.
   (slice2)    Executor memory: 2622K bytes avg x 3 workers, 2622K bytes max (seg0).
 Memory used:  128000kB
 Execution Time: 4011.374 ms
(23 rows)

