                                                                                                              QUERY PLAN                                                                                                              
--------------------------------------------------------------------------------------------------------------------------------------------------------------------------------------------------------------------------------------
 Limit  (cost=1494140.82..1494141.10 rows=20 width=201) (actual time=56437.815..56437.840 rows=20 loops=1)
   ->  Gather Motion 3:1  (slice1; segments: 3)  (cost=1494140.82..1494141.67 rows=60 width=201) (actual time=56437.812..56437.834 rows=20 loops=1)
         Merge Key: (sum((lineitem.l_extendedprice * ('1'::numeric - lineitem.l_discount))))
         ->  Limit  (cost=1494140.82..1494140.87 rows=20 width=201) (actual time=56371.679..56393.041 rows=20 loops=1)
               ->  Sort  (cost=1494008.33..1495333.23 rows=529962 width=201) (actual time=56371.678..56371.683 rows=20 loops=1)
                     Sort Key: (sum((lineitem.l_extendedprice * ('1'::numeric - lineitem.l_discount)))) DESC
                     Sort Method:  top-N heapsort  Memory: 100kB
                     Executor Memory: 177kB  Segments: 3  Max: 59kB (segment 0)
                     ->  HashAggregate  (cost=1469917.68..1479906.23 rows=529962 width=201) (actual time=54346.141..56216.022 rows=383465 loops=1)
                           Group Key: customer.c_custkey, customer.c_name, customer.c_acctbal, customer.c_phone, nation.n_name, customer.c_address, customer.c_comment
                           Planned Partitions: 8
                           Extra Text: (seg0)   hash table(s): 1; 382397 groups total in 8 batches, 7698464 spill partitions; disk usage: 194176KB; chain length 2.2 avg, 9 max; using 382397 of 1179648 buckets; total 0 expansions.
 
                           ->  Hash Join  (cost=1400170.45..1443212.56 rows=529962 width=181) (actual time=49311.380..52345.728 rows=1146024 loops=1)
                                 Hash Cond: (customer.c_nationkey = nation.n_nationkey)
                                 Extra Text: (seg2)   Hash chain length 1.0 avg, 1 max, using 25 of 131072 buckets.
                                 ->  Hash Join  (cost=1400168.72..1436496.21 rows=529962 width=159) (actual time=49311.052..51910.021 rows=1146024 loops=1)
                                       Hash Cond: (customer.c_custkey = orders.o_custkey)
                                       Extra Text: (seg2)   Initial batch 0:
 (seg2)     Wrote 20956K bytes to inner workfile.
 (seg2)     Wrote 125291K bytes to outer workfile.
 (seg2)   Overflow batch 1:
 (seg2)     Read 20956K bytes from inner workfile.
 (seg2)     Read 125291K bytes from outer workfile.
 (seg2)   Work file set: 1 files (0 compressed), max file size 21430272, min file size 32768, compression buffer size 0 bytes
 (seg2)   Hash chain length 4.2 avg, 41 max, using 272306 of 524288 buckets.
                                       ->  Seq Scan on customer  (cost=0.00..23340.00 rows=1500000 width=147) (actual time=0.652..781.638 rows=1501094 loops=1)
                                       ->  Hash  (cost=1393544.20..1393544.20 rows=529962 width=16) (actual time=49309.860..49309.861 rows=1146024 loops=1)
                                             Buckets: 262144 (originally 262144)  Batches: 2 (originally 1)  Memory Usage: 40453kB
                                             ->  Redistribute Motion 3:3  (slice2; segments: 3)  (cost=300408.59..1393544.20 rows=529962 width=16) (actual time=12900.458..48998.843 rows=1146024 loops=1)
                                                   Hash Key: orders.o_custkey
                                                   ->  Hash Join  (cost=300408.59..1382944.96 rows=529962 width=16) (actual time=12259.619..48786.040 rows=1145273 loops=1)
                                                         Hash Cond: (lineitem.l_orderkey = orders.o_orderkey)
                                                         Extra Text: (seg0)   Initial batch 0:
 (seg0)     Wrote 30237K bytes to inner workfile.
 (seg0)     Wrote 318182K bytes to outer workfile.
 (seg0)   Initial batch 1:
 (seg0)     Read 30237K bytes from inner workfile.
 (seg0)     Read 318182K bytes from outer workfile.
 (seg0)   Work file set: 1 files (0 compressed), max file size 30932992, min file size 32768, compression buffer size 0 bytes
 (seg0)   Hash chain length 3.4 avg, 14 max, using 504462 of 524288 buckets.
                                                         ->  Seq Scan on lineitem  (cost=0.00..1034421.20 rows=14851866 width=20) (actual time=0.716..36803.890 rows=14812123 loops=1)
                                                               Filter: (l_returnflag = 'R'::bpchar)
                                                               Rows Removed by Filter: 45191187
                                                         ->  Hash  (cost=280336.79..280336.79 rows=1605744 width=12) (actual time=854.469..854.469 rows=1718066 loops=1)
                                                               Buckets: 262144  Batches: 2  Memory Usage: 42267kB
                                                               ->  Broadcast Motion 3:3  (slice3; segments: 3)  (cost=145.82..280336.79 rows=1605744 width=12) (actual time=10.853..496.033 rows=1718066 loops=1)
                                                                     ->  Bitmap Heap Scan on orders  (cost=145.82..258926.87 rows=535248 width=12) (actual time=10.380..366.587 rows=572976 loops=1)
                                                                           Recheck Cond: ((o_orderdate >= '1993-10-01'::date) AND (o_orderdate < '1994-01-01 00:00:00'::timestamp without time zone))
                                                                           Rows Removed by Index Recheck: 16848
                                                                           ->  Bitmap Index Scan on orders_o_orderdate_idx  (cost=0.00..12.01 rows=545852 width=0) (actual time=1.409..1.409 rows=190 loops=1)
                                                                                 Index Cond: ((o_orderdate >= '1993-10-01'::date) AND (o_orderdate < '1994-01-01 00:00:00'::timestamp without time zone))
                                 ->  Hash  (cost=1.42..1.42 rows=25 width=30) (actual time=0.022..0.023 rows=25 loops=1)
                                       Buckets: 131072  Batches: 1  Memory Usage: 1026kB
                                       ->  Broadcast Motion 3:3  (slice4; segments: 3)  (cost=0.00..1.42 rows=25 width=30) (actual time=0.006..0.013 rows=25 loops=1)
                                             ->  Seq Scan on nation  (cost=0.00..1.08 rows=8 width=30) (actual time=0.634..0.641 rows=10 loops=1)
 Optimizer: Postgres-based planner
 Planning Time: 14.343 ms
   (slice0)    Executor memory: 3213K bytes.
 * (slice1)    Executor memory: 62743K bytes avg x 3 workers, 62797K bytes max (seg1).  Work_mem: 44305K bytes max, 240657K bytes wanted.
 * (slice2)    Executor memory: 42726K bytes avg x 3 workers, 42726K bytes max (seg0).  Work_mem: 42267K bytes max, 82583K bytes wanted.
   (slice3)    Executor memory: 2555K bytes avg x 3 workers, 2557K bytes max (seg0).
   (slice4)    Executor memory: 183K bytes avg x 3 workers, 183K bytes max (seg0).
 Memory used:  128000kB
 Memory wanted:  1445236kB
 Execution Time: 56453.166 ms
(66 rows)

