                                                                                                             QUERY PLAN                                                                                                             
------------------------------------------------------------------------------------------------------------------------------------------------------------------------------------------------------------------------------------
 Gather Motion 3:1  (slice1; segments: 3)  (cost=423209.35..423209.67 rows=22 width=192) (actual time=12835.898..12848.488 rows=14088 loops=1)
   Merge Key: supplier.s_acctbal, nation.n_name, supplier.s_name, part.p_partkey
   ->  Sort  (cost=423209.35..423209.37 rows=7 width=192) (actual time=12832.745..12833.837 rows=4730 loops=1)
         Sort Key: supplier.s_acctbal DESC, nation.n_name, supplier.s_name, part.p_partkey
         Sort Method:  quicksort  Memory: 4485kB
         Executor Memory: 4179kB  Segments: 3  Max: 1403kB (segment 0)
         ->  Hash Join  (cost=377256.05..423209.25 rows=7 width=192) (actual time=10903.062..12828.866 rows=4730 loops=1)
               Hash Cond: ((partsupp_1.ps_partkey = part.p_partkey) AND ((min(partsupp_1.ps_supplycost)) = partsupp.ps_supplycost))
               Extra Text: (seg0)   Hash chain length 1.2 avg, 4 max, using 5335 of 16384 buckets.
               ->  HashAggregate  (cost=216278.80..234231.93 rows=1600000 width=36) (actual time=6156.101..7765.894 rows=1182996 loops=1)
                     Group Key: partsupp_1.ps_partkey
                     Planned Partitions: 8
                     Extra Text: (seg0)   hash table(s): 1; 1181520 groups total in 40 batches, 12111784 spill partitions; disk usage: 61280KB; chain length 2.1 avg, 7 max; using 1181520 of 10747904 buckets; total 0 expansions.
 
                     ->  Redistribute Motion 3:3  (slice2; segments: 3)  (cost=3634.30..200466.30 rows=1600000 width=10) (actual time=0.056..5283.111 rows=1604737 loops=1)
                           Hash Key: partsupp_1.ps_partkey
                           ->  Hash Join  (cost=3634.30..168466.30 rows=1600000 width=10) (actual time=124.056..5112.400 rows=1605731 loops=1)
                                 Hash Cond: (partsupp_1.ps_suppkey = supplier_1.s_suppkey)
                                 Extra Text: (seg1)   Hash chain length 1.5 avg, 6 max, using 39415 of 65536 buckets.
                                 ->  Seq Scan on partsupp partsupp_1  (cost=0.00..118832.00 rows=8000000 width=14) (actual time=2.096..3177.313 rows=8004645 loops=1)
                                 ->  Hash  (cost=2884.30..2884.30 rows=60000 width=4) (actual time=120.372..120.372 rows=60128 loops=1)
                                       Buckets: 65536  Batches: 1  Memory Usage: 2626kB
                                       ->  Broadcast Motion 3:3  (slice3; segments: 3)  (cost=2.30..2884.30 rows=60000 width=4) (actual time=5.544..104.456 rows=60128 loops=1)
                                             ->  Hash Join  (cost=2.30..2084.30 rows=20000 width=4) (actual time=5.471..109.085 rows=20111 loops=1)
                                                   Hash Cond: (supplier_1.s_nationkey = nation_1.n_nationkey)
                                                   Extra Text: (seg2)   Hash chain length 1.0 avg, 1 max, using 5 of 65536 buckets.
                                                   ->  Seq Scan on supplier supplier_1  (cost=0.00..1507.00 rows=100000 width=8) (actual time=1.663..76.305 rows=100172 loops=1)
                                                   ->  Hash  (cost=2.24..2.24 rows=5 width=4) (actual time=2.680..2.680 rows=5 loops=1)
                                                         Buckets: 65536  Batches: 1  Memory Usage: 513kB
                                                         ->  Broadcast Motion 3:3  (slice4; segments: 3)  (cost=1.05..2.24 rows=5 width=4) (actual time=2.097..2.668 rows=5 loops=1)
                                                               ->  Hash Join  (cost=1.05..2.18 rows=2 width=4) (actual time=2.111..2.283 rows=3 loops=1)
                                                                     Hash Cond: (nation_1.n_regionkey = region_1.r_regionkey)
                                                                     Extra Text: (seg0)   Hash chain length 1.0 avg, 1 max, using 1 of 65536 buckets.
                                                                     ->  Seq Scan on nation nation_1  (cost=0.00..1.08 rows=8 width=8) (actual time=1.326..1.332 rows=10 loops=1)
                                                                     ->  Hash  (cost=1.04..1.04 rows=1 width=4) (actual time=0.145..0.146 rows=1 loops=1)
                                                                           Buckets: 65536  Batches: 1  Memory Usage: 513kB
                                                                           ->  Broadcast Motion 3:3  (slice5; segments: 3)  (cost=0.00..1.04 rows=1 width=4) (actual time=0.005..0.139 rows=1 loops=1)
                                                                                 ->  Seq Scan on region region_1  (cost=0.00..1.02 rows=1 width=4) (actual time=2.625..2.630 rows=1 loops=1)
                                                                                       Filter: (r_name = 'EUROPE'::bpchar)
                                                                                       Rows Removed by Filter: 2
               ->  Hash  (cost=160772.42..160772.42 rows=13655 width=202) (actual time=4746.014..4746.014 rows=6419 loops=1)
                     Buckets: 16384  Batches: 1  Memory Usage: 1630kB
                     ->  Redistribute Motion 3:3  (slice6; segments: 3)  (cost=18226.43..160772.42 rows=13655 width=202) (actual time=680.130..4739.426 rows=6419 loops=1)
                           Hash Key: part.p_partkey
                           ->  Hash Join  (cost=18226.43..160499.31 rows=13655 width=202) (actual time=623.661..4740.993 rows=6449 loops=1)
                                 Hash Cond: (partsupp.ps_suppkey = supplier.s_suppkey)
                                 Extra Text: (seg2)   Hash chain length 1.7 avg, 8 max, using 11580 of 16384 buckets.
                                 ->  Redistribute Motion 3:3  (slice7; segments: 3)  (cost=15892.13..157772.42 rows=68276 width=44) (actual time=524.188..4628.385 rows=32130 loops=1)
                                       Hash Key: partsupp.ps_suppkey
                                       ->  Hash Join  (cost=15892.13..156406.89 rows=68276 width=44) (actual time=570.656..4689.585 rows=31974 loops=1)
                                             Hash Cond: (partsupp.ps_partkey = part.p_partkey)
                                             Extra Text: (seg0)   Hash chain length 1.2 avg, 5 max, using 20104 of 65536 buckets.
                                             ->  Seq Scan on partsupp  (cost=0.00..118832.00 rows=8000000 width=14) (actual time=0.757..3091.347 rows=8004645 loops=1)
                                             ->  Hash  (cost=15252.04..15252.04 rows=51207 width=30) (actual time=567.800..567.800 rows=23957 loops=1)
                                                   Buckets: 65536  Batches: 1  Memory Usage: 1963kB
                                                   ->  Broadcast Motion 3:3  (slice8; segments: 3)  (cost=16.28..15252.04 rows=51207 width=30) (actual time=6.537..560.579 rows=23957 loops=1)
                                                         ->  Bitmap Heap Scan on part  (cost=16.28..14569.28 rows=17069 width=30) (actual time=6.419..560.917 rows=8102 loops=1)
                                                               Recheck Cond: (p_size = 1)
                                                               Rows Removed by Index Recheck: 1008799
                                                               Filter: ((p_type)::text ~~ '%NICKEL'::text)
                                                               Rows Removed by Filter: 31674
                                                               ->  Bitmap Index Scan on part_p_size_idx  (cost=0.00..12.01 rows=333333 width=0) (actual time=1.430..1.431 rows=320 loops=1)
                                                                     Index Cond: (p_size = 1)
                                 ->  Hash  (cost=2084.30..2084.30 rows=20000 width=166) (actual time=98.297..98.299 rows=20111 loops=1)
                                       Buckets: 16384  Batches: 1  Memory Usage: 4094kB
                                       ->  Hash Join  (cost=2.30..2084.30 rows=20000 width=166) (actual time=4.501..86.762 rows=20111 loops=1)
                                             Hash Cond: (supplier.s_nationkey = nation.n_nationkey)
                                             Extra Text: (seg2)   Hash chain length 1.0 avg, 1 max, using 5 of 65536 buckets.
                                             ->  Seq Scan on supplier  (cost=0.00..1507.00 rows=100000 width=144) (actual time=1.623..61.907 rows=100172 loops=1)
                                             ->  Hash  (cost=2.24..2.24 rows=5 width=30) (actual time=2.368..2.369 rows=5 loops=1)
                                                   Buckets: 65536  Batches: 1  Memory Usage: 513kB
                                                   ->  Broadcast Motion 3:3  (slice9; segments: 3)  (cost=1.05..2.24 rows=5 width=30) (actual time=1.878..2.355 rows=5 loops=1)
                                                         ->  Hash Join  (cost=1.05..2.18 rows=2 width=30) (actual time=2.615..2.816 rows=3 loops=1)
                                                               Hash Cond: (nation.n_regionkey = region.r_regionkey)
                                                               Extra Text: (seg0)   Hash chain length 1.0 avg, 1 max, using 1 of 65536 buckets.
                                                               ->  Seq Scan on nation  (cost=0.00..1.08 rows=8 width=34) (actual time=1.363..1.371 rows=10 loops=1)
                                                               ->  Hash  (cost=1.04..1.04 rows=1 width=4) (actual time=0.495..0.496 rows=1 loops=1)
                                                                     Buckets: 65536  Batches: 1  Memory Usage: 513kB
                                                                     ->  Broadcast Motion 3:3  (slice10; segments: 3)  (cost=0.00..1.04 rows=1 width=4) (actual time=0.292..0.489 rows=1 loops=1)
                                                                           ->  Seq Scan on region  (cost=0.00..1.02 rows=1 width=4) (actual time=2.534..2.539 rows=1 loops=1)
                                                                                 Filter: (r_name = 'EUROPE'::bpchar)
                                                                                 Rows Removed by Filter: 2
 Optimizer: Postgres-based planner
 Planning Time: 27.613 ms
   (slice0)    Executor memory: 6390K bytes.
 * (slice1)    Executor memory: 11845K bytes avg x 3 workers, 11877K bytes max (seg1).  Work_mem: 22833K bytes max, 284689K bytes wanted.
   (slice2)    Executor memory: 3098K bytes avg x 3 workers, 3098K bytes max (seg0).  Work_mem: 2626K bytes max.
   (slice3)    Executor memory: 751K bytes avg x 3 workers, 751K bytes max (seg0).  Work_mem: 513K bytes max.
   (slice4)    Executor memory: 739K bytes avg x 3 workers, 739K bytes max (seg0).  Work_mem: 513K bytes max.
   (slice5)    Executor memory: 183K bytes avg x 3 workers, 185K bytes max (seg0).
   (slice6)    Executor memory: 4917K bytes avg x 3 workers, 4928K bytes max (seg0).  Work_mem: 4094K bytes max.
   (slice7)    Executor memory: 2232K bytes avg x 3 workers, 2232K bytes max (seg0).  Work_mem: 1963K bytes max.
   (slice8)    Executor memory: 2663K bytes avg x 3 workers, 2663K bytes max (seg0).
   (slice9)    Executor memory: 740K bytes avg x 3 workers, 740K bytes max (seg0).  Work_mem: 513K bytes max.
   (slice10)   Executor memory: 183K bytes avg x 3 workers, 185K bytes max (seg0).
 Memory used:  128000kB
 Memory wanted:  3134268kB
 Execution Time: 12880.413 ms
(98 rows)

