                                                                                          QUERY PLAN                                                                                           
-----------------------------------------------------------------------------------------------------------------------------------------------------------------------------------------------
 Gather Motion 3:1  (slice1; segments: 3)  (cost=2106472.67..2106472.77 rows=7 width=27) (actual time=21038.846..21038.866 rows=2 loops=1)
   Merge Key: lineitem.l_shipmode
   ->  Sort  (cost=2106472.67..2106472.68 rows=2 width=27) (actual time=21037.591..21037.602 rows=2 loops=1)
         Sort Key: lineitem.l_shipmode
         Sort Method:  quicksort  Memory: 75kB
         Executor Memory: 177kB  Segments: 3  Max: 59kB (segment 0)
         ->  Finalize HashAggregate  (cost=2106472.64..2106472.66 rows=2 width=27) (actual time=21037.435..21037.440 rows=2 loops=1)
               Group Key: lineitem.l_shipmode
               Extra Text: (seg2)   hash table(s): 1; chain length 1.0 avg, 1 max; using 2 of 4 buckets; total 1 expansions.
 
               ->  Redistribute Motion 3:3  (slice2; segments: 3)  (cost=2106472.37..2106472.58 rows=7 width=27) (actual time=20990.330..21037.410 rows=6 loops=1)
                     Hash Key: lineitem.l_shipmode
                     ->  Partial HashAggregate  (cost=2106472.37..2106472.44 rows=7 width=27) (actual time=20989.919..20989.928 rows=2 loops=1)
                           Group Key: lineitem.l_shipmode
                           Extra Text: (seg0)   hash table(s): 1; chain length 1.0 avg, 1 max; using 2 of 8 buckets; total 0 expansions.
 
                           ->  Hash Join  (cost=1689686.61..2061561.90 rows=2566313 width=27) (actual time=13281.938..20800.585 rows=312743 loops=1)
                                 Hash Cond: (orders.o_orderkey = lineitem.l_orderkey)
                                 Extra Text: (seg0)   Initial batch 0:
 (seg0)     Wrote 10093K bytes to inner workfile.
 (seg0)     Wrote 483445K bytes to outer workfile.
 (seg0)   Initial batches 1..3:
 (seg0)     Read 10093K bytes from inner workfile: 3365K avg x 3 nonempty batches, 3366K max.
 (seg0)     Read 483445K bytes from outer workfile: 161149K avg x 3 nonempty batches, 161223K max.
 (seg0)   Work file set: 3 files (0 compressed), max file size 3440640, min file size 32768, compression buffer size 0 bytes
 (seg0)   Hash chain length 1.2 avg, 8 max, using 255805 of 1048576 buckets.
                                 ->  Seq Scan on orders  (cost=0.00..212236.00 rows=15000000 width=24) (actual time=0.519..6599.215 rows=15003291 loops=1)
                                 ->  Hash  (cost=1653847.71..1653847.71 rows=2566313 width=19) (actual time=7481.972..7481.973 rows=312743 loops=1)
                                       Buckets: 262144  Batches: 4  Memory Usage: 6307kB
                                       ->  Redistribute Motion 3:3  (slice3; segments: 3)  (cost=653.80..1653847.71 rows=2566313 width=19) (actual time=295.783..7417.250 rows=312743 loops=1)
                                             Hash Key: lineitem.l_orderkey
                                             ->  Bitmap Heap Scan on lineitem  (cost=653.80..1602521.45 rows=2566313 width=19) (actual time=242.737..7360.574 rows=312393 loops=1)
                                                   Recheck Cond: ((l_receiptdate >= '1996-01-01'::date) AND (l_receiptdate < '1997-01-01 00:00:00'::timestamp without time zone))
                                                   Rows Removed by Index Recheck: 1601635
                                                   Filter: ((l_shipmode = ANY ('{AIR,SHIP}'::bpchar[])) AND (l_commitdate < l_receiptdate) AND (l_shipdate < l_commitdate))
                                                   Rows Removed by Filter: 8806211
                                                   ->  Bitmap Index Scan on lineitem_l_receiptdate_idx  (cost=0.00..12.22 rows=9626225 width=0) (actual time=1.172..1.172 rows=3280 loops=1)
                                                         Index Cond: ((l_receiptdate >= '1996-01-01'::date) AND (l_receiptdate < '1997-01-01 00:00:00'::timestamp without time zone))
 Optimizer: Postgres-based planner
 Planning Time: 11.828 ms
   (slice0)    Executor memory: 94K bytes.
 * (slice1)    Executor memory: 59K bytes avg x 3 workers, 59K bytes max (seg0).  Work_mem: 59K bytes max, 24K bytes wanted.
 * (slice2)    Executor memory: 6732K bytes avg x 3 workers, 6753K bytes max (seg0).  Work_mem: 6307K bytes max, 19152K bytes wanted.
   (slice3)    Executor memory: 5039K bytes avg x 3 workers, 5042K bytes max (seg0).
 Memory used:  128000kB
 Memory wanted:  96355kB
 Execution Time: 21052.819 ms
(47 rows)

