CREATE VIEW
                                                                                                                       QUERY PLAN                                                                                                                       
--------------------------------------------------------------------------------------------------------------------------------------------------------------------------------------------------------------------------------------------------------
 Gather Motion 3:1  (slice1; segments: 3)  (cost=1201625.92..1201630.36 rows=313 width=103) (actual time=8241.093..8241.098 rows=1 loops=1)
   Merge Key: supplier.s_suppkey
   InitPlan 1 (returns $0)  (slice3)
     ->  Finalize Aggregate  (cost=1199066.12..1199066.13 rows=1 width=32) (actual time=8256.412..8256.413 rows=1 loops=1)
           ->  Gather Motion 3:1  (slice4; segments: 3)  (cost=1199066.06..1199066.11 rows=3 width=32) (actual time=8255.395..8256.399 rows=3 loops=1)
                 ->  Partial Aggregate  (cost=1199066.06..1199066.07 rows=1 width=32) (actual time=8254.788..8254.789 rows=1 loops=1)
                       ->  Finalize HashAggregate  (cost=1196453.99..1197760.03 rows=104483 width=36) (actual time=7981.151..8244.315 rows=100172 loops=1)
                             Group Key: lineitem_1.l_suppkey
                             Extra Text: (seg0)   hash table(s): 1; 99877 groups total in 4 batches, 631024 spill partitions; disk usage: 14080KB; chain length 2.2 avg, 7 max; using 99877 of 655360 buckets; total 0 expansions.
 
                             ->  Redistribute Motion 3:3  (slice5; segments: 3)  (cost=1183917.36..1194103.38 rows=313416 width=36) (actual time=5221.174..7600.718 rows=300379 loops=1)
                                   Hash Key: lineitem_1.l_suppkey
                                   ->  Partial HashAggregate  (cost=1183917.36..1187835.06 rows=313416 width=36) (actual time=5218.576..7806.768 rows=299862 loops=1)
                                         Group Key: lineitem_1.l_suppkey
                                         Extra Text: (seg0)   hash table(s): 1; 299859 groups total in 20 batches, 7424108 spill partitions; disk usage: 77632KB; chain length 2.1 avg, 5 max; using 299859 of 5505024 buckets; total 0 expansions.
 
                                         ->  Bitmap Heap Scan on lineitem lineitem_1  (cost=603.66..1160253.15 rows=2366421 width=16) (actual time=229.585..2955.232 rows=2295994 loops=1)
                                               Recheck Cond: ((l_shipdate >= '1997-05-01'::date) AND (l_shipdate < '1997-08-01 00:00:00'::timestamp without time zone))
                                               Rows Removed by Index Recheck: 2122581
                                               ->  Bitmap Index Scan on lineitem_l_shipdate_idx  (cost=0.00..12.06 rows=2495526 width=0) (actual time=0.939..0.940 rows=1360 loops=1)
                                                     Index Cond: ((l_shipdate >= '1997-05-01'::date) AND (l_shipdate < '1997-08-01 00:00:00'::timestamp without time zone))
   ->  Sort  (cost=1201625.92..1201626.18 rows=104 width=103) (actual time=8240.298..8240.302 rows=1 loops=1)
         Sort Key: supplier.s_suppkey
         Sort Method:  quicksort  Memory: 75kB
         Executor Memory: 177kB  Segments: 3  Max: 59kB (segment 0)
         ->  Hash Join  (cost=1199851.87..1201622.42 rows=104 width=103) (actual time=8202.468..8240.189 rows=1 loops=1)
               Hash Cond: (supplier.s_suppkey = revenue0.supplier_no)
               Extra Text: (seg0)   Hash chain length 1.0 avg, 1 max, using 1 of 65536 buckets.
               ->  Seq Scan on supplier  (cost=0.00..1507.00 rows=100000 width=71) (actual time=0.513..40.626 rows=99877 loops=1)
               ->  Hash  (cost=1199850.56..1199850.56 rows=104 width=36) (actual time=8184.549..8184.550 rows=1 loops=1)
                     Buckets: 65536  Batches: 1  Memory Usage: 513kB
                     ->  Subquery Scan on revenue0  (cost=1198021.07..1199850.56 rows=104 width=36) (actual time=8125.020..8184.544 rows=1 loops=1)
                           ->  Finalize HashAggregate  (cost=1198021.07..1199849.52 rows=104 width=36) (actual time=8125.017..8184.540 rows=1 loops=1)
                                 Group Key: lineitem.l_suppkey
                                 Filter: (sum((lineitem.l_extendedprice * ('1'::numeric - lineitem.l_discount))) = $0)
                                 Rows Removed by Filter: 99876
                                 Extra Text: (seg0)   hash table(s): 1; 99877 groups total in 4 batches, 631504 spill partitions; disk usage: 14080KB; chain length 2.2 avg, 7 max; using 99877 of 655360 buckets; total 0 expansions.
 
                                 ->  Redistribute Motion 3:3  (slice2; segments: 3)  (cost=1183917.36..1194103.38 rows=313416 width=36) (actual time=5190.683..7546.670 rows=300379 loops=1)
                                       Hash Key: lineitem.l_suppkey
                                       ->  Partial HashAggregate  (cost=1183917.36..1187835.06 rows=313416 width=36) (actual time=5192.575..7776.535 rows=299862 loops=1)
                                             Group Key: lineitem.l_suppkey
                                             Extra Text: (seg0)   hash table(s): 1; 299859 groups total in 20 batches, 7424108 spill partitions; disk usage: 77632KB; chain length 2.1 avg, 5 max; using 299859 of 5505024 buckets; total 0 expansions.
 
                                             ->  Bitmap Heap Scan on lineitem  (cost=603.66..1160253.15 rows=2366421 width=16) (actual time=227.335..2929.428 rows=2295994 loops=1)
                                                   Recheck Cond: ((l_shipdate >= '1997-05-01'::date) AND (l_shipdate < '1997-08-01 00:00:00'::timestamp without time zone))
                                                   Rows Removed by Index Recheck: 2122581
                                                   ->  Bitmap Index Scan on lineitem_l_shipdate_idx  (cost=0.00..12.06 rows=2495526 width=0) (actual time=0.282..0.282 rows=1360 loops=1)
                                                         Index Cond: ((l_shipdate >= '1997-05-01'::date) AND (l_shipdate < '1997-08-01 00:00:00'::timestamp without time zone))
 Optimizer: Postgres-based planner
 Planning Time: 4.523 ms
   (slice0)    Executor memory: 18627K bytes.
 * (slice1)    Executor memory: 16499K bytes avg x 3 workers, 16507K bytes max (seg2).  Work_mem: 35985K bytes max, 68625K bytes wanted.
 * (slice2)    Executor memory: 20206K bytes avg x 3 workers, 20209K bytes max (seg0).  Work_mem: 30897K bytes max, 137233K bytes wanted.
   (slice3)    Executor memory: 18589K bytes.
 * (slice4)    Executor memory: 15822K bytes avg x 3 workers, 15827K bytes max (seg0).  Work_mem: 35985K bytes max, 68625K bytes wanted.
 * (slice5)    Executor memory: 20206K bytes avg x 3 workers, 20209K bytes max (seg0).  Work_mem: 30897K bytes max, 137233K bytes wanted.
 Memory used:  128000kB
 Memory wanted:  1098956kB
 Execution Time: 16511.894 ms
(60 rows)

DROP VIEW
