                                                                                                                 QUERY PLAN                                                                                                                 
--------------------------------------------------------------------------------------------------------------------------------------------------------------------------------------------------------------------------------------------
 Gather Motion 3:1  (slice1; segments: 3)  (cost=1471987.47..1471987.54 rows=5 width=24) (actual time=59899.563..59899.568 rows=5 loops=1)
   Merge Key: orders.o_orderpriority
   ->  Sort  (cost=1471987.47..1471987.47 rows=2 width=24) (actual time=59893.404..59893.416 rows=2 loops=1)
         Sort Key: orders.o_orderpriority
         Sort Method:  quicksort  Memory: 75kB
         Executor Memory: 177kB  Segments: 3  Max: 59kB (segment 0)
         ->  Finalize HashAggregate  (cost=1471987.44..1471987.46 rows=2 width=24) (actual time=59893.267..59893.271 rows=2 loops=1)
               Group Key: orders.o_orderpriority
               Extra Text: (seg0)   hash table(s): 1; chain length 1.0 avg, 1 max; using 2 of 4 buckets; total 1 expansions.
 
               ->  Redistribute Motion 3:3  (slice2; segments: 3)  (cost=1471987.26..1471987.41 rows=5 width=24) (actual time=59874.331..59893.246 rows=6 loops=1)
                     Hash Key: orders.o_orderpriority
                     ->  Partial HashAggregate  (cost=1471987.26..1471987.31 rows=5 width=24) (actual time=59890.513..59890.516 rows=5 loops=1)
                           Group Key: orders.o_orderpriority
                           Extra Text: (seg0)   hash table(s): 1; chain length 1.0 avg, 1 max; using 5 of 8 buckets; total 0 expansions.
 
                           ->  HashAggregate  (cost=1467732.72..1470569.08 rows=283636 width=16) (actual time=59179.966..59705.022 rows=520892 loops=1)
                                 Group Key: (RowIdExpr)
                                 Extra Text: (seg0)   hash table(s): 1; 519250 groups total in 4 batches, 3221072 spill partitions; disk usage: 44704KB; chain length 2.6 avg, 14 max; using 519250 of 2621440 buckets; total 1 expansions.
 
                                 ->  Redistribute Motion 3:3  (slice3; segments: 3)  (cost=327897.82..1467023.63 rows=283636 width=16) (actual time=28226.812..58189.185 rows=1434923 loops=1)
                                       Hash Key: (RowIdExpr)
                                       ->  Hash Join  (cost=327897.82..1461350.91 rows=283636 width=16) (actual time=27964.131..58368.242 rows=1434573 loops=1)
                                             Hash Cond: (lineitem.l_orderkey = orders.o_orderkey)
                                             Extra Text: (seg0)   Initial batch 0:
 (seg0)     Wrote 43143K bytes to inner workfile.
 (seg0)     Wrote 2672416K bytes to outer workfile.
 (seg0)   Initial batch 1:
 (seg0)     Read 43143K bytes from inner workfile.
 (seg0)     Read 2672430K bytes from outer workfile.
 (seg0)   Work file set: 1 files (0 compressed), max file size 44171264, min file size 32768, compression buffer size 0 bytes
 (seg0)   Hash chain length 3.4 avg, 14 max, using 503718 of 524288 buckets.
                                             ->  Seq Scan on lineitem  (cost=0.00..1036185.20 rows=19999819 width=8) (actual time=0.807..22779.638 rows=37938467 loops=1)
                                                   Filter: (l_commitdate < l_receiptdate)
                                                   Rows Removed by Filter: 22064843
                                             ->  Hash  (cost=307148.16..307148.16 rows=1659973 width=24) (actual time=1097.999..1098.000 rows=1701175 loops=1)
                                                   Buckets: 262144  Batches: 2  Memory Usage: 55273kB
                                                   ->  Broadcast Motion 3:3  (slice4; segments: 3)  (cost=156.18..307148.16 rows=1659973 width=24) (actual time=4.903..625.259 rows=1701175 loops=1)
                                                         ->  Bitmap Heap Scan on orders  (cost=156.18..285015.19 rows=553324 width=24) (actual time=6.339..495.026 rows=567512 loops=1)
                                                               Recheck Cond: ((o_orderdate >= '1996-09-01'::date) AND (o_orderdate < '1996-12-01 00:00:00'::timestamp without time zone))
                                                               Rows Removed by Index Recheck: 2659
                                                               ->  Bitmap Index Scan on orders_o_orderdate_idx  (cost=0.00..17.85 rows=555645 width=0) (actual time=2.788..2.789 rows=25600 loops=1)
                                                                     Index Cond: ((o_orderdate >= '1996-09-01'::date) AND (o_orderdate < '1996-12-01 00:00:00'::timestamp without time zone))
 Optimizer: Postgres-based planner
 Planning Time: 10.159 ms
   (slice0)    Executor memory: 6248K bytes.
 * (slice1)    Executor memory: 59K bytes avg x 3 workers, 59K bytes max (seg0).  Work_mem: 59K bytes max, 24K bytes wanted.
 * (slice2)    Executor memory: 30259K bytes avg x 3 workers, 30305K bytes max (seg1).  Work_mem: 32913K bytes max, 65553K bytes wanted.
 * (slice3)    Executor memory: 55450K bytes avg x 3 workers, 55450K bytes max (seg0).  Work_mem: 55273K bytes max, 108372K bytes wanted.
   (slice4)    Executor memory: 43170K bytes avg x 3 workers, 43340K bytes max (seg1).
 Memory used:  128000kB
 Memory wanted:  650928kB
 Execution Time: 59930.078 ms
(53 rows)

