                                                                                         QUERY PLAN                                                                                         
--------------------------------------------------------------------------------------------------------------------------------------------------------------------------------------------
 Finalize GroupAggregate  (cost=1642708.09..1644770.61 rows=9639 width=92) (actual time=27044.809..27044.852 rows=4 loops=1)
   Group Key: n1.n_name, n2.n_name, (date_part('year'::text, (lineitem.l_shipdate)::timestamp without time zone))
   ->  Gather Motion 3:1  (slice1; segments: 3)  (cost=1642708.09..1644240.78 rows=28892 width=92) (actual time=27044.786..27044.800 rows=12 loops=1)
         Merge Key: n1.n_name, n2.n_name, (date_part('year'::text, (lineitem.l_shipdate)::timestamp without time zone))
         ->  Partial GroupAggregate  (cost=1642708.09..1643855.55 rows=9631 width=92) (actual time=26999.268..27043.088 rows=4 loops=1)
               Group Key: n1.n_name, n2.n_name, (date_part('year'::text, (lineitem.l_shipdate)::timestamp without time zone))
               ->  Sort  (cost=1642708.09..1642847.93 rows=55938 width=72) (actual time=26978.884..26985.686 rows=58558 loops=1)
                     Sort Key: n1.n_name, n2.n_name, (date_part('year'::text, (lineitem.l_shipdate)::timestamp without time zone))
                     Sort Method:  quicksort  Memory: 30665kB
                     Executor Memory: 26567kB  Segments: 3  Max: 8862kB (segment 2)
                     ->  Hash Join  (cost=346319.85..1638296.92 rows=55938 width=72) (actual time=10528.128..26930.621 rows=58558 loops=1)
                           Hash Cond: (lineitem.l_orderkey = orders.o_orderkey)
                           Join Filter: (((n1.n_name = 'GERMANY'::bpchar) AND (n2.n_name = 'KENYA'::bpchar)) OR ((n1.n_name = 'KENYA'::bpchar) AND (n2.n_name = 'GERMANY'::bpchar)))
                           Rows Removed by Join Filter: 58405
                           Extra Text: (seg0)   Initial batch 0:
 (seg0)     Wrote 47557K bytes to inner workfile.
 (seg0)     Wrote 81429K bytes to outer workfile.
 (seg0)   Initial batches 1..3:
 (seg0)     Read 47557K bytes from inner workfile: 15853K avg x 3 nonempty batches, 15870K max.
 (seg0)     Read 81429K bytes from outer workfile: 27143K avg x 3 nonempty batches, 27209K max.
 (seg0)   Work file set: 3 files (0 compressed), max file size 16220160, min file size 32768, compression buffer size 0 bytes
 (seg0)   Hash chain length 2.5 avg, 12 max, using 471480 of 524288 buckets.
                           ->  Redistribute Motion 3:3  (slice2; segments: 3)  (cost=2499.57..1287833.93 rows=1371586 width=50) (actual time=0.029..15079.392 rows=1462410 loops=1)
                                 Hash Key: lineitem.l_orderkey
                                 ->  Hash Join  (cost=2499.57..1260402.22 rows=1371586 width=50) (actual time=7777.090..22545.514 rows=1462443 loops=1)
                                       Hash Cond: (lineitem.l_suppkey = supplier.s_suppkey)
                                       Extra Text: (seg1)   Hash chain length 1.2 avg, 5 max, using 20105 of 65536 buckets.
                                       ->  Seq Scan on lineitem  (cost=0.00..1186183.84 rows=18278944 width=28) (actual time=7187.699..19189.946 rows=18233724 loops=1)
                                             Filter: ((l_shipdate >= '1995-01-01'::date) AND (l_shipdate <= '1996-12-31'::date))
                                             Rows Removed by Filter: 41768236
                                       ->  Hash  (cost=2205.57..2205.57 rows=23520 width=30) (actual time=59.889..59.889 rows=24059 loops=1)
                                             Buckets: 65536  Batches: 1  Memory Usage: 1969kB
                                             ->  Broadcast Motion 3:3  (slice3; segments: 3)  (cost=1.18..2205.57 rows=23520 width=30) (actual time=2.910..52.326 rows=24059 loops=1)
                                                   ->  Hash Join  (cost=1.18..1891.97 rows=7840 width=30) (actual time=1.106..53.832 rows=8090 loops=1)
                                                         Hash Cond: (supplier.s_nationkey = n1.n_nationkey)
                                                         Extra Text: (seg2)   Hash chain length 1.0 avg, 1 max, using 2 of 65536 buckets.
                                                         ->  Seq Scan on supplier  (cost=0.00..1550.00 rows=100000 width=8) (actual time=0.076..30.155 rows=100172 loops=1)
                                                         ->  Hash  (cost=1.15..1.15 rows=2 width=30) (actual time=0.147..0.148 rows=2 loops=1)
                                                               Buckets: 65536  Batches: 1  Memory Usage: 513kB
                                                               ->  Broadcast Motion 3:3  (slice4; segments: 3)  (cost=0.00..1.15 rows=2 width=30) (actual time=0.005..0.139 rows=2 loops=1)
                                                                     ->  Seq Scan on nation n1  (cost=0.00..1.12 rows=1 width=30) (actual time=0.030..0.033 rows=1 loops=1)
                                                                           Filter: ((n_name = 'GERMANY'::bpchar) OR (n_name = 'KENYA'::bpchar))
                                                                           Rows Removed by Filter: 9
                           ->  Hash  (cost=329120.28..329120.28 rows=1176000 width=34) (actual time=10565.342..10565.344 rows=1201994 loops=1)
                                 Buckets: 131072  Batches: 4  Memory Usage: 20378kB
                                 ->  Hash Join  (cost=38115.06..329120.28 rows=1176000 width=34) (actual time=779.573..10120.229 rows=1201994 loops=1)
                                       Hash Cond: (orders.o_custkey = customer.c_custkey)
                                       Extra Text: (seg0)   Hash chain length 2.9 avg, 12 max, using 122680 of 131072 buckets.
                                       ->  Seq Scan on orders  (cost=0.00..216511.00 rows=15000000 width=12) (actual time=0.139..2838.428 rows=15003291 loops=1)
                                       ->  Hash  (cost=33705.06..33705.06 rows=352800 width=30) (actual time=779.000..779.001 rows=359660 loops=1)
                                             Buckets: 131072  Batches: 1  Memory Usage: 22801kB
                                             ->  Broadcast Motion 3:3  (slice5; segments: 3)  (cost=1.18..33705.06 rows=352800 width=30) (actual time=0.678..670.210 rows=359660 loops=1)
                                                   ->  Hash Join  (cost=1.18..29001.06 rows=117600 width=30) (actual time=0.813..679.983 rows=120067 loops=1)
                                                         Hash Cond: (customer.c_nationkey = n2.n_nationkey)
                                                         Extra Text: (seg2)   Hash chain length 1.0 avg, 1 max, using 2 of 65536 buckets.
                                                         ->  Seq Scan on customer  (cost=0.00..23888.00 rows=1500000 width=8) (actual time=0.082..369.003 rows=1501094 loops=1)
                                                         ->  Hash  (cost=1.15..1.15 rows=2 width=30) (actual time=0.012..0.012 rows=2 loops=1)
                                                               Buckets: 65536  Batches: 1  Memory Usage: 513kB
                                                               ->  Broadcast Motion 3:3  (slice6; segments: 3)  (cost=0.00..1.15 rows=2 width=30) (actual time=0.004..0.006 rows=2 loops=1)
                                                                     ->  Seq Scan on nation n2  (cost=0.00..1.12 rows=1 width=30) (actual time=0.075..0.078 rows=1 loops=1)
                                                                           Filter: ((n_name = 'KENYA'::bpchar) OR (n_name = 'GERMANY'::bpchar))
                                                                           Rows Removed by Filter: 9
 Optimizer: Postgres-based planner
 Planning Time: 8.718 ms
   (slice0)    Executor memory: 168K bytes.
 * (slice1)    Executor memory: 45860K bytes avg x 3 workers, 45860K bytes max (seg0).  Work_mem: 22801K bytes max, 78497K bytes wanted.
   (slice2)    Executor memory: 2057K bytes avg x 3 workers, 2057K bytes max (seg0).  Work_mem: 1969K bytes max.
   (slice3)    Executor memory: 574K bytes avg x 3 workers, 574K bytes max (seg0).  Work_mem: 513K bytes max.
   (slice4)    Executor memory: 38K bytes avg x 3 workers, 38K bytes max (seg0).
   (slice5)    Executor memory: 574K bytes avg x 3 workers, 574K bytes max (seg0).  Work_mem: 513K bytes max.
   (slice6)    Executor memory: 38K bytes avg x 3 workers, 38K bytes max (seg0).
 Memory used:  128000kB
 Memory wanted:  472877kB
 Execution Time: 27061.464 ms
(74 rows)

