                                                                                                                 QUERY PLAN                                                                                                                 
--------------------------------------------------------------------------------------------------------------------------------------------------------------------------------------------------------------------------------------------
 Gather Motion 3:1  (slice1; segments: 3)  (cost=1238688.80..1238688.88 rows=5 width=24) (actual time=55454.608..55454.615 rows=5 loops=1)
   Merge Key: orders.o_orderpriority
   ->  Sort  (cost=1238688.80..1238688.81 rows=2 width=24) (actual time=55444.030..55444.049 rows=2 loops=1)
         Sort Key: orders.o_orderpriority
         Sort Method:  quicksort  Memory: 75kB
         Executor Memory: 177kB  Segments: 3  Max: 59kB (segment 0)
         ->  Finalize HashAggregate  (cost=1238688.78..1238688.79 rows=2 width=24) (actual time=55443.893..55443.897 rows=2 loops=1)
               Group Key: orders.o_orderpriority
               Extra Text: (seg0)   hash table(s): 1; chain length 1.0 avg, 1 max; using 2 of 4 buckets; total 1 expansions.
 
               ->  Redistribute Motion 3:3  (slice2; segments: 3)  (cost=1238688.60..1238688.75 rows=5 width=24) (actual time=55440.997..55443.871 rows=6 loops=1)
                     Hash Key: orders.o_orderpriority
                     ->  Partial HashAggregate  (cost=1238688.60..1238688.65 rows=5 width=24) (actual time=55440.705..55440.708 rows=5 loops=1)
                           Group Key: orders.o_orderpriority
                           Extra Text: (seg0)   hash table(s): 1; chain length 1.0 avg, 1 max; using 5 of 8 buckets; total 0 expansions.
 
                           ->  HashAggregate  (cost=1234434.06..1237270.42 rows=283636 width=16) (actual time=54973.946..55277.302 rows=520858 loops=1)
                                 Group Key: (RowIdExpr)
                                 Extra Text: (seg0)   hash table(s): 1; 519180 groups total in 4 batches, 1339120 spill partitions; disk usage: 15136KB; chain length 2.9 avg, 17 max; using 519180 of 5242880 buckets; total 1 expansions.
 
                                 ->  Redistribute Motion 3:3  (slice3; segments: 3)  (cost=94599.15..1233724.97 rows=283636 width=16) (actual time=24874.791..53966.755 rows=1435230 loops=1)
                                       Hash Key: (RowIdExpr)
                                       ->  Hash Join  (cost=94599.15..1228052.25 rows=283636 width=16) (actual time=24605.239..54104.837 rows=1434573 loops=1)
                                             Hash Cond: (lineitem.l_orderkey = orders.o_orderkey)
                                             Extra Text: (seg0)   Initial batch 0:
 (seg0)     Wrote 43143K bytes to inner workfile.
 (seg0)     Wrote 2672416K bytes to outer workfile.
 (seg0)   Initial batch 1:
 (seg0)     Read 43143K bytes from inner workfile.
 (seg0)     Read 2672430K bytes from outer workfile.
 (seg0)   Work file set: 1 files (0 compressed), max file size 44171264, min file size 32768, compression buffer size 0 bytes
 (seg0)   Hash chain length 3.4 avg, 14 max, using 503718 of 524288 buckets.
                                             ->  Seq Scan on lineitem  (cost=0.00..1036185.20 rows=19999819 width=8) (actual time=2.072..21172.020 rows=37938467 loops=1)
                                                   Filter: (l_commitdate < l_receiptdate)
                                                   Rows Removed by Filter: 22064843
                                             ->  Hash  (cost=73849.50..73849.50 rows=1659973 width=24) (actual time=854.920..854.920 rows=1701175 loops=1)
                                                   Buckets: 262144  Batches: 2  Memory Usage: 55273kB
                                                   ->  Broadcast Motion 3:3  (slice4; segments: 3)  (cost=0.18..73849.50 rows=1659973 width=24) (actual time=0.380..481.170 rows=1701175 loops=1)
                                                         ->  Index Scan using orders_o_orderdate_idx on orders  (cost=0.18..51716.53 rows=553324 width=24) (actual time=4.261..486.449 rows=567512 loops=1)
                                                               Index Cond: ((o_orderdate >= '1996-09-01'::date) AND (o_orderdate < '1996-12-01 00:00:00'::timestamp without time zone))
 Optimizer: Postgres-based planner
 Planning Time: 11.112 ms
   (slice0)    Executor memory: 12384K bytes.
 * (slice1)    Executor memory: 59K bytes avg x 3 workers, 59K bytes max (seg0).  Work_mem: 59K bytes max, 24K bytes wanted.
 * (slice2)    Executor memory: 57300K bytes avg x 3 workers, 58928K bytes max (seg1).  Work_mem: 65681K bytes max, 81937K bytes wanted.
 * (slice3)    Executor memory: 55450K bytes avg x 3 workers, 55450K bytes max (seg0).  Work_mem: 55273K bytes max, 108372K bytes wanted.
   (slice4)    Executor memory: 52K bytes avg x 3 workers, 52K bytes max (seg0).
 Memory used:  128000kB
 Memory wanted:  542557kB
 Execution Time: 55487.240 ms
(50 rows)

