CREATE VIEW
                                                                                                                       QUERY PLAN                                                                                                                       
--------------------------------------------------------------------------------------------------------------------------------------------------------------------------------------------------------------------------------------------------------
 Gather Motion 3:1  (slice1; segments: 3)  (cost=335314.30..335318.74 rows=313 width=103) (actual time=7455.149..7455.154 rows=1 loops=1)
   Merge Key: supplier.s_suppkey
   InitPlan 1 (returns $0)  (slice3)
     ->  Finalize Aggregate  (cost=332711.49..332711.50 rows=1 width=32) (actual time=7430.791..7430.792 rows=1 loops=1)
           ->  Gather Motion 3:1  (slice4; segments: 3)  (cost=332711.44..332711.49 rows=3 width=32) (actual time=7429.148..7430.764 rows=3 loops=1)
                 ->  Partial Aggregate  (cost=332711.44..332711.45 rows=1 width=32) (actual time=7427.036..7427.037 rows=1 loops=1)
                       ->  Finalize HashAggregate  (cost=330099.37..331405.40 rows=104483 width=36) (actual time=7154.355..7418.686 rows=100172 loops=1)
                             Group Key: lineitem_1.l_suppkey
                             Extra Text: (seg0)   hash table(s): 1; 99877 groups total in 4 batches, 626504 spill partitions; disk usage: 14048KB; chain length 2.2 avg, 7 max; using 99877 of 655360 buckets; total 0 expansions.
 
                             ->  Redistribute Motion 3:3  (slice5; segments: 3)  (cost=317562.74..327748.75 rows=313416 width=36) (actual time=4301.389..6772.600 rows=300379 loops=1)
                                   Hash Key: lineitem_1.l_suppkey
                                   ->  Partial HashAggregate  (cost=317562.74..321480.44 rows=313416 width=36) (actual time=4334.795..7010.193 rows=299862 loops=1)
                                         Group Key: lineitem_1.l_suppkey
                                         Extra Text: (seg0)   hash table(s): 1; 299859 groups total in 20 batches, 7424160 spill partitions; disk usage: 93536KB; chain length 2.1 avg, 5 max; using 299859 of 5505024 buckets; total 0 expansions.
 
                                         ->  Index Scan using lineitem_l_shipdate_idx on lineitem lineitem_1  (cost=0.19..293898.53 rows=2366421 width=16) (actual time=0.706..1420.805 rows=2295994 loops=1)
                                               Index Cond: ((l_shipdate >= '1997-05-01'::date) AND (l_shipdate < '1997-08-01 00:00:00'::timestamp without time zone))
   ->  Sort  (cost=335314.30..335314.56 rows=104 width=103) (actual time=7453.732..7453.737 rows=1 loops=1)
         Sort Key: supplier.s_suppkey
         Sort Method:  quicksort  Memory: 75kB
         Executor Memory: 177kB  Segments: 3  Max: 59kB (segment 0)
         ->  Hash Join  (cost=333497.25..335310.79 rows=104 width=103) (actual time=7427.879..7453.395 rows=1 loops=1)
               Hash Cond: (supplier.s_suppkey = revenue0.supplier_no)
               Extra Text: (seg0)   Hash chain length 1.0 avg, 1 max, using 1 of 65536 buckets.
               ->  Seq Scan on supplier  (cost=0.00..1550.00 rows=100000 width=71) (actual time=0.038..21.469 rows=99877 loops=1)
               ->  Hash  (cost=333495.94..333495.94 rows=104 width=36) (actual time=7415.907..7415.908 rows=1 loops=1)
                     Buckets: 65536  Batches: 1  Memory Usage: 513kB
                     ->  Subquery Scan on revenue0  (cost=331666.45..333495.94 rows=104 width=36) (actual time=7357.514..7415.901 rows=1 loops=1)
                           ->  Finalize HashAggregate  (cost=331666.45..333494.90 rows=104 width=36) (actual time=7357.512..7415.897 rows=1 loops=1)
                                 Group Key: lineitem.l_suppkey
                                 Filter: (sum((lineitem.l_extendedprice * ('1'::numeric - lineitem.l_discount))) = $0)
                                 Rows Removed by Filter: 99876
                                 Extra Text: (seg0)   hash table(s): 1; 99877 groups total in 4 batches, 630316 spill partitions; disk usage: 14080KB; chain length 2.2 avg, 7 max; using 99877 of 655360 buckets; total 0 expansions.
 
                                 ->  Redistribute Motion 3:3  (slice2; segments: 3)  (cost=317562.74..327748.75 rows=313416 width=36) (actual time=4297.301..6790.410 rows=300379 loops=1)
                                       Hash Key: lineitem.l_suppkey
                                       ->  Partial HashAggregate  (cost=317562.74..321480.44 rows=313416 width=36) (actual time=4303.113..6976.572 rows=299862 loops=1)
                                             Group Key: lineitem.l_suppkey
                                             Extra Text: (seg0)   hash table(s): 1; 299859 groups total in 20 batches, 7424160 spill partitions; disk usage: 93536KB; chain length 2.1 avg, 5 max; using 299859 of 5505024 buckets; total 0 expansions.
 
                                             ->  Index Scan using lineitem_l_shipdate_idx on lineitem  (cost=0.19..293898.53 rows=2366421 width=16) (actual time=0.235..1392.759 rows=2295994 loops=1)
                                                   Index Cond: ((l_shipdate >= '1997-05-01'::date) AND (l_shipdate < '1997-08-01 00:00:00'::timestamp without time zone))
 Optimizer: Postgres-based planner
 Planning Time: 4.072 ms
   (slice0)    Executor memory: 18622K bytes.
 * (slice1)    Executor memory: 16380K bytes avg x 3 workers, 16391K bytes max (seg2).  Work_mem: 35985K bytes max, 68625K bytes wanted.
 * (slice2)    Executor memory: 16827K bytes avg x 3 workers, 16827K bytes max (seg2).  Work_mem: 30897K bytes max, 137233K bytes wanted.
   (slice3)    Executor memory: 18581K bytes.
 * (slice4)    Executor memory: 15928K bytes avg x 3 workers, 15941K bytes max (seg2).  Work_mem: 35985K bytes max, 68625K bytes wanted.
 * (slice5)    Executor memory: 16827K bytes avg x 3 workers, 16827K bytes max (seg2).  Work_mem: 30897K bytes max, 137233K bytes wanted.
 Memory used:  128000kB
 Memory wanted:  824492kB
 Execution Time: 14899.710 ms
(54 rows)

DROP VIEW
