                                                                                                                QUERY PLAN                                                                                                                
------------------------------------------------------------------------------------------------------------------------------------------------------------------------------------------------------------------------------------------
 Finalize GroupAggregate  (cost=1430816.02..1431625.21 rows=2405 width=40) (actual time=27587.367..27587.382 rows=2 loops=1)
   Group Key: (date_part('year'::text, (orders.o_orderdate)::timestamp without time zone))
   ->  Gather Motion 3:1  (slice1; segments: 3)  (cost=1430816.02..1431480.91 rows=7215 width=72) (actual time=27587.339..27587.347 rows=6 loops=1)
         Merge Key: (date_part('year'::text, (orders.o_orderdate)::timestamp without time zone))
         ->  Partial GroupAggregate  (cost=1430816.02..1431384.71 rows=2405 width=72) (actual time=27573.026..27584.143 rows=2 loops=1)
               Group Key: (date_part('year'::text, (orders.o_orderdate)::timestamp without time zone))
               ->  Sort  (cost=1430816.02..1430873.86 rows=23137 width=46) (actual time=27563.070..27565.399 rows=24170 loops=1)
                     Sort Key: (date_part('year'::text, (orders.o_orderdate)::timestamp without time zone))
                     Sort Method:  quicksort  Memory: 8489kB
                     Executor Memory: 6805kB  Segments: 3  Max: 2280kB (segment 1)
                     ->  Hash Join  (cost=1112110.52..1429138.80 rows=23137 width=46) (actual time=22741.302..27553.906 rows=24170 loops=1)
                           Hash Cond: (supplier.s_nationkey = n2.n_nationkey)
                           Extra Text: (seg1)   Hash chain length 1.0 avg, 1 max, using 25 of 65536 buckets.
                           ->  Hash Join  (cost=1112108.79..1428728.23 rows=23137 width=20) (actual time=22740.960..27537.322 rows=24170 loops=1)
                                 Hash Cond: (lineitem.l_suppkey = supplier.s_suppkey)
                                 Extra Text: (seg1)   Hash chain length 1.9 avg, 9 max, using 51312 of 65536 buckets.
                                 ->  Redistribute Motion 3:3  (slice2; segments: 3)  (cost=1109308.79..1425633.40 rows=24175 width=20) (actual time=22660.018..27435.535 rows=24170 loops=1)
                                       Hash Key: lineitem.l_suppkey
                                       ->  Hash Join  (cost=1109308.79..1425149.91 rows=24175 width=20) (actual time=22616.721..27545.253 rows=24081 loops=1)
                                             Hash Cond: (orders.o_custkey = customer.c_custkey)
                                             Extra Text: (seg0)   Hash chain length 2.5 avg, 12 max, using 117665 of 131072 buckets.
                                             ->  Redistribute Motion 3:3  (slice3; segments: 3)  (cost=1073043.48..1388189.58 rows=120873 width=24) (actual time=21880.097..26728.935 rows=120045 loops=1)
                                                   Hash Key: orders.o_custkey
                                                   ->  Hash Join  (cost=1073043.48..1385772.13 rows=120873 width=24) (actual time=22600.483..27476.264 rows=120669 loops=1)
                                                         Hash Cond: (orders.o_orderkey = lineitem.l_orderkey)
                                                         Extra Text: (seg0)   Initial batch 0:
 (seg0)     Wrote 9673K bytes to inner workfile.
 (seg0)     Wrote 297151K bytes to outer workfile.
 (seg0)   Initial batch 1:
 (seg0)     Read 9673K bytes from inner workfile.
 (seg0)     Read 297151K bytes from outer workfile.
 (seg0)   Work file set: 1 files (0 compressed), max file size 9895936, min file size 32768, compression buffer size 0 bytes
 (seg0)   Hash chain length 1.9 avg, 10 max, using 203098 of 262144 buckets.
                                                         ->  Seq Scan on orders  (cost=0.00..291511.00 rows=4545366 width=16) (actual time=1513.228..3663.406 rows=4558976 loops=1)
                                                               Filter: ((o_orderdate >= '1995-01-01'::date) AND (o_orderdate <= '1996-12-31'::date))
                                                               Rows Removed by Filter: 10438712
                                                         ->  Hash  (cost=1068057.38..1068057.38 rows=398888 width=24) (actual time=21083.971..21083.972 rows=395348 loops=1)
                                                               Buckets: 131072  Batches: 2  Memory Usage: 12974kB
                                                               ->  Redistribute Motion 3:3  (slice4; segments: 3)  (cost=12405.60..1068057.38 rows=398888 width=24) (actual time=465.222..20951.303 rows=395348 loops=1)
                                                                     Hash Key: lineitem.l_orderkey
                                                                     ->  Hash Join  (cost=12405.60..1060079.61 rows=398888 width=24) (actual time=435.967..20705.042 rows=395144 loops=1)
                                                                           Hash Cond: (lineitem.l_partkey = part.p_partkey)
                                                                           Extra Text: (seg0)   Hash chain length 1.3 avg, 6 max, using 29680 of 65536 buckets.
                                                                           ->  Seq Scan on lineitem  (cost=0.00..886186.56 rows=59999456 width=28) (actual time=0.105..10793.718 rows=60003310 loops=1)
                                                                           ->  Hash  (cost=11906.98..11906.98 rows=39889 width=4) (actual time=434.379..434.380 rows=39493 loops=1)
                                                                                 Buckets: 65536  Batches: 1  Memory Usage: 1901kB
                                                                                 ->  Broadcast Motion 3:3  (slice5; segments: 3)  (cost=510.67..11906.98 rows=39889 width=4) (actual time=147.185..423.161 rows=39493 loops=1)
                                                                                       ->  Bitmap Heap Scan on part  (cost=510.67..11375.13 rows=13296 width=4) (actual time=172.153..420.660 rows=13286 loops=1)
                                                                                             Recheck Cond: ((p_type)::text = 'LARGE PLATED COPPER'::text)
                                                                                             ->  Bitmap Index Scan on part_p_type_p_partkey_idx  (cost=0.00..507.34 rows=13296 width=0) (actual time=169.255..169.255 rows=13286 loops=1)
                                                                                                   Index Cond: ((p_type)::text = 'LARGE PLATED COPPER'::text)
                                             ->  Hash  (cost=32515.30..32515.30 rows=300000 width=4) (actual time=735.432..735.436 rows=300010 loops=1)
                                                   Buckets: 131072  Batches: 1  Memory Usage: 11572kB
                                                   ->  Hash Join  (cost=2.30..32515.30 rows=300000 width=4) (actual time=1.494..637.830 rows=300010 loops=1)
                                                         Hash Cond: (customer.c_nationkey = n1.n_nationkey)
                                                         Extra Text: (seg0)   Hash chain length 1.0 avg, 1 max, using 5 of 65536 buckets.
                                                         ->  Seq Scan on customer  (cost=0.00..23888.00 rows=1500000 width=8) (actual time=0.063..351.788 rows=1501094 loops=1)
                                                         ->  Hash  (cost=2.24..2.24 rows=5 width=4) (actual time=1.238..1.239 rows=5 loops=1)
                                                               Buckets: 65536  Batches: 1  Memory Usage: 513kB
                                                               ->  Broadcast Motion 3:3  (slice6; segments: 3)  (cost=1.05..2.24 rows=5 width=4) (actual time=0.070..1.226 rows=5 loops=1)
                                                                     ->  Hash Join  (cost=1.05..2.18 rows=2 width=4) (actual time=0.922..1.146 rows=2 loops=1)
                                                                           Hash Cond: (n1.n_regionkey = region.r_regionkey)
                                                                           Extra Text: (seg1)   Hash chain length 1.0 avg, 1 max, using 1 of 65536 buckets.
                                                                           ->  Seq Scan on nation n1  (cost=0.00..1.08 rows=8 width=8) (actual time=0.021..0.023 rows=10 loops=1)
                                                                           ->  Hash  (cost=1.04..1.04 rows=1 width=4) (actual time=0.010..0.010 rows=1 loops=1)
                                                                                 Buckets: 65536  Batches: 1  Memory Usage: 513kB
                                                                                 ->  Broadcast Motion 3:3  (slice7; segments: 3)  (cost=0.00..1.04 rows=1 width=4) (actual time=0.005..0.006 rows=1 loops=1)
                                                                                       ->  Seq Scan on region  (cost=0.00..1.02 rows=1 width=4) (actual time=0.068..0.070 rows=1 loops=1)
                                                                                             Filter: (r_name = 'AFRICA'::bpchar)
                                                                                             Rows Removed by Filter: 1
                                 ->  Hash  (cost=1550.00..1550.00 rows=100000 width=8) (actual time=65.736..65.737 rows=100172 loops=1)
                                       Buckets: 65536  Batches: 1  Memory Usage: 4425kB
                                       ->  Seq Scan on supplier  (cost=0.00..1550.00 rows=100000 width=8) (actual time=0.082..35.231 rows=100172 loops=1)
                           ->  Hash  (cost=1.42..1.42 rows=25 width=30) (actual time=0.028..0.029 rows=25 loops=1)
                                 Buckets: 65536  Batches: 1  Memory Usage: 514kB
                                 ->  Broadcast Motion 3:3  (slice8; segments: 3)  (cost=0.00..1.42 rows=25 width=30) (actual time=0.008..0.018 rows=25 loops=1)
                                       ->  Seq Scan on nation n2  (cost=0.00..1.08 rows=8 width=30) (actual time=0.057..0.061 rows=10 loops=1)
 Optimizer: Postgres-based planner
 Planning Time: 21.125 ms
   (slice0)    Executor memory: 235K bytes.
   (slice1)    Executor memory: 5053K bytes avg x 3 workers, 5064K bytes max (seg1).  Work_mem: 4425K bytes max.
   (slice2)    Executor memory: 13350K bytes avg x 3 workers, 13360K bytes max (seg0).  Work_mem: 11572K bytes max.
 * (slice3)    Executor memory: 13141K bytes avg x 3 workers, 13173K bytes max (seg0).  Work_mem: 12974K bytes max, 24967K bytes wanted.
   (slice4)    Executor memory: 2122K bytes avg x 3 workers, 2122K bytes max (seg0).  Work_mem: 1901K bytes max.
   (slice5)    Executor memory: 196855K bytes avg x 3 workers, 196855K bytes max (seg0).
   (slice6)    Executor memory: 574K bytes avg x 3 workers, 574K bytes max (seg0).  Work_mem: 513K bytes max.
   (slice7)    Executor memory: 38K bytes avg x 3 workers, 38K bytes max (seg0).
   (slice8)    Executor memory: 38K bytes avg x 3 workers, 38K bytes max (seg0).
 Memory used:  128000kB
 Memory wanted:  227201kB
 Execution Time: 27612.274 ms
(91 rows)

