                                                                                                       QUERY PLAN                                                                                                       
------------------------------------------------------------------------------------------------------------------------------------------------------------------------------------------------------------------------
 Gather Motion 3:1  (slice1; segments: 3)  (cost=180660.47..185193.80 rows=320000 width=36) (actual time=4810.937..4831.316 rows=30005 loops=1)
   Merge Key: (sum((partsupp.ps_supplycost * (partsupp.ps_availqty)::numeric)))
   InitPlan 1 (returns $0)  (slice5)
     ->  Finalize Aggregate  (cost=156552.41..156552.42 rows=1 width=32) (actual time=4132.844..4132.845 rows=1 loops=1)
           ->  Gather Motion 3:1  (slice6; segments: 3)  (cost=156552.34..156552.39 rows=3 width=32) (actual time=4110.468..4132.818 rows=3 loops=1)
                 ->  Partial Aggregate  (cost=156552.34..156552.35 rows=1 width=32) (actual time=4130.947..4130.948 rows=1 loops=1)
                       ->  Hash Join  (cost=2120.34..154152.34 rows=320000 width=10) (actual time=60.871..3938.249 rows=317137 loops=1)
                             Hash Cond: (partsupp_1.ps_suppkey = supplier_1.s_suppkey)
                             Extra Text: (seg1)   Hash chain length 1.0 avg, 3 max, using 11342 of 131072 buckets.
                             ->  Seq Scan on partsupp partsupp_1  (cost=0.00..118832.00 rows=8000000 width=14) (actual time=0.468..2866.192 rows=8004645 loops=1)
                             ->  Hash  (cost=1970.34..1970.34 rows=12000 width=4) (actual time=60.209..60.210 rows=11857 loops=1)
                                   Buckets: 131072  Batches: 1  Memory Usage: 1441kB
                                   ->  Broadcast Motion 3:3  (slice7; segments: 3)  (cost=1.14..1970.34 rows=12000 width=4) (actual time=8.343..57.930 rows=11857 loops=1)
                                         ->  Hash Join  (cost=1.14..1810.34 rows=4000 width=4) (actual time=2.755..59.224 rows=4019 loops=1)
                                               Hash Cond: (supplier_1.s_nationkey = nation_1.n_nationkey)
                                               Extra Text: (seg1)   Hash chain length 1.0 avg, 1 max, using 1 of 131072 buckets.
                                               ->  Seq Scan on supplier supplier_1  (cost=0.00..1507.00 rows=100000 width=8) (actual time=0.826..42.564 rows=100172 loops=1)
                                               ->  Hash  (cost=1.12..1.12 rows=1 width=4) (actual time=0.022..0.023 rows=1 loops=1)
                                                     Buckets: 131072  Batches: 1  Memory Usage: 1025kB
                                                     ->  Broadcast Motion 3:3  (slice8; segments: 3)  (cost=0.00..1.12 rows=1 width=4) (actual time=0.009..0.010 rows=1 loops=1)
                                                           ->  Seq Scan on nation nation_1  (cost=0.00..1.10 rows=1 width=4) (actual time=0.766..0.772 rows=1 loops=1)
                                                                 Filter: (n_name = 'JORDAN'::bpchar)
                                                                 Rows Removed by Filter: 8
   ->  Sort  (cost=180660.47..180927.14 rows=106667 width=36) (actual time=4805.745..4807.138 rows=10066 loops=1)
         Sort Key: (sum((partsupp.ps_supplycost * (partsupp.ps_availqty)::numeric))) DESC
         Sort Method:  quicksort  Memory: 2794kB
         Executor Memory: 2101kB  Segments: 3  Max: 703kB (segment 0)
         ->  HashAggregate  (cost=166152.34..171752.34 rows=106667 width=36) (actual time=4307.910..4800.473 rows=10066 loops=1)
               Group Key: partsupp.ps_partkey
               Filter: (sum((partsupp.ps_supplycost * (partsupp.ps_availqty)::numeric)) > $0)
               Rows Removed by Filter: 288197
               Extra Text: (seg0)   hash table(s): 1; 298263 groups total in 4 batches, 940344 spill partitions; disk usage: 13600KB; chain length 2.1 avg, 6 max; using 298263 of 1310720 buckets; total 0 expansions.
 
               ->  Redistribute Motion 3:3  (slice2; segments: 3)  (cost=2120.34..160552.34 rows=320000 width=14) (actual time=67.745..3999.676 rows=316478 loops=1)
                     Hash Key: partsupp.ps_partkey
                     ->  Hash Join  (cost=2120.34..154152.34 rows=320000 width=14) (actual time=59.442..4161.509 rows=317137 loops=1)
                           Hash Cond: (partsupp.ps_suppkey = supplier.s_suppkey)
                           Extra Text: (seg1)   Hash chain length 1.0 avg, 3 max, using 11342 of 131072 buckets.
                           ->  Seq Scan on partsupp  (cost=0.00..118832.00 rows=8000000 width=18) (actual time=0.401..3025.943 rows=8004645 loops=1)
                           ->  Hash  (cost=1970.34..1970.34 rows=12000 width=4) (actual time=58.770..58.770 rows=11857 loops=1)
                                 Buckets: 131072  Batches: 1  Memory Usage: 1441kB
                                 ->  Broadcast Motion 3:3  (slice3; segments: 3)  (cost=1.14..1970.34 rows=12000 width=4) (actual time=8.268..55.218 rows=11857 loops=1)
                                       ->  Hash Join  (cost=1.14..1810.34 rows=4000 width=4) (actual time=1.258..55.532 rows=4019 loops=1)
                                             Hash Cond: (supplier.s_nationkey = nation.n_nationkey)
                                             Extra Text: (seg1)   Hash chain length 1.0 avg, 1 max, using 1 of 131072 buckets.
                                             ->  Seq Scan on supplier  (cost=0.00..1507.00 rows=100000 width=8) (actual time=0.259..42.131 rows=100172 loops=1)
                                             ->  Hash  (cost=1.12..1.12 rows=1 width=4) (actual time=0.009..0.009 rows=1 loops=1)
                                                   Buckets: 131072  Batches: 1  Memory Usage: 1025kB
                                                   ->  Broadcast Motion 3:3  (slice4; segments: 3)  (cost=0.00..1.12 rows=1 width=4) (actual time=0.004..0.004 rows=1 loops=1)
                                                         ->  Seq Scan on nation  (cost=0.00..1.10 rows=1 width=4) (actual time=0.428..0.432 rows=1 loops=1)
                                                               Filter: (n_name = 'JORDAN'::bpchar)
                                                               Rows Removed by Filter: 8
 Optimizer: Postgres-based planner
 Planning Time: 12.593 ms
   (slice0)    Executor memory: 6357K bytes.
 * (slice1)    Executor memory: 21940K bytes avg x 3 workers, 21941K bytes max (seg2).  Work_mem: 39057K bytes max, 137233K bytes wanted.
   (slice2)    Executor memory: 1720K bytes avg x 3 workers, 1720K bytes max (seg0).  Work_mem: 1441K bytes max.
   (slice3)    Executor memory: 1263K bytes avg x 3 workers, 1263K bytes max (seg0).  Work_mem: 1025K bytes max.
   (slice4)    Executor memory: 185K bytes avg x 3 workers, 185K bytes max (seg0).
   (slice5)    Executor memory: 6285K bytes.
   (slice6)    Executor memory: 1718K bytes avg x 3 workers, 1718K bytes max (seg0).  Work_mem: 1441K bytes max.
   (slice7)    Executor memory: 1263K bytes avg x 3 workers, 1263K bytes max (seg0).  Work_mem: 1025K bytes max.
   (slice8)    Executor memory: 185K bytes avg x 3 workers, 185K bytes max (seg0).
 Memory used:  128000kB
 Memory wanted:  825292kB
 Execution Time: 8991.485 ms
(66 rows)

