                                                                                                        QUERY PLAN                                                                                                        
--------------------------------------------------------------------------------------------------------------------------------------------------------------------------------------------------------------------------
 Gather Motion 3:1  (slice1; segments: 3)  (cost=2235473.86..2369195.40 rows=9439167 width=48) (actual time=62182.941..62416.654 rows=340729 loops=1)
   Merge Key: (sum((lineitem.l_extendedprice * ('1'::numeric - lineitem.l_discount)))), orders.o_orderdate
   ->  Sort  (cost=2235473.86..2243339.83 rows=3146389 width=48) (actual time=62176.411..62195.926 rows=114073 loops=1)
         Sort Key: (sum((lineitem.l_extendedprice * ('1'::numeric - lineitem.l_discount)))) DESC, orders.o_orderdate
         Sort Method:  quicksort  Memory: 38499kB
         Executor Memory: 30523kB  Segments: 3  Max: 10206kB (segment 1)
         ->  HashAggregate  (cost=1832366.76..1871696.63 rows=3146389 width=48) (actual time=61828.848..62100.199 rows=114073 loops=1)
               Group Key: lineitem.l_orderkey, orders.o_orderdate, orders.o_shippriority
               Planned Partitions: 16
               Extra Text: (seg0)   hash table(s): 1; 113815 groups total in 16 batches, 1539792 spill partitions; disk usage: 11808KB; chain length 2.1 avg, 5 max; using 113815 of 8912896 buckets; total 0 expansions.
 
               ->  Redistribute Motion 3:3  (slice2; segments: 3)  (cost=372532.90..1785170.93 rows=3146389 width=28) (actual time=11956.751..61443.417 rows=301112 loops=1)
                     Hash Key: orders.o_orderdate, lineitem.l_orderkey, orders.o_shippriority
                     ->  Hash Join  (cost=372532.90..1722243.14 rows=3146389 width=28) (actual time=11931.962..61316.626 rows=300335 loops=1)
                           Hash Cond: (lineitem.l_orderkey = orders.o_orderkey)
                           Extra Text: (seg0)   Initial batch 0:
 (seg0)     Wrote 135527K bytes to inner workfile.
 (seg0)     Wrote 1137829K bytes to outer workfile.
 (seg0)   Initial batches 1..7:
 (seg0)     Read 135527K bytes from inner workfile: 19361K avg x 7 nonempty batches, 19443K max.
 (seg0)     Read 1137829K bytes from outer workfile: 162547K avg x 7 nonempty batches, 162713K max.
 (seg0)   Work file set: 7 files (0 compressed), max file size 19890176, min file size 32768, compression buffer size 0 bytes
 (seg0)   Hash chain length 4.3 avg, 17 max, using 1033180 of 1048576 buckets.
                           ->  Bitmap Heap Scan on lineitem  (cost=8093.87..968495.98 rows=32324342 width=20) (actual time=1173.349..23245.020 rows=32127438 loops=1)
                                 Recheck Cond: (l_shipdate > '1995-03-24'::date)
                                 Rows Removed by Index Recheck: 2708699
                                 ->  Bitmap Index Scan on lineitem_l_shipdate_idx  (cost=0.00..12.78 rows=34224355 width=0) (actual time=0.846..0.846 rows=10640 loops=1)
                                       Index Cond: (l_shipdate > '1995-03-24'::date)
                           ->  Hash  (cost=304339.36..304339.36 rows=4380213 width=16) (actual time=10507.821..10507.821 rows=4405986 loops=1)
                                 Buckets: 131072  Batches: 8  Memory Usage: 26854kB
                                 ->  Broadcast Motion 3:3  (slice3; segments: 3)  (cost=46911.84..304339.36 rows=4380213 width=16) (actual time=512.655..9558.582 rows=4405986 loops=1)
                                       ->  Hash Join  (cost=46911.84..245936.52 rows=1460071 width=16) (actual time=511.671..9722.301 rows=1469972 loops=1)
                                             Hash Cond: (orders.o_custkey = customer.c_custkey)
                                             Extra Text: (seg0)   Initial batch 0:
 (seg0)     Wrote 10548K bytes to inner workfile.
 (seg0)     Wrote 157719K bytes to outer workfile.
 (seg0)   Initial batch 1:
 (seg0)     Read 10548K bytes from inner workfile.
 (seg0)     Read 157719K bytes from outer workfile.
 (seg0)   Work file set: 1 files (0 compressed), max file size 10780672, min file size 32768, compression buffer size 0 bytes
 (seg0)   Hash chain length 2.1 avg, 11 max, using 429696 of 524288 buckets.
                                             ->  Bitmap Heap Scan on orders  (cost=1847.07..166355.79 rows=7339499 width=20) (actual time=3.070..4710.718 rows=7345733 loops=1)
                                                   Recheck Cond: (o_orderdate < '1995-03-24'::date)
                                                   Rows Removed by Index Recheck: 1042874
                                                   ->  Bitmap Index Scan on orders_o_orderdate_idx  (cost=0.00..12.19 rows=8181818 width=0) (actual time=0.890..0.891 rows=2560 loops=1)
                                                         Index Cond: (o_orderdate < '1995-03-24'::date)
                                             ->  Hash  (cost=33874.78..33874.78 rows=895200 width=4) (actual time=507.097..507.097 rows=900602 loops=1)
                                                   Buckets: 262144  Batches: 2  Memory Usage: 17889kB
                                                   ->  Broadcast Motion 3:3  (slice4; segments: 3)  (cost=9868.78..33874.78 rows=895200 width=4) (actual time=104.359..331.709 rows=900602 loops=1)
                                                         ->  Bitmap Heap Scan on customer  (cost=9868.78..21938.78 rows=298400 width=4) (actual time=106.109..396.640 rows=300807 loops=1)
                                                               Recheck Cond: (c_mktsegment = 'HOUSEHOLD'::bpchar)
                                                               ->  Bitmap Index Scan on customer_c_mktsegment_c_custkey_idx  (cost=0.00..9794.18 rows=298400 width=0) (actual time=102.731..102.731 rows=300807 loops=1)
                                                                     Index Cond: (c_mktsegment = 'HOUSEHOLD'::bpchar)
 Optimizer: Postgres-based planner
 Planning Time: 9.551 ms
   (slice0)    Executor memory: 12472K bytes.
 * (slice1)    Executor memory: 28464K bytes avg x 3 workers, 28464K bytes max (seg0).  Work_mem: 45585K bytes max, 61457K bytes wanted.
 * (slice2)    Executor memory: 38311K bytes avg x 3 workers, 38313K bytes max (seg0).  Work_mem: 26854K bytes max, 207555K bytes wanted.
 * (slice3)    Executor memory: 24236K bytes avg x 3 workers, 24236K bytes max (seg0).  Work_mem: 17889K bytes max, 33710K bytes wanted.
   (slice4)    Executor memory: 2446K bytes avg x 3 workers, 2446K bytes max (seg0).
 Memory used:  128000kB
 Memory wanted:  1453782kB
 Execution Time: 62449.904 ms
(63 rows)

