                                                                                    QUERY PLAN                                                                                    
----------------------------------------------------------------------------------------------------------------------------------------------------------------------------------
 Finalize Aggregate  (cost=1066608.19..1066608.20 rows=1 width=32) (actual time=8728.539..8728.542 rows=1 loops=1)
   ->  Gather Motion 3:1  (slice1; segments: 3)  (cost=1066608.10..1066608.15 rows=3 width=64) (actual time=8714.653..8728.487 rows=3 loops=1)
         ->  Partial Aggregate  (cost=1066608.10..1066608.11 rows=1 width=64) (actual time=8719.713..8719.715 rows=1 loops=1)
               ->  Hash Join  (cost=1007364.74..1053366.19 rows=756681 width=33) (actual time=6059.373..8109.333 rows=748754 loops=1)
                     Hash Cond: (part.p_partkey = lineitem.l_partkey)
                     Extra Text: (seg0)   Hash chain length 3.1 avg, 16 max, using 237865 of 262144 buckets.
                     ->  Seq Scan on part  (cost=0.00..29553.00 rows=2000000 width=25) (actual time=0.513..966.454 rows=2001127 loops=1)
                     ->  Hash  (cost=997906.23..997906.23 rows=756681 width=16) (actual time=6057.299..6057.300 rows=748754 loops=1)
                           Buckets: 262144  Batches: 1  Memory Usage: 39347kB
                           ->  Redistribute Motion 3:3  (slice2; segments: 3)  (cost=201.20..997906.23 rows=756681 width=16) (actual time=1938.479..5882.346 rows=748754 loops=1)
                                 Hash Key: lineitem.l_partkey
                                 ->  Bitmap Heap Scan on lineitem  (cost=201.20..982772.62 rows=756681 width=16) (actual time=313.111..3364.288 rows=748419 loops=1)
                                       Recheck Cond: ((l_shipdate >= '1996-04-01'::date) AND (l_shipdate < '1996-05-01 00:00:00'::timestamp without time zone))
                                       Rows Removed by Index Recheck: 4728940
                                       ->  Bitmap Index Scan on lineitem_l_shipdate_idx  (cost=0.00..12.03 rows=1426015 width=0) (actual time=1.851..1.851 rows=2950 loops=1)
                                             Index Cond: ((l_shipdate >= '1996-04-01'::date) AND (l_shipdate < '1996-05-01 00:00:00'::timestamp without time zone))
 Optimizer: Postgres-based planner
 Planning Time: 17.466 ms
   (slice0)    Executor memory: 75K bytes.
   (slice1)    Executor memory: 41811K bytes avg x 3 workers, 41853K bytes max (seg0).  Work_mem: 39347K bytes max.
   (slice2)    Executor memory: 4098K bytes avg x 3 workers, 4776K bytes max (seg2).
 Memory used:  128000kB
 Execution Time: 8739.705 ms
(23 rows)

