                                                                                                       QUERY PLAN                                                                                                        
-------------------------------------------------------------------------------------------------------------------------------------------------------------------------------------------------------------------------
 Sort  (cost=1597203.59..1597203.65 rows=25 width=58) (actual time=84782.738..84782.751 rows=5 loops=1)
   Sort Key: (sum((lineitem.l_extendedprice * ('1'::numeric - lineitem.l_discount)))) DESC
   Sort Method:  quicksort  Memory: 25kB
   Executor Memory: 59kB  Segments: 1  Max: 59kB (segment -1)
   ->  Finalize GroupAggregate  (cost=1596328.48..1597203.01 rows=25 width=58) (actual time=84782.626..84782.651 rows=5 loops=1)
         Group Key: nation.n_name
         ->  Gather Motion 3:1  (slice1; segments: 3)  (cost=1596328.48..1597202.13 rows=75 width=58) (actual time=84782.576..84782.588 rows=15 loops=1)
               Merge Key: nation.n_name
               ->  Partial GroupAggregate  (cost=1596328.48..1597201.13 rows=25 width=58) (actual time=84419.759..84468.855 rows=5 loops=1)
                     Group Key: nation.n_name
                     ->  Sort  (cost=1596328.48..1596502.94 rows=69788 width=38) (actual time=84722.677..84729.946 rows=73664 loops=1)
                           Sort Key: nation.n_name
                           Sort Method:  quicksort  Memory: 28102kB
                           Executor Memory: 22961kB  Segments: 3  Max: 7680kB (segment 2)
                           ->  Hash Join  (cost=246459.56..1590713.82 rows=69788 width=38) (actual time=29269.907..84685.458 rows=73664 loops=1)
                                 Hash Cond: ((lineitem.l_suppkey = supplier.s_suppkey) AND (customer.c_nationkey = supplier.s_nationkey))
                                 Extra Text: (seg2)   Hash chain length 2.5 avg, 12 max, using 117649 of 131072 buckets.
                                 ->  Hash Join  (cost=236452.56..1570437.78 rows=1823079 width=50) (actual time=28954.744..83632.077 rows=1824668 loops=1)
                                       Hash Cond: (lineitem.l_orderkey = orders.o_orderkey)
                                       Extra Text: (seg0)   Initial batch 0:
 (seg0)     Wrote 68132K bytes to inner workfile.
 (seg0)     Wrote 2109104K bytes to outer workfile.
 (seg0)   Initial batches 1..3:
 (seg0)     Read 68132K bytes from inner workfile: 22711K avg x 3 nonempty batches, 22734K max.
 (seg0)     Read 2109104K bytes from outer workfile: 703035K avg x 3 nonempty batches, 703391K max.
 (seg0)   Work file set: 3 files (0 compressed), max file size 23265280, min file size 32768, compression buffer size 0 bytes
 (seg0)   Hash chain length 2.8 avg, 14 max, using 485827 of 524288 buckets.
                                       ->  Seq Scan on lineitem  (cost=0.00..884422.56 rows=59999456 width=24) (actual time=0.591..36430.983 rows=60003310 loops=1)
                                       ->  Hash  (cost=216356.04..216356.04 rows=1367322 width=42) (actual time=4991.712..4991.713 rows=1367721 loops=1)
                                             Buckets: 131072  Batches: 4  Memory Usage: 27723kB
                                             ->  Broadcast Motion 3:3  (slice2; segments: 3)  (cost=36299.09..216356.04 rows=1367322 width=42) (actual time=970.401..4611.491 rows=1367721 loops=1)
                                                   ->  Hash Join  (cost=36299.09..198125.08 rows=455774 width=42) (actual time=1205.040..4900.511 rows=457453 loops=1)
                                                         Hash Cond: (orders.o_custkey = customer.c_custkey)
                                                         Extra Text: (seg2)   Hash chain length 2.6 avg, 11 max, using 117870 of 131072 buckets.
                                                         ->  Redistribute Motion 3:3  (slice3; segments: 3)  (cost=581.78..149304.27 rows=2278870 width=12) (actual time=93.396..2518.313 rows=2277696 loops=1)
                                                               Hash Key: orders.o_custkey
                                                               ->  Bitmap Heap Scan on orders  (cost=581.78..103726.87 rows=2278870 width=12) (actual time=1251.930..4288.190 rows=2277172 loops=1)
                                                                     Recheck Cond: ((o_orderdate >= '1995-01-01'::date) AND (o_orderdate < '1996-01-01 00:00:00'::timestamp without time zone))
                                                                     Rows Removed by Index Recheck: 6111436
                                                                     ->  Bitmap Index Scan on orders_o_orderdate_idx  (cost=0.00..12.06 rows=2727273 width=0) (actual time=1.773..1.773 rows=2560 loops=1)
                                                                           Index Cond: ((o_orderdate >= '1995-01-01'::date) AND (o_orderdate < '1996-01-01 00:00:00'::timestamp without time zone))
                                                         ->  Hash  (cost=31967.30..31967.30 rows=300000 width=38) (actual time=1110.534..1110.536 rows=300633 loops=1)
                                                               Buckets: 131072  Batches: 1  Memory Usage: 22163kB
                                                               ->  Hash Join  (cost=2.30..31967.30 rows=300000 width=38) (actual time=3.786..990.293 rows=300633 loops=1)
                                                                     Hash Cond: (customer.c_nationkey = nation.n_nationkey)
                                                                     Extra Text: (seg2)   Hash chain length 1.0 avg, 1 max, using 5 of 65536 buckets.
                                                                     ->  Seq Scan on customer  (cost=0.00..23340.00 rows=1500000 width=8) (actual time=0.683..722.051 rows=1501094 loops=1)
                                                                     ->  Hash  (cost=2.24..2.24 rows=5 width=30) (actual time=2.876..2.877 rows=5 loops=1)
                                                                           Buckets: 65536  Batches: 1  Memory Usage: 513kB
                                                                           ->  Broadcast Motion 3:3  (slice4; segments: 3)  (cost=1.05..2.24 rows=5 width=30) (actual time=1.218..2.862 rows=5 loops=1)
                                                                                 ->  Hash Join  (cost=1.05..2.18 rows=2 width=30) (actual time=1.850..2.442 rows=3 loops=1)
                                                                                       Hash Cond: (nation.n_regionkey = region.r_regionkey)
                                                                                       Extra Text: (seg0)   Hash chain length 1.0 avg, 1 max, using 1 of 131072 buckets.
                                                                                       ->  Seq Scan on nation  (cost=0.00..1.08 rows=8 width=34) (actual time=0.746..0.755 rows=10 loops=1)
                                                                                       ->  Hash  (cost=1.04..1.04 rows=1 width=4) (actual time=0.016..0.017 rows=1 loops=1)
                                                                                             Buckets: 131072  Batches: 1  Memory Usage: 1025kB
                                                                                             ->  Broadcast Motion 3:3  (slice5; segments: 3)  (cost=0.00..1.04 rows=1 width=4) (actual time=0.006..0.008 rows=1 loops=1)
                                                                                                   ->  Seq Scan on region  (cost=0.00..1.02 rows=1 width=4) (actual time=0.762..0.767 rows=1 loops=1)
                                                                                                         Filter: (r_name = 'EUROPE'::bpchar)
                                                                                                         Rows Removed by Filter: 2
                                 ->  Hash  (cost=5507.00..5507.00 rows=300000 width=8) (actual time=235.025..235.026 rows=300000 loops=1)
                                       Buckets: 131072  Batches: 1  Memory Usage: 12743kB
                                       ->  Broadcast Motion 3:3  (slice6; segments: 3)  (cost=0.00..5507.00 rows=300000 width=8) (actual time=0.848..121.408 rows=300000 loops=1)
                                             ->  Seq Scan on supplier  (cost=0.00..1507.00 rows=100000 width=8) (actual time=0.817..76.977 rows=100172 loops=1)
 Optimizer: Postgres-based planner
 Planning Time: 18.900 ms
   (slice0)    Executor memory: 162K bytes.  Work_mem: 59K bytes max.
 * (slice1)    Executor memory: 41050K bytes avg x 3 workers, 41050K bytes max (seg0).  Work_mem: 27723K bytes max, 107878K bytes wanted.
   (slice2)    Executor memory: 22919K bytes avg x 3 workers, 22919K bytes max (seg0).  Work_mem: 22163K bytes max.
   (slice3)    Executor memory: 4456K bytes avg x 3 workers, 4456K bytes max (seg0).
   (slice4)    Executor memory: 1251K bytes avg x 3 workers, 1251K bytes max (seg0).  Work_mem: 1025K bytes max.
   (slice5)    Executor memory: 182K bytes avg x 3 workers, 185K bytes max (seg0).
   (slice6)    Executor memory: 195K bytes avg x 3 workers, 195K bytes max (seg0).
 Memory used:  128000kB
 Memory wanted:  864917kB
 Execution Time: 84802.781 ms
(76 rows)

