                                                                         QUERY PLAN                                                                         
------------------------------------------------------------------------------------------------------------------------------------------------------------
 Finalize Aggregate  (cost=1395444.17..1395444.18 rows=1 width=32) (actual time=13918.584..13918.585 rows=1 loops=1)
   ->  Gather Motion 3:1  (slice1; segments: 3)  (cost=1395444.11..1395444.16 rows=3 width=32) (actual time=13817.987..13918.561 rows=3 loops=1)
         ->  Partial Aggregate  (cost=1395444.11..1395444.12 rows=1 width=32) (actual time=13916.937..13916.938 rows=1 loops=1)
               ->  Bitmap Heap Scan on lineitem  (cost=943.72..1376814.22 rows=3725977 width=12) (actual time=2625.622..13352.987 rows=1192679 loops=1)
                     Recheck Cond: ((l_shipdate >= '1995-01-01'::date) AND (l_shipdate < '1996-01-01 00:00:00'::timestamp without time zone))
                     Rows Removed by Index Recheck: 8949840
                     Filter: ((l_discount >= 0.03) AND (l_discount <= 0.05) AND (l_quantity < '25'::numeric))
                     Rows Removed by Filter: 7917752
                     ->  Bitmap Index Scan on lineitem_l_shipdate_idx  (cost=0.00..12.23 rows=9982104 width=0) (actual time=0.925..0.925 rows=5520 loops=1)
                           Index Cond: ((l_shipdate >= '1995-01-01'::date) AND (l_shipdate < '1996-01-01 00:00:00'::timestamp without time zone))
 Optimizer: Postgres-based planner
 Planning Time: 3.149 ms
   (slice0)    Executor memory: 47K bytes.
   (slice1)    Executor memory: 6830K bytes avg x 3 workers, 6833K bytes max (seg0).
 Memory used:  128000kB
 Execution Time: 13922.883 ms
(16 rows)

