                                                    QUERY PLAN                                                    
------------------------------------------------------------------------------------------------------------------
 Gather Motion 3:1  (slice1; segments: 3)  (cost=3434163.52..3434163.60 rows=6 width=236)
   Merge Key: l_returnflag, l_linestatus
   ->  Sort  (cost=3434163.52..3434163.52 rows=2 width=236)
         Sort Key: l_returnflag, l_linestatus
         ->  Finalize HashAggregate  (cost=3434163.45..3434163.51 rows=2 width=236)
               Group Key: l_returnflag, l_linestatus
               ->  Redistribute Motion 3:3  (slice2; segments: 3)  (cost=3434162.91..3434163.20 rows=6 width=236)
                     Hash Key: l_returnflag, l_linestatus
                     ->  Partial HashAggregate  (cost=3434162.91..3434163.08 rows=6 width=236)
                           Group Key: l_returnflag, l_linestatus
                           ->  Seq Scan on lineitem  (cost=0.00..1034421.20 rows=59993543 width=25)
                                 Filter: (l_shipdate <= '1998-11-30 23:58:15'::timestamp without time zone)
 Optimizer: Postgres-based planner
(13 rows)

