                                                                                                         QUERY PLAN                                                                                                         
----------------------------------------------------------------------------------------------------------------------------------------------------------------------------------------------------------------------------
 Gather Motion 3:1  (slice1; segments: 3)  (cost=1126159.28..1126159.38 rows=7 width=27)
   Merge Key: lineitem.l_shipmode
   ->  Sort  (cost=1126159.28..1126159.28 rows=2 width=27)
         Sort Key: lineitem.l_shipmode
         ->  Finalize HashAggregate  (cost=1126159.24..1126159.26 rows=2 width=27)
               Group Key: lineitem.l_shipmode
               ->  Redistribute Motion 3:3  (slice2; segments: 3)  (cost=1126158.98..1126159.19 rows=7 width=27)
                     Hash Key: lineitem.l_shipmode
                     ->  Partial HashAggregate  (cost=1126158.98..1126159.05 rows=7 width=27)
                           Group Key: lineitem.l_shipmode
                           ->  Hash Join  (cost=712131.72..1082021.04 rows=2522168 width=27)
                                 Hash Cond: (orders.o_orderkey = lineitem.l_orderkey)
                                 ->  Seq Scan on orders  (cost=0.00..212236.00 rows=15000000 width=24)
                                 ->  Hash  (cost=676909.62..676909.62 rows=2522168 width=19)
                                       ->  Redistribute Motion 3:3  (slice3; segments: 3)  (cost=0.18..676909.62 rows=2522168 width=19)
                                             Hash Key: lineitem.l_orderkey
                                             ->  Index Scan using lineitem_l_orderkey_idx_part2 on lineitem  (cost=0.18..626466.27 rows=2522168 width=19)
                                                   Filter: ((l_shipmode = ANY ('{AIR,SHIP}'::bpchar[])) AND (l_receiptdate >= '1996-01-01'::date) AND (l_receiptdate < '1997-01-01 00:00:00'::timestamp without time zone))
 Optimizer: Postgres-based planner
(19 rows)

