                                                                                     QUERY PLAN                                                                                      
-------------------------------------------------------------------------------------------------------------------------------------------------------------------------------------
 Finalize GroupAggregate  (cost=1637953.88..1640055.27 rows=9643 width=92)
   Group Key: n1.n_name, n2.n_name, (date_part('year'::text, (lineitem.l_shipdate)::timestamp without time zone))
   ->  Gather Motion 3:1  (slice1; segments: 3)  (cost=1637953.88..1639525.14 rows=28910 width=92)
         Merge Key: n1.n_name, n2.n_name, (date_part('year'::text, (lineitem.l_shipdate)::timestamp without time zone))
         ->  Partial GroupAggregate  (cost=1637953.88..1639139.67 rows=9637 width=92)
               Group Key: n1.n_name, n2.n_name, (date_part('year'::text, (lineitem.l_shipdate)::timestamp without time zone))
               ->  Sort  (cost=1637953.88..1638099.19 rows=58123 width=72)
                     Sort Key: n1.n_name, n2.n_name, (date_part('year'::text, (lineitem.l_shipdate)::timestamp without time zone))
                     ->  Hash Join  (cost=341453.85..1633354.41 rows=58123 width=72)
                           Hash Cond: (lineitem.l_orderkey = orders.o_orderkey)
                           Join Filter: (((n1.n_name = 'GERMANY'::bpchar) AND (n2.n_name = 'KENYA'::bpchar)) OR ((n1.n_name = 'KENYA'::bpchar) AND (n2.n_name = 'GERMANY'::bpchar)))
                           ->  Redistribute Motion 3:3  (slice2; segments: 3)  (cost=2456.57..1287455.04 rows=1425142 width=50)
                                 Hash Key: lineitem.l_orderkey
                                 ->  Hash Join  (cost=2456.57..1258952.19 rows=1425142 width=50)
                                       Hash Cond: (lineitem.l_suppkey = supplier.s_suppkey)
                                       ->  Seq Scan on lineitem  (cost=0.00..1184419.84 rows=18177835 width=28)
                                             Filter: ((l_shipdate >= '1995-01-01'::date) AND (l_shipdate <= '1996-12-31'::date))
                                       ->  Hash  (cost=2162.57..2162.57 rows=23520 width=30)
                                             ->  Broadcast Motion 3:3  (slice3; segments: 3)  (cost=1.18..2162.57 rows=23520 width=30)
                                                   ->  Hash Join  (cost=1.18..1848.97 rows=7840 width=30)
                                                         Hash Cond: (supplier.s_nationkey = n1.n_nationkey)
                                                         ->  Seq Scan on supplier  (cost=0.00..1507.00 rows=100000 width=8)
                                                         ->  Hash  (cost=1.15..1.15 rows=2 width=30)
                                                               ->  Broadcast Motion 3:3  (slice4; segments: 3)  (cost=0.00..1.15 rows=2 width=30)
                                                                     ->  Seq Scan on nation n1  (cost=0.00..1.12 rows=1 width=30)
                                                                           Filter: ((n_name = 'GERMANY'::bpchar) OR (n_name = 'KENYA'::bpchar))
                           ->  Hash  (cost=324297.28..324297.28 rows=1176000 width=34)
                                 ->  Hash Join  (cost=37567.06..324297.28 rows=1176000 width=34)
                                       Hash Cond: (orders.o_custkey = customer.c_custkey)
                                       ->  Seq Scan on orders  (cost=0.00..212236.00 rows=15000000 width=12)
                                       ->  Hash  (cost=33157.06..33157.06 rows=352800 width=30)
                                             ->  Broadcast Motion 3:3  (slice5; segments: 3)  (cost=1.18..33157.06 rows=352800 width=30)
                                                   ->  Hash Join  (cost=1.18..28453.06 rows=117600 width=30)
                                                         Hash Cond: (customer.c_nationkey = n2.n_nationkey)
                                                         ->  Seq Scan on customer  (cost=0.00..23340.00 rows=1500000 width=8)
                                                         ->  Hash  (cost=1.15..1.15 rows=2 width=30)
                                                               ->  Broadcast Motion 3:3  (slice6; segments: 3)  (cost=0.00..1.15 rows=2 width=30)
                                                                     ->  Seq Scan on nation n2  (cost=0.00..1.12 rows=1 width=30)
                                                                           Filter: ((n_name = 'KENYA'::bpchar) OR (n_name = 'GERMANY'::bpchar))
 Optimizer: Postgres-based planner
(40 rows)

