                                                                        QUERY PLAN                                                                        
----------------------------------------------------------------------------------------------------------------------------------------------------------
 Finalize Aggregate  (cost=1267715.91..1267715.92 rows=1 width=32)
   ->  Gather Motion 3:1  (slice1; segments: 3)  (cost=1267715.82..1267715.87 rows=3 width=64)
         ->  Partial Aggregate  (cost=1267715.82..1267715.83 rows=1 width=64)
               ->  Hash Join  (cost=1208790.14..1254651.57 rows=746528 width=33)
                     Hash Cond: (part.p_partkey = lineitem.l_partkey)
                     ->  Seq Scan on part  (cost=0.00..29553.00 rows=2000000 width=25)
                     ->  Hash  (cost=1199416.95..1199416.95 rows=749856 width=16)
                           ->  Redistribute Motion 3:3  (slice2; segments: 3)  (cost=0.00..1199416.95 rows=749856 width=16)
                                 Hash Key: lineitem.l_partkey
                                 ->  Seq Scan on lineitem  (cost=0.00..1184419.84 rows=749856 width=16)
                                       Filter: ((l_shipdate >= '1996-04-01'::date) AND (l_shipdate < '1996-05-01 00:00:00'::timestamp without time zone))
 Optimizer: Postgres-based planner
(12 rows)

