                                                                         QUERY PLAN                                                                         
------------------------------------------------------------------------------------------------------------------------------------------------------------
 Gather Motion 3:1  (slice1; segments: 3)  (cost=8545937.48..9763108.85 rows=52164487 width=75)
   Merge Key: orders.o_totalprice, orders.o_orderdate, customer.c_name, customer.c_custkey, orders.o_orderkey
   ->  GroupAggregate  (cost=8545937.48..9067582.35 rows=17388162 width=75)
         Group Key: orders.o_totalprice, orders.o_orderdate, customer.c_name, customer.c_custkey, orders.o_orderkey
         ->  Sort  (cost=8545937.48..8589407.89 rows=17388162 width=48)
               Sort Key: orders.o_totalprice DESC, orders.o_orderdate, customer.c_name, customer.c_custkey, orders.o_orderkey
               ->  Hash Join  (cost=3907231.68..6321147.17 rows=17388162 width=48)
                     Hash Cond: (orders.o_custkey = customer.c_custkey)
                     ->  Hash Join  (cost=3761049.68..5886923.27 rows=17388162 width=29)
                           Hash Cond: (lineitem.l_orderkey = orders.o_orderkey)
                           ->  Redistribute Motion 3:3  (slice2; segments: 3)  (cost=3339340.68..5156295.79 rows=19999819 width=21)
                                 Hash Key: lineitem.l_orderkey
                                 ->  Hash Join  (cost=3339340.68..4756299.41 rows=19999819 width=21)
                                       Hash Cond: (lineitem.l_orderkey = lineitem_1.l_orderkey)
                                       ->  Seq Scan on lineitem  (cost=0.00..884422.56 rows=59999456 width=13)
                                       ->  Hash  (cost=3163589.18..3163589.18 rows=13041240 width=8)
                                             ->  Broadcast Motion 3:3  (slice3; segments: 3)  (cost=2677375.05..3163589.18 rows=13041240 width=8)
                                                   ->  HashAggregate  (cost=2677375.05..2946235.18 rows=4347080 width=8)
                                                         Group Key: lineitem_1.l_orderkey
                                                         Filter: (sum(lineitem_1.l_quantity) > '314'::numeric)
                                                         Planned Partitions: 64
                                                         ->  Redistribute Motion 3:3  (slice4; segments: 3)  (cost=0.00..2084411.68 rows=59999456 width=13)
                                                               Hash Key: lineitem_1.l_orderkey
                                                               ->  Seq Scan on lineitem lineitem_1  (cost=0.00..884422.56 rows=59999456 width=13)
                           ->  Hash  (cost=212236.00..212236.00 rows=15000000 width=24)
                                 ->  Seq Scan on orders  (cost=0.00..212236.00 rows=15000000 width=24)
                     ->  Hash  (cost=83340.00..83340.00 rows=4500000 width=23)
                           ->  Broadcast Motion 3:3  (slice5; segments: 3)  (cost=0.00..83340.00 rows=4500000 width=23)
                                 ->  Seq Scan on customer  (cost=0.00..23340.00 rows=1500000 width=23)
 Optimizer: Postgres-based planner
(30 rows)

