                                                                       QUERY PLAN                                                                       
--------------------------------------------------------------------------------------------------------------------------------------------------------
 Gather Motion 3:1  (slice1; segments: 3)  (cost=775119.07..775119.63 rows=25 width=72)
   Merge Key: ("substring"((customer.c_phone)::text, 1, 2))
   InitPlan 1 (returns $0)  (slice4)
     ->  Finalize Aggregate  (cost=48718.67..48718.68 rows=1 width=32)
           ->  Gather Motion 3:1  (slice5; segments: 3)  (cost=48718.60..48718.65 rows=3 width=32)
                 ->  Partial Aggregate  (cost=48718.60..48718.61 rows=1 width=32)
                       ->  Seq Scan on customer customer_1  (cost=0.00..47715.00 rows=401438 width=6)
                             Filter: ((c_acctbal > 0.00) AND ("substring"((c_phone)::text, 1, 2) = ANY ('{25,30,13,20,17,19,32}'::text[])))
   ->  GroupAggregate  (cost=775119.07..775119.30 rows=8 width=72)
         Group Key: ("substring"((customer.c_phone)::text, 1, 2))
         ->  Sort  (cost=775119.07..775119.09 rows=8 width=38)
               Sort Key: ("substring"((customer.c_phone)::text, 1, 2))
               ->  Redistribute Motion 3:3  (slice2; segments: 3)  (cost=719957.87..775118.94 rows=8 width=38)
                     Hash Key: ("substring"((customer.c_phone)::text, 1, 2))
                     ->  Hash Anti Join  (cost=719957.87..775118.77 rows=8 width=38)
                           Hash Cond: (customer.c_custkey = orders.o_custkey)
                           ->  Bitmap Heap Scan on customer  (cost=5572.87..44549.51 rows=243180 width=26)
                                 Recheck Cond: (("substring"((c_phone)::text, 1, 2) = ANY ('{25,30,13,20,17,19,32}'::text[])) AND (c_acctbal > $0))
                                 ->  Bitmap Index Scan on customer_ios_test1  (cost=0.00..5512.08 rows=140400 width=0)
                                       Index Cond: (("substring"((c_phone)::text, 1, 2) = ANY ('{25,30,13,20,17,19,32}'::text[])) AND (c_acctbal > $0))
                           ->  Hash  (cost=512236.00..512236.00 rows=15000000 width=4)
                                 ->  Redistribute Motion 3:3  (slice3; segments: 3)  (cost=0.00..512236.00 rows=15000000 width=4)
                                       Hash Key: orders.o_custkey
                                       ->  Seq Scan on orders  (cost=0.00..212236.00 rows=15000000 width=4)
 Optimizer: Postgres-based planner
(25 rows)

